   1              		.syntax unified
   2              		.cpu cortex-m4
   3              		.eabi_attribute 27, 3
   4              		.fpu fpv4-sp-d16
   5              		.eabi_attribute 20, 1
   6              		.eabi_attribute 21, 1
   7              		.eabi_attribute 23, 3
   8              		.eabi_attribute 24, 1
   9              		.eabi_attribute 25, 1
  10              		.eabi_attribute 26, 1
  11              		.eabi_attribute 30, 6
  12              		.eabi_attribute 34, 1
  13              		.eabi_attribute 18, 4
  14              		.thumb
  15              		.file	"stm32f4xx_dac.c"
  16              		.text
  17              		.align	2
  18              		.global	DAC_DeInit
  19              		.thumb
  20              		.thumb_func
  22              	DAC_DeInit:
  23              		@ args = 0, pretend = 0, frame = 0
  24              		@ frame_needed = 0, uses_anonymous_args = 0
  25 0000 08B5     		push	{r3, lr}
  26 0002 4FF00050 		mov	r0, #536870912
  27 0006 4FF00101 		mov	r1, #1
  28 000a FFF7FEFF 		bl	RCC_APB1PeriphResetCmd
  29 000e 4FF00050 		mov	r0, #536870912
  30 0012 4FF00001 		mov	r1, #0
  31 0016 FFF7FEFF 		bl	RCC_APB1PeriphResetCmd
  32 001a 08BD     		pop	{r3, pc}
  34              		.align	2
  35              		.global	DAC_Init
  36              		.thumb
  37              		.thumb_func
  39              	DAC_Init:
  40              		@ args = 0, pretend = 0, frame = 16
  41              		@ frame_needed = 0, uses_anonymous_args = 0
  42              		@ link register save eliminated.
  43 001c 84B0     		sub	sp, sp, #16
  44 001e 0190     		str	r0, [sp, #4]
  45 0020 0091     		str	r1, [sp, #0]
  46 0022 4FF00003 		mov	r3, #0
  47 0026 0393     		str	r3, [sp, #12]
  48 0028 4FF00003 		mov	r3, #0
  49 002c 0293     		str	r3, [sp, #8]
  50 002e 4FF4E843 		mov	r3, #29696
  51 0032 C4F20003 		movt	r3, 16384
  52 0036 1B68     		ldr	r3, [r3, #0]
  53 0038 0393     		str	r3, [sp, #12]
  54 003a 019B     		ldr	r3, [sp, #4]
  55 003c 40F6FE72 		movw	r2, #4094
  56 0040 02FA03F3 		lsl	r3, r2, r3
  57 0044 6FEA0303 		mvn	r3, r3
  58 0048 039A     		ldr	r2, [sp, #12]
  59 004a 1340     		ands	r3, r3, r2
  60 004c 0393     		str	r3, [sp, #12]
  61 004e 009B     		ldr	r3, [sp, #0]
  62 0050 1A68     		ldr	r2, [r3, #0]
  63 0052 009B     		ldr	r3, [sp, #0]
  64 0054 5B68     		ldr	r3, [r3, #4]
  65 0056 1A43     		orrs	r2, r2, r3
  66 0058 009B     		ldr	r3, [sp, #0]
  67 005a 9B68     		ldr	r3, [r3, #8]
  68 005c 1A43     		orrs	r2, r2, r3
  69 005e 009B     		ldr	r3, [sp, #0]
  70 0060 DB68     		ldr	r3, [r3, #12]
  71 0062 1343     		orrs	r3, r3, r2
  72 0064 0293     		str	r3, [sp, #8]
  73 0066 019B     		ldr	r3, [sp, #4]
  74 0068 029A     		ldr	r2, [sp, #8]
  75 006a 02FA03F3 		lsl	r3, r2, r3
  76 006e 039A     		ldr	r2, [sp, #12]
  77 0070 1343     		orrs	r3, r3, r2
  78 0072 0393     		str	r3, [sp, #12]
  79 0074 4FF4E843 		mov	r3, #29696
  80 0078 C4F20003 		movt	r3, 16384
  81 007c 039A     		ldr	r2, [sp, #12]
  82 007e 1A60     		str	r2, [r3, #0]
  83 0080 04B0     		add	sp, sp, #16
  84 0082 7047     		bx	lr
  86              		.align	2
  87              		.global	DAC_StructInit
  88              		.thumb
  89              		.thumb_func
  91              	DAC_StructInit:
  92              		@ args = 0, pretend = 0, frame = 8
  93              		@ frame_needed = 0, uses_anonymous_args = 0
  94              		@ link register save eliminated.
  95 0084 82B0     		sub	sp, sp, #8
  96 0086 0190     		str	r0, [sp, #4]
  97 0088 019B     		ldr	r3, [sp, #4]
  98 008a 4FF00002 		mov	r2, #0
  99 008e 1A60     		str	r2, [r3, #0]
 100 0090 019B     		ldr	r3, [sp, #4]
 101 0092 4FF00002 		mov	r2, #0
 102 0096 5A60     		str	r2, [r3, #4]
 103 0098 019B     		ldr	r3, [sp, #4]
 104 009a 4FF00002 		mov	r2, #0
 105 009e 9A60     		str	r2, [r3, #8]
 106 00a0 019B     		ldr	r3, [sp, #4]
 107 00a2 4FF00002 		mov	r2, #0
 108 00a6 DA60     		str	r2, [r3, #12]
 109 00a8 02B0     		add	sp, sp, #8
 110 00aa 7047     		bx	lr
 112              		.align	2
 113              		.global	DAC_Cmd
 114              		.thumb
 115              		.thumb_func
 117              	DAC_Cmd:
 118              		@ args = 0, pretend = 0, frame = 8
 119              		@ frame_needed = 0, uses_anonymous_args = 0
 120              		@ link register save eliminated.
 121 00ac 82B0     		sub	sp, sp, #8
 122 00ae 0190     		str	r0, [sp, #4]
 123 00b0 0B46     		mov	r3, r1
 124 00b2 8DF80330 		strb	r3, [sp, #3]
 125 00b6 9DF80330 		ldrb	r3, [sp, #3]	@ zero_extendqisi2
 126 00ba 002B     		cmp	r3, #0
 127 00bc 10D0     		beq	.L5
 128 00be 4FF4E843 		mov	r3, #29696
 129 00c2 C4F20003 		movt	r3, 16384
 130 00c6 4FF4E842 		mov	r2, #29696
 131 00ca C4F20002 		movt	r2, 16384
 132 00ce 1168     		ldr	r1, [r2, #0]
 133 00d0 019A     		ldr	r2, [sp, #4]
 134 00d2 4FF00100 		mov	r0, #1
 135 00d6 00FA02F2 		lsl	r2, r0, r2
 136 00da 0A43     		orrs	r2, r2, r1
 137 00dc 1A60     		str	r2, [r3, #0]
 138 00de 11E0     		b	.L4
 139              	.L5:
 140 00e0 4FF4E843 		mov	r3, #29696
 141 00e4 C4F20003 		movt	r3, 16384
 142 00e8 4FF4E842 		mov	r2, #29696
 143 00ec C4F20002 		movt	r2, 16384
 144 00f0 1168     		ldr	r1, [r2, #0]
 145 00f2 019A     		ldr	r2, [sp, #4]
 146 00f4 4FF00100 		mov	r0, #1
 147 00f8 00FA02F2 		lsl	r2, r0, r2
 148 00fc 6FEA0202 		mvn	r2, r2
 149 0100 0A40     		ands	r2, r2, r1
 150 0102 1A60     		str	r2, [r3, #0]
 151              	.L4:
 152 0104 02B0     		add	sp, sp, #8
 153 0106 7047     		bx	lr
 155              		.align	2
 156              		.global	DAC_SoftwareTriggerCmd
 157              		.thumb
 158              		.thumb_func
 160              	DAC_SoftwareTriggerCmd:
 161              		@ args = 0, pretend = 0, frame = 8
 162              		@ frame_needed = 0, uses_anonymous_args = 0
 163              		@ link register save eliminated.
 164 0108 82B0     		sub	sp, sp, #8
 165 010a 0190     		str	r0, [sp, #4]
 166 010c 0B46     		mov	r3, r1
 167 010e 8DF80330 		strb	r3, [sp, #3]
 168 0112 9DF80330 		ldrb	r3, [sp, #3]	@ zero_extendqisi2
 169 0116 002B     		cmp	r3, #0
 170 0118 12D0     		beq	.L8
 171 011a 4FF4E843 		mov	r3, #29696
 172 011e C4F20003 		movt	r3, 16384
 173 0122 4FF4E842 		mov	r2, #29696
 174 0126 C4F20002 		movt	r2, 16384
 175 012a 5168     		ldr	r1, [r2, #4]
 176 012c 019A     		ldr	r2, [sp, #4]
 177 012e 4FEA1212 		lsr	r2, r2, #4
 178 0132 4FF00100 		mov	r0, #1
 179 0136 00FA02F2 		lsl	r2, r0, r2
 180 013a 0A43     		orrs	r2, r2, r1
 181 013c 5A60     		str	r2, [r3, #4]
 182 013e 13E0     		b	.L7
 183              	.L8:
 184 0140 4FF4E843 		mov	r3, #29696
 185 0144 C4F20003 		movt	r3, 16384
 186 0148 4FF4E842 		mov	r2, #29696
 187 014c C4F20002 		movt	r2, 16384
 188 0150 5168     		ldr	r1, [r2, #4]
 189 0152 019A     		ldr	r2, [sp, #4]
 190 0154 4FEA1212 		lsr	r2, r2, #4
 191 0158 4FF00100 		mov	r0, #1
 192 015c 00FA02F2 		lsl	r2, r0, r2
 193 0160 6FEA0202 		mvn	r2, r2
 194 0164 0A40     		ands	r2, r2, r1
 195 0166 5A60     		str	r2, [r3, #4]
 196              	.L7:
 197 0168 02B0     		add	sp, sp, #8
 198 016a 7047     		bx	lr
 200              		.align	2
 201              		.global	DAC_DualSoftwareTriggerCmd
 202              		.thumb
 203              		.thumb_func
 205              	DAC_DualSoftwareTriggerCmd:
 206              		@ args = 0, pretend = 0, frame = 8
 207              		@ frame_needed = 0, uses_anonymous_args = 0
 208              		@ link register save eliminated.
 209 016c 82B0     		sub	sp, sp, #8
 210 016e 0346     		mov	r3, r0
 211 0170 8DF80730 		strb	r3, [sp, #7]
 212 0174 9DF80730 		ldrb	r3, [sp, #7]	@ zero_extendqisi2
 213 0178 002B     		cmp	r3, #0
 214 017a 0CD0     		beq	.L11
 215 017c 4FF4E843 		mov	r3, #29696
 216 0180 C4F20003 		movt	r3, 16384
 217 0184 4FF4E842 		mov	r2, #29696
 218 0188 C4F20002 		movt	r2, 16384
 219 018c 5268     		ldr	r2, [r2, #4]
 220 018e 42F00302 		orr	r2, r2, #3
 221 0192 5A60     		str	r2, [r3, #4]
 222 0194 0BE0     		b	.L10
 223              	.L11:
 224 0196 4FF4E843 		mov	r3, #29696
 225 019a C4F20003 		movt	r3, 16384
 226 019e 4FF4E842 		mov	r2, #29696
 227 01a2 C4F20002 		movt	r2, 16384
 228 01a6 5268     		ldr	r2, [r2, #4]
 229 01a8 22F00302 		bic	r2, r2, #3
 230 01ac 5A60     		str	r2, [r3, #4]
 231              	.L10:
 232 01ae 02B0     		add	sp, sp, #8
 233 01b0 7047     		bx	lr
 235 01b2 00BF     		.align	2
 236              		.global	DAC_WaveGenerationCmd
 237              		.thumb
 238              		.thumb_func
 240              	DAC_WaveGenerationCmd:
 241              		@ args = 0, pretend = 0, frame = 16
 242              		@ frame_needed = 0, uses_anonymous_args = 0
 243              		@ link register save eliminated.
 244 01b4 84B0     		sub	sp, sp, #16
 245 01b6 0390     		str	r0, [sp, #12]
 246 01b8 0291     		str	r1, [sp, #8]
 247 01ba 1346     		mov	r3, r2
 248 01bc 8DF80730 		strb	r3, [sp, #7]
 249 01c0 9DF80730 		ldrb	r3, [sp, #7]	@ zero_extendqisi2
 250 01c4 002B     		cmp	r3, #0
 251 01c6 0FD0     		beq	.L14
 252 01c8 4FF4E843 		mov	r3, #29696
 253 01cc C4F20003 		movt	r3, 16384
 254 01d0 4FF4E842 		mov	r2, #29696
 255 01d4 C4F20002 		movt	r2, 16384
 256 01d8 1168     		ldr	r1, [r2, #0]
 257 01da 039A     		ldr	r2, [sp, #12]
 258 01dc 0298     		ldr	r0, [sp, #8]
 259 01de 00FA02F2 		lsl	r2, r0, r2
 260 01e2 0A43     		orrs	r2, r2, r1
 261 01e4 1A60     		str	r2, [r3, #0]
 262 01e6 10E0     		b	.L13
 263              	.L14:
 264 01e8 4FF4E843 		mov	r3, #29696
 265 01ec C4F20003 		movt	r3, 16384
 266 01f0 4FF4E842 		mov	r2, #29696
 267 01f4 C4F20002 		movt	r2, 16384
 268 01f8 1168     		ldr	r1, [r2, #0]
 269 01fa 039A     		ldr	r2, [sp, #12]
 270 01fc 0298     		ldr	r0, [sp, #8]
 271 01fe 00FA02F2 		lsl	r2, r0, r2
 272 0202 6FEA0202 		mvn	r2, r2
 273 0206 0A40     		ands	r2, r2, r1
 274 0208 1A60     		str	r2, [r3, #0]
 275              	.L13:
 276 020a 04B0     		add	sp, sp, #16
 277 020c 7047     		bx	lr
 279 020e 00BF     		.align	2
 280              		.global	DAC_SetChannel1Data
 281              		.thumb
 282              		.thumb_func
 284              	DAC_SetChannel1Data:
 285              		@ args = 0, pretend = 0, frame = 16
 286              		@ frame_needed = 0, uses_anonymous_args = 0
 287              		@ link register save eliminated.
 288 0210 84B0     		sub	sp, sp, #16
 289 0212 0190     		str	r0, [sp, #4]
 290 0214 0B46     		mov	r3, r1
 291 0216 ADF80230 		strh	r3, [sp, #2]	@ movhi
 292 021a 4FF00003 		mov	r3, #0
 293 021e 0393     		str	r3, [sp, #12]
 294 0220 4FF4E843 		mov	r3, #29696
 295 0224 C4F20003 		movt	r3, 16384
 296 0228 0393     		str	r3, [sp, #12]
 297 022a 039A     		ldr	r2, [sp, #12]
 298 022c 019B     		ldr	r3, [sp, #4]
 299 022e D318     		adds	r3, r2, r3
 300 0230 03F10803 		add	r3, r3, #8
 301 0234 0393     		str	r3, [sp, #12]
 302 0236 039B     		ldr	r3, [sp, #12]
 303 0238 BDF80220 		ldrh	r2, [sp, #2]
 304 023c 1A60     		str	r2, [r3, #0]
 305 023e 04B0     		add	sp, sp, #16
 306 0240 7047     		bx	lr
 308 0242 00BF     		.align	2
 309              		.global	DAC_SetChannel2Data
 310              		.thumb
 311              		.thumb_func
 313              	DAC_SetChannel2Data:
 314              		@ args = 0, pretend = 0, frame = 16
 315              		@ frame_needed = 0, uses_anonymous_args = 0
 316              		@ link register save eliminated.
 317 0244 84B0     		sub	sp, sp, #16
 318 0246 0190     		str	r0, [sp, #4]
 319 0248 0B46     		mov	r3, r1
 320 024a ADF80230 		strh	r3, [sp, #2]	@ movhi
 321 024e 4FF00003 		mov	r3, #0
 322 0252 0393     		str	r3, [sp, #12]
 323 0254 4FF4E843 		mov	r3, #29696
 324 0258 C4F20003 		movt	r3, 16384
 325 025c 0393     		str	r3, [sp, #12]
 326 025e 039A     		ldr	r2, [sp, #12]
 327 0260 019B     		ldr	r3, [sp, #4]
 328 0262 D318     		adds	r3, r2, r3
 329 0264 03F11403 		add	r3, r3, #20
 330 0268 0393     		str	r3, [sp, #12]
 331 026a 039B     		ldr	r3, [sp, #12]
 332 026c BDF80220 		ldrh	r2, [sp, #2]
 333 0270 1A60     		str	r2, [r3, #0]
 334 0272 04B0     		add	sp, sp, #16
 335 0274 7047     		bx	lr
 337 0276 00BF     		.align	2
 338              		.global	DAC_SetDualChannelData
 339              		.thumb
 340              		.thumb_func
 342              	DAC_SetDualChannelData:
 343              		@ args = 0, pretend = 0, frame = 16
 344              		@ frame_needed = 0, uses_anonymous_args = 0
 345              		@ link register save eliminated.
 346 0278 84B0     		sub	sp, sp, #16
 347 027a 0190     		str	r0, [sp, #4]
 348 027c 1346     		mov	r3, r2
 349 027e 0A46     		mov	r2, r1	@ movhi
 350 0280 ADF80220 		strh	r2, [sp, #2]	@ movhi
 351 0284 ADF80030 		strh	r3, [sp, #0]	@ movhi
 352 0288 4FF00003 		mov	r3, #0
 353 028c 0393     		str	r3, [sp, #12]
 354 028e 4FF00003 		mov	r3, #0
 355 0292 0293     		str	r3, [sp, #8]
 356 0294 019B     		ldr	r3, [sp, #4]
 357 0296 082B     		cmp	r3, #8
 358 0298 08D1     		bne	.L19
 359 029a BDF80230 		ldrh	r3, [sp, #2]
 360 029e 4FEA0322 		lsl	r2, r3, #8
 361 02a2 BDF80030 		ldrh	r3, [sp, #0]
 362 02a6 1343     		orrs	r3, r3, r2
 363 02a8 0393     		str	r3, [sp, #12]
 364 02aa 07E0     		b	.L20
 365              	.L19:
 366 02ac BDF80230 		ldrh	r3, [sp, #2]
 367 02b0 4FEA0342 		lsl	r2, r3, #16
 368 02b4 BDF80030 		ldrh	r3, [sp, #0]
 369 02b8 1343     		orrs	r3, r3, r2
 370 02ba 0393     		str	r3, [sp, #12]
 371              	.L20:
 372 02bc 4FF4E843 		mov	r3, #29696
 373 02c0 C4F20003 		movt	r3, 16384
 374 02c4 0293     		str	r3, [sp, #8]
 375 02c6 019A     		ldr	r2, [sp, #4]
 376 02c8 029B     		ldr	r3, [sp, #8]
 377 02ca D318     		adds	r3, r2, r3
 378 02cc 03F12003 		add	r3, r3, #32
 379 02d0 0293     		str	r3, [sp, #8]
 380 02d2 029B     		ldr	r3, [sp, #8]
 381 02d4 039A     		ldr	r2, [sp, #12]
 382 02d6 1A60     		str	r2, [r3, #0]
 383 02d8 04B0     		add	sp, sp, #16
 384 02da 7047     		bx	lr
 386              		.align	2
 387              		.global	DAC_GetDataOutputValue
 388              		.thumb
 389              		.thumb_func
 391              	DAC_GetDataOutputValue:
 392              		@ args = 0, pretend = 0, frame = 16
 393              		@ frame_needed = 0, uses_anonymous_args = 0
 394              		@ link register save eliminated.
 395 02dc 84B0     		sub	sp, sp, #16
 396 02de 0190     		str	r0, [sp, #4]
 397 02e0 4FF00003 		mov	r3, #0
 398 02e4 0393     		str	r3, [sp, #12]
 399 02e6 4FF4E843 		mov	r3, #29696
 400 02ea C4F20003 		movt	r3, 16384
 401 02ee 0393     		str	r3, [sp, #12]
 402 02f0 019B     		ldr	r3, [sp, #4]
 403 02f2 4FEA9302 		lsr	r2, r3, #2
 404 02f6 039B     		ldr	r3, [sp, #12]
 405 02f8 D318     		adds	r3, r2, r3
 406 02fa 03F12C03 		add	r3, r3, #44
 407 02fe 0393     		str	r3, [sp, #12]
 408 0300 039B     		ldr	r3, [sp, #12]
 409 0302 1B68     		ldr	r3, [r3, #0]
 410 0304 9BB2     		uxth	r3, r3
 411 0306 1846     		mov	r0, r3
 412 0308 04B0     		add	sp, sp, #16
 413 030a 7047     		bx	lr
 415              		.align	2
 416              		.global	DAC_DMACmd
 417              		.thumb
 418              		.thumb_func
 420              	DAC_DMACmd:
 421              		@ args = 0, pretend = 0, frame = 8
 422              		@ frame_needed = 0, uses_anonymous_args = 0
 423              		@ link register save eliminated.
 424 030c 82B0     		sub	sp, sp, #8
 425 030e 0190     		str	r0, [sp, #4]
 426 0310 0B46     		mov	r3, r1
 427 0312 8DF80330 		strb	r3, [sp, #3]
 428 0316 9DF80330 		ldrb	r3, [sp, #3]	@ zero_extendqisi2
 429 031a 002B     		cmp	r3, #0
 430 031c 10D0     		beq	.L23
 431 031e 4FF4E843 		mov	r3, #29696
 432 0322 C4F20003 		movt	r3, 16384
 433 0326 4FF4E842 		mov	r2, #29696
 434 032a C4F20002 		movt	r2, 16384
 435 032e 1168     		ldr	r1, [r2, #0]
 436 0330 019A     		ldr	r2, [sp, #4]
 437 0332 4FF48050 		mov	r0, #4096
 438 0336 00FA02F2 		lsl	r2, r0, r2
 439 033a 0A43     		orrs	r2, r2, r1
 440 033c 1A60     		str	r2, [r3, #0]
 441 033e 11E0     		b	.L22
 442              	.L23:
 443 0340 4FF4E843 		mov	r3, #29696
 444 0344 C4F20003 		movt	r3, 16384
 445 0348 4FF4E842 		mov	r2, #29696
 446 034c C4F20002 		movt	r2, 16384
 447 0350 1168     		ldr	r1, [r2, #0]
 448 0352 019A     		ldr	r2, [sp, #4]
 449 0354 4FF48050 		mov	r0, #4096
 450 0358 00FA02F2 		lsl	r2, r0, r2
 451 035c 6FEA0202 		mvn	r2, r2
 452 0360 0A40     		ands	r2, r2, r1
 453 0362 1A60     		str	r2, [r3, #0]
 454              	.L22:
 455 0364 02B0     		add	sp, sp, #8
 456 0366 7047     		bx	lr
 458              		.align	2
 459              		.global	DAC_ITConfig
 460              		.thumb
 461              		.thumb_func
 463              	DAC_ITConfig:
 464              		@ args = 0, pretend = 0, frame = 16
 465              		@ frame_needed = 0, uses_anonymous_args = 0
 466              		@ link register save eliminated.
 467 0368 84B0     		sub	sp, sp, #16
 468 036a 0390     		str	r0, [sp, #12]
 469 036c 0291     		str	r1, [sp, #8]
 470 036e 1346     		mov	r3, r2
 471 0370 8DF80730 		strb	r3, [sp, #7]
 472 0374 9DF80730 		ldrb	r3, [sp, #7]	@ zero_extendqisi2
 473 0378 002B     		cmp	r3, #0
 474 037a 0FD0     		beq	.L26
 475 037c 4FF4E843 		mov	r3, #29696
 476 0380 C4F20003 		movt	r3, 16384
 477 0384 4FF4E842 		mov	r2, #29696
 478 0388 C4F20002 		movt	r2, 16384
 479 038c 1168     		ldr	r1, [r2, #0]
 480 038e 039A     		ldr	r2, [sp, #12]
 481 0390 0298     		ldr	r0, [sp, #8]
 482 0392 00FA02F2 		lsl	r2, r0, r2
 483 0396 0A43     		orrs	r2, r2, r1
 484 0398 1A60     		str	r2, [r3, #0]
 485 039a 10E0     		b	.L25
 486              	.L26:
 487 039c 4FF4E843 		mov	r3, #29696
 488 03a0 C4F20003 		movt	r3, 16384
 489 03a4 4FF4E842 		mov	r2, #29696
 490 03a8 C4F20002 		movt	r2, 16384
 491 03ac 1168     		ldr	r1, [r2, #0]
 492 03ae 039A     		ldr	r2, [sp, #12]
 493 03b0 0298     		ldr	r0, [sp, #8]
 494 03b2 00FA02F2 		lsl	r2, r0, r2
 495 03b6 6FEA0202 		mvn	r2, r2
 496 03ba 0A40     		ands	r2, r2, r1
 497 03bc 1A60     		str	r2, [r3, #0]
 498              	.L25:
 499 03be 04B0     		add	sp, sp, #16
 500 03c0 7047     		bx	lr
 502 03c2 00BF     		.align	2
 503              		.global	DAC_GetFlagStatus
 504              		.thumb
 505              		.thumb_func
 507              	DAC_GetFlagStatus:
 508              		@ args = 0, pretend = 0, frame = 16
 509              		@ frame_needed = 0, uses_anonymous_args = 0
 510              		@ link register save eliminated.
 511 03c4 84B0     		sub	sp, sp, #16
 512 03c6 0190     		str	r0, [sp, #4]
 513 03c8 0091     		str	r1, [sp, #0]
 514 03ca 4FF00003 		mov	r3, #0
 515 03ce 8DF80F30 		strb	r3, [sp, #15]
 516 03d2 4FF4E843 		mov	r3, #29696
 517 03d6 C4F20003 		movt	r3, 16384
 518 03da 5A6B     		ldr	r2, [r3, #52]
 519 03dc 019B     		ldr	r3, [sp, #4]
 520 03de 0099     		ldr	r1, [sp, #0]
 521 03e0 01FA03F3 		lsl	r3, r1, r3
 522 03e4 1340     		ands	r3, r3, r2
 523 03e6 002B     		cmp	r3, #0
 524 03e8 04D0     		beq	.L29
 525 03ea 4FF00103 		mov	r3, #1
 526 03ee 8DF80F30 		strb	r3, [sp, #15]
 527 03f2 03E0     		b	.L30
 528              	.L29:
 529 03f4 4FF00003 		mov	r3, #0
 530 03f8 8DF80F30 		strb	r3, [sp, #15]
 531              	.L30:
 532 03fc 9DF80F30 		ldrb	r3, [sp, #15]	@ zero_extendqisi2
 533 0400 1846     		mov	r0, r3
 534 0402 04B0     		add	sp, sp, #16
 535 0404 7047     		bx	lr
 537 0406 00BF     		.align	2
 538              		.global	DAC_ClearFlag
 539              		.thumb
 540              		.thumb_func
 542              	DAC_ClearFlag:
 543              		@ args = 0, pretend = 0, frame = 8
 544              		@ frame_needed = 0, uses_anonymous_args = 0
 545              		@ link register save eliminated.
 546 0408 82B0     		sub	sp, sp, #8
 547 040a 0190     		str	r0, [sp, #4]
 548 040c 0091     		str	r1, [sp, #0]
 549 040e 4FF4E843 		mov	r3, #29696
 550 0412 C4F20003 		movt	r3, 16384
 551 0416 019A     		ldr	r2, [sp, #4]
 552 0418 0099     		ldr	r1, [sp, #0]
 553 041a 01FA02F2 		lsl	r2, r1, r2
 554 041e 5A63     		str	r2, [r3, #52]
 555 0420 02B0     		add	sp, sp, #8
 556 0422 7047     		bx	lr
 558              		.align	2
 559              		.global	DAC_GetITStatus
 560              		.thumb
 561              		.thumb_func
 563              	DAC_GetITStatus:
 564              		@ args = 0, pretend = 0, frame = 16
 565              		@ frame_needed = 0, uses_anonymous_args = 0
 566              		@ link register save eliminated.
 567 0424 84B0     		sub	sp, sp, #16
 568 0426 0190     		str	r0, [sp, #4]
 569 0428 0091     		str	r1, [sp, #0]
 570 042a 4FF00003 		mov	r3, #0
 571 042e 8DF80F30 		strb	r3, [sp, #15]
 572 0432 4FF00003 		mov	r3, #0
 573 0436 0293     		str	r3, [sp, #8]
 574 0438 4FF4E843 		mov	r3, #29696
 575 043c C4F20003 		movt	r3, 16384
 576 0440 1A68     		ldr	r2, [r3, #0]
 577 0442 019B     		ldr	r3, [sp, #4]
 578 0444 0099     		ldr	r1, [sp, #0]
 579 0446 01FA03F3 		lsl	r3, r1, r3
 580 044a 1340     		ands	r3, r3, r2
 581 044c 0293     		str	r3, [sp, #8]
 582 044e 4FF4E843 		mov	r3, #29696
 583 0452 C4F20003 		movt	r3, 16384
 584 0456 5A6B     		ldr	r2, [r3, #52]
 585 0458 019B     		ldr	r3, [sp, #4]
 586 045a 0099     		ldr	r1, [sp, #0]
 587 045c 01FA03F3 		lsl	r3, r1, r3
 588 0460 1340     		ands	r3, r3, r2
 589 0462 002B     		cmp	r3, #0
 590 0464 07D0     		beq	.L33
 591 0466 029B     		ldr	r3, [sp, #8]
 592 0468 002B     		cmp	r3, #0
 593 046a 04D0     		beq	.L33
 594 046c 4FF00103 		mov	r3, #1
 595 0470 8DF80F30 		strb	r3, [sp, #15]
 596 0474 03E0     		b	.L34
 597              	.L33:
 598 0476 4FF00003 		mov	r3, #0
 599 047a 8DF80F30 		strb	r3, [sp, #15]
 600              	.L34:
 601 047e 9DF80F30 		ldrb	r3, [sp, #15]	@ zero_extendqisi2
 602 0482 1846     		mov	r0, r3
 603 0484 04B0     		add	sp, sp, #16
 604 0486 7047     		bx	lr
 606              		.align	2
 607              		.global	DAC_ClearITPendingBit
 608              		.thumb
 609              		.thumb_func
 611              	DAC_ClearITPendingBit:
 612              		@ args = 0, pretend = 0, frame = 8
 613              		@ frame_needed = 0, uses_anonymous_args = 0
 614              		@ link register save eliminated.
 615 0488 82B0     		sub	sp, sp, #8
 616 048a 0190     		str	r0, [sp, #4]
 617 048c 0091     		str	r1, [sp, #0]
 618 048e 4FF4E843 		mov	r3, #29696
 619 0492 C4F20003 		movt	r3, 16384
 620 0496 019A     		ldr	r2, [sp, #4]
 621 0498 0099     		ldr	r1, [sp, #0]
 622 049a 01FA02F2 		lsl	r2, r1, r2
 623 049e 5A63     		str	r2, [r3, #52]
 624 04a0 02B0     		add	sp, sp, #8
 625 04a2 7047     		bx	lr
 627              		.ident	"GCC: (Sourcery CodeBench Lite 2012.03-56) 4.6.3"
DEFINED SYMBOLS
                            *ABS*:00000000 stm32f4xx_dac.c
C:\Users\JOHNIH~1\AppData\Local\Temp\cc3qmYaU.s:17     .text:00000000 $t
C:\Users\JOHNIH~1\AppData\Local\Temp\cc3qmYaU.s:22     .text:00000000 DAC_DeInit
C:\Users\JOHNIH~1\AppData\Local\Temp\cc3qmYaU.s:39     .text:0000001c DAC_Init
C:\Users\JOHNIH~1\AppData\Local\Temp\cc3qmYaU.s:91     .text:00000084 DAC_StructInit
C:\Users\JOHNIH~1\AppData\Local\Temp\cc3qmYaU.s:117    .text:000000ac DAC_Cmd
C:\Users\JOHNIH~1\AppData\Local\Temp\cc3qmYaU.s:160    .text:00000108 DAC_SoftwareTriggerCmd
C:\Users\JOHNIH~1\AppData\Local\Temp\cc3qmYaU.s:205    .text:0000016c DAC_DualSoftwareTriggerCmd
C:\Users\JOHNIH~1\AppData\Local\Temp\cc3qmYaU.s:240    .text:000001b4 DAC_WaveGenerationCmd
C:\Users\JOHNIH~1\AppData\Local\Temp\cc3qmYaU.s:284    .text:00000210 DAC_SetChannel1Data
C:\Users\JOHNIH~1\AppData\Local\Temp\cc3qmYaU.s:313    .text:00000244 DAC_SetChannel2Data
C:\Users\JOHNIH~1\AppData\Local\Temp\cc3qmYaU.s:342    .text:00000278 DAC_SetDualChannelData
C:\Users\JOHNIH~1\AppData\Local\Temp\cc3qmYaU.s:391    .text:000002dc DAC_GetDataOutputValue
C:\Users\JOHNIH~1\AppData\Local\Temp\cc3qmYaU.s:420    .text:0000030c DAC_DMACmd
C:\Users\JOHNIH~1\AppData\Local\Temp\cc3qmYaU.s:463    .text:00000368 DAC_ITConfig
C:\Users\JOHNIH~1\AppData\Local\Temp\cc3qmYaU.s:507    .text:000003c4 DAC_GetFlagStatus
C:\Users\JOHNIH~1\AppData\Local\Temp\cc3qmYaU.s:542    .text:00000408 DAC_ClearFlag
C:\Users\JOHNIH~1\AppData\Local\Temp\cc3qmYaU.s:563    .text:00000424 DAC_GetITStatus
C:\Users\JOHNIH~1\AppData\Local\Temp\cc3qmYaU.s:611    .text:00000488 DAC_ClearITPendingBit

UNDEFINED SYMBOLS
RCC_APB1PeriphResetCmd
