   1              		.syntax unified
   2              		.cpu cortex-m4
   3              		.eabi_attribute 27, 3
   4              		.fpu fpv4-sp-d16
   5              		.eabi_attribute 20, 1
   6              		.eabi_attribute 21, 1
   7              		.eabi_attribute 23, 3
   8              		.eabi_attribute 24, 1
   9              		.eabi_attribute 25, 1
  10              		.eabi_attribute 26, 1
  11              		.eabi_attribute 30, 6
  12              		.eabi_attribute 34, 1
  13              		.eabi_attribute 18, 4
  14              		.thumb
  15              		.file	"stm32f4xx_wwdg.c"
  16              		.text
  17              		.align	2
  18              		.global	WWDG_DeInit
  19              		.thumb
  20              		.thumb_func
  22              	WWDG_DeInit:
  23              		@ args = 0, pretend = 0, frame = 0
  24              		@ frame_needed = 0, uses_anonymous_args = 0
  25 0000 08B5     		push	{r3, lr}
  26 0002 4FF40060 		mov	r0, #2048
  27 0006 4FF00101 		mov	r1, #1
  28 000a FFF7FEFF 		bl	RCC_APB1PeriphResetCmd
  29 000e 4FF40060 		mov	r0, #2048
  30 0012 4FF00001 		mov	r1, #0
  31 0016 FFF7FEFF 		bl	RCC_APB1PeriphResetCmd
  32 001a 08BD     		pop	{r3, pc}
  34              		.align	2
  35              		.global	WWDG_SetPrescaler
  36              		.thumb
  37              		.thumb_func
  39              	WWDG_SetPrescaler:
  40              		@ args = 0, pretend = 0, frame = 16
  41              		@ frame_needed = 0, uses_anonymous_args = 0
  42              		@ link register save eliminated.
  43 001c 84B0     		sub	sp, sp, #16
  44 001e 0190     		str	r0, [sp, #4]
  45 0020 4FF00003 		mov	r3, #0
  46 0024 0393     		str	r3, [sp, #12]
  47 0026 4FF43053 		mov	r3, #11264
  48 002a C4F20003 		movt	r3, 16384
  49 002e 5B68     		ldr	r3, [r3, #4]
  50 0030 23F4C073 		bic	r3, r3, #384
  51 0034 0393     		str	r3, [sp, #12]
  52 0036 039A     		ldr	r2, [sp, #12]
  53 0038 019B     		ldr	r3, [sp, #4]
  54 003a 1343     		orrs	r3, r3, r2
  55 003c 0393     		str	r3, [sp, #12]
  56 003e 4FF43053 		mov	r3, #11264
  57 0042 C4F20003 		movt	r3, 16384
  58 0046 039A     		ldr	r2, [sp, #12]
  59 0048 5A60     		str	r2, [r3, #4]
  60 004a 04B0     		add	sp, sp, #16
  61 004c 7047     		bx	lr
  63 004e 00BF     		.align	2
  64              		.global	WWDG_SetWindowValue
  65              		.thumb
  66              		.thumb_func
  68              	WWDG_SetWindowValue:
  69              		@ args = 0, pretend = 0, frame = 16
  70              		@ frame_needed = 0, uses_anonymous_args = 0
  71              		@ link register save eliminated.
  72 0050 84B0     		sub	sp, sp, #16
  73 0052 0346     		mov	r3, r0
  74 0054 8DF80730 		strb	r3, [sp, #7]
  75 0058 4FF00003 		mov	r3, #0
  76 005c 0393     		str	r3, [sp, #12]
  77 005e 4FF43053 		mov	r3, #11264
  78 0062 C4F20003 		movt	r3, 16384
  79 0066 5B68     		ldr	r3, [r3, #4]
  80 0068 23F07F03 		bic	r3, r3, #127
  81 006c 0393     		str	r3, [sp, #12]
  82 006e 9DF80730 		ldrb	r3, [sp, #7]	@ zero_extendqisi2
  83 0072 03F07F02 		and	r2, r3, #127
  84 0076 039B     		ldr	r3, [sp, #12]
  85 0078 1343     		orrs	r3, r3, r2
  86 007a 0393     		str	r3, [sp, #12]
  87 007c 4FF43053 		mov	r3, #11264
  88 0080 C4F20003 		movt	r3, 16384
  89 0084 039A     		ldr	r2, [sp, #12]
  90 0086 5A60     		str	r2, [r3, #4]
  91 0088 04B0     		add	sp, sp, #16
  92 008a 7047     		bx	lr
  94              		.align	2
  95              		.global	WWDG_EnableIT
  96              		.thumb
  97              		.thumb_func
  99              	WWDG_EnableIT:
 100              		@ args = 0, pretend = 0, frame = 0
 101              		@ frame_needed = 0, uses_anonymous_args = 0
 102              		@ link register save eliminated.
 103 008c 48F2A403 		movw	r3, #32932
 104 0090 C4F20523 		movt	r3, 16901
 105 0094 4FF00102 		mov	r2, #1
 106 0098 1A60     		str	r2, [r3, #0]
 107 009a 7047     		bx	lr
 109              		.align	2
 110              		.global	WWDG_SetCounter
 111              		.thumb
 112              		.thumb_func
 114              	WWDG_SetCounter:
 115              		@ args = 0, pretend = 0, frame = 8
 116              		@ frame_needed = 0, uses_anonymous_args = 0
 117              		@ link register save eliminated.
 118 009c 82B0     		sub	sp, sp, #8
 119 009e 0346     		mov	r3, r0
 120 00a0 8DF80730 		strb	r3, [sp, #7]
 121 00a4 4FF43053 		mov	r3, #11264
 122 00a8 C4F20003 		movt	r3, 16384
 123 00ac 9DF80720 		ldrb	r2, [sp, #7]	@ zero_extendqisi2
 124 00b0 02F07F02 		and	r2, r2, #127
 125 00b4 1A60     		str	r2, [r3, #0]
 126 00b6 02B0     		add	sp, sp, #8
 127 00b8 7047     		bx	lr
 129 00ba 00BF     		.align	2
 130              		.global	WWDG_Enable
 131              		.thumb
 132              		.thumb_func
 134              	WWDG_Enable:
 135              		@ args = 0, pretend = 0, frame = 8
 136              		@ frame_needed = 0, uses_anonymous_args = 0
 137              		@ link register save eliminated.
 138 00bc 82B0     		sub	sp, sp, #8
 139 00be 0346     		mov	r3, r0
 140 00c0 8DF80730 		strb	r3, [sp, #7]
 141 00c4 4FF43053 		mov	r3, #11264
 142 00c8 C4F20003 		movt	r3, 16384
 143 00cc 9DF80720 		ldrb	r2, [sp, #7]
 144 00d0 62F07F02 		orn	r2, r2, #127
 145 00d4 D2B2     		uxtb	r2, r2
 146 00d6 1A60     		str	r2, [r3, #0]
 147 00d8 02B0     		add	sp, sp, #8
 148 00da 7047     		bx	lr
 150              		.align	2
 151              		.global	WWDG_GetFlagStatus
 152              		.thumb
 153              		.thumb_func
 155              	WWDG_GetFlagStatus:
 156              		@ args = 0, pretend = 0, frame = 8
 157              		@ frame_needed = 0, uses_anonymous_args = 0
 158              		@ link register save eliminated.
 159 00dc 82B0     		sub	sp, sp, #8
 160 00de 4FF00003 		mov	r3, #0
 161 00e2 8DF80730 		strb	r3, [sp, #7]
 162 00e6 4FF43053 		mov	r3, #11264
 163 00ea C4F20003 		movt	r3, 16384
 164 00ee 9B68     		ldr	r3, [r3, #8]
 165 00f0 002B     		cmp	r3, #0
 166 00f2 04D0     		beq	.L8
 167 00f4 4FF00103 		mov	r3, #1
 168 00f8 8DF80730 		strb	r3, [sp, #7]
 169 00fc 03E0     		b	.L9
 170              	.L8:
 171 00fe 4FF00003 		mov	r3, #0
 172 0102 8DF80730 		strb	r3, [sp, #7]
 173              	.L9:
 174 0106 9DF80730 		ldrb	r3, [sp, #7]	@ zero_extendqisi2
 175 010a 1846     		mov	r0, r3
 176 010c 02B0     		add	sp, sp, #8
 177 010e 7047     		bx	lr
 179              		.align	2
 180              		.global	WWDG_ClearFlag
 181              		.thumb
 182              		.thumb_func
 184              	WWDG_ClearFlag:
 185              		@ args = 0, pretend = 0, frame = 0
 186              		@ frame_needed = 0, uses_anonymous_args = 0
 187              		@ link register save eliminated.
 188 0110 4FF43053 		mov	r3, #11264
 189 0114 C4F20003 		movt	r3, 16384
 190 0118 4FF00002 		mov	r2, #0
 191 011c 9A60     		str	r2, [r3, #8]
 192 011e 7047     		bx	lr
 194              		.ident	"GCC: (Sourcery CodeBench Lite 2012.03-56) 4.6.3"
DEFINED SYMBOLS
                            *ABS*:00000000 stm32f4xx_wwdg.c
C:\Users\JOHNIH~1\AppData\Local\Temp\ccnpnoNe.s:17     .text:00000000 $t
C:\Users\JOHNIH~1\AppData\Local\Temp\ccnpnoNe.s:22     .text:00000000 WWDG_DeInit
C:\Users\JOHNIH~1\AppData\Local\Temp\ccnpnoNe.s:39     .text:0000001c WWDG_SetPrescaler
C:\Users\JOHNIH~1\AppData\Local\Temp\ccnpnoNe.s:68     .text:00000050 WWDG_SetWindowValue
C:\Users\JOHNIH~1\AppData\Local\Temp\ccnpnoNe.s:99     .text:0000008c WWDG_EnableIT
C:\Users\JOHNIH~1\AppData\Local\Temp\ccnpnoNe.s:114    .text:0000009c WWDG_SetCounter
C:\Users\JOHNIH~1\AppData\Local\Temp\ccnpnoNe.s:134    .text:000000bc WWDG_Enable
C:\Users\JOHNIH~1\AppData\Local\Temp\ccnpnoNe.s:155    .text:000000dc WWDG_GetFlagStatus
C:\Users\JOHNIH~1\AppData\Local\Temp\ccnpnoNe.s:184    .text:00000110 WWDG_ClearFlag

UNDEFINED SYMBOLS
RCC_APB1PeriphResetCmd
