   1              		.syntax unified
   2              		.cpu cortex-m4
   3              		.eabi_attribute 27, 3
   4              		.fpu fpv4-sp-d16
   5              		.eabi_attribute 20, 1
   6              		.eabi_attribute 21, 1
   7              		.eabi_attribute 23, 3
   8              		.eabi_attribute 24, 1
   9              		.eabi_attribute 25, 1
  10              		.eabi_attribute 26, 1
  11              		.eabi_attribute 30, 6
  12              		.eabi_attribute 34, 1
  13              		.eabi_attribute 18, 4
  14              		.thumb
  15              		.file	"usb_dcd.c"
  16              		.text
  17              		.align	2
  18              		.global	DCD_Init
  19              		.thumb
  20              		.thumb_func
  22              	DCD_Init:
  23              		@ args = 0, pretend = 0, frame = 16
  24              		@ frame_needed = 0, uses_anonymous_args = 0
  25 0000 00B5     		push	{lr}
  26 0002 85B0     		sub	sp, sp, #20
  27 0004 0190     		str	r0, [sp, #4]
  28 0006 0B46     		mov	r3, r1
  29 0008 8DF80330 		strb	r3, [sp, #3]
  30 000c 9DF80330 		ldrb	r3, [sp, #3]	@ zero_extendqisi2
  31 0010 0198     		ldr	r0, [sp, #4]
  32 0012 1946     		mov	r1, r3
  33 0014 FFF7FEFF 		bl	USB_OTG_SelectCore
  34 0018 019B     		ldr	r3, [sp, #4]
  35 001a 4FF00102 		mov	r2, #1
  36 001e 83F81221 		strb	r2, [r3, #274]
  37 0022 019B     		ldr	r3, [sp, #4]
  38 0024 4FF00002 		mov	r2, #0
  39 0028 83F81321 		strb	r2, [r3, #275]
  40 002c 4FF00003 		mov	r3, #0
  41 0030 0393     		str	r3, [sp, #12]
  42 0032 2BE0     		b	.L2
  43              	.L3:
  44 0034 019B     		ldr	r3, [sp, #4]
  45 0036 03F58C71 		add	r1, r3, #280
  46 003a 039A     		ldr	r2, [sp, #12]
  47 003c 1346     		mov	r3, r2
  48 003e 4FEA8303 		lsl	r3, r3, #2
  49 0042 9B18     		adds	r3, r3, r2
  50 0044 4FEAC303 		lsl	r3, r3, #3
  51 0048 CB18     		adds	r3, r1, r3
  52 004a 0293     		str	r3, [sp, #8]
  53 004c 029B     		ldr	r3, [sp, #8]
  54 004e 4FF00102 		mov	r2, #1
  55 0052 5A70     		strb	r2, [r3, #1]
  56 0054 039B     		ldr	r3, [sp, #12]
  57 0056 DAB2     		uxtb	r2, r3
  58 0058 029B     		ldr	r3, [sp, #8]
  59 005a 1A70     		strb	r2, [r3, #0]
  60 005c 039B     		ldr	r3, [sp, #12]
  61 005e 9AB2     		uxth	r2, r3
  62 0060 029B     		ldr	r3, [sp, #8]
  63 0062 DA80     		strh	r2, [r3, #6]	@ movhi
  64 0064 029B     		ldr	r3, [sp, #8]
  65 0066 4FF00002 		mov	r2, #0
  66 006a DA70     		strb	r2, [r3, #3]
  67 006c 029B     		ldr	r3, [sp, #8]
  68 006e 4FF00802 		mov	r2, #8
  69 0072 9A60     		str	r2, [r3, #8]
  70 0074 029B     		ldr	r3, [sp, #8]
  71 0076 4FF00002 		mov	r2, #0
  72 007a DA60     		str	r2, [r3, #12]
  73 007c 029B     		ldr	r3, [sp, #8]
  74 007e 4FF00002 		mov	r2, #0
  75 0082 5A61     		str	r2, [r3, #20]
  76 0084 039B     		ldr	r3, [sp, #12]
  77 0086 03F10103 		add	r3, r3, #1
  78 008a 0393     		str	r3, [sp, #12]
  79              	.L2:
  80 008c 019B     		ldr	r3, [sp, #4]
  81 008e 5B78     		ldrb	r3, [r3, #1]	@ zero_extendqisi2
  82 0090 1A46     		mov	r2, r3
  83 0092 039B     		ldr	r3, [sp, #12]
  84 0094 9A42     		cmp	r2, r3
  85 0096 CDD8     		bhi	.L3
  86 0098 4FF00003 		mov	r3, #0
  87 009c 0393     		str	r3, [sp, #12]
  88 009e 2BE0     		b	.L4
  89              	.L5:
  90 00a0 019B     		ldr	r3, [sp, #4]
  91 00a2 03F55C71 		add	r1, r3, #880
  92 00a6 039A     		ldr	r2, [sp, #12]
  93 00a8 1346     		mov	r3, r2
  94 00aa 4FEA8303 		lsl	r3, r3, #2
  95 00ae 9B18     		adds	r3, r3, r2
  96 00b0 4FEAC303 		lsl	r3, r3, #3
  97 00b4 CB18     		adds	r3, r1, r3
  98 00b6 0293     		str	r3, [sp, #8]
  99 00b8 029B     		ldr	r3, [sp, #8]
 100 00ba 4FF00002 		mov	r2, #0
 101 00be 5A70     		strb	r2, [r3, #1]
 102 00c0 039B     		ldr	r3, [sp, #12]
 103 00c2 DAB2     		uxtb	r2, r3
 104 00c4 029B     		ldr	r3, [sp, #8]
 105 00c6 1A70     		strb	r2, [r3, #0]
 106 00c8 039B     		ldr	r3, [sp, #12]
 107 00ca 9AB2     		uxth	r2, r3
 108 00cc 029B     		ldr	r3, [sp, #8]
 109 00ce DA80     		strh	r2, [r3, #6]	@ movhi
 110 00d0 029B     		ldr	r3, [sp, #8]
 111 00d2 4FF00002 		mov	r2, #0
 112 00d6 DA70     		strb	r2, [r3, #3]
 113 00d8 029B     		ldr	r3, [sp, #8]
 114 00da 4FF00802 		mov	r2, #8
 115 00de 9A60     		str	r2, [r3, #8]
 116 00e0 029B     		ldr	r3, [sp, #8]
 117 00e2 4FF00002 		mov	r2, #0
 118 00e6 DA60     		str	r2, [r3, #12]
 119 00e8 029B     		ldr	r3, [sp, #8]
 120 00ea 4FF00002 		mov	r2, #0
 121 00ee 5A61     		str	r2, [r3, #20]
 122 00f0 039B     		ldr	r3, [sp, #12]
 123 00f2 03F10103 		add	r3, r3, #1
 124 00f6 0393     		str	r3, [sp, #12]
 125              	.L4:
 126 00f8 019B     		ldr	r3, [sp, #4]
 127 00fa 5B78     		ldrb	r3, [r3, #1]	@ zero_extendqisi2
 128 00fc 1A46     		mov	r2, r3
 129 00fe 039B     		ldr	r3, [sp, #12]
 130 0100 9A42     		cmp	r2, r3
 131 0102 CDD8     		bhi	.L5
 132 0104 0198     		ldr	r0, [sp, #4]
 133 0106 FFF7FEFF 		bl	USB_OTG_DisableGlobalInt
 134 010a 0198     		ldr	r0, [sp, #4]
 135 010c FFF7FEFF 		bl	USB_OTG_CoreInit
 136 0110 0198     		ldr	r0, [sp, #4]
 137 0112 4FF00001 		mov	r1, #0
 138 0116 FFF7FEFF 		bl	USB_OTG_SetCurrentMode
 139 011a 0198     		ldr	r0, [sp, #4]
 140 011c FFF7FEFF 		bl	USB_OTG_CoreInitDev
 141 0120 0198     		ldr	r0, [sp, #4]
 142 0122 FFF7FEFF 		bl	USB_OTG_EnableGlobalInt
 143 0126 05B0     		add	sp, sp, #20
 144 0128 00BD     		pop	{pc}
 146 012a 00BF     		.align	2
 147              		.global	DCD_EP_Open
 148              		.thumb
 149              		.thumb_func
 151              	DCD_EP_Open:
 152              		@ args = 0, pretend = 0, frame = 16
 153              		@ frame_needed = 0, uses_anonymous_args = 0
 154 012c 00B5     		push	{lr}
 155 012e 85B0     		sub	sp, sp, #20
 156 0130 0190     		str	r0, [sp, #4]
 157 0132 8DF80310 		strb	r1, [sp, #3]
 158 0136 ADF80020 		strh	r2, [sp, #0]	@ movhi
 159 013a 8DF80230 		strb	r3, [sp, #2]
 160 013e 9DF80330 		ldrb	r3, [sp, #3]	@ zero_extendqisi2
 161 0142 5BB2     		sxtb	r3, r3
 162 0144 002B     		cmp	r3, #0
 163 0146 0FDA     		bge	.L7
 164 0148 019B     		ldr	r3, [sp, #4]
 165 014a 03F58C71 		add	r1, r3, #280
 166 014e 9DF80330 		ldrb	r3, [sp, #3]	@ zero_extendqisi2
 167 0152 03F07F02 		and	r2, r3, #127
 168 0156 1346     		mov	r3, r2
 169 0158 4FEA8303 		lsl	r3, r3, #2
 170 015c 9B18     		adds	r3, r3, r2
 171 015e 4FEAC303 		lsl	r3, r3, #3
 172 0162 CB18     		adds	r3, r1, r3
 173 0164 0393     		str	r3, [sp, #12]
 174 0166 0EE0     		b	.L8
 175              	.L7:
 176 0168 019B     		ldr	r3, [sp, #4]
 177 016a 03F55C71 		add	r1, r3, #880
 178 016e 9DF80330 		ldrb	r3, [sp, #3]	@ zero_extendqisi2
 179 0172 03F07F02 		and	r2, r3, #127
 180 0176 1346     		mov	r3, r2
 181 0178 4FEA8303 		lsl	r3, r3, #2
 182 017c 9B18     		adds	r3, r3, r2
 183 017e 4FEAC303 		lsl	r3, r3, #3
 184 0182 CB18     		adds	r3, r1, r3
 185 0184 0393     		str	r3, [sp, #12]
 186              	.L8:
 187 0186 9DF80330 		ldrb	r3, [sp, #3]
 188 018a 03F07F03 		and	r3, r3, #127
 189 018e DAB2     		uxtb	r2, r3
 190 0190 039B     		ldr	r3, [sp, #12]
 191 0192 1A70     		strb	r2, [r3, #0]
 192 0194 9DF80330 		ldrb	r3, [sp, #3]	@ zero_extendqisi2
 193 0198 4FEAD313 		lsr	r3, r3, #7
 194 019c DAB2     		uxtb	r2, r3
 195 019e 039B     		ldr	r3, [sp, #12]
 196 01a0 5A70     		strb	r2, [r3, #1]
 197 01a2 BDF80020 		ldrh	r2, [sp, #0]
 198 01a6 039B     		ldr	r3, [sp, #12]
 199 01a8 9A60     		str	r2, [r3, #8]
 200 01aa 039B     		ldr	r3, [sp, #12]
 201 01ac 9DF80220 		ldrb	r2, [sp, #2]
 202 01b0 DA70     		strb	r2, [r3, #3]
 203 01b2 039B     		ldr	r3, [sp, #12]
 204 01b4 5B78     		ldrb	r3, [r3, #1]	@ zero_extendqisi2
 205 01b6 002B     		cmp	r3, #0
 206 01b8 04D0     		beq	.L9
 207 01ba 039B     		ldr	r3, [sp, #12]
 208 01bc 1B78     		ldrb	r3, [r3, #0]	@ zero_extendqisi2
 209 01be 1A46     		mov	r2, r3
 210 01c0 039B     		ldr	r3, [sp, #12]
 211 01c2 DA80     		strh	r2, [r3, #6]	@ movhi
 212              	.L9:
 213 01c4 9DF80230 		ldrb	r3, [sp, #2]	@ zero_extendqisi2
 214 01c8 022B     		cmp	r3, #2
 215 01ca 03D1     		bne	.L10
 216 01cc 039B     		ldr	r3, [sp, #12]
 217 01ce 4FF00002 		mov	r2, #0
 218 01d2 1A71     		strb	r2, [r3, #4]
 219              	.L10:
 220 01d4 0198     		ldr	r0, [sp, #4]
 221 01d6 0399     		ldr	r1, [sp, #12]
 222 01d8 FFF7FEFF 		bl	USB_OTG_EPActivate
 223 01dc 4FF00003 		mov	r3, #0
 224 01e0 1846     		mov	r0, r3
 225 01e2 05B0     		add	sp, sp, #20
 226 01e4 00BD     		pop	{pc}
 228 01e6 00BF     		.align	2
 229              		.global	DCD_EP_Close
 230              		.thumb
 231              		.thumb_func
 233              	DCD_EP_Close:
 234              		@ args = 0, pretend = 0, frame = 16
 235              		@ frame_needed = 0, uses_anonymous_args = 0
 236 01e8 00B5     		push	{lr}
 237 01ea 85B0     		sub	sp, sp, #20
 238 01ec 0190     		str	r0, [sp, #4]
 239 01ee 0B46     		mov	r3, r1
 240 01f0 8DF80330 		strb	r3, [sp, #3]
 241 01f4 9DF80330 		ldrb	r3, [sp, #3]	@ zero_extendqisi2
 242 01f8 5BB2     		sxtb	r3, r3
 243 01fa 002B     		cmp	r3, #0
 244 01fc 0FDA     		bge	.L12
 245 01fe 019B     		ldr	r3, [sp, #4]
 246 0200 03F58C71 		add	r1, r3, #280
 247 0204 9DF80330 		ldrb	r3, [sp, #3]	@ zero_extendqisi2
 248 0208 03F07F02 		and	r2, r3, #127
 249 020c 1346     		mov	r3, r2
 250 020e 4FEA8303 		lsl	r3, r3, #2
 251 0212 9B18     		adds	r3, r3, r2
 252 0214 4FEAC303 		lsl	r3, r3, #3
 253 0218 CB18     		adds	r3, r1, r3
 254 021a 0393     		str	r3, [sp, #12]
 255 021c 0EE0     		b	.L13
 256              	.L12:
 257 021e 019B     		ldr	r3, [sp, #4]
 258 0220 03F55C71 		add	r1, r3, #880
 259 0224 9DF80330 		ldrb	r3, [sp, #3]	@ zero_extendqisi2
 260 0228 03F07F02 		and	r2, r3, #127
 261 022c 1346     		mov	r3, r2
 262 022e 4FEA8303 		lsl	r3, r3, #2
 263 0232 9B18     		adds	r3, r3, r2
 264 0234 4FEAC303 		lsl	r3, r3, #3
 265 0238 CB18     		adds	r3, r1, r3
 266 023a 0393     		str	r3, [sp, #12]
 267              	.L13:
 268 023c 9DF80330 		ldrb	r3, [sp, #3]
 269 0240 03F07F03 		and	r3, r3, #127
 270 0244 DAB2     		uxtb	r2, r3
 271 0246 039B     		ldr	r3, [sp, #12]
 272 0248 1A70     		strb	r2, [r3, #0]
 273 024a 9DF80330 		ldrb	r3, [sp, #3]	@ zero_extendqisi2
 274 024e 4FEAD313 		lsr	r3, r3, #7
 275 0252 DAB2     		uxtb	r2, r3
 276 0254 039B     		ldr	r3, [sp, #12]
 277 0256 5A70     		strb	r2, [r3, #1]
 278 0258 0198     		ldr	r0, [sp, #4]
 279 025a 0399     		ldr	r1, [sp, #12]
 280 025c FFF7FEFF 		bl	USB_OTG_EPDeactivate
 281 0260 4FF00003 		mov	r3, #0
 282 0264 1846     		mov	r0, r3
 283 0266 05B0     		add	sp, sp, #20
 284 0268 00BD     		pop	{pc}
 286 026a 00BF     		.align	2
 287              		.global	DCD_EP_PrepareRx
 288              		.thumb
 289              		.thumb_func
 291              	DCD_EP_PrepareRx:
 292              		@ args = 0, pretend = 0, frame = 24
 293              		@ frame_needed = 0, uses_anonymous_args = 0
 294 026c 00B5     		push	{lr}
 295 026e 87B0     		sub	sp, sp, #28
 296 0270 0390     		str	r0, [sp, #12]
 297 0272 0192     		str	r2, [sp, #4]
 298 0274 0A46     		mov	r2, r1
 299 0276 8DF80B20 		strb	r2, [sp, #11]
 300 027a ADF80830 		strh	r3, [sp, #8]	@ movhi
 301 027e 039B     		ldr	r3, [sp, #12]
 302 0280 03F55C71 		add	r1, r3, #880
 303 0284 9DF80B30 		ldrb	r3, [sp, #11]	@ zero_extendqisi2
 304 0288 03F07F02 		and	r2, r3, #127
 305 028c 1346     		mov	r3, r2
 306 028e 4FEA8303 		lsl	r3, r3, #2
 307 0292 9B18     		adds	r3, r3, r2
 308 0294 4FEAC303 		lsl	r3, r3, #3
 309 0298 CB18     		adds	r3, r1, r3
 310 029a 0593     		str	r3, [sp, #20]
 311 029c 059B     		ldr	r3, [sp, #20]
 312 029e 019A     		ldr	r2, [sp, #4]
 313 02a0 DA60     		str	r2, [r3, #12]
 314 02a2 BDF80820 		ldrh	r2, [sp, #8]
 315 02a6 059B     		ldr	r3, [sp, #20]
 316 02a8 5A61     		str	r2, [r3, #20]
 317 02aa 059B     		ldr	r3, [sp, #20]
 318 02ac 4FF00002 		mov	r2, #0
 319 02b0 9A61     		str	r2, [r3, #24]
 320 02b2 059B     		ldr	r3, [sp, #20]
 321 02b4 4FF00002 		mov	r2, #0
 322 02b8 5A70     		strb	r2, [r3, #1]
 323 02ba 9DF80B30 		ldrb	r3, [sp, #11]
 324 02be 03F07F03 		and	r3, r3, #127
 325 02c2 DAB2     		uxtb	r2, r3
 326 02c4 059B     		ldr	r3, [sp, #20]
 327 02c6 1A70     		strb	r2, [r3, #0]
 328 02c8 039B     		ldr	r3, [sp, #12]
 329 02ca DB78     		ldrb	r3, [r3, #3]	@ zero_extendqisi2
 330 02cc 012B     		cmp	r3, #1
 331 02ce 02D1     		bne	.L15
 332 02d0 019A     		ldr	r2, [sp, #4]
 333 02d2 059B     		ldr	r3, [sp, #20]
 334 02d4 1A61     		str	r2, [r3, #16]
 335              	.L15:
 336 02d6 059B     		ldr	r3, [sp, #20]
 337 02d8 1B78     		ldrb	r3, [r3, #0]	@ zero_extendqisi2
 338 02da 002B     		cmp	r3, #0
 339 02dc 04D1     		bne	.L16
 340 02de 0398     		ldr	r0, [sp, #12]
 341 02e0 0599     		ldr	r1, [sp, #20]
 342 02e2 FFF7FEFF 		bl	USB_OTG_EP0StartXfer
 343 02e6 03E0     		b	.L17
 344              	.L16:
 345 02e8 0398     		ldr	r0, [sp, #12]
 346 02ea 0599     		ldr	r1, [sp, #20]
 347 02ec FFF7FEFF 		bl	USB_OTG_EPStartXfer
 348              	.L17:
 349 02f0 4FF00003 		mov	r3, #0
 350 02f4 1846     		mov	r0, r3
 351 02f6 07B0     		add	sp, sp, #28
 352 02f8 00BD     		pop	{pc}
 354 02fa 00BF     		.align	2
 355              		.global	DCD_EP_Tx
 356              		.thumb
 357              		.thumb_func
 359              	DCD_EP_Tx:
 360              		@ args = 0, pretend = 0, frame = 24
 361              		@ frame_needed = 0, uses_anonymous_args = 0
 362 02fc 00B5     		push	{lr}
 363 02fe 87B0     		sub	sp, sp, #28
 364 0300 0390     		str	r0, [sp, #12]
 365 0302 0192     		str	r2, [sp, #4]
 366 0304 0093     		str	r3, [sp, #0]
 367 0306 0B46     		mov	r3, r1
 368 0308 8DF80B30 		strb	r3, [sp, #11]
 369 030c 039B     		ldr	r3, [sp, #12]
 370 030e 03F58C71 		add	r1, r3, #280
 371 0312 9DF80B30 		ldrb	r3, [sp, #11]	@ zero_extendqisi2
 372 0316 03F07F02 		and	r2, r3, #127
 373 031a 1346     		mov	r3, r2
 374 031c 4FEA8303 		lsl	r3, r3, #2
 375 0320 9B18     		adds	r3, r3, r2
 376 0322 4FEAC303 		lsl	r3, r3, #3
 377 0326 CB18     		adds	r3, r1, r3
 378 0328 0593     		str	r3, [sp, #20]
 379 032a 059B     		ldr	r3, [sp, #20]
 380 032c 4FF00102 		mov	r2, #1
 381 0330 5A70     		strb	r2, [r3, #1]
 382 0332 9DF80B30 		ldrb	r3, [sp, #11]
 383 0336 03F07F03 		and	r3, r3, #127
 384 033a DAB2     		uxtb	r2, r3
 385 033c 059B     		ldr	r3, [sp, #20]
 386 033e 1A70     		strb	r2, [r3, #0]
 387 0340 059B     		ldr	r3, [sp, #20]
 388 0342 019A     		ldr	r2, [sp, #4]
 389 0344 DA60     		str	r2, [r3, #12]
 390 0346 019A     		ldr	r2, [sp, #4]
 391 0348 059B     		ldr	r3, [sp, #20]
 392 034a 1A61     		str	r2, [r3, #16]
 393 034c 059B     		ldr	r3, [sp, #20]
 394 034e 4FF00002 		mov	r2, #0
 395 0352 9A61     		str	r2, [r3, #24]
 396 0354 059B     		ldr	r3, [sp, #20]
 397 0356 009A     		ldr	r2, [sp, #0]
 398 0358 5A61     		str	r2, [r3, #20]
 399 035a 059B     		ldr	r3, [sp, #20]
 400 035c 1B78     		ldrb	r3, [r3, #0]	@ zero_extendqisi2
 401 035e 002B     		cmp	r3, #0
 402 0360 04D1     		bne	.L19
 403 0362 0398     		ldr	r0, [sp, #12]
 404 0364 0599     		ldr	r1, [sp, #20]
 405 0366 FFF7FEFF 		bl	USB_OTG_EP0StartXfer
 406 036a 03E0     		b	.L20
 407              	.L19:
 408 036c 0398     		ldr	r0, [sp, #12]
 409 036e 0599     		ldr	r1, [sp, #20]
 410 0370 FFF7FEFF 		bl	USB_OTG_EPStartXfer
 411              	.L20:
 412 0374 4FF00003 		mov	r3, #0
 413 0378 1846     		mov	r0, r3
 414 037a 07B0     		add	sp, sp, #28
 415 037c 00BD     		pop	{pc}
 417 037e 00BF     		.align	2
 418              		.global	DCD_EP_Stall
 419              		.thumb
 420              		.thumb_func
 422              	DCD_EP_Stall:
 423              		@ args = 0, pretend = 0, frame = 16
 424              		@ frame_needed = 0, uses_anonymous_args = 0
 425 0380 00B5     		push	{lr}
 426 0382 85B0     		sub	sp, sp, #20
 427 0384 0190     		str	r0, [sp, #4]
 428 0386 0B46     		mov	r3, r1
 429 0388 8DF80330 		strb	r3, [sp, #3]
 430 038c 9DF80330 		ldrb	r3, [sp, #3]	@ zero_extendqisi2
 431 0390 5BB2     		sxtb	r3, r3
 432 0392 002B     		cmp	r3, #0
 433 0394 0FDA     		bge	.L22
 434 0396 019B     		ldr	r3, [sp, #4]
 435 0398 03F58C71 		add	r1, r3, #280
 436 039c 9DF80330 		ldrb	r3, [sp, #3]	@ zero_extendqisi2
 437 03a0 03F07F02 		and	r2, r3, #127
 438 03a4 1346     		mov	r3, r2
 439 03a6 4FEA8303 		lsl	r3, r3, #2
 440 03aa 9B18     		adds	r3, r3, r2
 441 03ac 4FEAC303 		lsl	r3, r3, #3
 442 03b0 CB18     		adds	r3, r1, r3
 443 03b2 0393     		str	r3, [sp, #12]
 444 03b4 0CE0     		b	.L23
 445              	.L22:
 446 03b6 019B     		ldr	r3, [sp, #4]
 447 03b8 03F55C71 		add	r1, r3, #880
 448 03bc 9DF80320 		ldrb	r2, [sp, #3]	@ zero_extendqisi2
 449 03c0 1346     		mov	r3, r2
 450 03c2 4FEA8303 		lsl	r3, r3, #2
 451 03c6 9B18     		adds	r3, r3, r2
 452 03c8 4FEAC303 		lsl	r3, r3, #3
 453 03cc CB18     		adds	r3, r1, r3
 454 03ce 0393     		str	r3, [sp, #12]
 455              	.L23:
 456 03d0 039B     		ldr	r3, [sp, #12]
 457 03d2 4FF00102 		mov	r2, #1
 458 03d6 9A70     		strb	r2, [r3, #2]
 459 03d8 9DF80330 		ldrb	r3, [sp, #3]
 460 03dc 03F07F03 		and	r3, r3, #127
 461 03e0 DAB2     		uxtb	r2, r3
 462 03e2 039B     		ldr	r3, [sp, #12]
 463 03e4 1A70     		strb	r2, [r3, #0]
 464 03e6 9DF80330 		ldrb	r3, [sp, #3]	@ zero_extendqisi2
 465 03ea 4FEAD313 		lsr	r3, r3, #7
 466 03ee DAB2     		uxtb	r2, r3
 467 03f0 039B     		ldr	r3, [sp, #12]
 468 03f2 5A70     		strb	r2, [r3, #1]
 469 03f4 0198     		ldr	r0, [sp, #4]
 470 03f6 0399     		ldr	r1, [sp, #12]
 471 03f8 FFF7FEFF 		bl	USB_OTG_EPSetStall
 472 03fc 4FF00003 		mov	r3, #0
 473 0400 1846     		mov	r0, r3
 474 0402 05B0     		add	sp, sp, #20
 475 0404 00BD     		pop	{pc}
 477 0406 00BF     		.align	2
 478              		.global	DCD_EP_ClrStall
 479              		.thumb
 480              		.thumb_func
 482              	DCD_EP_ClrStall:
 483              		@ args = 0, pretend = 0, frame = 16
 484              		@ frame_needed = 0, uses_anonymous_args = 0
 485 0408 00B5     		push	{lr}
 486 040a 85B0     		sub	sp, sp, #20
 487 040c 0190     		str	r0, [sp, #4]
 488 040e 0B46     		mov	r3, r1
 489 0410 8DF80330 		strb	r3, [sp, #3]
 490 0414 9DF80330 		ldrb	r3, [sp, #3]	@ zero_extendqisi2
 491 0418 5BB2     		sxtb	r3, r3
 492 041a 002B     		cmp	r3, #0
 493 041c 0FDA     		bge	.L25
 494 041e 019B     		ldr	r3, [sp, #4]
 495 0420 03F58C71 		add	r1, r3, #280
 496 0424 9DF80330 		ldrb	r3, [sp, #3]	@ zero_extendqisi2
 497 0428 03F07F02 		and	r2, r3, #127
 498 042c 1346     		mov	r3, r2
 499 042e 4FEA8303 		lsl	r3, r3, #2
 500 0432 9B18     		adds	r3, r3, r2
 501 0434 4FEAC303 		lsl	r3, r3, #3
 502 0438 CB18     		adds	r3, r1, r3
 503 043a 0393     		str	r3, [sp, #12]
 504 043c 0CE0     		b	.L26
 505              	.L25:
 506 043e 019B     		ldr	r3, [sp, #4]
 507 0440 03F55C71 		add	r1, r3, #880
 508 0444 9DF80320 		ldrb	r2, [sp, #3]	@ zero_extendqisi2
 509 0448 1346     		mov	r3, r2
 510 044a 4FEA8303 		lsl	r3, r3, #2
 511 044e 9B18     		adds	r3, r3, r2
 512 0450 4FEAC303 		lsl	r3, r3, #3
 513 0454 CB18     		adds	r3, r1, r3
 514 0456 0393     		str	r3, [sp, #12]
 515              	.L26:
 516 0458 039B     		ldr	r3, [sp, #12]
 517 045a 4FF00002 		mov	r2, #0
 518 045e 9A70     		strb	r2, [r3, #2]
 519 0460 9DF80330 		ldrb	r3, [sp, #3]
 520 0464 03F07F03 		and	r3, r3, #127
 521 0468 DAB2     		uxtb	r2, r3
 522 046a 039B     		ldr	r3, [sp, #12]
 523 046c 1A70     		strb	r2, [r3, #0]
 524 046e 9DF80330 		ldrb	r3, [sp, #3]	@ zero_extendqisi2
 525 0472 4FEAD313 		lsr	r3, r3, #7
 526 0476 DAB2     		uxtb	r2, r3
 527 0478 039B     		ldr	r3, [sp, #12]
 528 047a 5A70     		strb	r2, [r3, #1]
 529 047c 0198     		ldr	r0, [sp, #4]
 530 047e 0399     		ldr	r1, [sp, #12]
 531 0480 FFF7FEFF 		bl	USB_OTG_EPClearStall
 532 0484 4FF00003 		mov	r3, #0
 533 0488 1846     		mov	r0, r3
 534 048a 05B0     		add	sp, sp, #20
 535 048c 00BD     		pop	{pc}
 537 048e 00BF     		.align	2
 538              		.global	DCD_EP_Flush
 539              		.thumb
 540              		.thumb_func
 542              	DCD_EP_Flush:
 543              		@ args = 0, pretend = 0, frame = 8
 544              		@ frame_needed = 0, uses_anonymous_args = 0
 545 0490 00B5     		push	{lr}
 546 0492 83B0     		sub	sp, sp, #12
 547 0494 0190     		str	r0, [sp, #4]
 548 0496 0B46     		mov	r3, r1
 549 0498 8DF80330 		strb	r3, [sp, #3]
 550 049c 9DF80330 		ldrb	r3, [sp, #3]	@ zero_extendqisi2
 551 04a0 5BB2     		sxtb	r3, r3
 552 04a2 002B     		cmp	r3, #0
 553 04a4 08DA     		bge	.L28
 554 04a6 9DF80330 		ldrb	r3, [sp, #3]	@ zero_extendqisi2
 555 04aa 03F07F03 		and	r3, r3, #127
 556 04ae 0198     		ldr	r0, [sp, #4]
 557 04b0 1946     		mov	r1, r3
 558 04b2 FFF7FEFF 		bl	USB_OTG_FlushTxFifo
 559 04b6 02E0     		b	.L29
 560              	.L28:
 561 04b8 0198     		ldr	r0, [sp, #4]
 562 04ba FFF7FEFF 		bl	USB_OTG_FlushRxFifo
 563              	.L29:
 564 04be 4FF00003 		mov	r3, #0
 565 04c2 1846     		mov	r0, r3
 566 04c4 03B0     		add	sp, sp, #12
 567 04c6 00BD     		pop	{pc}
 569              		.align	2
 570              		.global	DCD_EP_SetAddress
 571              		.thumb
 572              		.thumb_func
 574              	DCD_EP_SetAddress:
 575              		@ args = 0, pretend = 0, frame = 16
 576              		@ frame_needed = 0, uses_anonymous_args = 0
 577              		@ link register save eliminated.
 578 04c8 84B0     		sub	sp, sp, #16
 579 04ca 0190     		str	r0, [sp, #4]
 580 04cc 0B46     		mov	r3, r1
 581 04ce 8DF80330 		strb	r3, [sp, #3]
 582 04d2 4FF00003 		mov	r3, #0
 583 04d6 0393     		str	r3, [sp, #12]
 584 04d8 9DF80330 		ldrb	r3, [sp, #3]
 585 04dc 03F07F03 		and	r3, r3, #127
 586 04e0 DAB2     		uxtb	r2, r3
 587 04e2 039B     		ldr	r3, [sp, #12]
 588 04e4 62F30A13 		bfi	r3, r2, #4, #7
 589 04e8 0393     		str	r3, [sp, #12]
 590 04ea 019B     		ldr	r3, [sp, #4]
 591 04ec 1B69     		ldr	r3, [r3, #16]
 592 04ee 019A     		ldr	r2, [sp, #4]
 593 04f0 1269     		ldr	r2, [r2, #16]
 594 04f2 1168     		ldr	r1, [r2, #0]
 595 04f4 039A     		ldr	r2, [sp, #12]
 596 04f6 0A43     		orrs	r2, r2, r1
 597 04f8 1A60     		str	r2, [r3, #0]
 598 04fa 04B0     		add	sp, sp, #16
 599 04fc 7047     		bx	lr
 601 04fe 00BF     		.align	2
 602              		.global	DCD_DevConnect
 603              		.thumb
 604              		.thumb_func
 606              	DCD_DevConnect:
 607              		@ args = 0, pretend = 0, frame = 16
 608              		@ frame_needed = 0, uses_anonymous_args = 0
 609 0500 00B5     		push	{lr}
 610 0502 85B0     		sub	sp, sp, #20
 611 0504 0190     		str	r0, [sp, #4]
 612 0506 019B     		ldr	r3, [sp, #4]
 613 0508 1B69     		ldr	r3, [r3, #16]
 614 050a 5B68     		ldr	r3, [r3, #4]
 615 050c 0393     		str	r3, [sp, #12]
 616 050e 039B     		ldr	r3, [sp, #12]
 617 0510 6FF34103 		bfc	r3, #1, #1
 618 0514 0393     		str	r3, [sp, #12]
 619 0516 019B     		ldr	r3, [sp, #4]
 620 0518 1B69     		ldr	r3, [r3, #16]
 621 051a 039A     		ldr	r2, [sp, #12]
 622 051c 5A60     		str	r2, [r3, #4]
 623 051e 4FF00300 		mov	r0, #3
 624 0522 FFF7FEFF 		bl	USB_OTG_BSP_mDelay
 625 0526 05B0     		add	sp, sp, #20
 626 0528 00BD     		pop	{pc}
 628 052a 00BF     		.align	2
 629              		.global	DCD_DevDisconnect
 630              		.thumb
 631              		.thumb_func
 633              	DCD_DevDisconnect:
 634              		@ args = 0, pretend = 0, frame = 16
 635              		@ frame_needed = 0, uses_anonymous_args = 0
 636 052c 00B5     		push	{lr}
 637 052e 85B0     		sub	sp, sp, #20
 638 0530 0190     		str	r0, [sp, #4]
 639 0532 019B     		ldr	r3, [sp, #4]
 640 0534 1B69     		ldr	r3, [r3, #16]
 641 0536 5B68     		ldr	r3, [r3, #4]
 642 0538 0393     		str	r3, [sp, #12]
 643 053a 039B     		ldr	r3, [sp, #12]
 644 053c 43F00203 		orr	r3, r3, #2
 645 0540 0393     		str	r3, [sp, #12]
 646 0542 019B     		ldr	r3, [sp, #4]
 647 0544 1B69     		ldr	r3, [r3, #16]
 648 0546 039A     		ldr	r2, [sp, #12]
 649 0548 5A60     		str	r2, [r3, #4]
 650 054a 4FF00300 		mov	r0, #3
 651 054e FFF7FEFF 		bl	USB_OTG_BSP_mDelay
 652 0552 05B0     		add	sp, sp, #20
 653 0554 00BD     		pop	{pc}
 655 0556 00BF     		.align	2
 656              		.global	DCD_GetEPStatus
 657              		.thumb
 658              		.thumb_func
 660              	DCD_GetEPStatus:
 661              		@ args = 0, pretend = 0, frame = 16
 662              		@ frame_needed = 0, uses_anonymous_args = 0
 663 0558 00B5     		push	{lr}
 664 055a 85B0     		sub	sp, sp, #20
 665 055c 0190     		str	r0, [sp, #4]
 666 055e 0B46     		mov	r3, r1
 667 0560 8DF80330 		strb	r3, [sp, #3]
 668 0564 4FF00003 		mov	r3, #0
 669 0568 0293     		str	r3, [sp, #8]
 670 056a 9DF80330 		ldrb	r3, [sp, #3]	@ zero_extendqisi2
 671 056e 5BB2     		sxtb	r3, r3
 672 0570 002B     		cmp	r3, #0
 673 0572 0FDA     		bge	.L34
 674 0574 019B     		ldr	r3, [sp, #4]
 675 0576 03F58C71 		add	r1, r3, #280
 676 057a 9DF80330 		ldrb	r3, [sp, #3]	@ zero_extendqisi2
 677 057e 03F07F02 		and	r2, r3, #127
 678 0582 1346     		mov	r3, r2
 679 0584 4FEA8303 		lsl	r3, r3, #2
 680 0588 9B18     		adds	r3, r3, r2
 681 058a 4FEAC303 		lsl	r3, r3, #3
 682 058e CB18     		adds	r3, r1, r3
 683 0590 0393     		str	r3, [sp, #12]
 684 0592 0CE0     		b	.L35
 685              	.L34:
 686 0594 019B     		ldr	r3, [sp, #4]
 687 0596 03F55C71 		add	r1, r3, #880
 688 059a 9DF80320 		ldrb	r2, [sp, #3]	@ zero_extendqisi2
 689 059e 1346     		mov	r3, r2
 690 05a0 4FEA8303 		lsl	r3, r3, #2
 691 05a4 9B18     		adds	r3, r3, r2
 692 05a6 4FEAC303 		lsl	r3, r3, #3
 693 05aa CB18     		adds	r3, r1, r3
 694 05ac 0393     		str	r3, [sp, #12]
 695              	.L35:
 696 05ae 0198     		ldr	r0, [sp, #4]
 697 05b0 0399     		ldr	r1, [sp, #12]
 698 05b2 FFF7FEFF 		bl	USB_OTG_GetEPStatus
 699 05b6 0290     		str	r0, [sp, #8]
 700 05b8 029B     		ldr	r3, [sp, #8]
 701 05ba 1846     		mov	r0, r3
 702 05bc 05B0     		add	sp, sp, #20
 703 05be 00BD     		pop	{pc}
 705              		.align	2
 706              		.global	DCD_SetEPStatus
 707              		.thumb
 708              		.thumb_func
 710              	DCD_SetEPStatus:
 711              		@ args = 0, pretend = 0, frame = 24
 712              		@ frame_needed = 0, uses_anonymous_args = 0
 713 05c0 00B5     		push	{lr}
 714 05c2 87B0     		sub	sp, sp, #28
 715 05c4 0390     		str	r0, [sp, #12]
 716 05c6 0B46     		mov	r3, r1
 717 05c8 0192     		str	r2, [sp, #4]
 718 05ca 8DF80B30 		strb	r3, [sp, #11]
 719 05ce 9DF80B30 		ldrb	r3, [sp, #11]	@ zero_extendqisi2
 720 05d2 5BB2     		sxtb	r3, r3
 721 05d4 002B     		cmp	r3, #0
 722 05d6 0FDA     		bge	.L37
 723 05d8 039B     		ldr	r3, [sp, #12]
 724 05da 03F58C71 		add	r1, r3, #280
 725 05de 9DF80B30 		ldrb	r3, [sp, #11]	@ zero_extendqisi2
 726 05e2 03F07F02 		and	r2, r3, #127
 727 05e6 1346     		mov	r3, r2
 728 05e8 4FEA8303 		lsl	r3, r3, #2
 729 05ec 9B18     		adds	r3, r3, r2
 730 05ee 4FEAC303 		lsl	r3, r3, #3
 731 05f2 CB18     		adds	r3, r1, r3
 732 05f4 0593     		str	r3, [sp, #20]
 733 05f6 0CE0     		b	.L38
 734              	.L37:
 735 05f8 039B     		ldr	r3, [sp, #12]
 736 05fa 03F55C71 		add	r1, r3, #880
 737 05fe 9DF80B20 		ldrb	r2, [sp, #11]	@ zero_extendqisi2
 738 0602 1346     		mov	r3, r2
 739 0604 4FEA8303 		lsl	r3, r3, #2
 740 0608 9B18     		adds	r3, r3, r2
 741 060a 4FEAC303 		lsl	r3, r3, #3
 742 060e CB18     		adds	r3, r1, r3
 743 0610 0593     		str	r3, [sp, #20]
 744              	.L38:
 745 0612 0398     		ldr	r0, [sp, #12]
 746 0614 0599     		ldr	r1, [sp, #20]
 747 0616 019A     		ldr	r2, [sp, #4]
 748 0618 FFF7FEFF 		bl	USB_OTG_SetEPStatus
 749 061c 07B0     		add	sp, sp, #28
 750 061e 00BD     		pop	{pc}
 752              		.ident	"GCC: (Sourcery CodeBench Lite 2012.03-56) 4.6.3"
DEFINED SYMBOLS
                            *ABS*:00000000 usb_dcd.c
C:\Users\JOHNIH~1\AppData\Local\Temp\cclD5m7n.s:17     .text:00000000 $t
C:\Users\JOHNIH~1\AppData\Local\Temp\cclD5m7n.s:22     .text:00000000 DCD_Init
C:\Users\JOHNIH~1\AppData\Local\Temp\cclD5m7n.s:151    .text:0000012c DCD_EP_Open
C:\Users\JOHNIH~1\AppData\Local\Temp\cclD5m7n.s:233    .text:000001e8 DCD_EP_Close
C:\Users\JOHNIH~1\AppData\Local\Temp\cclD5m7n.s:291    .text:0000026c DCD_EP_PrepareRx
C:\Users\JOHNIH~1\AppData\Local\Temp\cclD5m7n.s:359    .text:000002fc DCD_EP_Tx
C:\Users\JOHNIH~1\AppData\Local\Temp\cclD5m7n.s:422    .text:00000380 DCD_EP_Stall
C:\Users\JOHNIH~1\AppData\Local\Temp\cclD5m7n.s:482    .text:00000408 DCD_EP_ClrStall
C:\Users\JOHNIH~1\AppData\Local\Temp\cclD5m7n.s:542    .text:00000490 DCD_EP_Flush
C:\Users\JOHNIH~1\AppData\Local\Temp\cclD5m7n.s:574    .text:000004c8 DCD_EP_SetAddress
C:\Users\JOHNIH~1\AppData\Local\Temp\cclD5m7n.s:606    .text:00000500 DCD_DevConnect
C:\Users\JOHNIH~1\AppData\Local\Temp\cclD5m7n.s:633    .text:0000052c DCD_DevDisconnect
C:\Users\JOHNIH~1\AppData\Local\Temp\cclD5m7n.s:660    .text:00000558 DCD_GetEPStatus
C:\Users\JOHNIH~1\AppData\Local\Temp\cclD5m7n.s:710    .text:000005c0 DCD_SetEPStatus

UNDEFINED SYMBOLS
USB_OTG_SelectCore
USB_OTG_DisableGlobalInt
USB_OTG_CoreInit
USB_OTG_SetCurrentMode
USB_OTG_CoreInitDev
USB_OTG_EnableGlobalInt
USB_OTG_EPActivate
USB_OTG_EPDeactivate
USB_OTG_EP0StartXfer
USB_OTG_EPStartXfer
USB_OTG_EPSetStall
USB_OTG_EPClearStall
USB_OTG_FlushTxFifo
USB_OTG_FlushRxFifo
USB_OTG_BSP_mDelay
USB_OTG_GetEPStatus
USB_OTG_SetEPStatus
