   1              		.syntax unified
   2              		.cpu cortex-m4
   3              		.eabi_attribute 27, 3
   4              		.fpu fpv4-sp-d16
   5              		.eabi_attribute 20, 1
   6              		.eabi_attribute 21, 1
   7              		.eabi_attribute 23, 3
   8              		.eabi_attribute 24, 1
   9              		.eabi_attribute 25, 1
  10              		.eabi_attribute 26, 1
  11              		.eabi_attribute 30, 6
  12              		.eabi_attribute 34, 1
  13              		.eabi_attribute 18, 4
  14              		.thumb
  15              		.file	"misc.c"
  16              		.text
  17              		.align	2
  18              		.global	NVIC_PriorityGroupConfig
  19              		.thumb
  20              		.thumb_func
  22              	NVIC_PriorityGroupConfig:
  23              		@ args = 0, pretend = 0, frame = 8
  24              		@ frame_needed = 0, uses_anonymous_args = 0
  25              		@ link register save eliminated.
  26 0000 82B0     		sub	sp, sp, #8
  27 0002 0190     		str	r0, [sp, #4]
  28 0004 4FF46D43 		mov	r3, #60672
  29 0008 CEF20003 		movt	r3, 57344
  30 000c 019A     		ldr	r2, [sp, #4]
  31 000e 42F0BE62 		orr	r2, r2, #99614720
  32 0012 42F42022 		orr	r2, r2, #655360
  33 0016 DA60     		str	r2, [r3, #12]
  34 0018 02B0     		add	sp, sp, #8
  35 001a 7047     		bx	lr
  37              		.align	2
  38              		.global	NVIC_Init
  39              		.thumb
  40              		.thumb_func
  42              	NVIC_Init:
  43              		@ args = 0, pretend = 0, frame = 16
  44              		@ frame_needed = 0, uses_anonymous_args = 0
  45              		@ link register save eliminated.
  46 001c 84B0     		sub	sp, sp, #16
  47 001e 0190     		str	r0, [sp, #4]
  48 0020 4FF00003 		mov	r3, #0
  49 0024 8DF80F30 		strb	r3, [sp, #15]
  50 0028 4FF00003 		mov	r3, #0
  51 002c 8DF80E30 		strb	r3, [sp, #14]
  52 0030 4FF00F03 		mov	r3, #15
  53 0034 8DF80D30 		strb	r3, [sp, #13]
  54 0038 019B     		ldr	r3, [sp, #4]
  55 003a DB78     		ldrb	r3, [r3, #3]	@ zero_extendqisi2
  56 003c 002B     		cmp	r3, #0
  57 003e 53D0     		beq	.L3
  58 0040 4FF46D43 		mov	r3, #60672
  59 0044 CEF20003 		movt	r3, 57344
  60 0048 DB68     		ldr	r3, [r3, #12]
  61 004a 6FEA0303 		mvn	r3, r3
  62 004e 03F4E063 		and	r3, r3, #1792
  63 0052 4FEA1323 		lsr	r3, r3, #8
  64 0056 8DF80F30 		strb	r3, [sp, #15]
  65 005a 9DF80F30 		ldrb	r3, [sp, #15]
  66 005e C3F10403 		rsb	r3, r3, #4
  67 0062 8DF80E30 		strb	r3, [sp, #14]
  68 0066 9DF80D20 		ldrb	r2, [sp, #13]	@ zero_extendqisi2
  69 006a 9DF80F30 		ldrb	r3, [sp, #15]	@ zero_extendqisi2
  70 006e 42FA03F3 		asr	r3, r2, r3
  71 0072 8DF80D30 		strb	r3, [sp, #13]
  72 0076 019B     		ldr	r3, [sp, #4]
  73 0078 5B78     		ldrb	r3, [r3, #1]	@ zero_extendqisi2
  74 007a 1A46     		mov	r2, r3
  75 007c 9DF80E30 		ldrb	r3, [sp, #14]	@ zero_extendqisi2
  76 0080 02FA03F3 		lsl	r3, r2, r3
  77 0084 8DF80F30 		strb	r3, [sp, #15]
  78 0088 019B     		ldr	r3, [sp, #4]
  79 008a 9A78     		ldrb	r2, [r3, #2]	@ zero_extendqisi2
  80 008c 9DF80D30 		ldrb	r3, [sp, #13]
  81 0090 1340     		ands	r3, r3, r2
  82 0092 DAB2     		uxtb	r2, r3
  83 0094 9DF80F30 		ldrb	r3, [sp, #15]
  84 0098 1343     		orrs	r3, r3, r2
  85 009a 8DF80F30 		strb	r3, [sp, #15]
  86 009e 9DF80F30 		ldrb	r3, [sp, #15]
  87 00a2 4FEA0313 		lsl	r3, r3, #4
  88 00a6 8DF80F30 		strb	r3, [sp, #15]
  89 00aa 4FF46143 		mov	r3, #57600
  90 00ae CEF20003 		movt	r3, 57344
  91 00b2 019A     		ldr	r2, [sp, #4]
  92 00b4 1278     		ldrb	r2, [r2, #0]	@ zero_extendqisi2
  93 00b6 9B18     		adds	r3, r3, r2
  94 00b8 9DF80F20 		ldrb	r2, [sp, #15]
  95 00bc 83F80023 		strb	r2, [r3, #768]
  96 00c0 4FF46143 		mov	r3, #57600
  97 00c4 CEF20003 		movt	r3, 57344
  98 00c8 019A     		ldr	r2, [sp, #4]
  99 00ca 1278     		ldrb	r2, [r2, #0]	@ zero_extendqisi2
 100 00cc 4FEA5212 		lsr	r2, r2, #5
 101 00d0 D2B2     		uxtb	r2, r2
 102 00d2 0199     		ldr	r1, [sp, #4]
 103 00d4 0978     		ldrb	r1, [r1, #0]	@ zero_extendqisi2
 104 00d6 01F01F01 		and	r1, r1, #31
 105 00da 4FF00100 		mov	r0, #1
 106 00de 00FA01F1 		lsl	r1, r0, r1
 107 00e2 43F82210 		str	r1, [r3, r2, lsl #2]
 108 00e6 14E0     		b	.L2
 109              	.L3:
 110 00e8 4FF46143 		mov	r3, #57600
 111 00ec CEF20003 		movt	r3, 57344
 112 00f0 019A     		ldr	r2, [sp, #4]
 113 00f2 1278     		ldrb	r2, [r2, #0]	@ zero_extendqisi2
 114 00f4 4FEA5212 		lsr	r2, r2, #5
 115 00f8 D2B2     		uxtb	r2, r2
 116 00fa 0199     		ldr	r1, [sp, #4]
 117 00fc 0978     		ldrb	r1, [r1, #0]	@ zero_extendqisi2
 118 00fe 01F01F01 		and	r1, r1, #31
 119 0102 4FF00100 		mov	r0, #1
 120 0106 00FA01F1 		lsl	r1, r0, r1
 121 010a 02F12002 		add	r2, r2, #32
 122 010e 43F82210 		str	r1, [r3, r2, lsl #2]
 123              	.L2:
 124 0112 04B0     		add	sp, sp, #16
 125 0114 7047     		bx	lr
 127 0116 00BF     		.align	2
 128              		.global	NVIC_SetVectorTable
 129              		.thumb
 130              		.thumb_func
 132              	NVIC_SetVectorTable:
 133              		@ args = 0, pretend = 0, frame = 8
 134              		@ frame_needed = 0, uses_anonymous_args = 0
 135              		@ link register save eliminated.
 136 0118 82B0     		sub	sp, sp, #8
 137 011a 0190     		str	r0, [sp, #4]
 138 011c 0091     		str	r1, [sp, #0]
 139 011e 4FF46D43 		mov	r3, #60672
 140 0122 CEF20003 		movt	r3, 57344
 141 0126 009A     		ldr	r2, [sp, #0]
 142 0128 22F06042 		bic	r2, r2, #-536870912
 143 012c 22F07F02 		bic	r2, r2, #127
 144 0130 0199     		ldr	r1, [sp, #4]
 145 0132 0A43     		orrs	r2, r2, r1
 146 0134 9A60     		str	r2, [r3, #8]
 147 0136 02B0     		add	sp, sp, #8
 148 0138 7047     		bx	lr
 150 013a 00BF     		.align	2
 151              		.global	NVIC_SystemLPConfig
 152              		.thumb
 153              		.thumb_func
 155              	NVIC_SystemLPConfig:
 156              		@ args = 0, pretend = 0, frame = 8
 157              		@ frame_needed = 0, uses_anonymous_args = 0
 158              		@ link register save eliminated.
 159 013c 82B0     		sub	sp, sp, #8
 160 013e 0246     		mov	r2, r0
 161 0140 0B46     		mov	r3, r1
 162 0142 8DF80720 		strb	r2, [sp, #7]
 163 0146 8DF80630 		strb	r3, [sp, #6]
 164 014a 9DF80630 		ldrb	r3, [sp, #6]	@ zero_extendqisi2
 165 014e 002B     		cmp	r3, #0
 166 0150 0DD0     		beq	.L7
 167 0152 4FF46D43 		mov	r3, #60672
 168 0156 CEF20003 		movt	r3, 57344
 169 015a 4FF46D42 		mov	r2, #60672
 170 015e CEF20002 		movt	r2, 57344
 171 0162 1169     		ldr	r1, [r2, #16]
 172 0164 9DF80720 		ldrb	r2, [sp, #7]	@ zero_extendqisi2
 173 0168 0A43     		orrs	r2, r2, r1
 174 016a 1A61     		str	r2, [r3, #16]
 175 016c 0EE0     		b	.L6
 176              	.L7:
 177 016e 4FF46D43 		mov	r3, #60672
 178 0172 CEF20003 		movt	r3, 57344
 179 0176 4FF46D42 		mov	r2, #60672
 180 017a CEF20002 		movt	r2, 57344
 181 017e 1169     		ldr	r1, [r2, #16]
 182 0180 9DF80720 		ldrb	r2, [sp, #7]	@ zero_extendqisi2
 183 0184 6FEA0202 		mvn	r2, r2
 184 0188 0A40     		ands	r2, r2, r1
 185 018a 1A61     		str	r2, [r3, #16]
 186              	.L6:
 187 018c 02B0     		add	sp, sp, #8
 188 018e 7047     		bx	lr
 190              		.align	2
 191              		.global	SysTick_CLKSourceConfig
 192              		.thumb
 193              		.thumb_func
 195              	SysTick_CLKSourceConfig:
 196              		@ args = 0, pretend = 0, frame = 8
 197              		@ frame_needed = 0, uses_anonymous_args = 0
 198              		@ link register save eliminated.
 199 0190 82B0     		sub	sp, sp, #8
 200 0192 0190     		str	r0, [sp, #4]
 201 0194 019B     		ldr	r3, [sp, #4]
 202 0196 042B     		cmp	r3, #4
 203 0198 0CD1     		bne	.L10
 204 019a 4EF21003 		movw	r3, #57360
 205 019e CEF20003 		movt	r3, 57344
 206 01a2 4EF21002 		movw	r2, #57360
 207 01a6 CEF20002 		movt	r2, 57344
 208 01aa 1268     		ldr	r2, [r2, #0]
 209 01ac 42F00402 		orr	r2, r2, #4
 210 01b0 1A60     		str	r2, [r3, #0]
 211 01b2 0BE0     		b	.L9
 212              	.L10:
 213 01b4 4EF21003 		movw	r3, #57360
 214 01b8 CEF20003 		movt	r3, 57344
 215 01bc 4EF21002 		movw	r2, #57360
 216 01c0 CEF20002 		movt	r2, 57344
 217 01c4 1268     		ldr	r2, [r2, #0]
 218 01c6 22F00402 		bic	r2, r2, #4
 219 01ca 1A60     		str	r2, [r3, #0]
 220              	.L9:
 221 01cc 02B0     		add	sp, sp, #8
 222 01ce 7047     		bx	lr
 224              		.ident	"GCC: (Sourcery CodeBench Lite 2012.03-56) 4.6.3"
DEFINED SYMBOLS
                            *ABS*:00000000 misc.c
C:\Users\JOHNIH~1\AppData\Local\Temp\cchThz7C.s:17     .text:00000000 $t
C:\Users\JOHNIH~1\AppData\Local\Temp\cchThz7C.s:22     .text:00000000 NVIC_PriorityGroupConfig
C:\Users\JOHNIH~1\AppData\Local\Temp\cchThz7C.s:42     .text:0000001c NVIC_Init
C:\Users\JOHNIH~1\AppData\Local\Temp\cchThz7C.s:132    .text:00000118 NVIC_SetVectorTable
C:\Users\JOHNIH~1\AppData\Local\Temp\cchThz7C.s:155    .text:0000013c NVIC_SystemLPConfig
C:\Users\JOHNIH~1\AppData\Local\Temp\cchThz7C.s:195    .text:00000190 SysTick_CLKSourceConfig

NO UNDEFINED SYMBOLS
