   1              		.syntax unified
   2              		.cpu cortex-m4
   3              		.eabi_attribute 27, 3
   4              		.fpu fpv4-sp-d16
   5              		.eabi_attribute 20, 1
   6              		.eabi_attribute 21, 1
   7              		.eabi_attribute 23, 3
   8              		.eabi_attribute 24, 1
   9              		.eabi_attribute 25, 1
  10              		.eabi_attribute 26, 1
  11              		.eabi_attribute 30, 6
  12              		.eabi_attribute 34, 1
  13              		.eabi_attribute 18, 4
  14              		.thumb
  15              		.file	"stm32f4xx_dbgmcu.c"
  16              		.text
  17              		.align	2
  18              		.global	DBGMCU_GetREVID
  19              		.thumb
  20              		.thumb_func
  22              	DBGMCU_GetREVID:
  23              		@ args = 0, pretend = 0, frame = 0
  24              		@ frame_needed = 0, uses_anonymous_args = 0
  25              		@ link register save eliminated.
  26 0000 4FF40053 		mov	r3, #8192
  27 0004 CEF20403 		movt	r3, 57348
  28 0008 1B68     		ldr	r3, [r3, #0]
  29 000a 4FEA1343 		lsr	r3, r3, #16
  30 000e 1846     		mov	r0, r3
  31 0010 7047     		bx	lr
  33 0012 00BF     		.align	2
  34              		.global	DBGMCU_GetDEVID
  35              		.thumb
  36              		.thumb_func
  38              	DBGMCU_GetDEVID:
  39              		@ args = 0, pretend = 0, frame = 0
  40              		@ frame_needed = 0, uses_anonymous_args = 0
  41              		@ link register save eliminated.
  42 0014 4FF40053 		mov	r3, #8192
  43 0018 CEF20403 		movt	r3, 57348
  44 001c 1B68     		ldr	r3, [r3, #0]
  45 001e 4FEA0353 		lsl	r3, r3, #20
  46 0022 4FEA1353 		lsr	r3, r3, #20
  47 0026 1846     		mov	r0, r3
  48 0028 7047     		bx	lr
  50 002a 00BF     		.align	2
  51              		.global	DBGMCU_Config
  52              		.thumb
  53              		.thumb_func
  55              	DBGMCU_Config:
  56              		@ args = 0, pretend = 0, frame = 8
  57              		@ frame_needed = 0, uses_anonymous_args = 0
  58              		@ link register save eliminated.
  59 002c 82B0     		sub	sp, sp, #8
  60 002e 0190     		str	r0, [sp, #4]
  61 0030 0B46     		mov	r3, r1
  62 0032 8DF80330 		strb	r3, [sp, #3]
  63 0036 9DF80330 		ldrb	r3, [sp, #3]	@ zero_extendqisi2
  64 003a 002B     		cmp	r3, #0
  65 003c 0CD0     		beq	.L4
  66 003e 4FF40053 		mov	r3, #8192
  67 0042 CEF20403 		movt	r3, 57348
  68 0046 4FF40052 		mov	r2, #8192
  69 004a CEF20402 		movt	r2, 57348
  70 004e 5168     		ldr	r1, [r2, #4]
  71 0050 019A     		ldr	r2, [sp, #4]
  72 0052 0A43     		orrs	r2, r2, r1
  73 0054 5A60     		str	r2, [r3, #4]
  74 0056 0DE0     		b	.L3
  75              	.L4:
  76 0058 4FF40053 		mov	r3, #8192
  77 005c CEF20403 		movt	r3, 57348
  78 0060 4FF40052 		mov	r2, #8192
  79 0064 CEF20402 		movt	r2, 57348
  80 0068 5168     		ldr	r1, [r2, #4]
  81 006a 019A     		ldr	r2, [sp, #4]
  82 006c 6FEA0202 		mvn	r2, r2
  83 0070 0A40     		ands	r2, r2, r1
  84 0072 5A60     		str	r2, [r3, #4]
  85              	.L3:
  86 0074 02B0     		add	sp, sp, #8
  87 0076 7047     		bx	lr
  89              		.align	2
  90              		.global	DBGMCU_APB1PeriphConfig
  91              		.thumb
  92              		.thumb_func
  94              	DBGMCU_APB1PeriphConfig:
  95              		@ args = 0, pretend = 0, frame = 8
  96              		@ frame_needed = 0, uses_anonymous_args = 0
  97              		@ link register save eliminated.
  98 0078 82B0     		sub	sp, sp, #8
  99 007a 0190     		str	r0, [sp, #4]
 100 007c 0B46     		mov	r3, r1
 101 007e 8DF80330 		strb	r3, [sp, #3]
 102 0082 9DF80330 		ldrb	r3, [sp, #3]	@ zero_extendqisi2
 103 0086 002B     		cmp	r3, #0
 104 0088 0CD0     		beq	.L7
 105 008a 4FF40053 		mov	r3, #8192
 106 008e CEF20403 		movt	r3, 57348
 107 0092 4FF40052 		mov	r2, #8192
 108 0096 CEF20402 		movt	r2, 57348
 109 009a 9168     		ldr	r1, [r2, #8]
 110 009c 019A     		ldr	r2, [sp, #4]
 111 009e 0A43     		orrs	r2, r2, r1
 112 00a0 9A60     		str	r2, [r3, #8]
 113 00a2 0DE0     		b	.L6
 114              	.L7:
 115 00a4 4FF40053 		mov	r3, #8192
 116 00a8 CEF20403 		movt	r3, 57348
 117 00ac 4FF40052 		mov	r2, #8192
 118 00b0 CEF20402 		movt	r2, 57348
 119 00b4 9168     		ldr	r1, [r2, #8]
 120 00b6 019A     		ldr	r2, [sp, #4]
 121 00b8 6FEA0202 		mvn	r2, r2
 122 00bc 0A40     		ands	r2, r2, r1
 123 00be 9A60     		str	r2, [r3, #8]
 124              	.L6:
 125 00c0 02B0     		add	sp, sp, #8
 126 00c2 7047     		bx	lr
 128              		.align	2
 129              		.global	DBGMCU_APB2PeriphConfig
 130              		.thumb
 131              		.thumb_func
 133              	DBGMCU_APB2PeriphConfig:
 134              		@ args = 0, pretend = 0, frame = 8
 135              		@ frame_needed = 0, uses_anonymous_args = 0
 136              		@ link register save eliminated.
 137 00c4 82B0     		sub	sp, sp, #8
 138 00c6 0190     		str	r0, [sp, #4]
 139 00c8 0B46     		mov	r3, r1
 140 00ca 8DF80330 		strb	r3, [sp, #3]
 141 00ce 9DF80330 		ldrb	r3, [sp, #3]	@ zero_extendqisi2
 142 00d2 002B     		cmp	r3, #0
 143 00d4 0CD0     		beq	.L10
 144 00d6 4FF40053 		mov	r3, #8192
 145 00da CEF20403 		movt	r3, 57348
 146 00de 4FF40052 		mov	r2, #8192
 147 00e2 CEF20402 		movt	r2, 57348
 148 00e6 D168     		ldr	r1, [r2, #12]
 149 00e8 019A     		ldr	r2, [sp, #4]
 150 00ea 0A43     		orrs	r2, r2, r1
 151 00ec DA60     		str	r2, [r3, #12]
 152 00ee 0DE0     		b	.L9
 153              	.L10:
 154 00f0 4FF40053 		mov	r3, #8192
 155 00f4 CEF20403 		movt	r3, 57348
 156 00f8 4FF40052 		mov	r2, #8192
 157 00fc CEF20402 		movt	r2, 57348
 158 0100 D168     		ldr	r1, [r2, #12]
 159 0102 019A     		ldr	r2, [sp, #4]
 160 0104 6FEA0202 		mvn	r2, r2
 161 0108 0A40     		ands	r2, r2, r1
 162 010a DA60     		str	r2, [r3, #12]
 163              	.L9:
 164 010c 02B0     		add	sp, sp, #8
 165 010e 7047     		bx	lr
 167              		.ident	"GCC: (Sourcery CodeBench Lite 2012.03-56) 4.6.3"
DEFINED SYMBOLS
                            *ABS*:00000000 stm32f4xx_dbgmcu.c
C:\Users\JOHNIH~1\AppData\Local\Temp\ccyv8xda.s:17     .text:00000000 $t
C:\Users\JOHNIH~1\AppData\Local\Temp\ccyv8xda.s:22     .text:00000000 DBGMCU_GetREVID
C:\Users\JOHNIH~1\AppData\Local\Temp\ccyv8xda.s:38     .text:00000014 DBGMCU_GetDEVID
C:\Users\JOHNIH~1\AppData\Local\Temp\ccyv8xda.s:55     .text:0000002c DBGMCU_Config
C:\Users\JOHNIH~1\AppData\Local\Temp\ccyv8xda.s:94     .text:00000078 DBGMCU_APB1PeriphConfig
C:\Users\JOHNIH~1\AppData\Local\Temp\ccyv8xda.s:133    .text:000000c4 DBGMCU_APB2PeriphConfig

NO UNDEFINED SYMBOLS
