   1              		.syntax unified
   2              		.cpu cortex-m4
   3              		.eabi_attribute 27, 3
   4              		.fpu fpv4-sp-d16
   5              		.eabi_attribute 20, 1
   6              		.eabi_attribute 21, 1
   7              		.eabi_attribute 23, 3
   8              		.eabi_attribute 24, 1
   9              		.eabi_attribute 25, 1
  10              		.eabi_attribute 26, 1
  11              		.eabi_attribute 30, 6
  12              		.eabi_attribute 34, 1
  13              		.eabi_attribute 18, 4
  14              		.thumb
  15              		.file	"stm32f4xx_rng.c"
  16              		.text
  17              		.align	2
  18              		.global	RNG_DeInit
  19              		.thumb
  20              		.thumb_func
  22              	RNG_DeInit:
  23              		@ args = 0, pretend = 0, frame = 0
  24              		@ frame_needed = 0, uses_anonymous_args = 0
  25 0000 08B5     		push	{r3, lr}
  26 0002 4FF04000 		mov	r0, #64
  27 0006 4FF00101 		mov	r1, #1
  28 000a FFF7FEFF 		bl	RCC_AHB2PeriphResetCmd
  29 000e 4FF04000 		mov	r0, #64
  30 0012 4FF00001 		mov	r1, #0
  31 0016 FFF7FEFF 		bl	RCC_AHB2PeriphResetCmd
  32 001a 08BD     		pop	{r3, pc}
  34              		.align	2
  35              		.global	RNG_Cmd
  36              		.thumb
  37              		.thumb_func
  39              	RNG_Cmd:
  40              		@ args = 0, pretend = 0, frame = 8
  41              		@ frame_needed = 0, uses_anonymous_args = 0
  42              		@ link register save eliminated.
  43 001c 82B0     		sub	sp, sp, #8
  44 001e 0346     		mov	r3, r0
  45 0020 8DF80730 		strb	r3, [sp, #7]
  46 0024 9DF80730 		ldrb	r3, [sp, #7]	@ zero_extendqisi2
  47 0028 002B     		cmp	r3, #0
  48 002a 0CD0     		beq	.L3
  49 002c 4FF40063 		mov	r3, #2048
  50 0030 C5F20603 		movt	r3, 20486
  51 0034 4FF40062 		mov	r2, #2048
  52 0038 C5F20602 		movt	r2, 20486
  53 003c 1268     		ldr	r2, [r2, #0]
  54 003e 42F00402 		orr	r2, r2, #4
  55 0042 1A60     		str	r2, [r3, #0]
  56 0044 0BE0     		b	.L2
  57              	.L3:
  58 0046 4FF40063 		mov	r3, #2048
  59 004a C5F20603 		movt	r3, 20486
  60 004e 4FF40062 		mov	r2, #2048
  61 0052 C5F20602 		movt	r2, 20486
  62 0056 1268     		ldr	r2, [r2, #0]
  63 0058 22F00402 		bic	r2, r2, #4
  64 005c 1A60     		str	r2, [r3, #0]
  65              	.L2:
  66 005e 02B0     		add	sp, sp, #8
  67 0060 7047     		bx	lr
  69 0062 00BF     		.align	2
  70              		.global	RNG_GetRandomNumber
  71              		.thumb
  72              		.thumb_func
  74              	RNG_GetRandomNumber:
  75              		@ args = 0, pretend = 0, frame = 0
  76              		@ frame_needed = 0, uses_anonymous_args = 0
  77              		@ link register save eliminated.
  78 0064 4FF40063 		mov	r3, #2048
  79 0068 C5F20603 		movt	r3, 20486
  80 006c 9B68     		ldr	r3, [r3, #8]
  81 006e 1846     		mov	r0, r3
  82 0070 7047     		bx	lr
  84 0072 00BF     		.align	2
  85              		.global	RNG_ITConfig
  86              		.thumb
  87              		.thumb_func
  89              	RNG_ITConfig:
  90              		@ args = 0, pretend = 0, frame = 8
  91              		@ frame_needed = 0, uses_anonymous_args = 0
  92              		@ link register save eliminated.
  93 0074 82B0     		sub	sp, sp, #8
  94 0076 0346     		mov	r3, r0
  95 0078 8DF80730 		strb	r3, [sp, #7]
  96 007c 9DF80730 		ldrb	r3, [sp, #7]	@ zero_extendqisi2
  97 0080 002B     		cmp	r3, #0
  98 0082 0CD0     		beq	.L7
  99 0084 4FF40063 		mov	r3, #2048
 100 0088 C5F20603 		movt	r3, 20486
 101 008c 4FF40062 		mov	r2, #2048
 102 0090 C5F20602 		movt	r2, 20486
 103 0094 1268     		ldr	r2, [r2, #0]
 104 0096 42F00802 		orr	r2, r2, #8
 105 009a 1A60     		str	r2, [r3, #0]
 106 009c 0BE0     		b	.L6
 107              	.L7:
 108 009e 4FF40063 		mov	r3, #2048
 109 00a2 C5F20603 		movt	r3, 20486
 110 00a6 4FF40062 		mov	r2, #2048
 111 00aa C5F20602 		movt	r2, 20486
 112 00ae 1268     		ldr	r2, [r2, #0]
 113 00b0 22F00802 		bic	r2, r2, #8
 114 00b4 1A60     		str	r2, [r3, #0]
 115              	.L6:
 116 00b6 02B0     		add	sp, sp, #8
 117 00b8 7047     		bx	lr
 119 00ba 00BF     		.align	2
 120              		.global	RNG_GetFlagStatus
 121              		.thumb
 122              		.thumb_func
 124              	RNG_GetFlagStatus:
 125              		@ args = 0, pretend = 0, frame = 16
 126              		@ frame_needed = 0, uses_anonymous_args = 0
 127              		@ link register save eliminated.
 128 00bc 84B0     		sub	sp, sp, #16
 129 00be 0346     		mov	r3, r0
 130 00c0 8DF80730 		strb	r3, [sp, #7]
 131 00c4 4FF00003 		mov	r3, #0
 132 00c8 8DF80F30 		strb	r3, [sp, #15]
 133 00cc 4FF40063 		mov	r3, #2048
 134 00d0 C5F20603 		movt	r3, 20486
 135 00d4 5A68     		ldr	r2, [r3, #4]
 136 00d6 9DF80730 		ldrb	r3, [sp, #7]	@ zero_extendqisi2
 137 00da 1340     		ands	r3, r3, r2
 138 00dc 002B     		cmp	r3, #0
 139 00de 04D0     		beq	.L10
 140 00e0 4FF00103 		mov	r3, #1
 141 00e4 8DF80F30 		strb	r3, [sp, #15]
 142 00e8 03E0     		b	.L11
 143              	.L10:
 144 00ea 4FF00003 		mov	r3, #0
 145 00ee 8DF80F30 		strb	r3, [sp, #15]
 146              	.L11:
 147 00f2 9DF80F30 		ldrb	r3, [sp, #15]	@ zero_extendqisi2
 148 00f6 1846     		mov	r0, r3
 149 00f8 04B0     		add	sp, sp, #16
 150 00fa 7047     		bx	lr
 152              		.align	2
 153              		.global	RNG_ClearFlag
 154              		.thumb
 155              		.thumb_func
 157              	RNG_ClearFlag:
 158              		@ args = 0, pretend = 0, frame = 8
 159              		@ frame_needed = 0, uses_anonymous_args = 0
 160              		@ link register save eliminated.
 161 00fc 82B0     		sub	sp, sp, #8
 162 00fe 0346     		mov	r3, r0
 163 0100 8DF80730 		strb	r3, [sp, #7]
 164 0104 4FF40063 		mov	r3, #2048
 165 0108 C5F20603 		movt	r3, 20486
 166 010c 9DF80720 		ldrb	r2, [sp, #7]	@ zero_extendqisi2
 167 0110 4FEA0212 		lsl	r2, r2, #4
 168 0114 6FEA0202 		mvn	r2, r2
 169 0118 5A60     		str	r2, [r3, #4]
 170 011a 02B0     		add	sp, sp, #8
 171 011c 7047     		bx	lr
 173 011e 00BF     		.align	2
 174              		.global	RNG_GetITStatus
 175              		.thumb
 176              		.thumb_func
 178              	RNG_GetITStatus:
 179              		@ args = 0, pretend = 0, frame = 16
 180              		@ frame_needed = 0, uses_anonymous_args = 0
 181              		@ link register save eliminated.
 182 0120 84B0     		sub	sp, sp, #16
 183 0122 0346     		mov	r3, r0
 184 0124 8DF80730 		strb	r3, [sp, #7]
 185 0128 4FF00003 		mov	r3, #0
 186 012c 8DF80F30 		strb	r3, [sp, #15]
 187 0130 4FF40063 		mov	r3, #2048
 188 0134 C5F20603 		movt	r3, 20486
 189 0138 5A68     		ldr	r2, [r3, #4]
 190 013a 9DF80730 		ldrb	r3, [sp, #7]	@ zero_extendqisi2
 191 013e 1340     		ands	r3, r3, r2
 192 0140 002B     		cmp	r3, #0
 193 0142 04D0     		beq	.L14
 194 0144 4FF00103 		mov	r3, #1
 195 0148 8DF80F30 		strb	r3, [sp, #15]
 196 014c 03E0     		b	.L15
 197              	.L14:
 198 014e 4FF00003 		mov	r3, #0
 199 0152 8DF80F30 		strb	r3, [sp, #15]
 200              	.L15:
 201 0156 9DF80F30 		ldrb	r3, [sp, #15]	@ zero_extendqisi2
 202 015a 1846     		mov	r0, r3
 203 015c 04B0     		add	sp, sp, #16
 204 015e 7047     		bx	lr
 206              		.align	2
 207              		.global	RNG_ClearITPendingBit
 208              		.thumb
 209              		.thumb_func
 211              	RNG_ClearITPendingBit:
 212              		@ args = 0, pretend = 0, frame = 8
 213              		@ frame_needed = 0, uses_anonymous_args = 0
 214              		@ link register save eliminated.
 215 0160 82B0     		sub	sp, sp, #8
 216 0162 0346     		mov	r3, r0
 217 0164 8DF80730 		strb	r3, [sp, #7]
 218 0168 4FF40063 		mov	r3, #2048
 219 016c C5F20603 		movt	r3, 20486
 220 0170 9DF80720 		ldrb	r2, [sp, #7]
 221 0174 6FEA0202 		mvn	r2, r2
 222 0178 D2B2     		uxtb	r2, r2
 223 017a 5A60     		str	r2, [r3, #4]
 224 017c 02B0     		add	sp, sp, #8
 225 017e 7047     		bx	lr
 227              		.ident	"GCC: (Sourcery CodeBench Lite 2012.03-56) 4.6.3"
DEFINED SYMBOLS
                            *ABS*:00000000 stm32f4xx_rng.c
C:\Users\JOHNIH~1\AppData\Local\Temp\cc2T5ogB.s:17     .text:00000000 $t
C:\Users\JOHNIH~1\AppData\Local\Temp\cc2T5ogB.s:22     .text:00000000 RNG_DeInit
C:\Users\JOHNIH~1\AppData\Local\Temp\cc2T5ogB.s:39     .text:0000001c RNG_Cmd
C:\Users\JOHNIH~1\AppData\Local\Temp\cc2T5ogB.s:74     .text:00000064 RNG_GetRandomNumber
C:\Users\JOHNIH~1\AppData\Local\Temp\cc2T5ogB.s:89     .text:00000074 RNG_ITConfig
C:\Users\JOHNIH~1\AppData\Local\Temp\cc2T5ogB.s:124    .text:000000bc RNG_GetFlagStatus
C:\Users\JOHNIH~1\AppData\Local\Temp\cc2T5ogB.s:157    .text:000000fc RNG_ClearFlag
C:\Users\JOHNIH~1\AppData\Local\Temp\cc2T5ogB.s:178    .text:00000120 RNG_GetITStatus
C:\Users\JOHNIH~1\AppData\Local\Temp\cc2T5ogB.s:211    .text:00000160 RNG_ClearITPendingBit

UNDEFINED SYMBOLS
RCC_AHB2PeriphResetCmd
