   1              		.syntax unified
   2              		.cpu cortex-m4
   3              		.eabi_attribute 27, 3
   4              		.fpu fpv4-sp-d16
   5              		.eabi_attribute 20, 1
   6              		.eabi_attribute 21, 1
   7              		.eabi_attribute 23, 3
   8              		.eabi_attribute 24, 1
   9              		.eabi_attribute 25, 1
  10              		.eabi_attribute 26, 1
  11              		.eabi_attribute 30, 6
  12              		.eabi_attribute 34, 1
  13              		.eabi_attribute 18, 4
  14              		.thumb
  15              		.file	"usbd_cdc.c"
  16              		.comm	Rx_Buf,100,4
  17              		.comm	Rx_Buf_TopIdx,4,4
  18              		.comm	Rx_Buf_BotIdx,4,4
  19              		.global	cdc_fops
  20              		.data
  21              		.align	2
  24              	cdc_fops:
  25 0000 00000000 		.word	cdc_Init
  26 0004 00000000 		.word	cdc_DeInit
  27 0008 00000000 		.word	cdc_Ctrl
  28 000c 00000000 		.word	cdc_DataTx
  29 0010 00000000 		.word	cdc_DataRx
  30              		.text
  31              		.align	2
  32              		.thumb
  33              		.thumb_func
  35              	cdc_Init:
  36              		@ args = 0, pretend = 0, frame = 0
  37              		@ frame_needed = 0, uses_anonymous_args = 0
  38              		@ link register save eliminated.
  39 0000 40F20003 		movw	r3, #:lower16:Rx_Buf_TopIdx
  40 0004 C0F20003 		movt	r3, #:upper16:Rx_Buf_TopIdx
  41 0008 4FF00002 		mov	r2, #0
  42 000c 1A60     		str	r2, [r3, #0]
  43 000e 40F20003 		movw	r3, #:lower16:Rx_Buf_BotIdx
  44 0012 C0F20003 		movt	r3, #:upper16:Rx_Buf_BotIdx
  45 0016 4FF00002 		mov	r2, #0
  46 001a 1A60     		str	r2, [r3, #0]
  47 001c 4FF00003 		mov	r3, #0
  48 0020 1846     		mov	r0, r3
  49 0022 7047     		bx	lr
  51              		.align	2
  52              		.thumb
  53              		.thumb_func
  55              	cdc_DeInit:
  56              		@ args = 0, pretend = 0, frame = 0
  57              		@ frame_needed = 0, uses_anonymous_args = 0
  58              		@ link register save eliminated.
  59 0024 4FF00003 		mov	r3, #0
  60 0028 1846     		mov	r0, r3
  61 002a 7047     		bx	lr
  63              		.align	2
  64              		.thumb
  65              		.thumb_func
  67              	cdc_Ctrl:
  68              		@ args = 0, pretend = 0, frame = 16
  69              		@ frame_needed = 0, uses_anonymous_args = 0
  70              		@ link register save eliminated.
  71 002c 84B0     		sub	sp, sp, #16
  72 002e 0390     		str	r0, [sp, #12]
  73 0030 0291     		str	r1, [sp, #8]
  74 0032 0192     		str	r2, [sp, #4]
  75 0034 039B     		ldr	r3, [sp, #12]
  76 0036 232B     		cmp	r3, #35
  77 0038 4AD8     		bhi	.L16
  78 003a 01A2     		adr	r2, .L14
  79 003c 52F823F0 		ldr	pc, [r2, r3, lsl #2]
  80              		.align	2
  81              	.L14:
  82 0040 D1000000 		.word	.L16+1
  83 0044 D1000000 		.word	.L16+1
  84 0048 D1000000 		.word	.L16+1
  85 004c D1000000 		.word	.L16+1
  86 0050 D1000000 		.word	.L16+1
  87 0054 D1000000 		.word	.L16+1
  88 0058 D1000000 		.word	.L16+1
  89 005c D1000000 		.word	.L16+1
  90 0060 D1000000 		.word	.L16+1
  91 0064 D1000000 		.word	.L16+1
  92 0068 D1000000 		.word	.L16+1
  93 006c D1000000 		.word	.L16+1
  94 0070 D1000000 		.word	.L16+1
  95 0074 D1000000 		.word	.L16+1
  96 0078 D1000000 		.word	.L16+1
  97 007c D1000000 		.word	.L16+1
  98 0080 D1000000 		.word	.L16+1
  99 0084 D1000000 		.word	.L16+1
 100 0088 D1000000 		.word	.L16+1
 101 008c D1000000 		.word	.L16+1
 102 0090 D1000000 		.word	.L16+1
 103 0094 D1000000 		.word	.L16+1
 104 0098 D1000000 		.word	.L16+1
 105 009c D1000000 		.word	.L16+1
 106 00a0 D1000000 		.word	.L16+1
 107 00a4 D1000000 		.word	.L16+1
 108 00a8 D1000000 		.word	.L16+1
 109 00ac D1000000 		.word	.L16+1
 110 00b0 D1000000 		.word	.L16+1
 111 00b4 D1000000 		.word	.L16+1
 112 00b8 D1000000 		.word	.L16+1
 113 00bc D1000000 		.word	.L16+1
 114 00c0 D1000000 		.word	.L16+1
 115 00c4 D1000000 		.word	.L16+1
 116 00c8 D1000000 		.word	.L16+1
 117 00cc D1000000 		.word	.L16+1
 118              	.L16:
 119 00d0 00BF     		nop
 120              	.L15:
 121 00d2 4FF00003 		mov	r3, #0
 122 00d6 1846     		mov	r0, r3
 123 00d8 04B0     		add	sp, sp, #16
 124 00da 7047     		bx	lr
 126              		.align	2
 127              		.global	cdc_DataTx
 128              		.thumb
 129              		.thumb_func
 131              	cdc_DataTx:
 132              		@ args = 0, pretend = 0, frame = 16
 133              		@ frame_needed = 0, uses_anonymous_args = 0
 134              		@ link register save eliminated.
 135 00dc 84B0     		sub	sp, sp, #16
 136 00de 0190     		str	r0, [sp, #4]
 137 00e0 0091     		str	r1, [sp, #0]
 138 00e2 4FF00003 		mov	r3, #0
 139 00e6 0393     		str	r3, [sp, #12]
 140 00e8 2CE0     		b	.L18
 141              	.L20:
 142 00ea 40F20003 		movw	r3, #:lower16:APP_Rx_ptr_in
 143 00ee C0F20003 		movt	r3, #:upper16:APP_Rx_ptr_in
 144 00f2 1A68     		ldr	r2, [r3, #0]
 145 00f4 0199     		ldr	r1, [sp, #4]
 146 00f6 039B     		ldr	r3, [sp, #12]
 147 00f8 CB18     		adds	r3, r1, r3
 148 00fa 1978     		ldrb	r1, [r3, #0]	@ zero_extendqisi2
 149 00fc 40F20003 		movw	r3, #:lower16:APP_Rx_Buffer
 150 0100 C0F20003 		movt	r3, #:upper16:APP_Rx_Buffer
 151 0104 9954     		strb	r1, [r3, r2]
 152 0106 40F20003 		movw	r3, #:lower16:APP_Rx_ptr_in
 153 010a C0F20003 		movt	r3, #:upper16:APP_Rx_ptr_in
 154 010e 1B68     		ldr	r3, [r3, #0]
 155 0110 03F10102 		add	r2, r3, #1
 156 0114 40F20003 		movw	r3, #:lower16:APP_Rx_ptr_in
 157 0118 C0F20003 		movt	r3, #:upper16:APP_Rx_ptr_in
 158 011c 1A60     		str	r2, [r3, #0]
 159 011e 40F20003 		movw	r3, #:lower16:APP_Rx_ptr_in
 160 0122 C0F20003 		movt	r3, #:upper16:APP_Rx_ptr_in
 161 0126 1B68     		ldr	r3, [r3, #0]
 162 0128 B3F5006F 		cmp	r3, #2048
 163 012c 06D1     		bne	.L19
 164 012e 40F20003 		movw	r3, #:lower16:APP_Rx_ptr_in
 165 0132 C0F20003 		movt	r3, #:upper16:APP_Rx_ptr_in
 166 0136 4FF00002 		mov	r2, #0
 167 013a 1A60     		str	r2, [r3, #0]
 168              	.L19:
 169 013c 039B     		ldr	r3, [sp, #12]
 170 013e 03F10103 		add	r3, r3, #1
 171 0142 0393     		str	r3, [sp, #12]
 172              	.L18:
 173 0144 039A     		ldr	r2, [sp, #12]
 174 0146 009B     		ldr	r3, [sp, #0]
 175 0148 9A42     		cmp	r2, r3
 176 014a CED3     		bcc	.L20
 177 014c 4FF00003 		mov	r3, #0
 178 0150 1846     		mov	r0, r3
 179 0152 04B0     		add	sp, sp, #16
 180 0154 7047     		bx	lr
 182 0156 00BF     		.align	2
 183              		.thumb
 184              		.thumb_func
 186              	cdc_DataRx:
 187              		@ args = 0, pretend = 0, frame = 16
 188              		@ frame_needed = 0, uses_anonymous_args = 0
 189              		@ link register save eliminated.
 190 0158 84B0     		sub	sp, sp, #16
 191 015a 0190     		str	r0, [sp, #4]
 192 015c 0091     		str	r1, [sp, #0]
 193 015e 4FF00003 		mov	r3, #0
 194 0162 0393     		str	r3, [sp, #12]
 195 0164 37E0     		b	.L22
 196              	.L24:
 197 0166 40F20003 		movw	r3, #:lower16:Rx_Buf_TopIdx
 198 016a C0F20003 		movt	r3, #:upper16:Rx_Buf_TopIdx
 199 016e 1A68     		ldr	r2, [r3, #0]
 200 0170 0199     		ldr	r1, [sp, #4]
 201 0172 039B     		ldr	r3, [sp, #12]
 202 0174 CB18     		adds	r3, r1, r3
 203 0176 1978     		ldrb	r1, [r3, #0]	@ zero_extendqisi2
 204 0178 40F20003 		movw	r3, #:lower16:Rx_Buf
 205 017c C0F20003 		movt	r3, #:upper16:Rx_Buf
 206 0180 9954     		strb	r1, [r3, r2]
 207 0182 40F20003 		movw	r3, #:lower16:Rx_Buf_TopIdx
 208 0186 C0F20003 		movt	r3, #:upper16:Rx_Buf_TopIdx
 209 018a 1B68     		ldr	r3, [r3, #0]
 210 018c 03F10102 		add	r2, r3, #1
 211 0190 40F20003 		movw	r3, #:lower16:Rx_Buf_TopIdx
 212 0194 C0F20003 		movt	r3, #:upper16:Rx_Buf_TopIdx
 213 0198 1A60     		str	r2, [r3, #0]
 214 019a 40F20003 		movw	r3, #:lower16:Rx_Buf_TopIdx
 215 019e C0F20003 		movt	r3, #:upper16:Rx_Buf_TopIdx
 216 01a2 1B68     		ldr	r3, [r3, #0]
 217 01a4 632B     		cmp	r3, #99
 218 01a6 06DD     		ble	.L23
 219 01a8 40F20003 		movw	r3, #:lower16:Rx_Buf_TopIdx
 220 01ac C0F20003 		movt	r3, #:upper16:Rx_Buf_TopIdx
 221 01b0 4FF00002 		mov	r2, #0
 222 01b4 1A60     		str	r2, [r3, #0]
 223              	.L23:
 224 01b6 40F20003 		movw	r3, #:lower16:Rx_Buf_TopIdx
 225 01ba C0F20003 		movt	r3, #:upper16:Rx_Buf_TopIdx
 226 01be 1A68     		ldr	r2, [r3, #0]
 227 01c0 40F20003 		movw	r3, #:lower16:Rx_Buf
 228 01c4 C0F20003 		movt	r3, #:upper16:Rx_Buf
 229 01c8 4FF00001 		mov	r1, #0
 230 01cc 9954     		strb	r1, [r3, r2]
 231 01ce 039B     		ldr	r3, [sp, #12]
 232 01d0 03F10103 		add	r3, r3, #1
 233 01d4 0393     		str	r3, [sp, #12]
 234              	.L22:
 235 01d6 039A     		ldr	r2, [sp, #12]
 236 01d8 009B     		ldr	r3, [sp, #0]
 237 01da 9A42     		cmp	r2, r3
 238 01dc C3D3     		bcc	.L24
 239 01de 4FF00003 		mov	r3, #0
 240 01e2 1846     		mov	r0, r3
 241 01e4 04B0     		add	sp, sp, #16
 242 01e6 7047     		bx	lr
 244              		.align	2
 245              		.global	cdc_RX_IsCharReady
 246              		.thumb
 247              		.thumb_func
 249              	cdc_RX_IsCharReady:
 250              		@ args = 0, pretend = 0, frame = 0
 251              		@ frame_needed = 0, uses_anonymous_args = 0
 252              		@ link register save eliminated.
 253 01e8 40F20003 		movw	r3, #:lower16:Rx_Buf_BotIdx
 254 01ec C0F20003 		movt	r3, #:upper16:Rx_Buf_BotIdx
 255 01f0 1A68     		ldr	r2, [r3, #0]
 256 01f2 40F20003 		movw	r3, #:lower16:Rx_Buf_TopIdx
 257 01f6 C0F20003 		movt	r3, #:upper16:Rx_Buf_TopIdx
 258 01fa 1B68     		ldr	r3, [r3, #0]
 259 01fc 9A42     		cmp	r2, r3
 260 01fe 02D0     		beq	.L26
 261 0200 4FF0FF03 		mov	r3, #255
 262 0204 01E0     		b	.L27
 263              	.L26:
 264 0206 4FF00003 		mov	r3, #0
 265              	.L27:
 266 020a 5BB2     		sxtb	r3, r3
 267 020c 1846     		mov	r0, r3
 268 020e 7047     		bx	lr
 270              		.align	2
 271              		.global	cdc_RX_ChkChar
 272              		.thumb
 273              		.thumb_func
 275              	cdc_RX_ChkChar:
 276              		@ args = 0, pretend = 0, frame = 8
 277              		@ frame_needed = 0, uses_anonymous_args = 0
 278              		@ link register save eliminated.
 279 0210 82B0     		sub	sp, sp, #8
 280 0212 40F20003 		movw	r3, #:lower16:Rx_Buf_BotIdx
 281 0216 C0F20003 		movt	r3, #:upper16:Rx_Buf_BotIdx
 282 021a 1A68     		ldr	r2, [r3, #0]
 283 021c 40F20003 		movw	r3, #:lower16:Rx_Buf_TopIdx
 284 0220 C0F20003 		movt	r3, #:upper16:Rx_Buf_TopIdx
 285 0224 1B68     		ldr	r3, [r3, #0]
 286 0226 9A42     		cmp	r2, r3
 287 0228 0CD0     		beq	.L29
 288 022a 40F20003 		movw	r3, #:lower16:Rx_Buf_BotIdx
 289 022e C0F20003 		movt	r3, #:upper16:Rx_Buf_BotIdx
 290 0232 1A68     		ldr	r2, [r3, #0]
 291 0234 40F20003 		movw	r3, #:lower16:Rx_Buf
 292 0238 C0F20003 		movt	r3, #:upper16:Rx_Buf
 293 023c 9B5C     		ldrb	r3, [r3, r2]	@ zero_extendqisi2
 294 023e 8DF80730 		strb	r3, [sp, #7]
 295 0242 03E0     		b	.L30
 296              	.L29:
 297 0244 4FF00003 		mov	r3, #0
 298 0248 8DF80730 		strb	r3, [sp, #7]
 299              	.L30:
 300 024c 9DF80730 		ldrb	r3, [sp, #7]	@ zero_extendqisi2
 301 0250 5BB2     		sxtb	r3, r3
 302 0252 1846     		mov	r0, r3
 303 0254 02B0     		add	sp, sp, #8
 304 0256 7047     		bx	lr
 306              		.align	2
 307              		.global	cdc_RX_GetChar
 308              		.thumb
 309              		.thumb_func
 311              	cdc_RX_GetChar:
 312              		@ args = 0, pretend = 0, frame = 8
 313              		@ frame_needed = 0, uses_anonymous_args = 0
 314              		@ link register save eliminated.
 315 0258 82B0     		sub	sp, sp, #8
 316 025a 40F20003 		movw	r3, #:lower16:Rx_Buf_BotIdx
 317 025e C0F20003 		movt	r3, #:upper16:Rx_Buf_BotIdx
 318 0262 1A68     		ldr	r2, [r3, #0]
 319 0264 40F20003 		movw	r3, #:lower16:Rx_Buf_TopIdx
 320 0268 C0F20003 		movt	r3, #:upper16:Rx_Buf_TopIdx
 321 026c 1B68     		ldr	r3, [r3, #0]
 322 026e 9A42     		cmp	r2, r3
 323 0270 26D0     		beq	.L32
 324 0272 40F20003 		movw	r3, #:lower16:Rx_Buf_BotIdx
 325 0276 C0F20003 		movt	r3, #:upper16:Rx_Buf_BotIdx
 326 027a 1A68     		ldr	r2, [r3, #0]
 327 027c 40F20003 		movw	r3, #:lower16:Rx_Buf
 328 0280 C0F20003 		movt	r3, #:upper16:Rx_Buf
 329 0284 9B5C     		ldrb	r3, [r3, r2]	@ zero_extendqisi2
 330 0286 8DF80730 		strb	r3, [sp, #7]
 331 028a 40F20003 		movw	r3, #:lower16:Rx_Buf_BotIdx
 332 028e C0F20003 		movt	r3, #:upper16:Rx_Buf_BotIdx
 333 0292 1B68     		ldr	r3, [r3, #0]
 334 0294 03F10102 		add	r2, r3, #1
 335 0298 40F20003 		movw	r3, #:lower16:Rx_Buf_BotIdx
 336 029c C0F20003 		movt	r3, #:upper16:Rx_Buf_BotIdx
 337 02a0 1A60     		str	r2, [r3, #0]
 338 02a2 40F20003 		movw	r3, #:lower16:Rx_Buf_BotIdx
 339 02a6 C0F20003 		movt	r3, #:upper16:Rx_Buf_BotIdx
 340 02aa 1B68     		ldr	r3, [r3, #0]
 341 02ac 632B     		cmp	r3, #99
 342 02ae 0BDD     		ble	.L33
 343 02b0 40F20003 		movw	r3, #:lower16:Rx_Buf_BotIdx
 344 02b4 C0F20003 		movt	r3, #:upper16:Rx_Buf_BotIdx
 345 02b8 4FF00002 		mov	r2, #0
 346 02bc 1A60     		str	r2, [r3, #0]
 347 02be 03E0     		b	.L33
 348              	.L32:
 349 02c0 4FF00003 		mov	r3, #0
 350 02c4 8DF80730 		strb	r3, [sp, #7]
 351              	.L33:
 352 02c8 9DF80730 		ldrb	r3, [sp, #7]	@ zero_extendqisi2
 353 02cc 5BB2     		sxtb	r3, r3
 354 02ce 1846     		mov	r0, r3
 355 02d0 02B0     		add	sp, sp, #8
 356 02d2 7047     		bx	lr
 358              		.align	2
 359              		.global	cdc_RX_GetWaitChar
 360              		.thumb
 361              		.thumb_func
 363              	cdc_RX_GetWaitChar:
 364              		@ args = 0, pretend = 0, frame = 0
 365              		@ frame_needed = 0, uses_anonymous_args = 0
 366 02d4 08B5     		push	{r3, lr}
 367 02d6 00BF     		nop
 368              	.L35:
 369 02d8 FFF7FEFF 		bl	cdc_RX_IsCharReady
 370 02dc 0346     		mov	r3, r0
 371 02de 002B     		cmp	r3, #0
 372 02e0 FAD0     		beq	.L35
 373 02e2 FFF7FEFF 		bl	cdc_RX_GetChar
 374 02e6 0346     		mov	r3, r0
 375 02e8 1846     		mov	r0, r3
 376 02ea 08BD     		pop	{r3, pc}
 378              		.ident	"GCC: (Sourcery CodeBench Lite 2012.03-56) 4.6.3"
DEFINED SYMBOLS
                            *ABS*:00000000 usbd_cdc.c
                            *COM*:00000064 Rx_Buf
                            *COM*:00000004 Rx_Buf_TopIdx
                            *COM*:00000004 Rx_Buf_BotIdx
C:\Users\JOHNIH~1\AppData\Local\Temp\cc4VRFA7.s:24     .data:00000000 cdc_fops
C:\Users\JOHNIH~1\AppData\Local\Temp\cc4VRFA7.s:21     .data:00000000 $d
C:\Users\JOHNIH~1\AppData\Local\Temp\cc4VRFA7.s:35     .text:00000000 cdc_Init
C:\Users\JOHNIH~1\AppData\Local\Temp\cc4VRFA7.s:55     .text:00000024 cdc_DeInit
C:\Users\JOHNIH~1\AppData\Local\Temp\cc4VRFA7.s:67     .text:0000002c cdc_Ctrl
C:\Users\JOHNIH~1\AppData\Local\Temp\cc4VRFA7.s:131    .text:000000dc cdc_DataTx
C:\Users\JOHNIH~1\AppData\Local\Temp\cc4VRFA7.s:186    .text:00000158 cdc_DataRx
C:\Users\JOHNIH~1\AppData\Local\Temp\cc4VRFA7.s:31     .text:00000000 $t
C:\Users\JOHNIH~1\AppData\Local\Temp\cc4VRFA7.s:82     .text:00000040 $d
C:\Users\JOHNIH~1\AppData\Local\Temp\cc4VRFA7.s:119    .text:000000d0 $t
C:\Users\JOHNIH~1\AppData\Local\Temp\cc4VRFA7.s:249    .text:000001e8 cdc_RX_IsCharReady
C:\Users\JOHNIH~1\AppData\Local\Temp\cc4VRFA7.s:275    .text:00000210 cdc_RX_ChkChar
C:\Users\JOHNIH~1\AppData\Local\Temp\cc4VRFA7.s:311    .text:00000258 cdc_RX_GetChar
C:\Users\JOHNIH~1\AppData\Local\Temp\cc4VRFA7.s:363    .text:000002d4 cdc_RX_GetWaitChar

UNDEFINED SYMBOLS
APP_Rx_ptr_in
APP_Rx_Buffer
