   1              		.syntax unified
   2              		.cpu cortex-m4
   3              		.eabi_attribute 27, 3
   4              		.fpu fpv4-sp-d16
   5              		.eabi_attribute 20, 1
   6              		.eabi_attribute 21, 1
   7              		.eabi_attribute 23, 3
   8              		.eabi_attribute 24, 1
   9              		.eabi_attribute 25, 1
  10              		.eabi_attribute 26, 1
  11              		.eabi_attribute 30, 6
  12              		.eabi_attribute 34, 1
  13              		.eabi_attribute 18, 4
  14              		.thumb
  15              		.file	"usbd_usr.c"
  16              		.comm	mtk19ProcessDataState,1,1
  17              		.comm	nmeaProcessDataState,1,1
  18              		.comm	ubloxProcessDataState,1,1
  19              		.global	USR_cb
  20              		.data
  21              		.align	2
  24              	USR_cb:
  25 0000 00000000 		.word	USBD_USR_Init
  26 0004 00000000 		.word	USBD_USR_DeviceReset
  27 0008 00000000 		.word	USBD_USR_DeviceConfigured
  28 000c 00000000 		.word	USBD_USR_DeviceSuspended
  29 0010 00000000 		.word	USBD_USR_DeviceResumed
  30 0014 00000000 		.word	USBD_USR_DeviceConnected
  31 0018 00000000 		.word	USBD_USR_DeviceDisconnected
  32              		.text
  33              		.align	2
  34              		.global	USBD_USR_Init
  35              		.thumb
  36              		.thumb_func
  38              	USBD_USR_Init:
  39              		@ args = 0, pretend = 0, frame = 0
  40              		@ frame_needed = 0, uses_anonymous_args = 0
  41              		@ link register save eliminated.
  42 0000 7047     		bx	lr
  44 0002 00BF     		.align	2
  45              		.global	USBD_USR_DeviceReset
  46              		.thumb
  47              		.thumb_func
  49              	USBD_USR_DeviceReset:
  50              		@ args = 0, pretend = 0, frame = 8
  51              		@ frame_needed = 0, uses_anonymous_args = 0
  52              		@ link register save eliminated.
  53 0004 82B0     		sub	sp, sp, #8
  54 0006 0346     		mov	r3, r0
  55 0008 8DF80730 		strb	r3, [sp, #7]
  56 000c 02B0     		add	sp, sp, #8
  57 000e 7047     		bx	lr
  59              		.align	2
  60              		.global	USBD_USR_DeviceConfigured
  61              		.thumb
  62              		.thumb_func
  64              	USBD_USR_DeviceConfigured:
  65              		@ args = 0, pretend = 0, frame = 0
  66              		@ frame_needed = 0, uses_anonymous_args = 0
  67              		@ link register save eliminated.
  68 0010 40F20003 		movw	r3, #:lower16:usbDeviceConfigured
  69 0014 C0F20003 		movt	r3, #:upper16:usbDeviceConfigured
  70 0018 4FF00102 		mov	r2, #1
  71 001c 1A70     		strb	r2, [r3, #0]
  72 001e 7047     		bx	lr
  74              		.align	2
  75              		.global	USBD_USR_DeviceSuspended
  76              		.thumb
  77              		.thumb_func
  79              	USBD_USR_DeviceSuspended:
  80              		@ args = 0, pretend = 0, frame = 0
  81              		@ frame_needed = 0, uses_anonymous_args = 0
  82              		@ link register save eliminated.
  83 0020 40F20003 		movw	r3, #:lower16:usbDeviceConfigured
  84 0024 C0F20003 		movt	r3, #:upper16:usbDeviceConfigured
  85 0028 4FF00002 		mov	r2, #0
  86 002c 1A70     		strb	r2, [r3, #0]
  87 002e 7047     		bx	lr
  89              		.align	2
  90              		.global	USBD_USR_DeviceResumed
  91              		.thumb
  92              		.thumb_func
  94              	USBD_USR_DeviceResumed:
  95              		@ args = 0, pretend = 0, frame = 0
  96              		@ frame_needed = 0, uses_anonymous_args = 0
  97              		@ link register save eliminated.
  98 0030 40F20003 		movw	r3, #:lower16:usbDeviceConfigured
  99 0034 C0F20003 		movt	r3, #:upper16:usbDeviceConfigured
 100 0038 4FF00102 		mov	r2, #1
 101 003c 1A70     		strb	r2, [r3, #0]
 102 003e 7047     		bx	lr
 104              		.align	2
 105              		.global	USBD_USR_DeviceConnected
 106              		.thumb
 107              		.thumb_func
 109              	USBD_USR_DeviceConnected:
 110              		@ args = 0, pretend = 0, frame = 0
 111              		@ frame_needed = 0, uses_anonymous_args = 0
 112              		@ link register save eliminated.
 113 0040 7047     		bx	lr
 115 0042 00BF     		.align	2
 116              		.global	USBD_USR_DeviceDisconnected
 117              		.thumb
 118              		.thumb_func
 120              	USBD_USR_DeviceDisconnected:
 121              		@ args = 0, pretend = 0, frame = 0
 122              		@ frame_needed = 0, uses_anonymous_args = 0
 123              		@ link register save eliminated.
 124 0044 7047     		bx	lr
 126 0046 00BF     		.ident	"GCC: (Sourcery CodeBench Lite 2012.03-56) 4.6.3"
DEFINED SYMBOLS
                            *ABS*:00000000 usbd_usr.c
                            *COM*:00000001 mtk19ProcessDataState
                            *COM*:00000001 nmeaProcessDataState
                            *COM*:00000001 ubloxProcessDataState
C:\Users\JOHNIH~1\AppData\Local\Temp\ccbTqc68.s:24     .data:00000000 USR_cb
C:\Users\JOHNIH~1\AppData\Local\Temp\ccbTqc68.s:21     .data:00000000 $d
C:\Users\JOHNIH~1\AppData\Local\Temp\ccbTqc68.s:38     .text:00000000 USBD_USR_Init
C:\Users\JOHNIH~1\AppData\Local\Temp\ccbTqc68.s:49     .text:00000004 USBD_USR_DeviceReset
C:\Users\JOHNIH~1\AppData\Local\Temp\ccbTqc68.s:64     .text:00000010 USBD_USR_DeviceConfigured
C:\Users\JOHNIH~1\AppData\Local\Temp\ccbTqc68.s:79     .text:00000020 USBD_USR_DeviceSuspended
C:\Users\JOHNIH~1\AppData\Local\Temp\ccbTqc68.s:94     .text:00000030 USBD_USR_DeviceResumed
C:\Users\JOHNIH~1\AppData\Local\Temp\ccbTqc68.s:109    .text:00000040 USBD_USR_DeviceConnected
C:\Users\JOHNIH~1\AppData\Local\Temp\ccbTqc68.s:120    .text:00000044 USBD_USR_DeviceDisconnected
C:\Users\JOHNIH~1\AppData\Local\Temp\ccbTqc68.s:33     .text:00000000 $t

UNDEFINED SYMBOLS
usbDeviceConfigured
