   1              		.syntax unified
   2              		.cpu cortex-m4
   3              		.eabi_attribute 27, 3
   4              		.fpu fpv4-sp-d16
   5              		.eabi_attribute 20, 1
   6              		.eabi_attribute 21, 1
   7              		.eabi_attribute 23, 3
   8              		.eabi_attribute 24, 1
   9              		.eabi_attribute 25, 1
  10              		.eabi_attribute 26, 1
  11              		.eabi_attribute 30, 6
  12              		.eabi_attribute 34, 1
  13              		.eabi_attribute 18, 4
  14              		.thumb
  15              		.file	"mpu6000Calibration.c"
  16              		.section	.rodata
  17              		.align	2
  18              	.LC0:
  19 0000 0A4D5055 		.ascii	"\012MPU6000 Calibration:\012\000"
  19      36303030 
  19      2043616C 
  19      69627261 
  19      74696F6E 
  20 0017 00       		.align	2
  21              	.LC1:
  22 0018 0A426567 		.ascii	"\012Begin 1st MPU6000 Measurements...\012\000"
  22      696E2031 
  22      7374204D 
  22      50553630 
  22      3030204D 
  23              		.align	2
  24              	.LC2:
  25 003c 0A4D5055 		.ascii	"\012MPU6000 Temperature Reading: \000"
  25      36303030 
  25      2054656D 
  25      70657261 
  25      74757265 
  26 005b 00       		.align	2
  27              	.LC3:
  28 005c 0A0A456E 		.ascii	"\012\012End 1st MPU6000 Measurements\012\000"
  28      64203173 
  28      74204D50 
  28      55363030 
  28      30204D65 
  29              		.align	2
  30              	.LC4:
  31 007c 0A576169 		.ascii	"\012Waiting for 10 minutes for MPU6000 temp to rise"
  31      74696E67 
  31      20666F72 
  31      20313020 
  31      6D696E75 
  32 00ac 2E2E2E0A 		.ascii	"...\012\000"
  32      00
  33 00b1 000000   		.align	2
  34              	.LC5:
  35 00b4 0A426567 		.ascii	"\012Begin 2nd MPU6000 Measurements...\012\000"
  35      696E2032 
  35      6E64204D 
  35      50553630 
  35      3030204D 
  36              		.align	2
  37              	.LC6:
  38 00d8 0A0A456E 		.ascii	"\012\012End 2st MPU6000 Measurements\012\000"
  38      64203273 
  38      74204D50 
  38      55363030 
  38      30204D65 
  39              		.align	2
  40              	.LC7:
  41 00f8 0A416363 		.ascii	"\012Accel TC Bias Slope[3]      = { \000"
  41      656C2054 
  41      43204269 
  41      61732053 
  41      6C6F7065 
  42 011a 0000     		.align	2
  43              	.LC8:
  44 011c 2C2000   		.ascii	", \000"
  45 011f 00       		.align	2
  46              	.LC9:
  47 0120 207D0A00 		.ascii	" }\012\000"
  48              		.align	2
  49              	.LC10:
  50 0124 0A416363 		.ascii	"\012Accel TC Bias Intercept[3]  = { \000"
  50      656C2054 
  50      43204269 
  50      61732049 
  50      6E746572 
  51 0146 0000     		.align	2
  52              	.LC11:
  53 0148 0A477972 		.ascii	"\012Gyro TC Bias Slope[3]      = { \000"
  53      6F205443 
  53      20426961 
  53      7320536C 
  53      6F70655B 
  54 0169 000000   		.align	2
  55              	.LC12:
  56 016c 0A477972 		.ascii	"\012Gyro TC Bias Intercept[3]  = { \000"
  56      6F205443 
  56      20426961 
  56      7320496E 
  56      74657263 
  57 018d 000000   		.align	2
  58              	.LC13:
  59 0190 0A4D5055 		.ascii	"\012MPU6000 Calibration Complete.\012\000"
  59      36303030 
  59      2043616C 
  59      69627261 
  59      74696F6E 
  60              		.text
  61              		.align	2
  62              		.global	mpu6000Calibration
  63              		.thumb
  64              		.thumb_func
  66              	mpu6000Calibration:
  67              		@ args = 0, pretend = 0, frame = 80
  68              		@ frame_needed = 0, uses_anonymous_args = 0
  69 0000 00B5     		push	{lr}
  70 0002 95B0     		sub	sp, sp, #84
  71 0004 4FF47A73 		mov	r3, #1000
  72 0008 ADF84430 		strh	r3, [sp, #68]	@ movhi
  73 000c 4FF4FA63 		mov	r3, #2000
  74 0010 ADF84230 		strh	r3, [sp, #66]	@ movhi
  75 0014 A74B     		ldr	r3, .L6	@ float
  76 0016 0D93     		str	r3, [sp, #52]	@ float
  77 0018 A64B     		ldr	r3, .L6	@ float
  78 001a 0E93     		str	r3, [sp, #56]	@ float
  79 001c A54B     		ldr	r3, .L6	@ float
  80 001e 0F93     		str	r3, [sp, #60]	@ float
  81 0020 A44B     		ldr	r3, .L6	@ float
  82 0022 0A93     		str	r3, [sp, #40]	@ float
  83 0024 A34B     		ldr	r3, .L6	@ float
  84 0026 0B93     		str	r3, [sp, #44]	@ float
  85 0028 A24B     		ldr	r3, .L6	@ float
  86 002a 0C93     		str	r3, [sp, #48]	@ float
  87 002c A14B     		ldr	r3, .L6	@ float
  88 002e 1393     		str	r3, [sp, #76]	@ float
  89 0030 A04B     		ldr	r3, .L6	@ float
  90 0032 0793     		str	r3, [sp, #28]	@ float
  91 0034 9F4B     		ldr	r3, .L6	@ float
  92 0036 0893     		str	r3, [sp, #32]	@ float
  93 0038 9E4B     		ldr	r3, .L6	@ float
  94 003a 0993     		str	r3, [sp, #36]	@ float
  95 003c 9D4B     		ldr	r3, .L6	@ float
  96 003e 0493     		str	r3, [sp, #16]	@ float
  97 0040 9C4B     		ldr	r3, .L6	@ float
  98 0042 0593     		str	r3, [sp, #20]	@ float
  99 0044 9B4B     		ldr	r3, .L6	@ float
 100 0046 0693     		str	r3, [sp, #24]	@ float
 101 0048 9A4B     		ldr	r3, .L6	@ float
 102 004a 1293     		str	r3, [sp, #72]	@ float
 103 004c 40F20003 		movw	r3, #:lower16:mpu6000Calibrating
 104 0050 C0F20003 		movt	r3, #:upper16:mpu6000Calibrating
 105 0054 4FF00102 		mov	r2, #1
 106 0058 1A70     		strb	r2, [r3, #0]
 107 005a 40F20000 		movw	r0, #:lower16:.LC0
 108 005e C0F20000 		movt	r0, #:upper16:.LC0
 109 0062 FFF7FEFF 		bl	usbPrint
 110 0066 40F20000 		movw	r0, #:lower16:.LC1
 111 006a C0F20000 		movt	r0, #:upper16:.LC1
 112 006e FFF7FEFF 		bl	usbPrint
 113 0072 4FF00003 		mov	r3, #0
 114 0076 ADF84630 		strh	r3, [sp, #70]	@ movhi
 115 007a 93E0     		b	.L2
 116              	.L3:
 117 007c FFF7FEFF 		bl	readMPU6000
 118 0080 40F20003 		movw	r3, #:lower16:rawAccel
 119 0084 C0F20003 		movt	r3, #:upper16:rawAccel
 120 0088 9B88     		ldrh	r3, [r3, #4]
 121 008a 9BB2     		uxth	r3, r3
 122 008c A3F50053 		sub	r3, r3, #8192
 123 0090 9BB2     		uxth	r3, r3
 124 0092 9AB2     		uxth	r2, r3
 125 0094 40F20003 		movw	r3, #:lower16:rawAccel
 126 0098 C0F20003 		movt	r3, #:upper16:rawAccel
 127 009c 9A80     		strh	r2, [r3, #4]	@ movhi
 128 009e 9DED0D7A 		flds	s14, [sp, #52]
 129 00a2 40F20003 		movw	r3, #:lower16:rawAccel
 130 00a6 C0F20003 		movt	r3, #:upper16:rawAccel
 131 00aa 1B88     		ldrh	r3, [r3, #0]
 132 00ac 1BB2     		sxth	r3, r3
 133 00ae 06EE903A 		fmsr	s13, r3	@ int
 134 00b2 F8EEE67A 		fsitos	s15, s13
 135 00b6 77EE277A 		fadds	s15, s14, s15
 136 00ba CDED0D7A 		fsts	s15, [sp, #52]
 137 00be 9DED0E7A 		flds	s14, [sp, #56]
 138 00c2 40F20003 		movw	r3, #:lower16:rawAccel
 139 00c6 C0F20003 		movt	r3, #:upper16:rawAccel
 140 00ca 5B88     		ldrh	r3, [r3, #2]
 141 00cc 1BB2     		sxth	r3, r3
 142 00ce 06EE903A 		fmsr	s13, r3	@ int
 143 00d2 F8EEE67A 		fsitos	s15, s13
 144 00d6 77EE277A 		fadds	s15, s14, s15
 145 00da CDED0E7A 		fsts	s15, [sp, #56]
 146 00de 9DED0F7A 		flds	s14, [sp, #60]
 147 00e2 40F20003 		movw	r3, #:lower16:rawAccel
 148 00e6 C0F20003 		movt	r3, #:upper16:rawAccel
 149 00ea 9B88     		ldrh	r3, [r3, #4]
 150 00ec 1BB2     		sxth	r3, r3
 151 00ee 06EE903A 		fmsr	s13, r3	@ int
 152 00f2 F8EEE67A 		fsitos	s15, s13
 153 00f6 77EE277A 		fadds	s15, s14, s15
 154 00fa CDED0F7A 		fsts	s15, [sp, #60]
 155 00fe 9DED0A7A 		flds	s14, [sp, #40]
 156 0102 40F20003 		movw	r3, #:lower16:rawGyro
 157 0106 C0F20003 		movt	r3, #:upper16:rawGyro
 158 010a 1B88     		ldrh	r3, [r3, #0]
 159 010c 1BB2     		sxth	r3, r3
 160 010e 06EE903A 		fmsr	s13, r3	@ int
 161 0112 F8EEE67A 		fsitos	s15, s13
 162 0116 77EE277A 		fadds	s15, s14, s15
 163 011a CDED0A7A 		fsts	s15, [sp, #40]
 164 011e 9DED0B7A 		flds	s14, [sp, #44]
 165 0122 40F20003 		movw	r3, #:lower16:rawGyro
 166 0126 C0F20003 		movt	r3, #:upper16:rawGyro
 167 012a 5B88     		ldrh	r3, [r3, #2]
 168 012c 1BB2     		sxth	r3, r3
 169 012e 06EE903A 		fmsr	s13, r3	@ int
 170 0132 F8EEE67A 		fsitos	s15, s13
 171 0136 77EE277A 		fadds	s15, s14, s15
 172 013a CDED0B7A 		fsts	s15, [sp, #44]
 173 013e 9DED0C7A 		flds	s14, [sp, #48]
 174 0142 40F20003 		movw	r3, #:lower16:rawGyro
 175 0146 C0F20003 		movt	r3, #:upper16:rawGyro
 176 014a 9B88     		ldrh	r3, [r3, #4]
 177 014c 1BB2     		sxth	r3, r3
 178 014e 06EE903A 		fmsr	s13, r3	@ int
 179 0152 F8EEE67A 		fsitos	s15, s13
 180 0156 77EE277A 		fadds	s15, s14, s15
 181 015a CDED0C7A 		fsts	s15, [sp, #48]
 182 015e 40F20003 		movw	r3, #:lower16:rawMPU6000Temperature
 183 0162 C0F20003 		movt	r3, #:upper16:rawMPU6000Temperature
 184 0166 1B88     		ldrh	r3, [r3, #0]
 185 0168 1BB2     		sxth	r3, r3
 186 016a 07EE903A 		fmsr	s15, r3	@ int
 187 016e B8EEE77A 		fsitos	s14, s15
 188 0172 DFED517A 		flds	s15, .L6+4
 189 0176 C7EE277A 		fdivs	s15, s14, s15
 190 017a 9FED507A 		flds	s14, .L6+8
 191 017e 77EE877A 		fadds	s15, s15, s14
 192 0182 9DED137A 		flds	s14, [sp, #76]
 193 0186 77EE277A 		fadds	s15, s14, s15
 194 018a CDED137A 		fsts	s15, [sp, #76]
 195 018e BDF84430 		ldrh	r3, [sp, #68]
 196 0192 1846     		mov	r0, r3
 197 0194 FFF7FEFF 		bl	delayMicroseconds
 198 0198 BDF84630 		ldrh	r3, [sp, #70]	@ movhi
 199 019c 03F10103 		add	r3, r3, #1
 200 01a0 ADF84630 		strh	r3, [sp, #70]	@ movhi
 201              	.L2:
 202 01a4 BDF84620 		ldrh	r2, [sp, #70]
 203 01a8 BDF84230 		ldrh	r3, [sp, #66]
 204 01ac 9A42     		cmp	r2, r3
 205 01ae FFF465AF 		bcc	.L3
 206 01b2 9DED0D7A 		flds	s14, [sp, #52]
 207 01b6 BDF84230 		ldrh	r3, [sp, #66]
 208 01ba 06EE903A 		fmsr	s13, r3	@ int
 209 01be F8EE667A 		fuitos	s15, s13
 210 01c2 C7EE277A 		fdivs	s15, s14, s15
 211 01c6 CDED0D7A 		fsts	s15, [sp, #52]
 212 01ca 9DED0E7A 		flds	s14, [sp, #56]
 213 01ce BDF84230 		ldrh	r3, [sp, #66]
 214 01d2 06EE903A 		fmsr	s13, r3	@ int
 215 01d6 F8EE667A 		fuitos	s15, s13
 216 01da C7EE277A 		fdivs	s15, s14, s15
 217 01de CDED0E7A 		fsts	s15, [sp, #56]
 218 01e2 9DED0F7A 		flds	s14, [sp, #60]
 219 01e6 BDF84230 		ldrh	r3, [sp, #66]
 220 01ea 06EE903A 		fmsr	s13, r3	@ int
 221 01ee F8EE667A 		fuitos	s15, s13
 222 01f2 C7EE277A 		fdivs	s15, s14, s15
 223 01f6 CDED0F7A 		fsts	s15, [sp, #60]
 224 01fa 9DED0A7A 		flds	s14, [sp, #40]
 225 01fe BDF84230 		ldrh	r3, [sp, #66]
 226 0202 06EE903A 		fmsr	s13, r3	@ int
 227 0206 F8EE667A 		fuitos	s15, s13
 228 020a C7EE277A 		fdivs	s15, s14, s15
 229 020e CDED0A7A 		fsts	s15, [sp, #40]
 230 0212 9DED0B7A 		flds	s14, [sp, #44]
 231 0216 BDF84230 		ldrh	r3, [sp, #66]
 232 021a 06EE903A 		fmsr	s13, r3	@ int
 233 021e F8EE667A 		fuitos	s15, s13
 234 0222 C7EE277A 		fdivs	s15, s14, s15
 235 0226 CDED0B7A 		fsts	s15, [sp, #44]
 236 022a 9DED0C7A 		flds	s14, [sp, #48]
 237 022e BDF84230 		ldrh	r3, [sp, #66]
 238 0232 06EE903A 		fmsr	s13, r3	@ int
 239 0236 F8EE667A 		fuitos	s15, s13
 240 023a C7EE277A 		fdivs	s15, s14, s15
 241 023e CDED0C7A 		fsts	s15, [sp, #48]
 242 0242 BDF84230 		ldrh	r3, [sp, #66]
 243 0246 07EE103A 		fmsr	s14, r3	@ int
 244 024a F8EE477A 		fuitos	s15, s14
 245 024e 9DED137A 		flds	s14, [sp, #76]
 246 0252 C7EE277A 		fdivs	s15, s14, s15
 247 0256 CDED137A 		fsts	s15, [sp, #76]
 248 025a 40F20000 		movw	r0, #:lower16:.LC2
 249 025e C0F20000 		movt	r0, #:upper16:.LC2
 250 0262 FFF7FEFF 		bl	usbPrint
 251 0266 1398     		ldr	r0, [sp, #76]	@ float
 252 0268 01AB     		add	r3, sp, #4
 253 026a 1946     		mov	r1, r3
 254 026c FFF7FEFF 		bl	ftoa
 255 0270 01AB     		add	r3, sp, #4
 256 0272 1846     		mov	r0, r3
 257 0274 FFF7FEFF 		bl	usbPrint
 258 0278 40F20000 		movw	r0, #:lower16:.LC3
 259 027c C0F20000 		movt	r0, #:upper16:.LC3
 260 0280 FFF7FEFF 		bl	usbPrint
 261 0284 40F20000 		movw	r0, #:lower16:.LC4
 262 0288 C0F20000 		movt	r0, #:upper16:.LC4
 263 028c FFF7FEFF 		bl	usbPrint
 264 0290 4FF41F50 		mov	r0, #10176
 265 0294 C0F20900 		movt	r0, 9
 266 0298 FFF7FEFF 		bl	delay
 267 029c 40F20000 		movw	r0, #:lower16:.LC5
 268 02a0 C0F20000 		movt	r0, #:upper16:.LC5
 269 02a4 FFF7FEFF 		bl	usbPrint
 270 02a8 4FF00003 		mov	r3, #0
 271 02ac ADF84630 		strh	r3, [sp, #70]	@ movhi
 272 02b0 9AE0     		b	.L4
 273              	.L7:
 274 02b2 00BF     		.align	2
 275              	.L6:
 276 02b4 00000000 		.word	0
 277 02b8 0000AA43 		.word	1135214592
 278 02bc 00000C42 		.word	1108082688
 279              	.L5:
 280 02c0 FFF7FEFF 		bl	readMPU6000
 281 02c4 40F20003 		movw	r3, #:lower16:rawAccel
 282 02c8 C0F20003 		movt	r3, #:upper16:rawAccel
 283 02cc 9B88     		ldrh	r3, [r3, #4]
 284 02ce 9BB2     		uxth	r3, r3
 285 02d0 A3F50053 		sub	r3, r3, #8192
 286 02d4 9BB2     		uxth	r3, r3
 287 02d6 9AB2     		uxth	r2, r3
 288 02d8 40F20003 		movw	r3, #:lower16:rawAccel
 289 02dc C0F20003 		movt	r3, #:upper16:rawAccel
 290 02e0 9A80     		strh	r2, [r3, #4]	@ movhi
 291 02e2 9DED077A 		flds	s14, [sp, #28]
 292 02e6 40F20003 		movw	r3, #:lower16:rawAccel
 293 02ea C0F20003 		movt	r3, #:upper16:rawAccel
 294 02ee 1B88     		ldrh	r3, [r3, #0]
 295 02f0 1BB2     		sxth	r3, r3
 296 02f2 06EE903A 		fmsr	s13, r3	@ int
 297 02f6 F8EEE67A 		fsitos	s15, s13
 298 02fa 77EE277A 		fadds	s15, s14, s15
 299 02fe CDED077A 		fsts	s15, [sp, #28]
 300 0302 9DED087A 		flds	s14, [sp, #32]
 301 0306 40F20003 		movw	r3, #:lower16:rawAccel
 302 030a C0F20003 		movt	r3, #:upper16:rawAccel
 303 030e 5B88     		ldrh	r3, [r3, #2]
 304 0310 1BB2     		sxth	r3, r3
 305 0312 06EE903A 		fmsr	s13, r3	@ int
 306 0316 F8EEE67A 		fsitos	s15, s13
 307 031a 77EE277A 		fadds	s15, s14, s15
 308 031e CDED087A 		fsts	s15, [sp, #32]
 309 0322 9DED097A 		flds	s14, [sp, #36]
 310 0326 40F20003 		movw	r3, #:lower16:rawAccel
 311 032a C0F20003 		movt	r3, #:upper16:rawAccel
 312 032e 9B88     		ldrh	r3, [r3, #4]
 313 0330 1BB2     		sxth	r3, r3
 314 0332 06EE903A 		fmsr	s13, r3	@ int
 315 0336 F8EEE67A 		fsitos	s15, s13
 316 033a 77EE277A 		fadds	s15, s14, s15
 317 033e CDED097A 		fsts	s15, [sp, #36]
 318 0342 9DED047A 		flds	s14, [sp, #16]
 319 0346 40F20003 		movw	r3, #:lower16:rawGyro
 320 034a C0F20003 		movt	r3, #:upper16:rawGyro
 321 034e 1B88     		ldrh	r3, [r3, #0]
 322 0350 1BB2     		sxth	r3, r3
 323 0352 06EE903A 		fmsr	s13, r3	@ int
 324 0356 F8EEE67A 		fsitos	s15, s13
 325 035a 77EE277A 		fadds	s15, s14, s15
 326 035e CDED047A 		fsts	s15, [sp, #16]
 327 0362 9DED057A 		flds	s14, [sp, #20]
 328 0366 40F20003 		movw	r3, #:lower16:rawGyro
 329 036a C0F20003 		movt	r3, #:upper16:rawGyro
 330 036e 5B88     		ldrh	r3, [r3, #2]
 331 0370 1BB2     		sxth	r3, r3
 332 0372 06EE903A 		fmsr	s13, r3	@ int
 333 0376 F8EEE67A 		fsitos	s15, s13
 334 037a 77EE277A 		fadds	s15, s14, s15
 335 037e CDED057A 		fsts	s15, [sp, #20]
 336 0382 9DED067A 		flds	s14, [sp, #24]
 337 0386 40F20003 		movw	r3, #:lower16:rawGyro
 338 038a C0F20003 		movt	r3, #:upper16:rawGyro
 339 038e 9B88     		ldrh	r3, [r3, #4]
 340 0390 1BB2     		sxth	r3, r3
 341 0392 06EE903A 		fmsr	s13, r3	@ int
 342 0396 F8EEE67A 		fsitos	s15, s13
 343 039a 77EE277A 		fadds	s15, s14, s15
 344 039e CDED067A 		fsts	s15, [sp, #24]
 345 03a2 40F20003 		movw	r3, #:lower16:rawMPU6000Temperature
 346 03a6 C0F20003 		movt	r3, #:upper16:rawMPU6000Temperature
 347 03aa 1B88     		ldrh	r3, [r3, #0]
 348 03ac 1BB2     		sxth	r3, r3
 349 03ae 07EE903A 		fmsr	s15, r3	@ int
 350 03b2 B8EEE77A 		fsitos	s14, s15
 351 03b6 5FED407A 		flds	s15, .L6+4
 352 03ba C7EE277A 		fdivs	s15, s14, s15
 353 03be 1FED417A 		flds	s14, .L6+8
 354 03c2 77EE877A 		fadds	s15, s15, s14
 355 03c6 9DED127A 		flds	s14, [sp, #72]
 356 03ca 77EE277A 		fadds	s15, s14, s15
 357 03ce CDED127A 		fsts	s15, [sp, #72]
 358 03d2 BDF84430 		ldrh	r3, [sp, #68]
 359 03d6 1846     		mov	r0, r3
 360 03d8 FFF7FEFF 		bl	delayMicroseconds
 361 03dc BDF84630 		ldrh	r3, [sp, #70]	@ movhi
 362 03e0 03F10103 		add	r3, r3, #1
 363 03e4 ADF84630 		strh	r3, [sp, #70]	@ movhi
 364              	.L4:
 365 03e8 BDF84620 		ldrh	r2, [sp, #70]
 366 03ec BDF84230 		ldrh	r3, [sp, #66]
 367 03f0 9A42     		cmp	r2, r3
 368 03f2 FFF465AF 		bcc	.L5
 369 03f6 9DED077A 		flds	s14, [sp, #28]
 370 03fa BDF84230 		ldrh	r3, [sp, #66]
 371 03fe 06EE903A 		fmsr	s13, r3	@ int
 372 0402 F8EE667A 		fuitos	s15, s13
 373 0406 C7EE277A 		fdivs	s15, s14, s15
 374 040a CDED077A 		fsts	s15, [sp, #28]
 375 040e 9DED087A 		flds	s14, [sp, #32]
 376 0412 BDF84230 		ldrh	r3, [sp, #66]
 377 0416 06EE903A 		fmsr	s13, r3	@ int
 378 041a F8EE667A 		fuitos	s15, s13
 379 041e C7EE277A 		fdivs	s15, s14, s15
 380 0422 CDED087A 		fsts	s15, [sp, #32]
 381 0426 9DED097A 		flds	s14, [sp, #36]
 382 042a BDF84230 		ldrh	r3, [sp, #66]
 383 042e 06EE903A 		fmsr	s13, r3	@ int
 384 0432 F8EE667A 		fuitos	s15, s13
 385 0436 C7EE277A 		fdivs	s15, s14, s15
 386 043a CDED097A 		fsts	s15, [sp, #36]
 387 043e 9DED047A 		flds	s14, [sp, #16]
 388 0442 BDF84230 		ldrh	r3, [sp, #66]
 389 0446 06EE903A 		fmsr	s13, r3	@ int
 390 044a F8EE667A 		fuitos	s15, s13
 391 044e C7EE277A 		fdivs	s15, s14, s15
 392 0452 CDED047A 		fsts	s15, [sp, #16]
 393 0456 9DED057A 		flds	s14, [sp, #20]
 394 045a BDF84230 		ldrh	r3, [sp, #66]
 395 045e 06EE903A 		fmsr	s13, r3	@ int
 396 0462 F8EE667A 		fuitos	s15, s13
 397 0466 C7EE277A 		fdivs	s15, s14, s15
 398 046a CDED057A 		fsts	s15, [sp, #20]
 399 046e 9DED067A 		flds	s14, [sp, #24]
 400 0472 BDF84230 		ldrh	r3, [sp, #66]
 401 0476 06EE903A 		fmsr	s13, r3	@ int
 402 047a F8EE667A 		fuitos	s15, s13
 403 047e C7EE277A 		fdivs	s15, s14, s15
 404 0482 CDED067A 		fsts	s15, [sp, #24]
 405 0486 BDF84230 		ldrh	r3, [sp, #66]
 406 048a 07EE103A 		fmsr	s14, r3	@ int
 407 048e F8EE477A 		fuitos	s15, s14
 408 0492 9DED127A 		flds	s14, [sp, #72]
 409 0496 C7EE277A 		fdivs	s15, s14, s15
 410 049a CDED127A 		fsts	s15, [sp, #72]
 411 049e 40F20000 		movw	r0, #:lower16:.LC2
 412 04a2 C0F20000 		movt	r0, #:upper16:.LC2
 413 04a6 FFF7FEFF 		bl	usbPrint
 414 04aa 1298     		ldr	r0, [sp, #72]	@ float
 415 04ac 01AB     		add	r3, sp, #4
 416 04ae 1946     		mov	r1, r3
 417 04b0 FFF7FEFF 		bl	ftoa
 418 04b4 01AB     		add	r3, sp, #4
 419 04b6 1846     		mov	r0, r3
 420 04b8 FFF7FEFF 		bl	usbPrint
 421 04bc 40F20000 		movw	r0, #:lower16:.LC6
 422 04c0 C0F20000 		movt	r0, #:upper16:.LC6
 423 04c4 FFF7FEFF 		bl	usbPrint
 424 04c8 9DED077A 		flds	s14, [sp, #28]
 425 04cc DDED0D7A 		flds	s15, [sp, #52]
 426 04d0 37EE677A 		fsubs	s14, s14, s15
 427 04d4 DDED126A 		flds	s13, [sp, #72]
 428 04d8 DDED137A 		flds	s15, [sp, #76]
 429 04dc 76EEE77A 		fsubs	s15, s13, s15
 430 04e0 C7EE277A 		fdivs	s15, s14, s15
 431 04e4 40F20003 		movw	r3, #:lower16:eepromConfig
 432 04e8 C0F20003 		movt	r3, #:upper16:eepromConfig
 433 04ec C3ED017A 		fsts	s15, [r3, #4]
 434 04f0 9DED087A 		flds	s14, [sp, #32]
 435 04f4 DDED0E7A 		flds	s15, [sp, #56]
 436 04f8 37EE677A 		fsubs	s14, s14, s15
 437 04fc DDED126A 		flds	s13, [sp, #72]
 438 0500 DDED137A 		flds	s15, [sp, #76]
 439 0504 76EEE77A 		fsubs	s15, s13, s15
 440 0508 C7EE277A 		fdivs	s15, s14, s15
 441 050c 40F20003 		movw	r3, #:lower16:eepromConfig
 442 0510 C0F20003 		movt	r3, #:upper16:eepromConfig
 443 0514 C3ED027A 		fsts	s15, [r3, #8]
 444 0518 9DED097A 		flds	s14, [sp, #36]
 445 051c DDED0F7A 		flds	s15, [sp, #60]
 446 0520 37EE677A 		fsubs	s14, s14, s15
 447 0524 DDED126A 		flds	s13, [sp, #72]
 448 0528 DDED137A 		flds	s15, [sp, #76]
 449 052c 76EEE77A 		fsubs	s15, s13, s15
 450 0530 C7EE277A 		fdivs	s15, s14, s15
 451 0534 40F20003 		movw	r3, #:lower16:eepromConfig
 452 0538 C0F20003 		movt	r3, #:upper16:eepromConfig
 453 053c C3ED037A 		fsts	s15, [r3, #12]
 454 0540 9DED077A 		flds	s14, [sp, #28]
 455 0544 40F20003 		movw	r3, #:lower16:eepromConfig
 456 0548 C0F20003 		movt	r3, #:upper16:eepromConfig
 457 054c D3ED016A 		flds	s13, [r3, #4]
 458 0550 DDED127A 		flds	s15, [sp, #72]
 459 0554 66EEA77A 		fmuls	s15, s13, s15
 460 0558 77EE677A 		fsubs	s15, s14, s15
 461 055c 40F20003 		movw	r3, #:lower16:eepromConfig
 462 0560 C0F20003 		movt	r3, #:upper16:eepromConfig
 463 0564 C3ED047A 		fsts	s15, [r3, #16]
 464 0568 9DED087A 		flds	s14, [sp, #32]
 465 056c 40F20003 		movw	r3, #:lower16:eepromConfig
 466 0570 C0F20003 		movt	r3, #:upper16:eepromConfig
 467 0574 D3ED026A 		flds	s13, [r3, #8]
 468 0578 DDED127A 		flds	s15, [sp, #72]
 469 057c 66EEA77A 		fmuls	s15, s13, s15
 470 0580 77EE677A 		fsubs	s15, s14, s15
 471 0584 40F20003 		movw	r3, #:lower16:eepromConfig
 472 0588 C0F20003 		movt	r3, #:upper16:eepromConfig
 473 058c C3ED057A 		fsts	s15, [r3, #20]
 474 0590 9DED097A 		flds	s14, [sp, #36]
 475 0594 40F20003 		movw	r3, #:lower16:eepromConfig
 476 0598 C0F20003 		movt	r3, #:upper16:eepromConfig
 477 059c D3ED036A 		flds	s13, [r3, #12]
 478 05a0 DDED127A 		flds	s15, [sp, #72]
 479 05a4 66EEA77A 		fmuls	s15, s13, s15
 480 05a8 77EE677A 		fsubs	s15, s14, s15
 481 05ac 40F20003 		movw	r3, #:lower16:eepromConfig
 482 05b0 C0F20003 		movt	r3, #:upper16:eepromConfig
 483 05b4 C3ED067A 		fsts	s15, [r3, #24]
 484 05b8 9DED047A 		flds	s14, [sp, #16]
 485 05bc DDED0A7A 		flds	s15, [sp, #40]
 486 05c0 37EE677A 		fsubs	s14, s14, s15
 487 05c4 DDED126A 		flds	s13, [sp, #72]
 488 05c8 DDED137A 		flds	s15, [sp, #76]
 489 05cc 76EEE77A 		fsubs	s15, s13, s15
 490 05d0 C7EE277A 		fdivs	s15, s14, s15
 491 05d4 40F20003 		movw	r3, #:lower16:eepromConfig
 492 05d8 C0F20003 		movt	r3, #:upper16:eepromConfig
 493 05dc C3ED077A 		fsts	s15, [r3, #28]
 494 05e0 9DED057A 		flds	s14, [sp, #20]
 495 05e4 DDED0B7A 		flds	s15, [sp, #44]
 496 05e8 37EE677A 		fsubs	s14, s14, s15
 497 05ec DDED126A 		flds	s13, [sp, #72]
 498 05f0 DDED137A 		flds	s15, [sp, #76]
 499 05f4 76EEE77A 		fsubs	s15, s13, s15
 500 05f8 C7EE277A 		fdivs	s15, s14, s15
 501 05fc 40F20003 		movw	r3, #:lower16:eepromConfig
 502 0600 C0F20003 		movt	r3, #:upper16:eepromConfig
 503 0604 C3ED087A 		fsts	s15, [r3, #32]
 504 0608 9DED067A 		flds	s14, [sp, #24]
 505 060c DDED0C7A 		flds	s15, [sp, #48]
 506 0610 37EE677A 		fsubs	s14, s14, s15
 507 0614 DDED126A 		flds	s13, [sp, #72]
 508 0618 DDED137A 		flds	s15, [sp, #76]
 509 061c 76EEE77A 		fsubs	s15, s13, s15
 510 0620 C7EE277A 		fdivs	s15, s14, s15
 511 0624 40F20003 		movw	r3, #:lower16:eepromConfig
 512 0628 C0F20003 		movt	r3, #:upper16:eepromConfig
 513 062c C3ED097A 		fsts	s15, [r3, #36]
 514 0630 9DED047A 		flds	s14, [sp, #16]
 515 0634 40F20003 		movw	r3, #:lower16:eepromConfig
 516 0638 C0F20003 		movt	r3, #:upper16:eepromConfig
 517 063c D3ED076A 		flds	s13, [r3, #28]
 518 0640 DDED127A 		flds	s15, [sp, #72]
 519 0644 66EEA77A 		fmuls	s15, s13, s15
 520 0648 77EE677A 		fsubs	s15, s14, s15
 521 064c 40F20003 		movw	r3, #:lower16:eepromConfig
 522 0650 C0F20003 		movt	r3, #:upper16:eepromConfig
 523 0654 C3ED0A7A 		fsts	s15, [r3, #40]
 524 0658 9DED057A 		flds	s14, [sp, #20]
 525 065c 40F20003 		movw	r3, #:lower16:eepromConfig
 526 0660 C0F20003 		movt	r3, #:upper16:eepromConfig
 527 0664 D3ED086A 		flds	s13, [r3, #32]
 528 0668 DDED127A 		flds	s15, [sp, #72]
 529 066c 66EEA77A 		fmuls	s15, s13, s15
 530 0670 77EE677A 		fsubs	s15, s14, s15
 531 0674 40F20003 		movw	r3, #:lower16:eepromConfig
 532 0678 C0F20003 		movt	r3, #:upper16:eepromConfig
 533 067c C3ED0B7A 		fsts	s15, [r3, #44]
 534 0680 9DED067A 		flds	s14, [sp, #24]
 535 0684 40F20003 		movw	r3, #:lower16:eepromConfig
 536 0688 C0F20003 		movt	r3, #:upper16:eepromConfig
 537 068c D3ED096A 		flds	s13, [r3, #36]
 538 0690 DDED127A 		flds	s15, [sp, #72]
 539 0694 66EEA77A 		fmuls	s15, s13, s15
 540 0698 77EE677A 		fsubs	s15, s14, s15
 541 069c 40F20003 		movw	r3, #:lower16:eepromConfig
 542 06a0 C0F20003 		movt	r3, #:upper16:eepromConfig
 543 06a4 C3ED0C7A 		fsts	s15, [r3, #48]
 544 06a8 40F20000 		movw	r0, #:lower16:.LC7
 545 06ac C0F20000 		movt	r0, #:upper16:.LC7
 546 06b0 FFF7FEFF 		bl	usbPrint
 547 06b4 40F20003 		movw	r3, #:lower16:eepromConfig
 548 06b8 C0F20003 		movt	r3, #:upper16:eepromConfig
 549 06bc 5B68     		ldr	r3, [r3, #4]	@ float
 550 06be 1846     		mov	r0, r3	@ float
 551 06c0 01AB     		add	r3, sp, #4
 552 06c2 1946     		mov	r1, r3
 553 06c4 FFF7FEFF 		bl	ftoa
 554 06c8 01AB     		add	r3, sp, #4
 555 06ca 1846     		mov	r0, r3
 556 06cc FFF7FEFF 		bl	usbPrint
 557 06d0 40F20000 		movw	r0, #:lower16:.LC8
 558 06d4 C0F20000 		movt	r0, #:upper16:.LC8
 559 06d8 FFF7FEFF 		bl	usbPrint
 560 06dc 40F20003 		movw	r3, #:lower16:eepromConfig
 561 06e0 C0F20003 		movt	r3, #:upper16:eepromConfig
 562 06e4 9B68     		ldr	r3, [r3, #8]	@ float
 563 06e6 1846     		mov	r0, r3	@ float
 564 06e8 01AB     		add	r3, sp, #4
 565 06ea 1946     		mov	r1, r3
 566 06ec FFF7FEFF 		bl	ftoa
 567 06f0 01AB     		add	r3, sp, #4
 568 06f2 1846     		mov	r0, r3
 569 06f4 FFF7FEFF 		bl	usbPrint
 570 06f8 40F20000 		movw	r0, #:lower16:.LC8
 571 06fc C0F20000 		movt	r0, #:upper16:.LC8
 572 0700 FFF7FEFF 		bl	usbPrint
 573 0704 40F20003 		movw	r3, #:lower16:eepromConfig
 574 0708 C0F20003 		movt	r3, #:upper16:eepromConfig
 575 070c DB68     		ldr	r3, [r3, #12]	@ float
 576 070e 1846     		mov	r0, r3	@ float
 577 0710 01AB     		add	r3, sp, #4
 578 0712 1946     		mov	r1, r3
 579 0714 FFF7FEFF 		bl	ftoa
 580 0718 01AB     		add	r3, sp, #4
 581 071a 1846     		mov	r0, r3
 582 071c FFF7FEFF 		bl	usbPrint
 583 0720 40F20000 		movw	r0, #:lower16:.LC9
 584 0724 C0F20000 		movt	r0, #:upper16:.LC9
 585 0728 FFF7FEFF 		bl	usbPrint
 586 072c 40F20000 		movw	r0, #:lower16:.LC10
 587 0730 C0F20000 		movt	r0, #:upper16:.LC10
 588 0734 FFF7FEFF 		bl	usbPrint
 589 0738 40F20003 		movw	r3, #:lower16:eepromConfig
 590 073c C0F20003 		movt	r3, #:upper16:eepromConfig
 591 0740 1B69     		ldr	r3, [r3, #16]	@ float
 592 0742 1846     		mov	r0, r3	@ float
 593 0744 01AB     		add	r3, sp, #4
 594 0746 1946     		mov	r1, r3
 595 0748 FFF7FEFF 		bl	ftoa
 596 074c 01AB     		add	r3, sp, #4
 597 074e 1846     		mov	r0, r3
 598 0750 FFF7FEFF 		bl	usbPrint
 599 0754 40F20000 		movw	r0, #:lower16:.LC8
 600 0758 C0F20000 		movt	r0, #:upper16:.LC8
 601 075c FFF7FEFF 		bl	usbPrint
 602 0760 40F20003 		movw	r3, #:lower16:eepromConfig
 603 0764 C0F20003 		movt	r3, #:upper16:eepromConfig
 604 0768 5B69     		ldr	r3, [r3, #20]	@ float
 605 076a 1846     		mov	r0, r3	@ float
 606 076c 01AB     		add	r3, sp, #4
 607 076e 1946     		mov	r1, r3
 608 0770 FFF7FEFF 		bl	ftoa
 609 0774 01AB     		add	r3, sp, #4
 610 0776 1846     		mov	r0, r3
 611 0778 FFF7FEFF 		bl	usbPrint
 612 077c 40F20000 		movw	r0, #:lower16:.LC8
 613 0780 C0F20000 		movt	r0, #:upper16:.LC8
 614 0784 FFF7FEFF 		bl	usbPrint
 615 0788 40F20003 		movw	r3, #:lower16:eepromConfig
 616 078c C0F20003 		movt	r3, #:upper16:eepromConfig
 617 0790 9B69     		ldr	r3, [r3, #24]	@ float
 618 0792 1846     		mov	r0, r3	@ float
 619 0794 01AB     		add	r3, sp, #4
 620 0796 1946     		mov	r1, r3
 621 0798 FFF7FEFF 		bl	ftoa
 622 079c 01AB     		add	r3, sp, #4
 623 079e 1846     		mov	r0, r3
 624 07a0 FFF7FEFF 		bl	usbPrint
 625 07a4 40F20000 		movw	r0, #:lower16:.LC9
 626 07a8 C0F20000 		movt	r0, #:upper16:.LC9
 627 07ac FFF7FEFF 		bl	usbPrint
 628 07b0 40F20000 		movw	r0, #:lower16:.LC11
 629 07b4 C0F20000 		movt	r0, #:upper16:.LC11
 630 07b8 FFF7FEFF 		bl	usbPrint
 631 07bc 40F20003 		movw	r3, #:lower16:eepromConfig
 632 07c0 C0F20003 		movt	r3, #:upper16:eepromConfig
 633 07c4 DB69     		ldr	r3, [r3, #28]	@ float
 634 07c6 1846     		mov	r0, r3	@ float
 635 07c8 01AB     		add	r3, sp, #4
 636 07ca 1946     		mov	r1, r3
 637 07cc FFF7FEFF 		bl	ftoa
 638 07d0 01AB     		add	r3, sp, #4
 639 07d2 1846     		mov	r0, r3
 640 07d4 FFF7FEFF 		bl	usbPrint
 641 07d8 40F20000 		movw	r0, #:lower16:.LC8
 642 07dc C0F20000 		movt	r0, #:upper16:.LC8
 643 07e0 FFF7FEFF 		bl	usbPrint
 644 07e4 40F20003 		movw	r3, #:lower16:eepromConfig
 645 07e8 C0F20003 		movt	r3, #:upper16:eepromConfig
 646 07ec 1B6A     		ldr	r3, [r3, #32]	@ float
 647 07ee 1846     		mov	r0, r3	@ float
 648 07f0 01AB     		add	r3, sp, #4
 649 07f2 1946     		mov	r1, r3
 650 07f4 FFF7FEFF 		bl	ftoa
 651 07f8 01AB     		add	r3, sp, #4
 652 07fa 1846     		mov	r0, r3
 653 07fc FFF7FEFF 		bl	usbPrint
 654 0800 40F20000 		movw	r0, #:lower16:.LC8
 655 0804 C0F20000 		movt	r0, #:upper16:.LC8
 656 0808 FFF7FEFF 		bl	usbPrint
 657 080c 40F20003 		movw	r3, #:lower16:eepromConfig
 658 0810 C0F20003 		movt	r3, #:upper16:eepromConfig
 659 0814 5B6A     		ldr	r3, [r3, #36]	@ float
 660 0816 1846     		mov	r0, r3	@ float
 661 0818 01AB     		add	r3, sp, #4
 662 081a 1946     		mov	r1, r3
 663 081c FFF7FEFF 		bl	ftoa
 664 0820 01AB     		add	r3, sp, #4
 665 0822 1846     		mov	r0, r3
 666 0824 FFF7FEFF 		bl	usbPrint
 667 0828 40F20000 		movw	r0, #:lower16:.LC9
 668 082c C0F20000 		movt	r0, #:upper16:.LC9
 669 0830 FFF7FEFF 		bl	usbPrint
 670 0834 40F20000 		movw	r0, #:lower16:.LC12
 671 0838 C0F20000 		movt	r0, #:upper16:.LC12
 672 083c FFF7FEFF 		bl	usbPrint
 673 0840 40F20003 		movw	r3, #:lower16:eepromConfig
 674 0844 C0F20003 		movt	r3, #:upper16:eepromConfig
 675 0848 9B6A     		ldr	r3, [r3, #40]	@ float
 676 084a 1846     		mov	r0, r3	@ float
 677 084c 01AB     		add	r3, sp, #4
 678 084e 1946     		mov	r1, r3
 679 0850 FFF7FEFF 		bl	ftoa
 680 0854 01AB     		add	r3, sp, #4
 681 0856 1846     		mov	r0, r3
 682 0858 FFF7FEFF 		bl	usbPrint
 683 085c 40F20000 		movw	r0, #:lower16:.LC8
 684 0860 C0F20000 		movt	r0, #:upper16:.LC8
 685 0864 FFF7FEFF 		bl	usbPrint
 686 0868 40F20003 		movw	r3, #:lower16:eepromConfig
 687 086c C0F20003 		movt	r3, #:upper16:eepromConfig
 688 0870 DB6A     		ldr	r3, [r3, #44]	@ float
 689 0872 1846     		mov	r0, r3	@ float
 690 0874 01AB     		add	r3, sp, #4
 691 0876 1946     		mov	r1, r3
 692 0878 FFF7FEFF 		bl	ftoa
 693 087c 01AB     		add	r3, sp, #4
 694 087e 1846     		mov	r0, r3
 695 0880 FFF7FEFF 		bl	usbPrint
 696 0884 40F20000 		movw	r0, #:lower16:.LC8
 697 0888 C0F20000 		movt	r0, #:upper16:.LC8
 698 088c FFF7FEFF 		bl	usbPrint
 699 0890 40F20003 		movw	r3, #:lower16:eepromConfig
 700 0894 C0F20003 		movt	r3, #:upper16:eepromConfig
 701 0898 1B6B     		ldr	r3, [r3, #48]	@ float
 702 089a 1846     		mov	r0, r3	@ float
 703 089c 01AB     		add	r3, sp, #4
 704 089e 1946     		mov	r1, r3
 705 08a0 FFF7FEFF 		bl	ftoa
 706 08a4 01AB     		add	r3, sp, #4
 707 08a6 1846     		mov	r0, r3
 708 08a8 FFF7FEFF 		bl	usbPrint
 709 08ac 40F20000 		movw	r0, #:lower16:.LC9
 710 08b0 C0F20000 		movt	r0, #:upper16:.LC9
 711 08b4 FFF7FEFF 		bl	usbPrint
 712 08b8 40F20000 		movw	r0, #:lower16:.LC13
 713 08bc C0F20000 		movt	r0, #:upper16:.LC13
 714 08c0 FFF7FEFF 		bl	usbPrint
 715 08c4 40F20003 		movw	r3, #:lower16:mpu6000Calibrating
 716 08c8 C0F20003 		movt	r3, #:upper16:mpu6000Calibrating
 717 08cc 4FF00002 		mov	r2, #0
 718 08d0 1A70     		strb	r2, [r3, #0]
 719 08d2 15B0     		add	sp, sp, #84
 720 08d4 00BD     		pop	{pc}
 722 08d6 00BF     		.ident	"GCC: (Sourcery CodeBench Lite 2012.03-56) 4.6.3"
DEFINED SYMBOLS
                            *ABS*:00000000 mpu6000Calibration.c
C:\Users\JOHNIH~1\AppData\Local\Temp\ccdDhFYh.s:17     .rodata:00000000 $d
C:\Users\JOHNIH~1\AppData\Local\Temp\ccdDhFYh.s:18     .rodata:00000000 .LC0
C:\Users\JOHNIH~1\AppData\Local\Temp\ccdDhFYh.s:21     .rodata:00000018 .LC1
C:\Users\JOHNIH~1\AppData\Local\Temp\ccdDhFYh.s:24     .rodata:0000003c .LC2
C:\Users\JOHNIH~1\AppData\Local\Temp\ccdDhFYh.s:27     .rodata:0000005c .LC3
C:\Users\JOHNIH~1\AppData\Local\Temp\ccdDhFYh.s:30     .rodata:0000007c .LC4
C:\Users\JOHNIH~1\AppData\Local\Temp\ccdDhFYh.s:34     .rodata:000000b4 .LC5
C:\Users\JOHNIH~1\AppData\Local\Temp\ccdDhFYh.s:37     .rodata:000000d8 .LC6
C:\Users\JOHNIH~1\AppData\Local\Temp\ccdDhFYh.s:40     .rodata:000000f8 .LC7
C:\Users\JOHNIH~1\AppData\Local\Temp\ccdDhFYh.s:43     .rodata:0000011c .LC8
C:\Users\JOHNIH~1\AppData\Local\Temp\ccdDhFYh.s:46     .rodata:00000120 .LC9
C:\Users\JOHNIH~1\AppData\Local\Temp\ccdDhFYh.s:49     .rodata:00000124 .LC10
C:\Users\JOHNIH~1\AppData\Local\Temp\ccdDhFYh.s:52     .rodata:00000148 .LC11
C:\Users\JOHNIH~1\AppData\Local\Temp\ccdDhFYh.s:55     .rodata:0000016c .LC12
C:\Users\JOHNIH~1\AppData\Local\Temp\ccdDhFYh.s:58     .rodata:00000190 .LC13
C:\Users\JOHNIH~1\AppData\Local\Temp\ccdDhFYh.s:61     .text:00000000 $t
C:\Users\JOHNIH~1\AppData\Local\Temp\ccdDhFYh.s:66     .text:00000000 mpu6000Calibration
C:\Users\JOHNIH~1\AppData\Local\Temp\ccdDhFYh.s:276    .text:000002b4 $d
C:\Users\JOHNIH~1\AppData\Local\Temp\ccdDhFYh.s:280    .text:000002c0 $t

UNDEFINED SYMBOLS
mpu6000Calibrating
usbPrint
readMPU6000
rawAccel
rawGyro
rawMPU6000Temperature
delayMicroseconds
ftoa
delay
eepromConfig
