   1              		.syntax unified
   2              		.cpu cortex-m4
   3              		.eabi_attribute 27, 3
   4              		.fpu fpv4-sp-d16
   5              		.eabi_attribute 20, 1
   6              		.eabi_attribute 21, 1
   7              		.eabi_attribute 23, 3
   8              		.eabi_attribute 24, 1
   9              		.eabi_attribute 25, 1
  10              		.eabi_attribute 26, 1
  11              		.eabi_attribute 30, 6
  12              		.eabi_attribute 34, 1
  13              		.eabi_attribute 18, 4
  14              		.thumb
  15              		.file	"main.c"
  16              		.comm	mtk19ProcessDataState,1,1
  17              		.comm	nmeaProcessDataState,1,1
  18              		.comm	ubloxProcessDataState,1,1
  19              		.global	eepromArray
  20              		.section	.eeprom,"aw",%progbits
  21              		.align	2
  24              	eepromArray:
  25 0000 00000000 		.space	16384
  25      00000000 
  25      00000000 
  25      00000000 
  25      00000000 
  26              		.comm	eepromConfig,852,4
  27              		.global	execUpCount
  28              		.bss
  31              	execUpCount:
  32 0000 00       		.space	1
  33              		.comm	sensors,100,4
  34              		.comm	heading,8,4
  35              		.comm	timerValue,2,2
  36              		.comm	numberString,32,4
  37              		.section	.rodata
  38              		.align	2
  39              	.LC0:
  40 0000 2C00     		.ascii	",\000"
  41 0002 0000     		.align	2
  42              	.LC1:
  43 0004 0A00     		.ascii	"\012\000"
  44 0006 0000     		.align	2
  45              	.LC2:
  46 0008 2C2000   		.ascii	", \000"
  47 000b 00       		.text
  48              		.align	2
  49              		.global	main
  50              		.thumb
  51              		.thumb_func
  53              	main:
  54              		@ args = 0, pretend = 0, frame = 8
  55              		@ frame_needed = 0, uses_anonymous_args = 0
  56 0000 2DE9F043 		push	{r4, r5, r6, r7, r8, r9, lr}
  57 0004 8BB0     		sub	sp, sp, #44
  58 0006 FFF7FEFF 		bl	systemInit
  59 000a 40F20003 		movw	r3, #:lower16:systemReady
  60 000e C0F20003 		movt	r3, #:upper16:systemReady
  61 0012 4FF00102 		mov	r2, #1
  62 0016 1A70     		strb	r2, [r3, #0]
  63 0018 00E0     		b	.L30
  64              	.L31:
  65 001a 00BF     		nop
  66              	.L30:
  67 001c 40F20003 		movw	r3, #:lower16:frame_50Hz
  68 0020 C0F20003 		movt	r3, #:upper16:frame_50Hz
  69 0024 1B78     		ldrb	r3, [r3, #0]	@ zero_extendqisi2
  70 0026 002B     		cmp	r3, #0
  71 0028 00F08B80 		beq	.L2
  72 002c 40F20003 		movw	r3, #:lower16:frame_50Hz
  73 0030 C0F20003 		movt	r3, #:upper16:frame_50Hz
  74 0034 4FF00002 		mov	r2, #0
  75 0038 1A70     		strb	r2, [r3, #0]
  76 003a FFF7FEFF 		bl	micros
  77 003e 0990     		str	r0, [sp, #36]
  78 0040 40F20003 		movw	r3, #:lower16:previous50HzTime
  79 0044 C0F20003 		movt	r3, #:upper16:previous50HzTime
  80 0048 1B68     		ldr	r3, [r3, #0]
  81 004a 099A     		ldr	r2, [sp, #36]
  82 004c D21A     		subs	r2, r2, r3
  83 004e 40F20003 		movw	r3, #:lower16:deltaTime50Hz
  84 0052 C0F20003 		movt	r3, #:upper16:deltaTime50Hz
  85 0056 1A60     		str	r2, [r3, #0]
  86 0058 40F20003 		movw	r3, #:lower16:previous50HzTime
  87 005c C0F20003 		movt	r3, #:upper16:previous50HzTime
  88 0060 099A     		ldr	r2, [sp, #36]
  89 0062 1A60     		str	r2, [r3, #0]
  90 0064 FFF7FEFF 		bl	processFlightCommands
  91 0068 40F20003 		movw	r3, #:lower16:eepromConfig
  92 006c C0F20003 		movt	r3, #:upper16:eepromConfig
  93 0070 93F84833 		ldrb	r3, [r3, #840]	@ zero_extendqisi2
  94 0074 002B     		cmp	r3, #0
  95 0076 5AD0     		beq	.L3
  96 0078 40F20003 		movw	r3, #:lower16:eepromConfig
  97 007c C0F20003 		movt	r3, #:upper16:eepromConfig
  98 0080 93F84B33 		ldrb	r3, [r3, #843]	@ zero_extendqisi2
  99 0084 002B     		cmp	r3, #0
 100 0086 0AD0     		beq	.L4
 101 0088 40F20003 		movw	r3, #:lower16:sensors
 102 008c C0F20003 		movt	r3, #:upper16:sensors
 103 0090 DB6B     		ldr	r3, [r3, #60]	@ float
 104 0092 1846     		mov	r0, r3	@ float
 105 0094 9749     		ldr	r1, .L32	@ float
 106 0096 4FF00002 		mov	r2, #0
 107 009a FFF7FEFF 		bl	displayAltitude
 108              	.L4:
 109 009e 40F20003 		movw	r3, #:lower16:eepromConfig
 110 00a2 C0F20003 		movt	r3, #:upper16:eepromConfig
 111 00a6 93F84C33 		ldrb	r3, [r3, #844]	@ zero_extendqisi2
 112 00aa 002B     		cmp	r3, #0
 113 00ac 13D0     		beq	.L5
 114 00ae 40F20003 		movw	r3, #:lower16:sensors
 115 00b2 C0F20003 		movt	r3, #:upper16:sensors
 116 00b6 9969     		ldr	r1, [r3, #24]	@ float
 117 00b8 40F20003 		movw	r3, #:lower16:sensors
 118 00bc C0F20003 		movt	r3, #:upper16:sensors
 119 00c0 DA69     		ldr	r2, [r3, #28]	@ float
 120 00c2 40F20003 		movw	r3, #:lower16:flightMode
 121 00c6 C0F20003 		movt	r3, #:upper16:flightMode
 122 00ca 1B78     		ldrb	r3, [r3, #0]	@ zero_extendqisi2
 123 00cc 0846     		mov	r0, r1	@ float
 124 00ce 1146     		mov	r1, r2	@ float
 125 00d0 1A46     		mov	r2, r3
 126 00d2 FFF7FEFF 		bl	displayArtificialHorizon
 127              	.L5:
 128 00d6 40F20003 		movw	r3, #:lower16:eepromConfig
 129 00da C0F20003 		movt	r3, #:upper16:eepromConfig
 130 00de 93F84D33 		ldrb	r3, [r3, #845]	@ zero_extendqisi2
 131 00e2 002B     		cmp	r3, #0
 132 00e4 13D0     		beq	.L6
 133 00e6 40F20003 		movw	r3, #:lower16:sensors
 134 00ea C0F20003 		movt	r3, #:upper16:sensors
 135 00ee 9969     		ldr	r1, [r3, #24]	@ float
 136 00f0 40F20003 		movw	r3, #:lower16:sensors
 137 00f4 C0F20003 		movt	r3, #:upper16:sensors
 138 00f8 DA69     		ldr	r2, [r3, #28]	@ float
 139 00fa 40F20003 		movw	r3, #:lower16:flightMode
 140 00fe C0F20003 		movt	r3, #:upper16:flightMode
 141 0102 1B78     		ldrb	r3, [r3, #0]	@ zero_extendqisi2
 142 0104 0846     		mov	r0, r1	@ float
 143 0106 1146     		mov	r1, r2	@ float
 144 0108 1A46     		mov	r2, r3
 145 010a FFF7FEFF 		bl	displayAttitude
 146              	.L6:
 147 010e 40F20003 		movw	r3, #:lower16:eepromConfig
 148 0112 C0F20003 		movt	r3, #:upper16:eepromConfig
 149 0116 93F84E33 		ldrb	r3, [r3, #846]	@ zero_extendqisi2
 150 011a 002B     		cmp	r3, #0
 151 011c 07D0     		beq	.L3
 152 011e 40F20003 		movw	r3, #:lower16:heading
 153 0122 C0F20003 		movt	r3, #:upper16:heading
 154 0126 1B68     		ldr	r3, [r3, #0]	@ float
 155 0128 1846     		mov	r0, r3	@ float
 156 012a FFF7FEFF 		bl	displayHeading
 157              	.L3:
 158 012e FFF7FEFF 		bl	micros
 159 0132 0246     		mov	r2, r0
 160 0134 099B     		ldr	r3, [sp, #36]
 161 0136 D21A     		subs	r2, r2, r3
 162 0138 40F20003 		movw	r3, #:lower16:executionTime50Hz
 163 013c C0F20003 		movt	r3, #:upper16:executionTime50Hz
 164 0140 1A60     		str	r2, [r3, #0]
 165              	.L2:
 166 0142 40F20003 		movw	r3, #:lower16:frame_10Hz
 167 0146 C0F20003 		movt	r3, #:upper16:frame_10Hz
 168 014a 1B78     		ldrb	r3, [r3, #0]	@ zero_extendqisi2
 169 014c 002B     		cmp	r3, #0
 170 014e 00F0EA80 		beq	.L7
 171 0152 40F20003 		movw	r3, #:lower16:frame_10Hz
 172 0156 C0F20003 		movt	r3, #:upper16:frame_10Hz
 173 015a 4FF00002 		mov	r2, #0
 174 015e 1A70     		strb	r2, [r3, #0]
 175 0160 FFF7FEFF 		bl	micros
 176 0164 0990     		str	r0, [sp, #36]
 177 0166 40F20003 		movw	r3, #:lower16:previous10HzTime
 178 016a C0F20003 		movt	r3, #:upper16:previous10HzTime
 179 016e 1B68     		ldr	r3, [r3, #0]
 180 0170 099A     		ldr	r2, [sp, #36]
 181 0172 D21A     		subs	r2, r2, r3
 182 0174 40F20003 		movw	r3, #:lower16:deltaTime10Hz
 183 0178 C0F20003 		movt	r3, #:upper16:deltaTime10Hz
 184 017c 1A60     		str	r2, [r3, #0]
 185 017e 40F20003 		movw	r3, #:lower16:previous10HzTime
 186 0182 C0F20003 		movt	r3, #:upper16:previous10HzTime
 187 0186 099A     		ldr	r2, [sp, #36]
 188 0188 1A60     		str	r2, [r3, #0]
 189 018a 40F20003 		movw	r3, #:lower16:newMagData
 190 018e C0F20003 		movt	r3, #:upper16:newMagData
 191 0192 1B78     		ldrb	r3, [r3, #0]	@ zero_extendqisi2
 192 0194 012B     		cmp	r3, #1
 193 0196 6FD1     		bne	.L8
 194 0198 40F20003 		movw	r3, #:lower16:rawMag
 195 019c C0F20003 		movt	r3, #:upper16:rawMag
 196 01a0 1B88     		ldrh	r3, [r3, #0]
 197 01a2 1BB2     		sxth	r3, r3
 198 01a4 07EE903A 		fmsr	s15, r3	@ int
 199 01a8 B8EEE77A 		fsitos	s14, s15
 200 01ac 40F20003 		movw	r3, #:lower16:magScaleFactor
 201 01b0 C0F20003 		movt	r3, #:upper16:magScaleFactor
 202 01b4 D3ED007A 		flds	s15, [r3, #0]
 203 01b8 67EE277A 		fmuls	s15, s14, s15
 204 01bc 40F20003 		movw	r3, #:lower16:eepromConfig
 205 01c0 C0F20003 		movt	r3, #:upper16:eepromConfig
 206 01c4 93ED0D7A 		flds	s14, [r3, #52]
 207 01c8 77EEC77A 		fsubs	s15, s15, s14
 208 01cc 40F20003 		movw	r3, #:lower16:sensors
 209 01d0 C0F20003 		movt	r3, #:upper16:sensors
 210 01d4 C3ED0C7A 		fsts	s15, [r3, #48]
 211 01d8 40F20003 		movw	r3, #:lower16:rawMag
 212 01dc C0F20003 		movt	r3, #:upper16:rawMag
 213 01e0 5B88     		ldrh	r3, [r3, #2]
 214 01e2 1BB2     		sxth	r3, r3
 215 01e4 07EE903A 		fmsr	s15, r3	@ int
 216 01e8 B8EEE77A 		fsitos	s14, s15
 217 01ec 40F20003 		movw	r3, #:lower16:magScaleFactor
 218 01f0 C0F20003 		movt	r3, #:upper16:magScaleFactor
 219 01f4 D3ED017A 		flds	s15, [r3, #4]
 220 01f8 67EE277A 		fmuls	s15, s14, s15
 221 01fc 40F20003 		movw	r3, #:lower16:eepromConfig
 222 0200 C0F20003 		movt	r3, #:upper16:eepromConfig
 223 0204 93ED0E7A 		flds	s14, [r3, #56]
 224 0208 77EEC77A 		fsubs	s15, s15, s14
 225 020c 40F20003 		movw	r3, #:lower16:sensors
 226 0210 C0F20003 		movt	r3, #:upper16:sensors
 227 0214 C3ED0D7A 		fsts	s15, [r3, #52]
 228 0218 40F20003 		movw	r3, #:lower16:rawMag
 229 021c C0F20003 		movt	r3, #:upper16:rawMag
 230 0220 9B88     		ldrh	r3, [r3, #4]
 231 0222 1BB2     		sxth	r3, r3
 232 0224 07EE903A 		fmsr	s15, r3	@ int
 233 0228 B8EEE77A 		fsitos	s14, s15
 234 022c 40F20003 		movw	r3, #:lower16:magScaleFactor
 235 0230 C0F20003 		movt	r3, #:upper16:magScaleFactor
 236 0234 D3ED027A 		flds	s15, [r3, #8]
 237 0238 67EE277A 		fmuls	s15, s14, s15
 238 023c 40F20003 		movw	r3, #:lower16:eepromConfig
 239 0240 C0F20003 		movt	r3, #:upper16:eepromConfig
 240 0244 93ED0F7A 		flds	s14, [r3, #60]
 241 0248 77EEC77A 		fsubs	s15, s15, s14
 242 024c F1EE677A 		fnegs	s15, s15
 243 0250 40F20003 		movw	r3, #:lower16:sensors
 244 0254 C0F20003 		movt	r3, #:upper16:sensors
 245 0258 C3ED0E7A 		fsts	s15, [r3, #56]
 246 025c 40F20003 		movw	r3, #:lower16:newMagData
 247 0260 C0F20003 		movt	r3, #:upper16:newMagData
 248 0264 4FF00002 		mov	r2, #0
 249 0268 1A70     		strb	r2, [r3, #0]
 250 026a 40F20003 		movw	r3, #:lower16:magDataUpdate
 251 026e C0F20003 		movt	r3, #:upper16:magDataUpdate
 252 0272 4FF00102 		mov	r2, #1
 253 0276 1A70     		strb	r2, [r3, #0]
 254              	.L8:
 255 0278 40F20003 		movw	r3, #:lower16:d1Sum
 256 027c C0F20003 		movt	r3, #:upper16:d1Sum
 257 0280 1A68     		ldr	r2, [r3, #0]
 258 0282 4CF6CD43 		movw	r3, #52429
 259 0286 CCF6CC43 		movt	r3, 52428
 260 028a A3FB0213 		umull	r1, r3, r3, r2
 261 028e 4FEAD302 		lsr	r2, r3, #3
 262 0292 40F20003 		movw	r3, #:lower16:d1Average
 263 0296 C0F20003 		movt	r3, #:upper16:d1Average
 264 029a 1A60     		str	r2, [r3, #0]
 265 029c 40F20003 		movw	r3, #:lower16:d1Sum
 266 02a0 C0F20003 		movt	r3, #:upper16:d1Sum
 267 02a4 4FF00002 		mov	r2, #0
 268 02a8 1A60     		str	r2, [r3, #0]
 269 02aa FFF7FEFF 		bl	calculateTemperature
 270 02ae FFF7FEFF 		bl	calculatePressureAltitude
 271 02b2 40F20003 		movw	r3, #:lower16:pressureAltValid
 272 02b6 C0F20003 		movt	r3, #:upper16:pressureAltValid
 273 02ba 4FF00102 		mov	r2, #1
 274 02be 1A70     		strb	r2, [r3, #0]
 275 02c0 40F20003 		movw	r3, #:lower16:eepromConfig
 276 02c4 C0F20003 		movt	r3, #:upper16:eepromConfig
 277 02c8 93F84F33 		ldrb	r3, [r3, #847]	@ zero_extendqisi2
 278 02cc 032B     		cmp	r3, #3
 279 02ce 1CD8     		bhi	.L9
 280 02d0 01A2     		adr	r2, .L14
 281 02d2 52F823F0 		ldr	pc, [r2, r3, lsl #2]
 282 02d6 00BF     		.align	2
 283              	.L14:
 284 02d8 0B030000 		.word	.L9+1
 285 02dc E9020000 		.word	.L11+1
 286 02e0 EF020000 		.word	.L12+1
 287 02e4 05030000 		.word	.L13+1
 288              	.L11:
 289 02e8 FFF7FEFF 		bl	decodeMediaTek3329BinaryMsg
 290 02ec 0DE0     		b	.L9
 291              	.L12:
 292 02ee FFF7FEFF 		bl	decodeNMEAsentence
 293 02f2 0AE0     		b	.L9
 294              	.L33:
 295              		.align	2
 296              	.L32:
 297 02f4 00000000 		.word	0
 298 02f8 BD370635 		.word	889599933
 299 02fc 57E79C3A 		.word	983361367
 300 0300 4C7D0B3A 		.word	973831500
 301              	.L13:
 302 0304 FFF7FEFF 		bl	decodeUbloxMsg
 303 0308 00BF     		nop
 304              	.L9:
 305 030a FFF7FEFF 		bl	cliCom
 306 030e FFF7FEFF 		bl	rfCom
 307 0312 FFF7FEFF 		bl	micros
 308 0316 0246     		mov	r2, r0
 309 0318 099B     		ldr	r3, [sp, #36]
 310 031a D21A     		subs	r2, r2, r3
 311 031c 40F20003 		movw	r3, #:lower16:executionTime10Hz
 312 0320 C0F20003 		movt	r3, #:upper16:executionTime10Hz
 313 0324 1A60     		str	r2, [r3, #0]
 314              	.L7:
 315 0326 40F20003 		movw	r3, #:lower16:frame_500Hz
 316 032a C0F20003 		movt	r3, #:upper16:frame_500Hz
 317 032e 1B78     		ldrb	r3, [r3, #0]	@ zero_extendqisi2
 318 0330 002B     		cmp	r3, #0
 319 0332 00F09E81 		beq	.L15
 320 0336 40F20003 		movw	r3, #:lower16:frame_500Hz
 321 033a C0F20003 		movt	r3, #:upper16:frame_500Hz
 322 033e 4FF00002 		mov	r2, #0
 323 0342 1A70     		strb	r2, [r3, #0]
 324 0344 FFF7FEFF 		bl	micros
 325 0348 0990     		str	r0, [sp, #36]
 326 034a 40F20003 		movw	r3, #:lower16:previous500HzTime
 327 034e C0F20003 		movt	r3, #:upper16:previous500HzTime
 328 0352 1B68     		ldr	r3, [r3, #0]
 329 0354 099A     		ldr	r2, [sp, #36]
 330 0356 D21A     		subs	r2, r2, r3
 331 0358 40F20003 		movw	r3, #:lower16:deltaTime500Hz
 332 035c C0F20003 		movt	r3, #:upper16:deltaTime500Hz
 333 0360 1A60     		str	r2, [r3, #0]
 334 0362 40F20003 		movw	r3, #:lower16:previous500HzTime
 335 0366 C0F20003 		movt	r3, #:upper16:previous500HzTime
 336 036a 099A     		ldr	r2, [sp, #36]
 337 036c 1A60     		str	r2, [r3, #0]
 338 036e 4FF48840 		mov	r0, #17408
 339 0372 C4F20100 		movt	r0, 16385
 340 0376 4FF00001 		mov	r1, #0
 341 037a FFF7FEFF 		bl	TIM_Cmd
 342 037e 4FF48840 		mov	r0, #17408
 343 0382 C4F20100 		movt	r0, 16385
 344 0386 FFF7FEFF 		bl	TIM_GetCounter
 345 038a 0346     		mov	r3, r0
 346 038c 9AB2     		uxth	r2, r3
 347 038e 40F20003 		movw	r3, #:lower16:timerValue
 348 0392 C0F20003 		movt	r3, #:upper16:timerValue
 349 0396 1A80     		strh	r2, [r3, #0]	@ movhi
 350 0398 4FF48840 		mov	r0, #17408
 351 039c C4F20100 		movt	r0, 16385
 352 03a0 4FF00001 		mov	r1, #0
 353 03a4 FFF7FEFF 		bl	TIM_SetCounter
 354 03a8 4FF48840 		mov	r0, #17408
 355 03ac C4F20100 		movt	r0, 16385
 356 03b0 4FF00101 		mov	r1, #1
 357 03b4 FFF7FEFF 		bl	TIM_Cmd
 358 03b8 40F20003 		movw	r3, #:lower16:timerValue
 359 03bc C0F20003 		movt	r3, #:upper16:timerValue
 360 03c0 1B88     		ldrh	r3, [r3, #0]
 361 03c2 07EE903A 		fmsr	s15, r3	@ int
 362 03c6 B8EE677A 		fuitos	s14, s15
 363 03ca 5FED357A 		flds	s15, .L32+4
 364 03ce 67EE277A 		fmuls	s15, s14, s15
 365 03d2 40F20003 		movw	r3, #:lower16:dt500Hz
 366 03d6 C0F20003 		movt	r3, #:upper16:dt500Hz
 367 03da C3ED007A 		fsts	s15, [r3, #0]
 368 03de FFF7FEFF 		bl	computeMPU6000TCBias
 369 03e2 40F20003 		movw	r3, #:lower16:accelSummedSamples500Hz
 370 03e6 C0F20003 		movt	r3, #:upper16:accelSummedSamples500Hz
 371 03ea 1B68     		ldr	r3, [r3, #0]
 372 03ec 07EE903A 		fmsr	s15, r3	@ int
 373 03f0 B8EEE77A 		fsitos	s14, s15
 374 03f4 F0EE007A 		fconsts	s15, #0
 375 03f8 C7EE277A 		fdivs	s15, s14, s15
 376 03fc 40F20003 		movw	r3, #:lower16:accelTCBias
 377 0400 C0F20003 		movt	r3, #:upper16:accelTCBias
 378 0404 93ED007A 		flds	s14, [r3, #0]
 379 0408 37EEC77A 		fsubs	s14, s15, s14
 380 040c 5FED457A 		flds	s15, .L32+8
 381 0410 67EE277A 		fmuls	s15, s14, s15
 382 0414 40F20003 		movw	r3, #:lower16:sensors
 383 0418 C0F20003 		movt	r3, #:upper16:sensors
 384 041c C3ED007A 		fsts	s15, [r3, #0]
 385 0420 40F20003 		movw	r3, #:lower16:accelSummedSamples500Hz
 386 0424 C0F20003 		movt	r3, #:upper16:accelSummedSamples500Hz
 387 0428 5B68     		ldr	r3, [r3, #4]
 388 042a 07EE903A 		fmsr	s15, r3	@ int
 389 042e B8EEE77A 		fsitos	s14, s15
 390 0432 F0EE007A 		fconsts	s15, #0
 391 0436 C7EE277A 		fdivs	s15, s14, s15
 392 043a 40F20003 		movw	r3, #:lower16:accelTCBias
 393 043e C0F20003 		movt	r3, #:upper16:accelTCBias
 394 0442 93ED017A 		flds	s14, [r3, #4]
 395 0446 77EEC77A 		fsubs	s15, s15, s14
 396 044a B1EE677A 		fnegs	s14, s15
 397 044e 5FED557A 		flds	s15, .L32+8
 398 0452 67EE277A 		fmuls	s15, s14, s15
 399 0456 40F20003 		movw	r3, #:lower16:sensors
 400 045a C0F20003 		movt	r3, #:upper16:sensors
 401 045e C3ED017A 		fsts	s15, [r3, #4]
 402 0462 40F20003 		movw	r3, #:lower16:accelSummedSamples500Hz
 403 0466 C0F20003 		movt	r3, #:upper16:accelSummedSamples500Hz
 404 046a 9B68     		ldr	r3, [r3, #8]
 405 046c 07EE903A 		fmsr	s15, r3	@ int
 406 0470 B8EEE77A 		fsitos	s14, s15
 407 0474 F0EE007A 		fconsts	s15, #0
 408 0478 C7EE277A 		fdivs	s15, s14, s15
 409 047c 40F20003 		movw	r3, #:lower16:accelTCBias
 410 0480 C0F20003 		movt	r3, #:upper16:accelTCBias
 411 0484 93ED027A 		flds	s14, [r3, #8]
 412 0488 77EEC77A 		fsubs	s15, s15, s14
 413 048c B1EE677A 		fnegs	s14, s15
 414 0490 5FED667A 		flds	s15, .L32+8
 415 0494 67EE277A 		fmuls	s15, s14, s15
 416 0498 40F20003 		movw	r3, #:lower16:sensors
 417 049c C0F20003 		movt	r3, #:upper16:sensors
 418 04a0 C3ED027A 		fsts	s15, [r3, #8]
 419 04a4 40F20003 		movw	r3, #:lower16:gyroSummedSamples500Hz
 420 04a8 C0F20003 		movt	r3, #:upper16:gyroSummedSamples500Hz
 421 04ac 1B68     		ldr	r3, [r3, #0]
 422 04ae 07EE903A 		fmsr	s15, r3	@ int
 423 04b2 B8EEE77A 		fsitos	s14, s15
 424 04b6 F0EE007A 		fconsts	s15, #0
 425 04ba C7EE277A 		fdivs	s15, s14, s15
 426 04be 40F20003 		movw	r3, #:lower16:gyroRTBias
 427 04c2 C0F20003 		movt	r3, #:upper16:gyroRTBias
 428 04c6 93ED007A 		flds	s14, [r3, #0]
 429 04ca 37EEC77A 		fsubs	s14, s15, s14
 430 04ce 40F20003 		movw	r3, #:lower16:gyroTCBias
 431 04d2 C0F20003 		movt	r3, #:upper16:gyroTCBias
 432 04d6 D3ED007A 		flds	s15, [r3, #0]
 433 04da 37EE677A 		fsubs	s14, s14, s15
 434 04de 5FED787A 		flds	s15, .L32+12
 435 04e2 67EE277A 		fmuls	s15, s14, s15
 436 04e6 40F20003 		movw	r3, #:lower16:sensors
 437 04ea C0F20003 		movt	r3, #:upper16:sensors
 438 04ee C3ED097A 		fsts	s15, [r3, #36]
 439 04f2 40F20003 		movw	r3, #:lower16:gyroSummedSamples500Hz
 440 04f6 C0F20003 		movt	r3, #:upper16:gyroSummedSamples500Hz
 441 04fa 5B68     		ldr	r3, [r3, #4]
 442 04fc 07EE903A 		fmsr	s15, r3	@ int
 443 0500 B8EEE77A 		fsitos	s14, s15
 444 0504 F0EE007A 		fconsts	s15, #0
 445 0508 C7EE277A 		fdivs	s15, s14, s15
 446 050c 40F20003 		movw	r3, #:lower16:gyroRTBias
 447 0510 C0F20003 		movt	r3, #:upper16:gyroRTBias
 448 0514 93ED017A 		flds	s14, [r3, #4]
 449 0518 37EEC77A 		fsubs	s14, s15, s14
 450 051c 40F20003 		movw	r3, #:lower16:gyroTCBias
 451 0520 C0F20003 		movt	r3, #:upper16:gyroTCBias
 452 0524 D3ED017A 		flds	s15, [r3, #4]
 453 0528 77EE677A 		fsubs	s15, s14, s15
 454 052c B1EE677A 		fnegs	s14, s15
 455 0530 5FED8D7A 		flds	s15, .L32+12
 456 0534 67EE277A 		fmuls	s15, s14, s15
 457 0538 40F20003 		movw	r3, #:lower16:sensors
 458 053c C0F20003 		movt	r3, #:upper16:sensors
 459 0540 C3ED0A7A 		fsts	s15, [r3, #40]
 460 0544 40F20003 		movw	r3, #:lower16:gyroSummedSamples500Hz
 461 0548 C0F20003 		movt	r3, #:upper16:gyroSummedSamples500Hz
 462 054c 9B68     		ldr	r3, [r3, #8]
 463 054e 07EE903A 		fmsr	s15, r3	@ int
 464 0552 B8EEE77A 		fsitos	s14, s15
 465 0556 F0EE007A 		fconsts	s15, #0
 466 055a C7EE277A 		fdivs	s15, s14, s15
 467 055e 40F20003 		movw	r3, #:lower16:gyroRTBias
 468 0562 C0F20003 		movt	r3, #:upper16:gyroRTBias
 469 0566 93ED027A 		flds	s14, [r3, #8]
 470 056a 37EEC77A 		fsubs	s14, s15, s14
 471 056e 40F20003 		movw	r3, #:lower16:gyroTCBias
 472 0572 C0F20003 		movt	r3, #:upper16:gyroTCBias
 473 0576 D3ED027A 		flds	s15, [r3, #8]
 474 057a 77EE677A 		fsubs	s15, s14, s15
 475 057e B1EE677A 		fnegs	s14, s15
 476 0582 5FEDA17A 		flds	s15, .L32+12
 477 0586 67EE277A 		fmuls	s15, s14, s15
 478 058a 40F20003 		movw	r3, #:lower16:sensors
 479 058e C0F20003 		movt	r3, #:upper16:sensors
 480 0592 C3ED0B7A 		fsts	s15, [r3, #44]
 481 0596 40F20003 		movw	r3, #:lower16:sensors
 482 059a C0F20003 		movt	r3, #:upper16:sensors
 483 059e 586A     		ldr	r0, [r3, #36]	@ float
 484 05a0 40F20003 		movw	r3, #:lower16:sensors
 485 05a4 C0F20003 		movt	r3, #:upper16:sensors
 486 05a8 996A     		ldr	r1, [r3, #40]	@ float
 487 05aa 40F20003 		movw	r3, #:lower16:sensors
 488 05ae C0F20003 		movt	r3, #:upper16:sensors
 489 05b2 DA6A     		ldr	r2, [r3, #44]	@ float
 490 05b4 40F20003 		movw	r3, #:lower16:sensors
 491 05b8 C0F20003 		movt	r3, #:upper16:sensors
 492 05bc 1C68     		ldr	r4, [r3, #0]	@ float
 493 05be 40F20003 		movw	r3, #:lower16:sensors
 494 05c2 C0F20003 		movt	r3, #:upper16:sensors
 495 05c6 D3F80490 		ldr	r9, [r3, #4]	@ float
 496 05ca 40F20003 		movw	r3, #:lower16:sensors
 497 05ce C0F20003 		movt	r3, #:upper16:sensors
 498 05d2 D3F80880 		ldr	r8, [r3, #8]	@ float
 499 05d6 40F20003 		movw	r3, #:lower16:sensors
 500 05da C0F20003 		movt	r3, #:upper16:sensors
 501 05de D3F830C0 		ldr	ip, [r3, #48]	@ float
 502 05e2 40F20003 		movw	r3, #:lower16:sensors
 503 05e6 C0F20003 		movt	r3, #:upper16:sensors
 504 05ea D3F834E0 		ldr	lr, [r3, #52]	@ float
 505 05ee 40F20003 		movw	r3, #:lower16:sensors
 506 05f2 C0F20003 		movt	r3, #:upper16:sensors
 507 05f6 9F6B     		ldr	r7, [r3, #56]	@ float
 508 05f8 40F20003 		movw	r3, #:lower16:eepromConfig
 509 05fc C0F20003 		movt	r3, #:upper16:eepromConfig
 510 0600 1E6C     		ldr	r6, [r3, #64]	@ float
 511 0602 40F20003 		movw	r3, #:lower16:magDataUpdate
 512 0606 C0F20003 		movt	r3, #:upper16:magDataUpdate
 513 060a 1D78     		ldrb	r5, [r3, #0]	@ zero_extendqisi2
 514 060c 40F20003 		movw	r3, #:lower16:dt500Hz
 515 0610 C0F20003 		movt	r3, #:upper16:dt500Hz
 516 0614 1B68     		ldr	r3, [r3, #0]	@ float
 517 0616 CDF80090 		str	r9, [sp, #0]	@ float
 518 061a CDF80480 		str	r8, [sp, #4]	@ float
 519 061e CDF808C0 		str	ip, [sp, #8]	@ float
 520 0622 CDF80CE0 		str	lr, [sp, #12]	@ float
 521 0626 0497     		str	r7, [sp, #16]	@ float
 522 0628 0596     		str	r6, [sp, #20]	@ float
 523 062a 0695     		str	r5, [sp, #24]
 524 062c 0793     		str	r3, [sp, #28]	@ float
 525 062e 2346     		mov	r3, r4	@ float
 526 0630 FFF7FEFF 		bl	MargAHRSupdate
 527 0634 40F20003 		movw	r3, #:lower16:magDataUpdate
 528 0638 C0F20003 		movt	r3, #:upper16:magDataUpdate
 529 063c 4FF00002 		mov	r2, #0
 530 0640 1A70     		strb	r2, [r3, #0]
 531 0642 40F20003 		movw	r3, #:lower16:dt500Hz
 532 0646 C0F20003 		movt	r3, #:upper16:dt500Hz
 533 064a 1B68     		ldr	r3, [r3, #0]	@ float
 534 064c 1846     		mov	r0, r3	@ float
 535 064e FFF7FEFF 		bl	computeAxisCommands
 536 0652 FFF7FEFF 		bl	mixTable
 537 0656 FFF7FEFF 		bl	writeServos
 538 065a FFF7FEFF 		bl	writeMotors
 539 065e FFF7FEFF 		bl	micros
 540 0662 0246     		mov	r2, r0
 541 0664 099B     		ldr	r3, [sp, #36]
 542 0666 D21A     		subs	r2, r2, r3
 543 0668 40F20003 		movw	r3, #:lower16:executionTime500Hz
 544 066c C0F20003 		movt	r3, #:upper16:executionTime500Hz
 545 0670 1A60     		str	r2, [r3, #0]
 546              	.L15:
 547 0672 40F20003 		movw	r3, #:lower16:frame_100Hz
 548 0676 C0F20003 		movt	r3, #:upper16:frame_100Hz
 549 067a 1B78     		ldrb	r3, [r3, #0]	@ zero_extendqisi2
 550 067c 002B     		cmp	r3, #0
 551 067e 00F0E882 		beq	.L16
 552 0682 40F20003 		movw	r3, #:lower16:frame_100Hz
 553 0686 C0F20003 		movt	r3, #:upper16:frame_100Hz
 554 068a 4FF00002 		mov	r2, #0
 555 068e 1A70     		strb	r2, [r3, #0]
 556 0690 FFF7FEFF 		bl	micros
 557 0694 0990     		str	r0, [sp, #36]
 558 0696 40F20003 		movw	r3, #:lower16:previous100HzTime
 559 069a C0F20003 		movt	r3, #:upper16:previous100HzTime
 560 069e 1B68     		ldr	r3, [r3, #0]
 561 06a0 099A     		ldr	r2, [sp, #36]
 562 06a2 D21A     		subs	r2, r2, r3
 563 06a4 40F20003 		movw	r3, #:lower16:deltaTime100Hz
 564 06a8 C0F20003 		movt	r3, #:upper16:deltaTime100Hz
 565 06ac 1A60     		str	r2, [r3, #0]
 566 06ae 40F20003 		movw	r3, #:lower16:previous100HzTime
 567 06b2 C0F20003 		movt	r3, #:upper16:previous100HzTime
 568 06b6 099A     		ldr	r2, [sp, #36]
 569 06b8 1A60     		str	r2, [r3, #0]
 570 06ba 4FF49040 		mov	r0, #18432
 571 06be C4F20100 		movt	r0, 16385
 572 06c2 4FF00001 		mov	r1, #0
 573 06c6 FFF7FEFF 		bl	TIM_Cmd
 574 06ca 4FF49040 		mov	r0, #18432
 575 06ce C4F20100 		movt	r0, 16385
 576 06d2 FFF7FEFF 		bl	TIM_GetCounter
 577 06d6 0346     		mov	r3, r0
 578 06d8 9AB2     		uxth	r2, r3
 579 06da 40F20003 		movw	r3, #:lower16:timerValue
 580 06de C0F20003 		movt	r3, #:upper16:timerValue
 581 06e2 1A80     		strh	r2, [r3, #0]	@ movhi
 582 06e4 4FF49040 		mov	r0, #18432
 583 06e8 C4F20100 		movt	r0, 16385
 584 06ec 4FF00001 		mov	r1, #0
 585 06f0 FFF7FEFF 		bl	TIM_SetCounter
 586 06f4 4FF49040 		mov	r0, #18432
 587 06f8 C4F20100 		movt	r0, 16385
 588 06fc 4FF00101 		mov	r1, #1
 589 0700 FFF7FEFF 		bl	TIM_Cmd
 590 0704 40F20003 		movw	r3, #:lower16:timerValue
 591 0708 C0F20003 		movt	r3, #:upper16:timerValue
 592 070c 1B88     		ldrh	r3, [r3, #0]
 593 070e 07EE903A 		fmsr	s15, r3	@ int
 594 0712 B8EE677A 		fuitos	s14, s15
 595 0716 DFEDCC7A 		flds	s15, .L34
 596 071a 67EE277A 		fmuls	s15, s14, s15
 597 071e 40F20003 		movw	r3, #:lower16:dt100Hz
 598 0722 C0F20003 		movt	r3, #:upper16:dt100Hz
 599 0726 C3ED007A 		fsts	s15, [r3, #0]
 600 072a 40F20003 		movw	r3, #:lower16:accelSummedSamples100Hz
 601 072e C0F20003 		movt	r3, #:upper16:accelSummedSamples100Hz
 602 0732 1B68     		ldr	r3, [r3, #0]
 603 0734 07EE903A 		fmsr	s15, r3	@ int
 604 0738 B8EEE77A 		fsitos	s14, s15
 605 073c F2EE047A 		fconsts	s15, #36
 606 0740 C7EE277A 		fdivs	s15, s14, s15
 607 0744 40F20003 		movw	r3, #:lower16:accelTCBias
 608 0748 C0F20003 		movt	r3, #:upper16:accelTCBias
 609 074c 93ED007A 		flds	s14, [r3, #0]
 610 0750 37EEC77A 		fsubs	s14, s15, s14
 611 0754 DFEDBD7A 		flds	s15, .L34+4
 612 0758 67EE277A 		fmuls	s15, s14, s15
 613 075c 40F20003 		movw	r3, #:lower16:sensors
 614 0760 C0F20003 		movt	r3, #:upper16:sensors
 615 0764 C3ED037A 		fsts	s15, [r3, #12]
 616 0768 40F20003 		movw	r3, #:lower16:accelSummedSamples100Hz
 617 076c C0F20003 		movt	r3, #:upper16:accelSummedSamples100Hz
 618 0770 5B68     		ldr	r3, [r3, #4]
 619 0772 07EE903A 		fmsr	s15, r3	@ int
 620 0776 B8EEE77A 		fsitos	s14, s15
 621 077a F2EE047A 		fconsts	s15, #36
 622 077e C7EE277A 		fdivs	s15, s14, s15
 623 0782 40F20003 		movw	r3, #:lower16:accelTCBias
 624 0786 C0F20003 		movt	r3, #:upper16:accelTCBias
 625 078a 93ED017A 		flds	s14, [r3, #4]
 626 078e 77EEC77A 		fsubs	s15, s15, s14
 627 0792 B1EE677A 		fnegs	s14, s15
 628 0796 DFEDAD7A 		flds	s15, .L34+4
 629 079a 67EE277A 		fmuls	s15, s14, s15
 630 079e 40F20003 		movw	r3, #:lower16:sensors
 631 07a2 C0F20003 		movt	r3, #:upper16:sensors
 632 07a6 C3ED047A 		fsts	s15, [r3, #16]
 633 07aa 40F20003 		movw	r3, #:lower16:accelSummedSamples100Hz
 634 07ae C0F20003 		movt	r3, #:upper16:accelSummedSamples100Hz
 635 07b2 9B68     		ldr	r3, [r3, #8]
 636 07b4 07EE903A 		fmsr	s15, r3	@ int
 637 07b8 B8EEE77A 		fsitos	s14, s15
 638 07bc F2EE047A 		fconsts	s15, #36
 639 07c0 C7EE277A 		fdivs	s15, s14, s15
 640 07c4 40F20003 		movw	r3, #:lower16:accelTCBias
 641 07c8 C0F20003 		movt	r3, #:upper16:accelTCBias
 642 07cc 93ED027A 		flds	s14, [r3, #8]
 643 07d0 77EEC77A 		fsubs	s15, s15, s14
 644 07d4 B1EE677A 		fnegs	s14, s15
 645 07d8 DFED9C7A 		flds	s15, .L34+4
 646 07dc 67EE277A 		fmuls	s15, s14, s15
 647 07e0 40F20003 		movw	r3, #:lower16:sensors
 648 07e4 C0F20003 		movt	r3, #:upper16:sensors
 649 07e8 C3ED057A 		fsts	s15, [r3, #20]
 650 07ec FFF7FEFF 		bl	createRotationMatrix
 651 07f0 FFF7FEFF 		bl	bodyAccelToEarthAccel
 652 07f4 40F20003 		movw	r3, #:lower16:dt100Hz
 653 07f8 C0F20003 		movt	r3, #:upper16:dt100Hz
 654 07fc 1B68     		ldr	r3, [r3, #0]	@ float
 655 07fe 1846     		mov	r0, r3	@ float
 656 0800 FFF7FEFF 		bl	vertCompFilter
 657 0804 40F20003 		movw	r3, #:lower16:highSpeedTelem1Enabled
 658 0808 C0F20003 		movt	r3, #:upper16:highSpeedTelem1Enabled
 659 080c 1B78     		ldrb	r3, [r3, #0]	@ zero_extendqisi2
 660 080e 012B     		cmp	r3, #1
 661 0810 47D1     		bne	.L17
 662 0812 40F20003 		movw	r3, #:lower16:sensors
 663 0816 C0F20003 		movt	r3, #:upper16:sensors
 664 081a 1B68     		ldr	r3, [r3, #0]	@ float
 665 081c 1846     		mov	r0, r3	@ float
 666 081e 40F20001 		movw	r1, #:lower16:numberString
 667 0822 C0F20001 		movt	r1, #:upper16:numberString
 668 0826 FFF7FEFF 		bl	ftoa
 669 082a 40F20000 		movw	r0, #:lower16:numberString
 670 082e C0F20000 		movt	r0, #:upper16:numberString
 671 0832 FFF7FEFF 		bl	telemetryPrint
 672 0836 40F20000 		movw	r0, #:lower16:.LC0
 673 083a C0F20000 		movt	r0, #:upper16:.LC0
 674 083e FFF7FEFF 		bl	telemetryPrint
 675 0842 40F20003 		movw	r3, #:lower16:sensors
 676 0846 C0F20003 		movt	r3, #:upper16:sensors
 677 084a 5B68     		ldr	r3, [r3, #4]	@ float
 678 084c 1846     		mov	r0, r3	@ float
 679 084e 40F20001 		movw	r1, #:lower16:numberString
 680 0852 C0F20001 		movt	r1, #:upper16:numberString
 681 0856 FFF7FEFF 		bl	ftoa
 682 085a 40F20000 		movw	r0, #:lower16:numberString
 683 085e C0F20000 		movt	r0, #:upper16:numberString
 684 0862 FFF7FEFF 		bl	telemetryPrint
 685 0866 40F20000 		movw	r0, #:lower16:.LC0
 686 086a C0F20000 		movt	r0, #:upper16:.LC0
 687 086e FFF7FEFF 		bl	telemetryPrint
 688 0872 40F20003 		movw	r3, #:lower16:sensors
 689 0876 C0F20003 		movt	r3, #:upper16:sensors
 690 087a 9B68     		ldr	r3, [r3, #8]	@ float
 691 087c 1846     		mov	r0, r3	@ float
 692 087e 40F20001 		movw	r1, #:lower16:numberString
 693 0882 C0F20001 		movt	r1, #:upper16:numberString
 694 0886 FFF7FEFF 		bl	ftoa
 695 088a 40F20000 		movw	r0, #:lower16:numberString
 696 088e C0F20000 		movt	r0, #:upper16:numberString
 697 0892 FFF7FEFF 		bl	telemetryPrint
 698 0896 40F20000 		movw	r0, #:lower16:.LC1
 699 089a C0F20000 		movt	r0, #:upper16:.LC1
 700 089e FFF7FEFF 		bl	telemetryPrint
 701              	.L17:
 702 08a2 40F20003 		movw	r3, #:lower16:highSpeedTelem2Enabled
 703 08a6 C0F20003 		movt	r3, #:upper16:highSpeedTelem2Enabled
 704 08aa 1B78     		ldrb	r3, [r3, #0]	@ zero_extendqisi2
 705 08ac 012B     		cmp	r3, #1
 706 08ae 47D1     		bne	.L18
 707 08b0 40F20003 		movw	r3, #:lower16:sensors
 708 08b4 C0F20003 		movt	r3, #:upper16:sensors
 709 08b8 5B6A     		ldr	r3, [r3, #36]	@ float
 710 08ba 1846     		mov	r0, r3	@ float
 711 08bc 40F20001 		movw	r1, #:lower16:numberString
 712 08c0 C0F20001 		movt	r1, #:upper16:numberString
 713 08c4 FFF7FEFF 		bl	ftoa
 714 08c8 40F20000 		movw	r0, #:lower16:numberString
 715 08cc C0F20000 		movt	r0, #:upper16:numberString
 716 08d0 FFF7FEFF 		bl	telemetryPrint
 717 08d4 40F20000 		movw	r0, #:lower16:.LC0
 718 08d8 C0F20000 		movt	r0, #:upper16:.LC0
 719 08dc FFF7FEFF 		bl	telemetryPrint
 720 08e0 40F20003 		movw	r3, #:lower16:sensors
 721 08e4 C0F20003 		movt	r3, #:upper16:sensors
 722 08e8 9B6A     		ldr	r3, [r3, #40]	@ float
 723 08ea 1846     		mov	r0, r3	@ float
 724 08ec 40F20001 		movw	r1, #:lower16:numberString
 725 08f0 C0F20001 		movt	r1, #:upper16:numberString
 726 08f4 FFF7FEFF 		bl	ftoa
 727 08f8 40F20000 		movw	r0, #:lower16:numberString
 728 08fc C0F20000 		movt	r0, #:upper16:numberString
 729 0900 FFF7FEFF 		bl	telemetryPrint
 730 0904 40F20000 		movw	r0, #:lower16:.LC0
 731 0908 C0F20000 		movt	r0, #:upper16:.LC0
 732 090c FFF7FEFF 		bl	telemetryPrint
 733 0910 40F20003 		movw	r3, #:lower16:sensors
 734 0914 C0F20003 		movt	r3, #:upper16:sensors
 735 0918 DB6A     		ldr	r3, [r3, #44]	@ float
 736 091a 1846     		mov	r0, r3	@ float
 737 091c 40F20001 		movw	r1, #:lower16:numberString
 738 0920 C0F20001 		movt	r1, #:upper16:numberString
 739 0924 FFF7FEFF 		bl	ftoa
 740 0928 40F20000 		movw	r0, #:lower16:numberString
 741 092c C0F20000 		movt	r0, #:upper16:numberString
 742 0930 FFF7FEFF 		bl	telemetryPrint
 743 0934 40F20000 		movw	r0, #:lower16:.LC1
 744 0938 C0F20000 		movt	r0, #:upper16:.LC1
 745 093c FFF7FEFF 		bl	telemetryPrint
 746              	.L18:
 747 0940 40F20003 		movw	r3, #:lower16:highSpeedTelem3Enabled
 748 0944 C0F20003 		movt	r3, #:upper16:highSpeedTelem3Enabled
 749 0948 1B78     		ldrb	r3, [r3, #0]	@ zero_extendqisi2
 750 094a 012B     		cmp	r3, #1
 751 094c 39D1     		bne	.L19
 752 094e 40F20003 		movw	r3, #:lower16:sensors
 753 0952 C0F20003 		movt	r3, #:upper16:sensors
 754 0956 5B6A     		ldr	r3, [r3, #36]	@ float
 755 0958 1846     		mov	r0, r3	@ float
 756 095a 40F20001 		movw	r1, #:lower16:numberString
 757 095e C0F20001 		movt	r1, #:upper16:numberString
 758 0962 FFF7FEFF 		bl	ftoa
 759 0966 40F20000 		movw	r0, #:lower16:numberString
 760 096a C0F20000 		movt	r0, #:upper16:numberString
 761 096e FFF7FEFF 		bl	telemetryPrint
 762 0972 40F20000 		movw	r0, #:lower16:.LC0
 763 0976 C0F20000 		movt	r0, #:upper16:.LC0
 764 097a FFF7FEFF 		bl	telemetryPrint
 765 097e 40F20003 		movw	r3, #:lower16:rxCommand
 766 0982 C0F20003 		movt	r3, #:upper16:rxCommand
 767 0986 93ED007A 		flds	s14, [r3, #0]
 768 098a 40F20003 		movw	r3, #:lower16:eepromConfig
 769 098e C0F20003 		movt	r3, #:upper16:eepromConfig
 770 0992 D3ED187A 		flds	s15, [r3, #96]
 771 0996 67EE277A 		fmuls	s15, s14, s15
 772 099a 17EE900A 		fmrs	r0, s15
 773 099e 40F20001 		movw	r1, #:lower16:numberString
 774 09a2 C0F20001 		movt	r1, #:upper16:numberString
 775 09a6 FFF7FEFF 		bl	ftoa
 776 09aa 40F20000 		movw	r0, #:lower16:numberString
 777 09ae C0F20000 		movt	r0, #:upper16:numberString
 778 09b2 FFF7FEFF 		bl	telemetryPrint
 779 09b6 40F20000 		movw	r0, #:lower16:.LC1
 780 09ba C0F20000 		movt	r0, #:upper16:.LC1
 781 09be FFF7FEFF 		bl	telemetryPrint
 782              	.L19:
 783 09c2 40F20003 		movw	r3, #:lower16:highSpeedTelem4Enabled
 784 09c6 C0F20003 		movt	r3, #:upper16:highSpeedTelem4Enabled
 785 09ca 1B78     		ldrb	r3, [r3, #0]	@ zero_extendqisi2
 786 09cc 012B     		cmp	r3, #1
 787 09ce 3FD1     		bne	.L20
 788 09d0 40F20003 		movw	r3, #:lower16:sensors
 789 09d4 C0F20003 		movt	r3, #:upper16:sensors
 790 09d8 9B6A     		ldr	r3, [r3, #40]	@ float
 791 09da 1846     		mov	r0, r3	@ float
 792 09dc 40F20001 		movw	r1, #:lower16:numberString
 793 09e0 C0F20001 		movt	r1, #:upper16:numberString
 794 09e4 FFF7FEFF 		bl	ftoa
 795 09e8 40F20000 		movw	r0, #:lower16:numberString
 796 09ec C0F20000 		movt	r0, #:upper16:numberString
 797 09f0 FFF7FEFF 		bl	telemetryPrint
 798 09f4 40F20000 		movw	r0, #:lower16:.LC0
 799 09f8 C0F20000 		movt	r0, #:upper16:.LC0
 800 09fc FFF7FEFF 		bl	telemetryPrint
 801 0a00 40F20003 		movw	r3, #:lower16:rxCommand
 802 0a04 C0F20003 		movt	r3, #:upper16:rxCommand
 803 0a08 93ED017A 		flds	s14, [r3, #4]
 804 0a0c 40F20003 		movw	r3, #:lower16:eepromConfig
 805 0a10 C0F20003 		movt	r3, #:upper16:eepromConfig
 806 0a14 D3ED187A 		flds	s15, [r3, #96]
 807 0a18 67EE277A 		fmuls	s15, s14, s15
 808 0a1c 17EE900A 		fmrs	r0, s15
 809 0a20 40F20001 		movw	r1, #:lower16:numberString
 810 0a24 C0F20001 		movt	r1, #:upper16:numberString
 811 0a28 FFF7FEFF 		bl	ftoa
 812 0a2c 40F20000 		movw	r0, #:lower16:numberString
 813 0a30 C0F20000 		movt	r0, #:upper16:numberString
 814 0a34 FFF7FEFF 		bl	telemetryPrint
 815 0a38 40F20000 		movw	r0, #:lower16:.LC1
 816 0a3c C0F20000 		movt	r0, #:upper16:.LC1
 817 0a40 FFF7FEFF 		bl	telemetryPrint
 818 0a44 04E0     		b	.L35
 819              	.L36:
 820 0a46 00BF     		.align	2
 821              	.L34:
 822 0a48 BD370635 		.word	889599933
 823 0a4c 57E79C3A 		.word	983361367
 824              	.L35:
 825              	.L20:
 826 0a50 40F20003 		movw	r3, #:lower16:highSpeedTelem5Enabled
 827 0a54 C0F20003 		movt	r3, #:upper16:highSpeedTelem5Enabled
 828 0a58 1B78     		ldrb	r3, [r3, #0]	@ zero_extendqisi2
 829 0a5a 012B     		cmp	r3, #1
 830 0a5c 39D1     		bne	.L21
 831 0a5e 40F20003 		movw	r3, #:lower16:sensors
 832 0a62 C0F20003 		movt	r3, #:upper16:sensors
 833 0a66 DB6A     		ldr	r3, [r3, #44]	@ float
 834 0a68 1846     		mov	r0, r3	@ float
 835 0a6a 40F20001 		movw	r1, #:lower16:numberString
 836 0a6e C0F20001 		movt	r1, #:upper16:numberString
 837 0a72 FFF7FEFF 		bl	ftoa
 838 0a76 40F20000 		movw	r0, #:lower16:numberString
 839 0a7a C0F20000 		movt	r0, #:upper16:numberString
 840 0a7e FFF7FEFF 		bl	telemetryPrint
 841 0a82 40F20000 		movw	r0, #:lower16:.LC0
 842 0a86 C0F20000 		movt	r0, #:upper16:.LC0
 843 0a8a FFF7FEFF 		bl	telemetryPrint
 844 0a8e 40F20003 		movw	r3, #:lower16:rxCommand
 845 0a92 C0F20003 		movt	r3, #:upper16:rxCommand
 846 0a96 93ED027A 		flds	s14, [r3, #8]
 847 0a9a 40F20003 		movw	r3, #:lower16:eepromConfig
 848 0a9e C0F20003 		movt	r3, #:upper16:eepromConfig
 849 0aa2 D3ED187A 		flds	s15, [r3, #96]
 850 0aa6 67EE277A 		fmuls	s15, s14, s15
 851 0aaa 17EE900A 		fmrs	r0, s15
 852 0aae 40F20001 		movw	r1, #:lower16:numberString
 853 0ab2 C0F20001 		movt	r1, #:upper16:numberString
 854 0ab6 FFF7FEFF 		bl	ftoa
 855 0aba 40F20000 		movw	r0, #:lower16:numberString
 856 0abe C0F20000 		movt	r0, #:upper16:numberString
 857 0ac2 FFF7FEFF 		bl	telemetryPrint
 858 0ac6 40F20000 		movw	r0, #:lower16:.LC1
 859 0aca C0F20000 		movt	r0, #:upper16:.LC1
 860 0ace FFF7FEFF 		bl	telemetryPrint
 861              	.L21:
 862 0ad2 40F20003 		movw	r3, #:lower16:highSpeedTelem6Enabled
 863 0ad6 C0F20003 		movt	r3, #:upper16:highSpeedTelem6Enabled
 864 0ada 1B78     		ldrb	r3, [r3, #0]	@ zero_extendqisi2
 865 0adc 012B     		cmp	r3, #1
 866 0ade 47D1     		bne	.L22
 867 0ae0 40F20003 		movw	r3, #:lower16:sensors
 868 0ae4 C0F20003 		movt	r3, #:upper16:sensors
 869 0ae8 9B69     		ldr	r3, [r3, #24]	@ float
 870 0aea 1846     		mov	r0, r3	@ float
 871 0aec 40F20001 		movw	r1, #:lower16:numberString
 872 0af0 C0F20001 		movt	r1, #:upper16:numberString
 873 0af4 FFF7FEFF 		bl	ftoa
 874 0af8 40F20000 		movw	r0, #:lower16:numberString
 875 0afc C0F20000 		movt	r0, #:upper16:numberString
 876 0b00 FFF7FEFF 		bl	telemetryPrint
 877 0b04 40F20000 		movw	r0, #:lower16:.LC0
 878 0b08 C0F20000 		movt	r0, #:upper16:.LC0
 879 0b0c FFF7FEFF 		bl	telemetryPrint
 880 0b10 40F20003 		movw	r3, #:lower16:sensors
 881 0b14 C0F20003 		movt	r3, #:upper16:sensors
 882 0b18 DB69     		ldr	r3, [r3, #28]	@ float
 883 0b1a 1846     		mov	r0, r3	@ float
 884 0b1c 40F20001 		movw	r1, #:lower16:numberString
 885 0b20 C0F20001 		movt	r1, #:upper16:numberString
 886 0b24 FFF7FEFF 		bl	ftoa
 887 0b28 40F20000 		movw	r0, #:lower16:numberString
 888 0b2c C0F20000 		movt	r0, #:upper16:numberString
 889 0b30 FFF7FEFF 		bl	telemetryPrint
 890 0b34 40F20000 		movw	r0, #:lower16:.LC0
 891 0b38 C0F20000 		movt	r0, #:upper16:.LC0
 892 0b3c FFF7FEFF 		bl	telemetryPrint
 893 0b40 40F20003 		movw	r3, #:lower16:sensors
 894 0b44 C0F20003 		movt	r3, #:upper16:sensors
 895 0b48 1B6A     		ldr	r3, [r3, #32]	@ float
 896 0b4a 1846     		mov	r0, r3	@ float
 897 0b4c 40F20001 		movw	r1, #:lower16:numberString
 898 0b50 C0F20001 		movt	r1, #:upper16:numberString
 899 0b54 FFF7FEFF 		bl	ftoa
 900 0b58 40F20000 		movw	r0, #:lower16:numberString
 901 0b5c C0F20000 		movt	r0, #:upper16:numberString
 902 0b60 FFF7FEFF 		bl	telemetryPrint
 903 0b64 40F20000 		movw	r0, #:lower16:.LC1
 904 0b68 C0F20000 		movt	r0, #:upper16:.LC1
 905 0b6c FFF7FEFF 		bl	telemetryPrint
 906              	.L22:
 907 0b70 40F20003 		movw	r3, #:lower16:highSpeedTelem7Enabled
 908 0b74 C0F20003 		movt	r3, #:upper16:highSpeedTelem7Enabled
 909 0b78 1B78     		ldrb	r3, [r3, #0]	@ zero_extendqisi2
 910 0b7a 012B     		cmp	r3, #1
 911 0b7c 5FD1     		bne	.L23
 912 0b7e 40F20003 		movw	r3, #:lower16:earthAxisAccels
 913 0b82 C0F20003 		movt	r3, #:upper16:earthAxisAccels
 914 0b86 9B68     		ldr	r3, [r3, #8]	@ float
 915 0b88 1846     		mov	r0, r3	@ float
 916 0b8a 40F20001 		movw	r1, #:lower16:numberString
 917 0b8e C0F20001 		movt	r1, #:upper16:numberString
 918 0b92 FFF7FEFF 		bl	ftoa
 919 0b96 40F20000 		movw	r0, #:lower16:numberString
 920 0b9a C0F20000 		movt	r0, #:upper16:numberString
 921 0b9e FFF7FEFF 		bl	telemetryPrint
 922 0ba2 40F20000 		movw	r0, #:lower16:.LC0
 923 0ba6 C0F20000 		movt	r0, #:upper16:.LC0
 924 0baa FFF7FEFF 		bl	telemetryPrint
 925 0bae 40F20003 		movw	r3, #:lower16:sensors
 926 0bb2 C0F20003 		movt	r3, #:upper16:sensors
 927 0bb6 DB6B     		ldr	r3, [r3, #60]	@ float
 928 0bb8 1846     		mov	r0, r3	@ float
 929 0bba 40F20001 		movw	r1, #:lower16:numberString
 930 0bbe C0F20001 		movt	r1, #:upper16:numberString
 931 0bc2 FFF7FEFF 		bl	ftoa
 932 0bc6 40F20000 		movw	r0, #:lower16:numberString
 933 0bca C0F20000 		movt	r0, #:upper16:numberString
 934 0bce FFF7FEFF 		bl	telemetryPrint
 935 0bd2 40F20000 		movw	r0, #:lower16:.LC0
 936 0bd6 C0F20000 		movt	r0, #:upper16:.LC0
 937 0bda FFF7FEFF 		bl	telemetryPrint
 938 0bde 40F20003 		movw	r3, #:lower16:hDotEstimate
 939 0be2 C0F20003 		movt	r3, #:upper16:hDotEstimate
 940 0be6 1B68     		ldr	r3, [r3, #0]	@ float
 941 0be8 1846     		mov	r0, r3	@ float
 942 0bea 40F20001 		movw	r1, #:lower16:numberString
 943 0bee C0F20001 		movt	r1, #:upper16:numberString
 944 0bf2 FFF7FEFF 		bl	ftoa
 945 0bf6 40F20000 		movw	r0, #:lower16:numberString
 946 0bfa C0F20000 		movt	r0, #:upper16:numberString
 947 0bfe FFF7FEFF 		bl	telemetryPrint
 948 0c02 40F20000 		movw	r0, #:lower16:.LC2
 949 0c06 C0F20000 		movt	r0, #:upper16:.LC2
 950 0c0a FFF7FEFF 		bl	telemetryPrint
 951 0c0e 40F20003 		movw	r3, #:lower16:hEstimate
 952 0c12 C0F20003 		movt	r3, #:upper16:hEstimate
 953 0c16 1B68     		ldr	r3, [r3, #0]	@ float
 954 0c18 1846     		mov	r0, r3	@ float
 955 0c1a 40F20001 		movw	r1, #:lower16:numberString
 956 0c1e C0F20001 		movt	r1, #:upper16:numberString
 957 0c22 FFF7FEFF 		bl	ftoa
 958 0c26 40F20000 		movw	r0, #:lower16:numberString
 959 0c2a C0F20000 		movt	r0, #:upper16:numberString
 960 0c2e FFF7FEFF 		bl	telemetryPrint
 961 0c32 40F20000 		movw	r0, #:lower16:.LC1
 962 0c36 C0F20000 		movt	r0, #:upper16:.LC1
 963 0c3a FFF7FEFF 		bl	telemetryPrint
 964              	.L23:
 965 0c3e FFF7FEFF 		bl	micros
 966 0c42 0246     		mov	r2, r0
 967 0c44 099B     		ldr	r3, [sp, #36]
 968 0c46 D21A     		subs	r2, r2, r3
 969 0c48 40F20003 		movw	r3, #:lower16:executionTime100Hz
 970 0c4c C0F20003 		movt	r3, #:upper16:executionTime100Hz
 971 0c50 1A60     		str	r2, [r3, #0]
 972              	.L16:
 973 0c52 40F20003 		movw	r3, #:lower16:frame_5Hz
 974 0c56 C0F20003 		movt	r3, #:upper16:frame_5Hz
 975 0c5a 1B78     		ldrb	r3, [r3, #0]	@ zero_extendqisi2
 976 0c5c 002B     		cmp	r3, #0
 977 0c5e 34D0     		beq	.L24
 978 0c60 40F20003 		movw	r3, #:lower16:frame_5Hz
 979 0c64 C0F20003 		movt	r3, #:upper16:frame_5Hz
 980 0c68 4FF00002 		mov	r2, #0
 981 0c6c 1A70     		strb	r2, [r3, #0]
 982 0c6e FFF7FEFF 		bl	micros
 983 0c72 0990     		str	r0, [sp, #36]
 984 0c74 40F20003 		movw	r3, #:lower16:previous5HzTime
 985 0c78 C0F20003 		movt	r3, #:upper16:previous5HzTime
 986 0c7c 1B68     		ldr	r3, [r3, #0]
 987 0c7e 099A     		ldr	r2, [sp, #36]
 988 0c80 D21A     		subs	r2, r2, r3
 989 0c82 40F20003 		movw	r3, #:lower16:deltaTime5Hz
 990 0c86 C0F20003 		movt	r3, #:upper16:deltaTime5Hz
 991 0c8a 1A60     		str	r2, [r3, #0]
 992 0c8c 40F20003 		movw	r3, #:lower16:previous5HzTime
 993 0c90 C0F20003 		movt	r3, #:upper16:previous5HzTime
 994 0c94 099A     		ldr	r2, [sp, #36]
 995 0c96 1A60     		str	r2, [r3, #0]
 996 0c98 40F20003 		movw	r3, #:lower16:execUp
 997 0c9c C0F20003 		movt	r3, #:upper16:execUp
 998 0ca0 1B78     		ldrb	r3, [r3, #0]	@ zero_extendqisi2
 999 0ca2 012B     		cmp	r3, #1
 1000 0ca4 07D1     		bne	.L25
 1001 0ca6 4FF48050 		mov	r0, #4096
 1002 0caa C4F20200 		movt	r0, 16386
 1003 0cae 4FF02001 		mov	r1, #32
 1004 0cb2 FFF7FEFF 		bl	GPIO_ToggleBits
 1005              	.L25:
 1006 0cb6 FFF7FEFF 		bl	micros
 1007 0cba 0246     		mov	r2, r0
 1008 0cbc 099B     		ldr	r3, [sp, #36]
 1009 0cbe D21A     		subs	r2, r2, r3
 1010 0cc0 40F20003 		movw	r3, #:lower16:executionTime5Hz
 1011 0cc4 C0F20003 		movt	r3, #:upper16:executionTime5Hz
 1012 0cc8 1A60     		str	r2, [r3, #0]
 1013              	.L24:
 1014 0cca 40F20003 		movw	r3, #:lower16:frame_1Hz
 1015 0cce C0F20003 		movt	r3, #:upper16:frame_1Hz
 1016 0cd2 1B78     		ldrb	r3, [r3, #0]	@ zero_extendqisi2
 1017 0cd4 002B     		cmp	r3, #0
 1018 0cd6 3FF4A0A9 		beq	.L31
 1019 0cda 40F20003 		movw	r3, #:lower16:frame_1Hz
 1020 0cde C0F20003 		movt	r3, #:upper16:frame_1Hz
 1021 0ce2 4FF00002 		mov	r2, #0
 1022 0ce6 1A70     		strb	r2, [r3, #0]
 1023 0ce8 FFF7FEFF 		bl	micros
 1024 0cec 0990     		str	r0, [sp, #36]
 1025 0cee 40F20003 		movw	r3, #:lower16:previous1HzTime
 1026 0cf2 C0F20003 		movt	r3, #:upper16:previous1HzTime
 1027 0cf6 1B68     		ldr	r3, [r3, #0]
 1028 0cf8 099A     		ldr	r2, [sp, #36]
 1029 0cfa D21A     		subs	r2, r2, r3
 1030 0cfc 40F20003 		movw	r3, #:lower16:deltaTime1Hz
 1031 0d00 C0F20003 		movt	r3, #:upper16:deltaTime1Hz
 1032 0d04 1A60     		str	r2, [r3, #0]
 1033 0d06 40F20003 		movw	r3, #:lower16:previous1HzTime
 1034 0d0a C0F20003 		movt	r3, #:upper16:previous1HzTime
 1035 0d0e 099A     		ldr	r2, [sp, #36]
 1036 0d10 1A60     		str	r2, [r3, #0]
 1037 0d12 40F20003 		movw	r3, #:lower16:execUp
 1038 0d16 C0F20003 		movt	r3, #:upper16:execUp
 1039 0d1a 1B78     		ldrb	r3, [r3, #0]	@ zero_extendqisi2
 1040 0d1c 012B     		cmp	r3, #1
 1041 0d1e 07D1     		bne	.L27
 1042 0d20 4FF48050 		mov	r0, #4096
 1043 0d24 C4F20200 		movt	r0, 16386
 1044 0d28 4FF04001 		mov	r1, #64
 1045 0d2c FFF7FEFF 		bl	GPIO_ToggleBits
 1046              	.L27:
 1047 0d30 40F20003 		movw	r3, #:lower16:execUp
 1048 0d34 C0F20003 		movt	r3, #:upper16:execUp
 1049 0d38 1B78     		ldrb	r3, [r3, #0]	@ zero_extendqisi2
 1050 0d3a 002B     		cmp	r3, #0
 1051 0d3c 0CD1     		bne	.L28
 1052 0d3e 40F20003 		movw	r3, #:lower16:execUpCount
 1053 0d42 C0F20003 		movt	r3, #:upper16:execUpCount
 1054 0d46 1B78     		ldrb	r3, [r3, #0]	@ zero_extendqisi2
 1055 0d48 03F10103 		add	r3, r3, #1
 1056 0d4c DAB2     		uxtb	r2, r3
 1057 0d4e 40F20003 		movw	r3, #:lower16:execUpCount
 1058 0d52 C0F20003 		movt	r3, #:upper16:execUpCount
 1059 0d56 1A70     		strb	r2, [r3, #0]
 1060              	.L28:
 1061 0d58 40F20003 		movw	r3, #:lower16:execUpCount
 1062 0d5c C0F20003 		movt	r3, #:upper16:execUpCount
 1063 0d60 1B78     		ldrb	r3, [r3, #0]	@ zero_extendqisi2
 1064 0d62 052B     		cmp	r3, #5
 1065 0d64 06D1     		bne	.L29
 1066 0d66 40F20003 		movw	r3, #:lower16:execUp
 1067 0d6a C0F20003 		movt	r3, #:upper16:execUp
 1068 0d6e 4FF00102 		mov	r2, #1
 1069 0d72 1A70     		strb	r2, [r3, #0]
 1070              	.L29:
 1071 0d74 FFF7FEFF 		bl	micros
 1072 0d78 0246     		mov	r2, r0
 1073 0d7a 099B     		ldr	r3, [sp, #36]
 1074 0d7c D21A     		subs	r2, r2, r3
 1075 0d7e 40F20003 		movw	r3, #:lower16:executionTime1Hz
 1076 0d82 C0F20003 		movt	r3, #:upper16:executionTime1Hz
 1077 0d86 1A60     		str	r2, [r3, #0]
 1078 0d88 FFF747B9 		b	.L31
 1080              		.ident	"GCC: (Sourcery CodeBench Lite 2012.03-56) 4.6.3"
DEFINED SYMBOLS
                            *ABS*:00000000 main.c
                            *COM*:00000001 mtk19ProcessDataState
                            *COM*:00000001 nmeaProcessDataState
                            *COM*:00000001 ubloxProcessDataState
C:\Users\JOHNIH~1\AppData\Local\Temp\ccHxfBj2.s:24     .eeprom:00000000 eepromArray
C:\Users\JOHNIH~1\AppData\Local\Temp\ccHxfBj2.s:21     .eeprom:00000000 $d
                            *COM*:00000354 eepromConfig
C:\Users\JOHNIH~1\AppData\Local\Temp\ccHxfBj2.s:31     .bss:00000000 execUpCount
C:\Users\JOHNIH~1\AppData\Local\Temp\ccHxfBj2.s:32     .bss:00000000 $d
                            *COM*:00000064 sensors
                            *COM*:00000008 heading
                            *COM*:00000002 timerValue
                            *COM*:00000020 numberString
C:\Users\JOHNIH~1\AppData\Local\Temp\ccHxfBj2.s:38     .rodata:00000000 $d
C:\Users\JOHNIH~1\AppData\Local\Temp\ccHxfBj2.s:39     .rodata:00000000 .LC0
C:\Users\JOHNIH~1\AppData\Local\Temp\ccHxfBj2.s:42     .rodata:00000004 .LC1
C:\Users\JOHNIH~1\AppData\Local\Temp\ccHxfBj2.s:45     .rodata:00000008 .LC2
C:\Users\JOHNIH~1\AppData\Local\Temp\ccHxfBj2.s:48     .text:00000000 $t
C:\Users\JOHNIH~1\AppData\Local\Temp\ccHxfBj2.s:53     .text:00000000 main
C:\Users\JOHNIH~1\AppData\Local\Temp\ccHxfBj2.s:284    .text:000002d8 $d
C:\Users\JOHNIH~1\AppData\Local\Temp\ccHxfBj2.s:289    .text:000002e8 $t
C:\Users\JOHNIH~1\AppData\Local\Temp\ccHxfBj2.s:297    .text:000002f4 $d
C:\Users\JOHNIH~1\AppData\Local\Temp\ccHxfBj2.s:302    .text:00000304 $t
C:\Users\JOHNIH~1\AppData\Local\Temp\ccHxfBj2.s:822    .text:00000a48 $d
C:\Users\JOHNIH~1\AppData\Local\Temp\ccHxfBj2.s:826    .text:00000a50 $t

UNDEFINED SYMBOLS
systemInit
systemReady
frame_50Hz
micros
previous50HzTime
deltaTime50Hz
processFlightCommands
displayAltitude
flightMode
displayArtificialHorizon
displayAttitude
displayHeading
executionTime50Hz
frame_10Hz
previous10HzTime
deltaTime10Hz
newMagData
rawMag
magScaleFactor
magDataUpdate
d1Sum
d1Average
calculateTemperature
calculatePressureAltitude
pressureAltValid
decodeMediaTek3329BinaryMsg
decodeNMEAsentence
decodeUbloxMsg
cliCom
rfCom
executionTime10Hz
frame_500Hz
previous500HzTime
deltaTime500Hz
TIM_Cmd
TIM_GetCounter
TIM_SetCounter
dt500Hz
computeMPU6000TCBias
accelSummedSamples500Hz
accelTCBias
gyroSummedSamples500Hz
gyroRTBias
gyroTCBias
MargAHRSupdate
computeAxisCommands
mixTable
writeServos
writeMotors
executionTime500Hz
frame_100Hz
previous100HzTime
deltaTime100Hz
dt100Hz
accelSummedSamples100Hz
createRotationMatrix
bodyAccelToEarthAccel
vertCompFilter
highSpeedTelem1Enabled
ftoa
telemetryPrint
highSpeedTelem2Enabled
highSpeedTelem3Enabled
rxCommand
highSpeedTelem4Enabled
highSpeedTelem5Enabled
highSpeedTelem6Enabled
highSpeedTelem7Enabled
earthAxisAccels
hDotEstimate
hEstimate
executionTime100Hz
frame_5Hz
previous5HzTime
deltaTime5Hz
execUp
GPIO_ToggleBits
executionTime5Hz
frame_1Hz
previous1HzTime
deltaTime1Hz
executionTime1Hz
