   1              		.syntax unified
   2              		.cpu cortex-m4
   3              		.eabi_attribute 27, 3
   4              		.fpu fpv4-sp-d16
   5              		.eabi_attribute 20, 1
   6              		.eabi_attribute 21, 1
   7              		.eabi_attribute 23, 3
   8              		.eabi_attribute 24, 1
   9              		.eabi_attribute 25, 1
  10              		.eabi_attribute 26, 1
  11              		.eabi_attribute 30, 6
  12              		.eabi_attribute 34, 1
  13              		.eabi_attribute 18, 4
  14              		.thumb
  15              		.file	"drv_usb.c"
  16              		.comm	mtk19ProcessDataState,1,1
  17              		.comm	nmeaProcessDataState,1,1
  18              		.comm	ubloxProcessDataState,1,1
  19              		.global	usbDeviceConfigured
  20              		.bss
  23              	usbDeviceConfigured:
  24 0000 00       		.space	1
  25              		.comm	USB_OTG_dev,1520,4
  26              		.text
  27              		.align	2
  28              		.global	usbInit
  29              		.thumb
  30              		.thumb_func
  32              	usbInit:
  33              		@ args = 0, pretend = 0, frame = 8
  34              		@ frame_needed = 0, uses_anonymous_args = 0
  35 0000 00B5     		push	{lr}
  36 0002 85B0     		sub	sp, sp, #20
  37 0004 02AB     		add	r3, sp, #8
  38 0006 1846     		mov	r0, r3
  39 0008 FFF7FEFF 		bl	GPIO_StructInit
  40 000c 4FF00800 		mov	r0, #8
  41 0010 4FF00101 		mov	r1, #1
  42 0014 FFF7FEFF 		bl	RCC_AHB1PeriphClockCmd
  43 0018 4FF40063 		mov	r3, #2048
  44 001c 0293     		str	r3, [sp, #8]
  45 001e 4FF00103 		mov	r3, #1
  46 0022 8DF80C30 		strb	r3, [sp, #12]
  47 0026 4FF00203 		mov	r3, #2
  48 002a 8DF80D30 		strb	r3, [sp, #13]
  49 002e 4FF00103 		mov	r3, #1
  50 0032 8DF80E30 		strb	r3, [sp, #14]
  51 0036 4FF44060 		mov	r0, #3072
  52 003a C4F20200 		movt	r0, 16386
  53 003e 02AB     		add	r3, sp, #8
  54 0040 1946     		mov	r1, r3
  55 0042 FFF7FEFF 		bl	GPIO_Init
  56 0046 4FF44060 		mov	r0, #3072
  57 004a C4F20200 		movt	r0, 16386
  58 004e 4FF40061 		mov	r1, #2048
  59 0052 FFF7FEFF 		bl	GPIO_ResetBits
  60 0056 4FF0C800 		mov	r0, #200
  61 005a FFF7FEFF 		bl	delay
  62 005e 4FF44060 		mov	r0, #3072
  63 0062 C4F20200 		movt	r0, 16386
  64 0066 4FF40061 		mov	r1, #2048
  65 006a FFF7FEFF 		bl	GPIO_SetBits
  66 006e 40F20003 		movw	r3, #:lower16:USR_cb
  67 0072 C0F20003 		movt	r3, #:upper16:USR_cb
  68 0076 0093     		str	r3, [sp, #0]
  69 0078 40F20000 		movw	r0, #:lower16:USB_OTG_dev
  70 007c C0F20000 		movt	r0, #:upper16:USB_OTG_dev
  71 0080 4FF00101 		mov	r1, #1
  72 0084 40F20002 		movw	r2, #:lower16:USR_desc
  73 0088 C0F20002 		movt	r2, #:upper16:USR_desc
  74 008c 40F20003 		movw	r3, #:lower16:USBD_CDC_cb
  75 0090 C0F20003 		movt	r3, #:upper16:USBD_CDC_cb
  76 0094 FFF7FEFF 		bl	USBD_Init
  77 0098 05B0     		add	sp, sp, #20
  78 009a 00BD     		pop	{pc}
  80              		.align	2
  81              		.global	usbAvailable
  82              		.thumb
  83              		.thumb_func
  85              	usbAvailable:
  86              		@ args = 0, pretend = 0, frame = 0
  87              		@ frame_needed = 0, uses_anonymous_args = 0
  88 009c 08B5     		push	{r3, lr}
  89 009e FFF7FEFF 		bl	cdc_RX_IsCharReady
  90 00a2 0346     		mov	r3, r0
  91 00a4 B3F1FF3F 		cmp	r3, #-1
  92 00a8 02D1     		bne	.L3
  93 00aa 4FF00103 		mov	r3, #1
  94 00ae 01E0     		b	.L4
  95              	.L3:
  96 00b0 4FF00003 		mov	r3, #0
  97              	.L4:
  98 00b4 1846     		mov	r0, r3
  99 00b6 08BD     		pop	{r3, pc}
 101              		.align	2
 102              		.global	usbRead
 103              		.thumb
 104              		.thumb_func
 106              	usbRead:
 107              		@ args = 0, pretend = 0, frame = 0
 108              		@ frame_needed = 0, uses_anonymous_args = 0
 109 00b8 08B5     		push	{r3, lr}
 110 00ba 40F20003 		movw	r3, #:lower16:usbDeviceConfigured
 111 00be C0F20003 		movt	r3, #:upper16:usbDeviceConfigured
 112 00c2 1B78     		ldrb	r3, [r3, #0]	@ zero_extendqisi2
 113 00c4 012B     		cmp	r3, #1
 114 00c6 03D1     		bne	.L6
 115 00c8 FFF7FEFF 		bl	cdc_RX_GetChar
 116 00cc 0346     		mov	r3, r0
 117 00ce 01E0     		b	.L7
 118              	.L6:
 119 00d0 4FF00003 		mov	r3, #0
 120              	.L7:
 121 00d4 5BB2     		sxtb	r3, r3
 122 00d6 1846     		mov	r0, r3
 123 00d8 08BD     		pop	{r3, pc}
 125 00da 00BF     		.align	2
 126              		.global	usbPrint
 127              		.thumb
 128              		.thumb_func
 130              	usbPrint:
 131              		@ args = 0, pretend = 0, frame = 8
 132              		@ frame_needed = 0, uses_anonymous_args = 0
 133 00dc 00B5     		push	{lr}
 134 00de 83B0     		sub	sp, sp, #12
 135 00e0 0190     		str	r0, [sp, #4]
 136 00e2 40F20003 		movw	r3, #:lower16:usbDeviceConfigured
 137 00e6 C0F20003 		movt	r3, #:upper16:usbDeviceConfigured
 138 00ea 1B78     		ldrb	r3, [r3, #0]	@ zero_extendqisi2
 139 00ec 012B     		cmp	r3, #1
 140 00ee 07D1     		bne	.L8
 141 00f0 0198     		ldr	r0, [sp, #4]
 142 00f2 FFF7FEFF 		bl	strlen
 143 00f6 0346     		mov	r3, r0
 144 00f8 0198     		ldr	r0, [sp, #4]
 145 00fa 1946     		mov	r1, r3
 146 00fc FFF7FEFF 		bl	cdc_DataTx
 147              	.L8:
 148 0100 03B0     		add	sp, sp, #12
 149 0102 00BD     		pop	{pc}
 151              		.ident	"GCC: (Sourcery CodeBench Lite 2012.03-56) 4.6.3"
DEFINED SYMBOLS
                            *ABS*:00000000 drv_usb.c
                            *COM*:00000001 mtk19ProcessDataState
                            *COM*:00000001 nmeaProcessDataState
                            *COM*:00000001 ubloxProcessDataState
C:\Users\JOHNIH~1\AppData\Local\Temp\cciCxzIj.s:23     .bss:00000000 usbDeviceConfigured
C:\Users\JOHNIH~1\AppData\Local\Temp\cciCxzIj.s:24     .bss:00000000 $d
                            *COM*:000005f0 USB_OTG_dev
C:\Users\JOHNIH~1\AppData\Local\Temp\cciCxzIj.s:27     .text:00000000 $t
C:\Users\JOHNIH~1\AppData\Local\Temp\cciCxzIj.s:32     .text:00000000 usbInit
C:\Users\JOHNIH~1\AppData\Local\Temp\cciCxzIj.s:85     .text:0000009c usbAvailable
C:\Users\JOHNIH~1\AppData\Local\Temp\cciCxzIj.s:106    .text:000000b8 usbRead
C:\Users\JOHNIH~1\AppData\Local\Temp\cciCxzIj.s:130    .text:000000dc usbPrint

UNDEFINED SYMBOLS
GPIO_StructInit
RCC_AHB1PeriphClockCmd
GPIO_Init
GPIO_ResetBits
delay
GPIO_SetBits
USR_cb
USR_desc
USBD_CDC_cb
USBD_Init
cdc_RX_IsCharReady
cdc_RX_GetChar
strlen
cdc_DataTx
