   1              		.syntax unified
   2              		.cpu cortex-m4
   3              		.eabi_attribute 27, 3
   4              		.fpu fpv4-sp-d16
   5              		.eabi_attribute 20, 1
   6              		.eabi_attribute 21, 1
   7              		.eabi_attribute 23, 3
   8              		.eabi_attribute 24, 1
   9              		.eabi_attribute 25, 1
  10              		.eabi_attribute 26, 1
  11              		.eabi_attribute 30, 6
  12              		.eabi_attribute 34, 1
  13              		.eabi_attribute 18, 4
  14              		.thumb
  15              		.file	"drv_pwmServo.c"
  16              		.data
  17              		.align	2
  20              	OutputChannels:
  21 0000 3C0C0040 		.word	1073744956
  22 0004 380C0040 		.word	1073744952
  23 0008 340C0040 		.word	1073744948
  24              		.text
  25              		.align	2
  26              		.global	pwmServoInit
  27              		.thumb
  28              		.thumb_func
  30              	pwmServoInit:
  31              		@ args = 0, pretend = 0, frame = 48
  32              		@ frame_needed = 0, uses_anonymous_args = 0
  33 0000 00B5     		push	{lr}
  34 0002 8DB0     		sub	sp, sp, #52
  35 0004 0346     		mov	r3, r0
  36 0006 ADF80630 		strh	r3, [sp, #6]	@ movhi
  37 000a 0AAB     		add	r3, sp, #40
  38 000c 1846     		mov	r0, r3
  39 000e FFF7FEFF 		bl	GPIO_StructInit
  40 0012 07AB     		add	r3, sp, #28
  41 0014 1846     		mov	r0, r3
  42 0016 FFF7FEFF 		bl	TIM_TimeBaseStructInit
  43 001a 02AB     		add	r3, sp, #8
  44 001c 1846     		mov	r0, r3
  45 001e FFF7FEFF 		bl	TIM_OCStructInit
  46 0022 4FF00100 		mov	r0, #1
  47 0026 4FF00101 		mov	r1, #1
  48 002a FFF7FEFF 		bl	RCC_AHB1PeriphClockCmd
  49 002e 4FF00800 		mov	r0, #8
  50 0032 4FF00101 		mov	r1, #1
  51 0036 FFF7FEFF 		bl	RCC_APB1PeriphClockCmd
  52 003a 4FF00703 		mov	r3, #7
  53 003e 0A93     		str	r3, [sp, #40]
  54 0040 4FF00203 		mov	r3, #2
  55 0044 8DF82C30 		strb	r3, [sp, #44]
  56 0048 4FF00203 		mov	r3, #2
  57 004c 8DF82D30 		strb	r3, [sp, #45]
  58 0050 4FF00000 		mov	r0, #0
  59 0054 C4F20200 		movt	r0, 16386
  60 0058 0AAB     		add	r3, sp, #40
  61 005a 1946     		mov	r1, r3
  62 005c FFF7FEFF 		bl	GPIO_Init
  63 0060 4FF00000 		mov	r0, #0
  64 0064 C4F20200 		movt	r0, 16386
  65 0068 4FF00201 		mov	r1, #2
  66 006c 4FF00202 		mov	r2, #2
  67 0070 FFF7FEFF 		bl	GPIO_PinAFConfig
  68 0074 4FF00000 		mov	r0, #0
  69 0078 C4F20200 		movt	r0, 16386
  70 007c 4FF00101 		mov	r1, #1
  71 0080 4FF00202 		mov	r2, #2
  72 0084 FFF7FEFF 		bl	GPIO_PinAFConfig
  73 0088 4FF00000 		mov	r0, #0
  74 008c C4F20200 		movt	r0, 16386
  75 0090 4FF00001 		mov	r1, #0
  76 0094 4FF00202 		mov	r2, #2
  77 0098 FFF7FEFF 		bl	GPIO_PinAFConfig
  78 009c BDF80620 		ldrh	r2, [sp, #6]
  79 00a0 48F28043 		movw	r3, #33920
  80 00a4 C0F21E03 		movt	r3, 30
  81 00a8 93FBF2F3 		sdiv	r3, r3, r2
  82 00ac 9BB2     		uxth	r3, r3
  83 00ae 03F1FF33 		add	r3, r3, #-1
  84 00b2 0893     		str	r3, [sp, #32]
  85 00b4 4FF02903 		mov	r3, #41
  86 00b8 ADF81C30 		strh	r3, [sp, #28]	@ movhi
  87 00bc 4FF44060 		mov	r0, #3072
  88 00c0 C4F20000 		movt	r0, 16384
  89 00c4 07AB     		add	r3, sp, #28
  90 00c6 1946     		mov	r1, r3
  91 00c8 FFF7FEFF 		bl	TIM_TimeBaseInit
  92 00cc 4FF07003 		mov	r3, #112
  93 00d0 ADF80830 		strh	r3, [sp, #8]	@ movhi
  94 00d4 4FF00103 		mov	r3, #1
  95 00d8 ADF80A30 		strh	r3, [sp, #10]	@ movhi
  96 00dc 40F6B833 		movw	r3, #3000
  97 00e0 0493     		str	r3, [sp, #16]
  98 00e2 4FF00203 		mov	r3, #2
  99 00e6 ADF81430 		strh	r3, [sp, #20]	@ movhi
 100 00ea 4FF48073 		mov	r3, #256
 101 00ee ADF81830 		strh	r3, [sp, #24]	@ movhi
 102 00f2 4FF44060 		mov	r0, #3072
 103 00f6 C4F20000 		movt	r0, 16384
 104 00fa 02AB     		add	r3, sp, #8
 105 00fc 1946     		mov	r1, r3
 106 00fe FFF7FEFF 		bl	TIM_OC1Init
 107 0102 4FF44060 		mov	r0, #3072
 108 0106 C4F20000 		movt	r0, 16384
 109 010a 02AB     		add	r3, sp, #8
 110 010c 1946     		mov	r1, r3
 111 010e FFF7FEFF 		bl	TIM_OC2Init
 112 0112 4FF44060 		mov	r0, #3072
 113 0116 C4F20000 		movt	r0, 16384
 114 011a 4FF00101 		mov	r1, #1
 115 011e FFF7FEFF 		bl	TIM_Cmd
 116 0122 4FF44060 		mov	r0, #3072
 117 0126 C4F20000 		movt	r0, 16384
 118 012a 4FF00101 		mov	r1, #1
 119 012e FFF7FEFF 		bl	TIM_CtrlPWMOutputs
 120 0132 0DB0     		add	sp, sp, #52
 121 0134 00BD     		pop	{pc}
 123 0136 00BF     		.align	2
 124              		.global	pwmServoWrite
 125              		.thumb
 126              		.thumb_func
 128              	pwmServoWrite:
 129              		@ args = 0, pretend = 0, frame = 8
 130              		@ frame_needed = 0, uses_anonymous_args = 0
 131              		@ link register save eliminated.
 132 0138 82B0     		sub	sp, sp, #8
 133 013a 0246     		mov	r2, r0
 134 013c 0B46     		mov	r3, r1
 135 013e 8DF80720 		strb	r2, [sp, #7]
 136 0142 ADF80430 		strh	r3, [sp, #4]	@ movhi
 137 0146 9DF80720 		ldrb	r2, [sp, #7]	@ zero_extendqisi2
 138 014a 40F20003 		movw	r3, #:lower16:OutputChannels
 139 014e C0F20003 		movt	r3, #:upper16:OutputChannels
 140 0152 53F82230 		ldr	r3, [r3, r2, lsl #2]
 141 0156 BDF80420 		ldrh	r2, [sp, #4]
 142 015a 1A60     		str	r2, [r3, #0]
 143 015c 02B0     		add	sp, sp, #8
 144 015e 7047     		bx	lr
 146              		.ident	"GCC: (Sourcery CodeBench Lite 2012.03-56) 4.6.3"
DEFINED SYMBOLS
                            *ABS*:00000000 drv_pwmServo.c
C:\Users\JOHNIH~1\AppData\Local\Temp\ccW9eFgx.s:17     .data:00000000 $d
C:\Users\JOHNIH~1\AppData\Local\Temp\ccW9eFgx.s:20     .data:00000000 OutputChannels
C:\Users\JOHNIH~1\AppData\Local\Temp\ccW9eFgx.s:25     .text:00000000 $t
C:\Users\JOHNIH~1\AppData\Local\Temp\ccW9eFgx.s:30     .text:00000000 pwmServoInit
C:\Users\JOHNIH~1\AppData\Local\Temp\ccW9eFgx.s:128    .text:00000138 pwmServoWrite

UNDEFINED SYMBOLS
GPIO_StructInit
TIM_TimeBaseStructInit
TIM_OCStructInit
RCC_AHB1PeriphClockCmd
RCC_APB1PeriphClockCmd
GPIO_Init
GPIO_PinAFConfig
TIM_TimeBaseInit
TIM_OC1Init
TIM_OC2Init
TIM_Cmd
TIM_CtrlPWMOutputs
