   1              		.syntax unified
   2              		.cpu cortex-m4
   3              		.eabi_attribute 27, 3
   4              		.fpu fpv4-sp-d16
   5              		.eabi_attribute 20, 1
   6              		.eabi_attribute 21, 1
   7              		.eabi_attribute 23, 3
   8              		.eabi_attribute 24, 1
   9              		.eabi_attribute 25, 1
  10              		.eabi_attribute 26, 1
  11              		.eabi_attribute 30, 6
  12              		.eabi_attribute 34, 1
  13              		.eabi_attribute 18, 4
  14              		.thumb
  15              		.file	"drv_delays.c"
  16              		.text
  17              		.align	2
  18              		.global	delayTimerInit
  19              		.thumb
  20              		.thumb_func
  22              	delayTimerInit:
  23              		@ args = 0, pretend = 0, frame = 16
  24              		@ frame_needed = 0, uses_anonymous_args = 0
  25 0000 00B5     		push	{lr}
  26 0002 85B0     		sub	sp, sp, #20
  27 0004 01AB     		add	r3, sp, #4
  28 0006 1846     		mov	r0, r3
  29 0008 FFF7FEFF 		bl	TIM_TimeBaseStructInit
  30 000c 4FF02000 		mov	r0, #32
  31 0010 4FF00101 		mov	r1, #1
  32 0014 FFF7FEFF 		bl	RCC_APB1PeriphClockCmd
  33 0018 4FF6FF73 		movw	r3, #65535
  34 001c 0293     		str	r3, [sp, #8]
  35 001e 4FF05303 		mov	r3, #83
  36 0022 ADF80430 		strh	r3, [sp, #4]	@ movhi
  37 0026 4FF4A050 		mov	r0, #5120
  38 002a C4F20000 		movt	r0, 16384
  39 002e 01AB     		add	r3, sp, #4
  40 0030 1946     		mov	r1, r3
  41 0032 FFF7FEFF 		bl	TIM_TimeBaseInit
  42 0036 4FF4A050 		mov	r0, #5120
  43 003a C4F20000 		movt	r0, 16384
  44 003e 4FF00101 		mov	r1, #1
  45 0042 FFF7FEFF 		bl	TIM_Cmd
  46 0046 05B0     		add	sp, sp, #20
  47 0048 00BD     		pop	{pc}
  49 004a 00BF     		.align	2
  50              		.global	delayTimerMicroseconds
  51              		.thumb
  52              		.thumb_func
  54              	delayTimerMicroseconds:
  55              		@ args = 0, pretend = 0, frame = 8
  56              		@ frame_needed = 0, uses_anonymous_args = 0
  57              		@ link register save eliminated.
  58 004c 82B0     		sub	sp, sp, #8
  59 004e 0346     		mov	r3, r0
  60 0050 ADF80630 		strh	r3, [sp, #6]	@ movhi
  61 0054 4FF4A053 		mov	r3, #5120
  62 0058 C4F20003 		movt	r3, 16384
  63 005c 4FF00002 		mov	r2, #0
  64 0060 5A62     		str	r2, [r3, #36]
  65 0062 00BF     		nop
  66              	.L3:
  67 0064 4FF4A053 		mov	r3, #5120
  68 0068 C4F20003 		movt	r3, 16384
  69 006c 5A6A     		ldr	r2, [r3, #36]
  70 006e BDF80630 		ldrh	r3, [sp, #6]
  71 0072 9A42     		cmp	r2, r3
  72 0074 F6D9     		bls	.L3
  73 0076 02B0     		add	sp, sp, #8
  74 0078 7047     		bx	lr
  76 007a 00BF     		.align	2
  77              		.global	delayTimerMilliseconds
  78              		.thumb
  79              		.thumb_func
  81              	delayTimerMilliseconds:
  82              		@ args = 0, pretend = 0, frame = 8
  83              		@ frame_needed = 0, uses_anonymous_args = 0
  84 007c 00B5     		push	{lr}
  85 007e 83B0     		sub	sp, sp, #12
  86 0080 0190     		str	r0, [sp, #4]
  87 0082 03E0     		b	.L5
  88              	.L6:
  89 0084 4FF47A70 		mov	r0, #1000
  90 0088 FFF7FEFF 		bl	delayTimerMicroseconds
  91              	.L5:
  92 008c 019B     		ldr	r3, [sp, #4]
  93 008e 002B     		cmp	r3, #0
  94 0090 0CBF     		ite	eq
  95 0092 0023     		moveq	r3, #0
  96 0094 0123     		movne	r3, #1
  97 0096 DBB2     		uxtb	r3, r3
  98 0098 019A     		ldr	r2, [sp, #4]
  99 009a 02F1FF32 		add	r2, r2, #-1
 100 009e 0192     		str	r2, [sp, #4]
 101 00a0 002B     		cmp	r3, #0
 102 00a2 EFD1     		bne	.L6
 103 00a4 03B0     		add	sp, sp, #12
 104 00a6 00BD     		pop	{pc}
 106              		.ident	"GCC: (Sourcery CodeBench Lite 2012.03-56) 4.6.3"
DEFINED SYMBOLS
                            *ABS*:00000000 drv_delays.c
C:\Users\JOHNIH~1\AppData\Local\Temp\ccWTJUXk.s:17     .text:00000000 $t
C:\Users\JOHNIH~1\AppData\Local\Temp\ccWTJUXk.s:22     .text:00000000 delayTimerInit
C:\Users\JOHNIH~1\AppData\Local\Temp\ccWTJUXk.s:54     .text:0000004c delayTimerMicroseconds
C:\Users\JOHNIH~1\AppData\Local\Temp\ccWTJUXk.s:81     .text:0000007c delayTimerMilliseconds

UNDEFINED SYMBOLS
TIM_TimeBaseStructInit
RCC_APB1PeriphClockCmd
TIM_TimeBaseInit
TIM_Cmd
