   1              		.syntax unified
   2              		.cpu cortex-m4
   3              		.eabi_attribute 27, 3
   4              		.fpu fpv4-sp-d16
   5              		.eabi_attribute 20, 1
   6              		.eabi_attribute 21, 1
   7              		.eabi_attribute 23, 3
   8              		.eabi_attribute 24, 1
   9              		.eabi_attribute 25, 1
  10              		.eabi_attribute 26, 1
  11              		.eabi_attribute 30, 6
  12              		.eabi_attribute 34, 1
  13              		.eabi_attribute 18, 4
  14              		.thumb
  15              		.file	"drv_usb.c"
  16              		.global	usbDeviceConfigured
  17              		.bss
  20              	usbDeviceConfigured:
  21 0000 00       		.space	1
  22              		.comm	USB_OTG_dev,1520,4
  23              		.text
  24              		.align	2
  25              		.global	usbInit
  26              		.thumb
  27              		.thumb_func
  29              	usbInit:
  30              		@ args = 0, pretend = 0, frame = 8
  31              		@ frame_needed = 0, uses_anonymous_args = 0
  32 0000 00B5     		push	{lr}
  33 0002 85B0     		sub	sp, sp, #20
  34 0004 02AB     		add	r3, sp, #8
  35 0006 1846     		mov	r0, r3
  36 0008 FFF7FEFF 		bl	GPIO_StructInit
  37 000c 4FF00800 		mov	r0, #8
  38 0010 4FF00101 		mov	r1, #1
  39 0014 FFF7FEFF 		bl	RCC_AHB1PeriphClockCmd
  40 0018 4FF40063 		mov	r3, #2048
  41 001c 0293     		str	r3, [sp, #8]
  42 001e 4FF00103 		mov	r3, #1
  43 0022 8DF80C30 		strb	r3, [sp, #12]
  44 0026 4FF00203 		mov	r3, #2
  45 002a 8DF80D30 		strb	r3, [sp, #13]
  46 002e 4FF00103 		mov	r3, #1
  47 0032 8DF80E30 		strb	r3, [sp, #14]
  48 0036 4FF44060 		mov	r0, #3072
  49 003a C4F20200 		movt	r0, 16386
  50 003e 02AB     		add	r3, sp, #8
  51 0040 1946     		mov	r1, r3
  52 0042 FFF7FEFF 		bl	GPIO_Init
  53 0046 4FF44060 		mov	r0, #3072
  54 004a C4F20200 		movt	r0, 16386
  55 004e 4FF40061 		mov	r1, #2048
  56 0052 FFF7FEFF 		bl	GPIO_ResetBits
  57 0056 4FF0C800 		mov	r0, #200
  58 005a FFF7FEFF 		bl	delay
  59 005e 4FF44060 		mov	r0, #3072
  60 0062 C4F20200 		movt	r0, 16386
  61 0066 4FF40061 		mov	r1, #2048
  62 006a FFF7FEFF 		bl	GPIO_SetBits
  63 006e 40F20003 		movw	r3, #:lower16:USR_cb
  64 0072 C0F20003 		movt	r3, #:upper16:USR_cb
  65 0076 0093     		str	r3, [sp, #0]
  66 0078 40F20000 		movw	r0, #:lower16:USB_OTG_dev
  67 007c C0F20000 		movt	r0, #:upper16:USB_OTG_dev
  68 0080 4FF00101 		mov	r1, #1
  69 0084 40F20002 		movw	r2, #:lower16:USR_desc
  70 0088 C0F20002 		movt	r2, #:upper16:USR_desc
  71 008c 40F20003 		movw	r3, #:lower16:USBD_CDC_cb
  72 0090 C0F20003 		movt	r3, #:upper16:USBD_CDC_cb
  73 0094 FFF7FEFF 		bl	USBD_Init
  74 0098 05B0     		add	sp, sp, #20
  75 009a 00BD     		pop	{pc}
  77              		.align	2
  78              		.global	usbAvailable
  79              		.thumb
  80              		.thumb_func
  82              	usbAvailable:
  83              		@ args = 0, pretend = 0, frame = 0
  84              		@ frame_needed = 0, uses_anonymous_args = 0
  85 009c 08B5     		push	{r3, lr}
  86 009e FFF7FEFF 		bl	cdc_RX_IsCharReady
  87 00a2 0346     		mov	r3, r0
  88 00a4 B3F1FF3F 		cmp	r3, #-1
  89 00a8 02D1     		bne	.L3
  90 00aa 4FF00103 		mov	r3, #1
  91 00ae 01E0     		b	.L4
  92              	.L3:
  93 00b0 4FF00003 		mov	r3, #0
  94              	.L4:
  95 00b4 1846     		mov	r0, r3
  96 00b6 08BD     		pop	{r3, pc}
  98              		.align	2
  99              		.global	usbRead
 100              		.thumb
 101              		.thumb_func
 103              	usbRead:
 104              		@ args = 0, pretend = 0, frame = 0
 105              		@ frame_needed = 0, uses_anonymous_args = 0
 106 00b8 08B5     		push	{r3, lr}
 107 00ba 40F20003 		movw	r3, #:lower16:usbDeviceConfigured
 108 00be C0F20003 		movt	r3, #:upper16:usbDeviceConfigured
 109 00c2 1B78     		ldrb	r3, [r3, #0]	@ zero_extendqisi2
 110 00c4 012B     		cmp	r3, #1
 111 00c6 03D1     		bne	.L6
 112 00c8 FFF7FEFF 		bl	cdc_RX_GetChar
 113 00cc 0346     		mov	r3, r0
 114 00ce 01E0     		b	.L7
 115              	.L6:
 116 00d0 4FF00003 		mov	r3, #0
 117              	.L7:
 118 00d4 5BB2     		sxtb	r3, r3
 119 00d6 1846     		mov	r0, r3
 120 00d8 08BD     		pop	{r3, pc}
 122 00da 00BF     		.align	2
 123              		.global	usbPrint
 124              		.thumb
 125              		.thumb_func
 127              	usbPrint:
 128              		@ args = 0, pretend = 0, frame = 8
 129              		@ frame_needed = 0, uses_anonymous_args = 0
 130 00dc 00B5     		push	{lr}
 131 00de 83B0     		sub	sp, sp, #12
 132 00e0 0190     		str	r0, [sp, #4]
 133 00e2 40F20003 		movw	r3, #:lower16:usbDeviceConfigured
 134 00e6 C0F20003 		movt	r3, #:upper16:usbDeviceConfigured
 135 00ea 1B78     		ldrb	r3, [r3, #0]	@ zero_extendqisi2
 136 00ec 012B     		cmp	r3, #1
 137 00ee 07D1     		bne	.L8
 138 00f0 0198     		ldr	r0, [sp, #4]
 139 00f2 FFF7FEFF 		bl	strlen
 140 00f6 0346     		mov	r3, r0
 141 00f8 0198     		ldr	r0, [sp, #4]
 142 00fa 1946     		mov	r1, r3
 143 00fc FFF7FEFF 		bl	cdc_DataTx
 144              	.L8:
 145 0100 03B0     		add	sp, sp, #12
 146 0102 00BD     		pop	{pc}
 148              		.ident	"GCC: (Sourcery CodeBench Lite 2012.03-56) 4.6.3"
DEFINED SYMBOLS
                            *ABS*:00000000 drv_usb.c
C:\Users\JOHNIH~1\AppData\Local\Temp\ccEN7FE4.s:20     .bss:00000000 usbDeviceConfigured
C:\Users\JOHNIH~1\AppData\Local\Temp\ccEN7FE4.s:21     .bss:00000000 $d
                            *COM*:000005f0 USB_OTG_dev
C:\Users\JOHNIH~1\AppData\Local\Temp\ccEN7FE4.s:24     .text:00000000 $t
C:\Users\JOHNIH~1\AppData\Local\Temp\ccEN7FE4.s:29     .text:00000000 usbInit
C:\Users\JOHNIH~1\AppData\Local\Temp\ccEN7FE4.s:82     .text:0000009c usbAvailable
C:\Users\JOHNIH~1\AppData\Local\Temp\ccEN7FE4.s:103    .text:000000b8 usbRead
C:\Users\JOHNIH~1\AppData\Local\Temp\ccEN7FE4.s:127    .text:000000dc usbPrint

UNDEFINED SYMBOLS
GPIO_StructInit
RCC_AHB1PeriphClockCmd
GPIO_Init
GPIO_ResetBits
delay
GPIO_SetBits
USR_cb
USR_desc
USBD_CDC_cb
USBD_Init
cdc_RX_IsCharReady
cdc_RX_GetChar
strlen
cdc_DataTx
