   1              		.syntax unified
   2              		.cpu cortex-m4
   3              		.eabi_attribute 27, 3
   4              		.fpu fpv4-sp-d16
   5              		.eabi_attribute 20, 1
   6              		.eabi_attribute 21, 1
   7              		.eabi_attribute 23, 3
   8              		.eabi_attribute 24, 1
   9              		.eabi_attribute 25, 1
  10              		.eabi_attribute 26, 1
  11              		.eabi_attribute 30, 6
  12              		.eabi_attribute 34, 1
  13              		.eabi_attribute 18, 4
  14              		.thumb
  15              		.file	"drv_led.c"
  16              		.text
  17              		.align	2
  18              		.global	ledInit
  19              		.thumb
  20              		.thumb_func
  22              	ledInit:
  23              		@ args = 0, pretend = 0, frame = 8
  24              		@ frame_needed = 0, uses_anonymous_args = 0
  25 0000 00B5     		push	{lr}
  26 0002 83B0     		sub	sp, sp, #12
  27 0004 6B46     		mov	r3, sp
  28 0006 1846     		mov	r0, r3
  29 0008 FFF7FEFF 		bl	GPIO_StructInit
  30 000c 4FF00800 		mov	r0, #8
  31 0010 4FF00101 		mov	r1, #1
  32 0014 FFF7FEFF 		bl	RCC_AHB1PeriphClockCmd
  33 0018 4FF01000 		mov	r0, #16
  34 001c 4FF00101 		mov	r1, #1
  35 0020 FFF7FEFF 		bl	RCC_AHB1PeriphClockCmd
  36 0024 4FF06303 		mov	r3, #99
  37 0028 0093     		str	r3, [sp, #0]
  38 002a 4FF00103 		mov	r3, #1
  39 002e 8DF80430 		strb	r3, [sp, #4]
  40 0032 4FF00203 		mov	r3, #2
  41 0036 8DF80530 		strb	r3, [sp, #5]
  42 003a 4FF48050 		mov	r0, #4096
  43 003e C4F20200 		movt	r0, 16386
  44 0042 6B46     		mov	r3, sp
  45 0044 1946     		mov	r1, r3
  46 0046 FFF7FEFF 		bl	GPIO_Init
  47 004a 4FF09003 		mov	r3, #144
  48 004e 0093     		str	r3, [sp, #0]
  49 0050 4FF00103 		mov	r3, #1
  50 0054 8DF80430 		strb	r3, [sp, #4]
  51 0058 4FF00203 		mov	r3, #2
  52 005c 8DF80530 		strb	r3, [sp, #5]
  53 0060 4FF44060 		mov	r0, #3072
  54 0064 C4F20200 		movt	r0, 16386
  55 0068 6B46     		mov	r3, sp
  56 006a 1946     		mov	r1, r3
  57 006c FFF7FEFF 		bl	GPIO_Init
  58 0070 4FF48050 		mov	r0, #4096
  59 0074 C4F20200 		movt	r0, 16386
  60 0078 4FF02001 		mov	r1, #32
  61 007c FFF7FEFF 		bl	GPIO_ResetBits
  62 0080 4FF48050 		mov	r0, #4096
  63 0084 C4F20200 		movt	r0, 16386
  64 0088 4FF04001 		mov	r1, #64
  65 008c FFF7FEFF 		bl	GPIO_ResetBits
  66 0090 4FF44060 		mov	r0, #3072
  67 0094 C4F20200 		movt	r0, 16386
  68 0098 4FF08001 		mov	r1, #128
  69 009c FFF7FEFF 		bl	GPIO_ResetBits
  70 00a0 4FF48050 		mov	r0, #4096
  71 00a4 C4F20200 		movt	r0, 16386
  72 00a8 4FF00101 		mov	r1, #1
  73 00ac FFF7FEFF 		bl	GPIO_ResetBits
  74 00b0 4FF48050 		mov	r0, #4096
  75 00b4 C4F20200 		movt	r0, 16386
  76 00b8 4FF00201 		mov	r1, #2
  77 00bc FFF7FEFF 		bl	GPIO_ResetBits
  78 00c0 4FF44060 		mov	r0, #3072
  79 00c4 C4F20200 		movt	r0, 16386
  80 00c8 4FF01001 		mov	r1, #16
  81 00cc FFF7FEFF 		bl	GPIO_ResetBits
  82 00d0 03B0     		add	sp, sp, #12
  83 00d2 00BD     		pop	{pc}
  85              		.ident	"GCC: (Sourcery CodeBench Lite 2012.03-56) 4.6.3"
DEFINED SYMBOLS
                            *ABS*:00000000 drv_led.c
C:\Users\JOHNIH~1\AppData\Local\Temp\ccclj8K8.s:17     .text:00000000 $t
C:\Users\JOHNIH~1\AppData\Local\Temp\ccclj8K8.s:22     .text:00000000 ledInit

UNDEFINED SYMBOLS
GPIO_StructInit
RCC_AHB1PeriphClockCmd
GPIO_Init
GPIO_ResetBits
