   1              		.syntax unified
   2              		.cpu cortex-m4
   3              		.eabi_attribute 27, 3
   4              		.fpu fpv4-sp-d16
   5              		.eabi_attribute 20, 1
   6              		.eabi_attribute 21, 1
   7              		.eabi_attribute 23, 3
   8              		.eabi_attribute 24, 1
   9              		.eabi_attribute 25, 1
  10              		.eabi_attribute 26, 1
  11              		.eabi_attribute 30, 6
  12              		.eabi_attribute 34, 1
  13              		.eabi_attribute 18, 4
  14              		.thumb
  15              		.file	"drv_i2c.c"
  16              		.comm	mtk19ProcessDataState,1,1
  17              		.comm	nmeaProcessDataState,1,1
  18              		.comm	ubloxProcessDataState,1,1
  19              		.bss
  20              		.align	2
  21              	I2Cx:
  22 0000 00000000 		.space	4
  23              		.align	1
  24              	i2c1ErrorCount:
  25 0004 0000     		.space	2
  26              		.align	1
  27              	i2c2ErrorCount:
  28 0006 0000     		.space	2
  29              	busy:
  30 0008 00       		.space	1
  31              	addr:
  32 0009 00       		.space	1
  33              	reg:
  34 000a 00       		.space	1
  35              	bytes:
  36 000b 00       		.space	1
  37              	writing:
  38 000c 00       		.space	1
  39              	reading:
  40 000d 00       		.space	1
  41 000e 0000     		.align	2
  42              	write_p:
  43 0010 00000000 		.space	4
  44              		.align	2
  45              	read_p:
  46 0014 00000000 		.space	4
  47              		.text
  48              		.align	2
  49              		.global	I2C_ER_Handler
  50              		.thumb
  51              		.thumb_func
  53              	I2C_ER_Handler:
  54              		@ args = 0, pretend = 0, frame = 8
  55              		@ frame_needed = 0, uses_anonymous_args = 0
  56 0000 00B5     		push	{lr}
  57 0002 83B0     		sub	sp, sp, #12
  58 0004 40F20003 		movw	r3, #:lower16:I2Cx
  59 0008 C0F20003 		movt	r3, #:upper16:I2Cx
  60 000c 1B68     		ldr	r3, [r3, #0]
  61 000e 9B8A     		ldrh	r3, [r3, #20]	@ movhi
  62 0010 9BB2     		uxth	r3, r3
  63 0012 0193     		str	r3, [sp, #4]
  64 0014 019B     		ldr	r3, [sp, #4]
  65 0016 03F4E063 		and	r3, r3, #1792
  66 001a 002B     		cmp	r3, #0
  67 001c 6FD0     		beq	.L2
  68 001e 40F20003 		movw	r3, #:lower16:I2Cx
  69 0022 C0F20003 		movt	r3, #:upper16:I2Cx
  70 0026 1B68     		ldr	r3, [r3, #0]
  71 0028 1B8B     		ldrh	r3, [r3, #24]	@ movhi
  72 002a 9BB2     		uxth	r3, r3
  73 002c 0093     		str	r3, [sp, #0]
  74 002e 40F20003 		movw	r3, #:lower16:I2Cx
  75 0032 C0F20003 		movt	r3, #:upper16:I2Cx
  76 0036 1B68     		ldr	r3, [r3, #0]
  77 0038 1846     		mov	r0, r3
  78 003a 4FF48061 		mov	r1, #1024
  79 003e 4FF00002 		mov	r2, #0
  80 0042 FFF7FEFF 		bl	I2C_ITConfig
  81 0046 019B     		ldr	r3, [sp, #4]
  82 0048 03F40073 		and	r3, r3, #512
  83 004c 002B     		cmp	r3, #0
  84 004e 56D1     		bne	.L2
  85 0050 40F20003 		movw	r3, #:lower16:I2Cx
  86 0054 C0F20003 		movt	r3, #:upper16:I2Cx
  87 0058 1B68     		ldr	r3, [r3, #0]
  88 005a 1B88     		ldrh	r3, [r3, #0]	@ movhi
  89 005c 9BB2     		uxth	r3, r3
  90 005e 03F40073 		and	r3, r3, #512
  91 0062 002B     		cmp	r3, #0
  92 0064 4BD1     		bne	.L2
  93 0066 40F20003 		movw	r3, #:lower16:I2Cx
  94 006a C0F20003 		movt	r3, #:upper16:I2Cx
  95 006e 1B68     		ldr	r3, [r3, #0]
  96 0070 1B88     		ldrh	r3, [r3, #0]	@ movhi
  97 0072 9BB2     		uxth	r3, r3
  98 0074 03F48073 		and	r3, r3, #256
  99 0078 002B     		cmp	r3, #0
 100 007a 2AD0     		beq	.L3
 101 007c 00BF     		nop
 102              	.L4:
 103 007e 40F20003 		movw	r3, #:lower16:I2Cx
 104 0082 C0F20003 		movt	r3, #:upper16:I2Cx
 105 0086 1B68     		ldr	r3, [r3, #0]
 106 0088 1B88     		ldrh	r3, [r3, #0]	@ movhi
 107 008a 9BB2     		uxth	r3, r3
 108 008c 03F48073 		and	r3, r3, #256
 109 0090 002B     		cmp	r3, #0
 110 0092 F4D1     		bne	.L4
 111 0094 40F20003 		movw	r3, #:lower16:I2Cx
 112 0098 C0F20003 		movt	r3, #:upper16:I2Cx
 113 009c 1B68     		ldr	r3, [r3, #0]
 114 009e 1846     		mov	r0, r3
 115 00a0 4FF00101 		mov	r1, #1
 116 00a4 FFF7FEFF 		bl	I2C_GenerateSTOP
 117 00a8 00BF     		nop
 118              	.L5:
 119 00aa 40F20003 		movw	r3, #:lower16:I2Cx
 120 00ae C0F20003 		movt	r3, #:upper16:I2Cx
 121 00b2 1B68     		ldr	r3, [r3, #0]
 122 00b4 1B88     		ldrh	r3, [r3, #0]	@ movhi
 123 00b6 9BB2     		uxth	r3, r3
 124 00b8 03F40073 		and	r3, r3, #512
 125 00bc 002B     		cmp	r3, #0
 126 00be F4D1     		bne	.L5
 127 00c0 40F20003 		movw	r3, #:lower16:I2Cx
 128 00c4 C0F20003 		movt	r3, #:upper16:I2Cx
 129 00c8 1B68     		ldr	r3, [r3, #0]
 130 00ca 1846     		mov	r0, r3
 131 00cc FFF7FEFF 		bl	i2cInit
 132 00d0 15E0     		b	.L2
 133              	.L3:
 134 00d2 40F20003 		movw	r3, #:lower16:I2Cx
 135 00d6 C0F20003 		movt	r3, #:upper16:I2Cx
 136 00da 1B68     		ldr	r3, [r3, #0]
 137 00dc 1846     		mov	r0, r3
 138 00de 4FF00101 		mov	r1, #1
 139 00e2 FFF7FEFF 		bl	I2C_GenerateSTOP
 140 00e6 40F20003 		movw	r3, #:lower16:I2Cx
 141 00ea C0F20003 		movt	r3, #:upper16:I2Cx
 142 00ee 1B68     		ldr	r3, [r3, #0]
 143 00f0 1846     		mov	r0, r3
 144 00f2 4FF44071 		mov	r1, #768
 145 00f6 4FF00002 		mov	r2, #0
 146 00fa FFF7FEFF 		bl	I2C_ITConfig
 147              	.L2:
 148 00fe 40F20003 		movw	r3, #:lower16:I2Cx
 149 0102 C0F20003 		movt	r3, #:upper16:I2Cx
 150 0106 1A68     		ldr	r2, [r3, #0]
 151 0108 40F20003 		movw	r3, #:lower16:I2Cx
 152 010c C0F20003 		movt	r3, #:upper16:I2Cx
 153 0110 1B68     		ldr	r3, [r3, #0]
 154 0112 9B8A     		ldrh	r3, [r3, #20]	@ movhi
 155 0114 9BB2     		uxth	r3, r3
 156 0116 23F47063 		bic	r3, r3, #3840
 157 011a 9BB2     		uxth	r3, r3
 158 011c 9382     		strh	r3, [r2, #20]	@ movhi
 159 011e 40F20003 		movw	r3, #:lower16:busy
 160 0122 C0F20003 		movt	r3, #:upper16:busy
 161 0126 4FF00002 		mov	r2, #0
 162 012a 1A70     		strb	r2, [r3, #0]
 163 012c 03B0     		add	sp, sp, #12
 164 012e 00BD     		pop	{pc}
 166              		.align	2
 167              		.global	I2C_EV_Handler
 168              		.thumb
 169              		.thumb_func
 171              	I2C_EV_Handler:
 172              		@ args = 0, pretend = 0, frame = 8
 173              		@ frame_needed = 0, uses_anonymous_args = 0
 174 0130 30B5     		push	{r4, r5, lr}
 175 0132 83B0     		sub	sp, sp, #12
 176 0134 40F20003 		movw	r3, #:lower16:I2Cx
 177 0138 C0F20003 		movt	r3, #:upper16:I2Cx
 178 013c 1B68     		ldr	r3, [r3, #0]
 179 013e 9B8A     		ldrh	r3, [r3, #20]	@ movhi
 180 0140 9BB2     		uxth	r3, r3
 181 0142 8DF80730 		strb	r3, [sp, #7]
 182 0146 9DF80730 		ldrb	r3, [sp, #7]	@ zero_extendqisi2
 183 014a 03F00103 		and	r3, r3, #1
 184 014e DBB2     		uxtb	r3, r3
 185 0150 002B     		cmp	r3, #0
 186 0152 00F08B80 		beq	.L7
 187 0156 40F20003 		movw	r3, #:lower16:I2Cx
 188 015a C0F20003 		movt	r3, #:upper16:I2Cx
 189 015e 1A68     		ldr	r2, [r3, #0]
 190 0160 40F20003 		movw	r3, #:lower16:I2Cx
 191 0164 C0F20003 		movt	r3, #:upper16:I2Cx
 192 0168 1B68     		ldr	r3, [r3, #0]
 193 016a 1B88     		ldrh	r3, [r3, #0]	@ movhi
 194 016c 9BB2     		uxth	r3, r3
 195 016e 23F40063 		bic	r3, r3, #2048
 196 0172 9BB2     		uxth	r3, r3
 197 0174 1380     		strh	r3, [r2, #0]	@ movhi
 198 0176 40F20003 		movw	r3, #:lower16:I2Cx
 199 017a C0F20003 		movt	r3, #:upper16:I2Cx
 200 017e 1B68     		ldr	r3, [r3, #0]
 201 0180 1846     		mov	r0, r3
 202 0182 4FF00101 		mov	r1, #1
 203 0186 FFF7FEFF 		bl	I2C_AcknowledgeConfig
 204 018a 40F20003 		movw	r3, #:lower16:index.10970
 205 018e C0F20003 		movt	r3, #:upper16:index.10970
 206 0192 4FF00002 		mov	r2, #0
 207 0196 1A70     		strb	r2, [r3, #0]
 208 0198 40F20003 		movw	r3, #:lower16:reading
 209 019c C0F20003 		movt	r3, #:upper16:reading
 210 01a0 1B78     		ldrb	r3, [r3, #0]
 211 01a2 DBB2     		uxtb	r3, r3
 212 01a4 002B     		cmp	r3, #0
 213 01a6 3FD0     		beq	.L8
 214 01a8 40F20003 		movw	r3, #:lower16:subaddress_sent.10968
 215 01ac C0F20003 		movt	r3, #:upper16:subaddress_sent.10968
 216 01b0 1B78     		ldrb	r3, [r3, #0]	@ zero_extendqisi2
 217 01b2 002B     		cmp	r3, #0
 218 01b4 07D1     		bne	.L9
 219 01b6 40F20003 		movw	r3, #:lower16:reg
 220 01ba C0F20003 		movt	r3, #:upper16:reg
 221 01be 1B78     		ldrb	r3, [r3, #0]
 222 01c0 DBB2     		uxtb	r3, r3
 223 01c2 FF2B     		cmp	r3, #255
 224 01c4 30D1     		bne	.L8
 225              	.L9:
 226 01c6 40F20003 		movw	r3, #:lower16:subaddress_sent.10968
 227 01ca C0F20003 		movt	r3, #:upper16:subaddress_sent.10968
 228 01ce 4FF00102 		mov	r2, #1
 229 01d2 1A70     		strb	r2, [r3, #0]
 230 01d4 40F20003 		movw	r3, #:lower16:bytes
 231 01d8 C0F20003 		movt	r3, #:upper16:bytes
 232 01dc 1B78     		ldrb	r3, [r3, #0]
 233 01de DBB2     		uxtb	r3, r3
 234 01e0 022B     		cmp	r3, #2
 235 01e2 0FD1     		bne	.L10
 236 01e4 40F20003 		movw	r3, #:lower16:I2Cx
 237 01e8 C0F20003 		movt	r3, #:upper16:I2Cx
 238 01ec 1A68     		ldr	r2, [r3, #0]
 239 01ee 40F20003 		movw	r3, #:lower16:I2Cx
 240 01f2 C0F20003 		movt	r3, #:upper16:I2Cx
 241 01f6 1B68     		ldr	r3, [r3, #0]
 242 01f8 1B88     		ldrh	r3, [r3, #0]	@ movhi
 243 01fa 9BB2     		uxth	r3, r3
 244 01fc 43F40063 		orr	r3, r3, #2048
 245 0200 9BB2     		uxth	r3, r3
 246 0202 1380     		strh	r3, [r2, #0]	@ movhi
 247              	.L10:
 248 0204 40F20003 		movw	r3, #:lower16:I2Cx
 249 0208 C0F20003 		movt	r3, #:upper16:I2Cx
 250 020c 1A68     		ldr	r2, [r3, #0]
 251 020e 40F20003 		movw	r3, #:lower16:addr
 252 0212 C0F20003 		movt	r3, #:upper16:addr
 253 0216 1B78     		ldrb	r3, [r3, #0]
 254 0218 DBB2     		uxtb	r3, r3
 255 021a 1046     		mov	r0, r2
 256 021c 1946     		mov	r1, r3
 257 021e 4FF00102 		mov	r2, #1
 258 0222 FFF7FEFF 		bl	I2C_Send7bitAddress
 259 0226 10E3     		b	.L12
 260              	.L8:
 261 0228 40F20003 		movw	r3, #:lower16:I2Cx
 262 022c C0F20003 		movt	r3, #:upper16:I2Cx
 263 0230 1A68     		ldr	r2, [r3, #0]
 264 0232 40F20003 		movw	r3, #:lower16:addr
 265 0236 C0F20003 		movt	r3, #:upper16:addr
 266 023a 1B78     		ldrb	r3, [r3, #0]
 267 023c DBB2     		uxtb	r3, r3
 268 023e 1046     		mov	r0, r2
 269 0240 1946     		mov	r1, r3
 270 0242 4FF00002 		mov	r2, #0
 271 0246 FFF7FEFF 		bl	I2C_Send7bitAddress
 272 024a 40F20003 		movw	r3, #:lower16:reg
 273 024e C0F20003 		movt	r3, #:upper16:reg
 274 0252 1B78     		ldrb	r3, [r3, #0]
 275 0254 DBB2     		uxtb	r3, r3
 276 0256 FF2B     		cmp	r3, #255
 277 0258 00F0F682 		beq	.L36
 278 025c 40F20003 		movw	r3, #:lower16:index.10970
 279 0260 C0F20003 		movt	r3, #:upper16:index.10970
 280 0264 4FF0FF02 		mov	r2, #255
 281 0268 1A70     		strb	r2, [r3, #0]
 282 026a EDE2     		b	.L36
 283              	.L7:
 284 026c 9DF80730 		ldrb	r3, [sp, #7]	@ zero_extendqisi2
 285 0270 03F00203 		and	r3, r3, #2
 286 0274 002B     		cmp	r3, #0
 287 0276 00F0B880 		beq	.L13
 288              	@ 337 "C:\Users\John Ihlein\Desktop\STM32workspace\aq32Plus\Libraries\CMSIS\Include/core_cmInstr.h"
 289 027a BFF35F8F 		dmb
 290              	@ 0 "" 2
 291              		.thumb
 292 027e 40F20003 		movw	r3, #:lower16:bytes
 293 0282 C0F20003 		movt	r3, #:upper16:bytes
 294 0286 1B78     		ldrb	r3, [r3, #0]
 295 0288 DBB2     		uxtb	r3, r3
 296 028a 012B     		cmp	r3, #1
 297 028c 42D1     		bne	.L14
 298 028e 40F20003 		movw	r3, #:lower16:reading
 299 0292 C0F20003 		movt	r3, #:upper16:reading
 300 0296 1B78     		ldrb	r3, [r3, #0]
 301 0298 DBB2     		uxtb	r3, r3
 302 029a 002B     		cmp	r3, #0
 303 029c 3AD0     		beq	.L14
 304 029e 40F20003 		movw	r3, #:lower16:subaddress_sent.10968
 305 02a2 C0F20003 		movt	r3, #:upper16:subaddress_sent.10968
 306 02a6 1B78     		ldrb	r3, [r3, #0]	@ zero_extendqisi2
 307 02a8 002B     		cmp	r3, #0
 308 02aa 33D0     		beq	.L14
 309 02ac 40F20003 		movw	r3, #:lower16:I2Cx
 310 02b0 C0F20003 		movt	r3, #:upper16:I2Cx
 311 02b4 1B68     		ldr	r3, [r3, #0]
 312 02b6 1846     		mov	r0, r3
 313 02b8 4FF00001 		mov	r1, #0
 314 02bc FFF7FEFF 		bl	I2C_AcknowledgeConfig
 315              	@ 337 "C:\Users\John Ihlein\Desktop\STM32workspace\aq32Plus\Libraries\CMSIS\Include/core_cmInstr.h"
 316 02c0 BFF35F8F 		dmb
 317              	@ 0 "" 2
 318              		.thumb
 319 02c4 40F20003 		movw	r3, #:lower16:I2Cx
 320 02c8 C0F20003 		movt	r3, #:upper16:I2Cx
 321 02cc 1B68     		ldr	r3, [r3, #0]
 322 02ce 1B8B     		ldrh	r3, [r3, #24]	@ movhi
 323 02d0 9BB2     		uxth	r3, r3
 324 02d2 DBB2     		uxtb	r3, r3
 325 02d4 8DF80630 		strb	r3, [sp, #6]
 326 02d8 40F20003 		movw	r3, #:lower16:I2Cx
 327 02dc C0F20003 		movt	r3, #:upper16:I2Cx
 328 02e0 1B68     		ldr	r3, [r3, #0]
 329 02e2 1846     		mov	r0, r3
 330 02e4 4FF00101 		mov	r1, #1
 331 02e8 FFF7FEFF 		bl	I2C_GenerateSTOP
 332 02ec 40F20003 		movw	r3, #:lower16:final_stop.10969
 333 02f0 C0F20003 		movt	r3, #:upper16:final_stop.10969
 334 02f4 4FF00102 		mov	r2, #1
 335 02f8 1A70     		strb	r2, [r3, #0]
 336 02fa 40F20003 		movw	r3, #:lower16:I2Cx
 337 02fe C0F20003 		movt	r3, #:upper16:I2Cx
 338 0302 1B68     		ldr	r3, [r3, #0]
 339 0304 1846     		mov	r0, r3
 340 0306 4FF48061 		mov	r1, #1024
 341 030a 4FF00102 		mov	r2, #1
 342 030e FFF7FEFF 		bl	I2C_ITConfig
 343 0312 9AE2     		b	.L12
 344              	.L14:
 345 0314 40F20003 		movw	r3, #:lower16:I2Cx
 346 0318 C0F20003 		movt	r3, #:upper16:I2Cx
 347 031c 1B68     		ldr	r3, [r3, #0]
 348 031e 1B8B     		ldrh	r3, [r3, #24]	@ movhi
 349 0320 9BB2     		uxth	r3, r3
 350 0322 DBB2     		uxtb	r3, r3
 351 0324 8DF80630 		strb	r3, [sp, #6]
 352              	@ 337 "C:\Users\John Ihlein\Desktop\STM32workspace\aq32Plus\Libraries\CMSIS\Include/core_cmInstr.h"
 353 0328 BFF35F8F 		dmb
 354              	@ 0 "" 2
 355              		.thumb
 356 032c 40F20003 		movw	r3, #:lower16:bytes
 357 0330 C0F20003 		movt	r3, #:upper16:bytes
 358 0334 1B78     		ldrb	r3, [r3, #0]
 359 0336 DBB2     		uxtb	r3, r3
 360 0338 022B     		cmp	r3, #2
 361 033a 25D1     		bne	.L16
 362 033c 40F20003 		movw	r3, #:lower16:reading
 363 0340 C0F20003 		movt	r3, #:upper16:reading
 364 0344 1B78     		ldrb	r3, [r3, #0]
 365 0346 DBB2     		uxtb	r3, r3
 366 0348 002B     		cmp	r3, #0
 367 034a 1DD0     		beq	.L16
 368 034c 40F20003 		movw	r3, #:lower16:subaddress_sent.10968
 369 0350 C0F20003 		movt	r3, #:upper16:subaddress_sent.10968
 370 0354 1B78     		ldrb	r3, [r3, #0]	@ zero_extendqisi2
 371 0356 002B     		cmp	r3, #0
 372 0358 16D0     		beq	.L16
 373 035a 40F20003 		movw	r3, #:lower16:I2Cx
 374 035e C0F20003 		movt	r3, #:upper16:I2Cx
 375 0362 1B68     		ldr	r3, [r3, #0]
 376 0364 1846     		mov	r0, r3
 377 0366 4FF00001 		mov	r1, #0
 378 036a FFF7FEFF 		bl	I2C_AcknowledgeConfig
 379 036e 40F20003 		movw	r3, #:lower16:I2Cx
 380 0372 C0F20003 		movt	r3, #:upper16:I2Cx
 381 0376 1B68     		ldr	r3, [r3, #0]
 382 0378 1846     		mov	r0, r3
 383 037a 4FF48061 		mov	r1, #1024
 384 037e 4FF00002 		mov	r2, #0
 385 0382 FFF7FEFF 		bl	I2C_ITConfig
 386 0386 60E2     		b	.L12
 387              	.L16:
 388 0388 40F20003 		movw	r3, #:lower16:bytes
 389 038c C0F20003 		movt	r3, #:upper16:bytes
 390 0390 1B78     		ldrb	r3, [r3, #0]
 391 0392 DBB2     		uxtb	r3, r3
 392 0394 032B     		cmp	r3, #3
 393 0396 1BD1     		bne	.L17
 394 0398 40F20003 		movw	r3, #:lower16:reading
 395 039c C0F20003 		movt	r3, #:upper16:reading
 396 03a0 1B78     		ldrb	r3, [r3, #0]
 397 03a2 DBB2     		uxtb	r3, r3
 398 03a4 002B     		cmp	r3, #0
 399 03a6 13D0     		beq	.L17
 400 03a8 40F20003 		movw	r3, #:lower16:subaddress_sent.10968
 401 03ac C0F20003 		movt	r3, #:upper16:subaddress_sent.10968
 402 03b0 1B78     		ldrb	r3, [r3, #0]	@ zero_extendqisi2
 403 03b2 002B     		cmp	r3, #0
 404 03b4 0CD0     		beq	.L17
 405 03b6 40F20003 		movw	r3, #:lower16:I2Cx
 406 03ba C0F20003 		movt	r3, #:upper16:I2Cx
 407 03be 1B68     		ldr	r3, [r3, #0]
 408 03c0 1846     		mov	r0, r3
 409 03c2 4FF48061 		mov	r1, #1024
 410 03c6 4FF00002 		mov	r2, #0
 411 03ca FFF7FEFF 		bl	I2C_ITConfig
 412 03ce 3CE2     		b	.L12
 413              	.L17:
 414 03d0 40F20003 		movw	r3, #:lower16:I2Cx
 415 03d4 C0F20003 		movt	r3, #:upper16:I2Cx
 416 03d8 1B68     		ldr	r3, [r3, #0]
 417 03da 1846     		mov	r0, r3
 418 03dc 4FF48061 		mov	r1, #1024
 419 03e0 4FF00102 		mov	r2, #1
 420 03e4 FFF7FEFF 		bl	I2C_ITConfig
 421 03e8 2FE2     		b	.L12
 422              	.L13:
 423 03ea 9DF80730 		ldrb	r3, [sp, #7]	@ zero_extendqisi2
 424 03ee 03F00403 		and	r3, r3, #4
 425 03f2 002B     		cmp	r3, #0
 426 03f4 00F04681 		beq	.L18
 427 03f8 40F20003 		movw	r3, #:lower16:final_stop.10969
 428 03fc C0F20003 		movt	r3, #:upper16:final_stop.10969
 429 0400 4FF00102 		mov	r2, #1
 430 0404 1A70     		strb	r2, [r3, #0]
 431 0406 40F20003 		movw	r3, #:lower16:reading
 432 040a C0F20003 		movt	r3, #:upper16:reading
 433 040e 1B78     		ldrb	r3, [r3, #0]
 434 0410 DBB2     		uxtb	r3, r3
 435 0412 002B     		cmp	r3, #0
 436 0414 00F0DE80 		beq	.L19
 437 0418 40F20003 		movw	r3, #:lower16:subaddress_sent.10968
 438 041c C0F20003 		movt	r3, #:upper16:subaddress_sent.10968
 439 0420 1B78     		ldrb	r3, [r3, #0]	@ zero_extendqisi2
 440 0422 002B     		cmp	r3, #0
 441 0424 00F0D680 		beq	.L19
 442 0428 40F20003 		movw	r3, #:lower16:bytes
 443 042c C0F20003 		movt	r3, #:upper16:bytes
 444 0430 1B78     		ldrb	r3, [r3, #0]
 445 0432 DBB2     		uxtb	r3, r3
 446 0434 022B     		cmp	r3, #2
 447 0436 65D9     		bls	.L20
 448 0438 40F20003 		movw	r3, #:lower16:I2Cx
 449 043c C0F20003 		movt	r3, #:upper16:I2Cx
 450 0440 1B68     		ldr	r3, [r3, #0]
 451 0442 1846     		mov	r0, r3
 452 0444 4FF00001 		mov	r1, #0
 453 0448 FFF7FEFF 		bl	I2C_AcknowledgeConfig
 454 044c 40F20003 		movw	r3, #:lower16:read_p
 455 0450 C0F20003 		movt	r3, #:upper16:read_p
 456 0454 1A68     		ldr	r2, [r3, #0]
 457 0456 40F20003 		movw	r3, #:lower16:index.10970
 458 045a C0F20003 		movt	r3, #:upper16:index.10970
 459 045e 1C78     		ldrb	r4, [r3, #0]	@ zero_extendqisi2
 460 0460 63B2     		sxtb	r3, r4
 461 0462 D518     		adds	r5, r2, r3
 462 0464 40F20003 		movw	r3, #:lower16:I2Cx
 463 0468 C0F20003 		movt	r3, #:upper16:I2Cx
 464 046c 1B68     		ldr	r3, [r3, #0]
 465 046e 1846     		mov	r0, r3
 466 0470 FFF7FEFF 		bl	I2C_ReceiveData
 467 0474 0346     		mov	r3, r0
 468 0476 2B70     		strb	r3, [r5, #0]
 469 0478 2346     		mov	r3, r4
 470 047a 03F10103 		add	r3, r3, #1
 471 047e DAB2     		uxtb	r2, r3
 472 0480 40F20003 		movw	r3, #:lower16:index.10970
 473 0484 C0F20003 		movt	r3, #:upper16:index.10970
 474 0488 1A70     		strb	r2, [r3, #0]
 475 048a 40F20003 		movw	r3, #:lower16:I2Cx
 476 048e C0F20003 		movt	r3, #:upper16:I2Cx
 477 0492 1B68     		ldr	r3, [r3, #0]
 478 0494 1846     		mov	r0, r3
 479 0496 4FF00101 		mov	r1, #1
 480 049a FFF7FEFF 		bl	I2C_GenerateSTOP
 481 049e 40F20003 		movw	r3, #:lower16:final_stop.10969
 482 04a2 C0F20003 		movt	r3, #:upper16:final_stop.10969
 483 04a6 4FF00102 		mov	r2, #1
 484 04aa 1A70     		strb	r2, [r3, #0]
 485 04ac 40F20003 		movw	r3, #:lower16:read_p
 486 04b0 C0F20003 		movt	r3, #:upper16:read_p
 487 04b4 1A68     		ldr	r2, [r3, #0]
 488 04b6 40F20003 		movw	r3, #:lower16:index.10970
 489 04ba C0F20003 		movt	r3, #:upper16:index.10970
 490 04be 1C78     		ldrb	r4, [r3, #0]	@ zero_extendqisi2
 491 04c0 63B2     		sxtb	r3, r4
 492 04c2 D518     		adds	r5, r2, r3
 493 04c4 40F20003 		movw	r3, #:lower16:I2Cx
 494 04c8 C0F20003 		movt	r3, #:upper16:I2Cx
 495 04cc 1B68     		ldr	r3, [r3, #0]
 496 04ce 1846     		mov	r0, r3
 497 04d0 FFF7FEFF 		bl	I2C_ReceiveData
 498 04d4 0346     		mov	r3, r0
 499 04d6 2B70     		strb	r3, [r5, #0]
 500 04d8 2346     		mov	r3, r4
 501 04da 03F10103 		add	r3, r3, #1
 502 04de DAB2     		uxtb	r2, r3
 503 04e0 40F20003 		movw	r3, #:lower16:index.10970
 504 04e4 C0F20003 		movt	r3, #:upper16:index.10970
 505 04e8 1A70     		strb	r2, [r3, #0]
 506 04ea 40F20003 		movw	r3, #:lower16:I2Cx
 507 04ee C0F20003 		movt	r3, #:upper16:I2Cx
 508 04f2 1B68     		ldr	r3, [r3, #0]
 509 04f4 1846     		mov	r0, r3
 510 04f6 4FF48061 		mov	r1, #1024
 511 04fa 4FF00102 		mov	r2, #1
 512 04fe FFF7FEFF 		bl	I2C_ITConfig
 513 0502 B2E0     		b	.L24
 514              	.L20:
 515 0504 40F20003 		movw	r3, #:lower16:final_stop.10969
 516 0508 C0F20003 		movt	r3, #:upper16:final_stop.10969
 517 050c 1B78     		ldrb	r3, [r3, #0]	@ zero_extendqisi2
 518 050e 002B     		cmp	r3, #0
 519 0510 0AD0     		beq	.L22
 520 0512 40F20003 		movw	r3, #:lower16:I2Cx
 521 0516 C0F20003 		movt	r3, #:upper16:I2Cx
 522 051a 1B68     		ldr	r3, [r3, #0]
 523 051c 1846     		mov	r0, r3
 524 051e 4FF00101 		mov	r1, #1
 525 0522 FFF7FEFF 		bl	I2C_GenerateSTOP
 526 0526 09E0     		b	.L23
 527              	.L22:
 528 0528 40F20003 		movw	r3, #:lower16:I2Cx
 529 052c C0F20003 		movt	r3, #:upper16:I2Cx
 530 0530 1B68     		ldr	r3, [r3, #0]
 531 0532 1846     		mov	r0, r3
 532 0534 4FF00101 		mov	r1, #1
 533 0538 FFF7FEFF 		bl	I2C_GenerateSTART
 534              	.L23:
 535 053c 40F20003 		movw	r3, #:lower16:read_p
 536 0540 C0F20003 		movt	r3, #:upper16:read_p
 537 0544 1A68     		ldr	r2, [r3, #0]
 538 0546 40F20003 		movw	r3, #:lower16:index.10970
 539 054a C0F20003 		movt	r3, #:upper16:index.10970
 540 054e 1C78     		ldrb	r4, [r3, #0]	@ zero_extendqisi2
 541 0550 63B2     		sxtb	r3, r4
 542 0552 D518     		adds	r5, r2, r3
 543 0554 40F20003 		movw	r3, #:lower16:I2Cx
 544 0558 C0F20003 		movt	r3, #:upper16:I2Cx
 545 055c 1B68     		ldr	r3, [r3, #0]
 546 055e 1846     		mov	r0, r3
 547 0560 FFF7FEFF 		bl	I2C_ReceiveData
 548 0564 0346     		mov	r3, r0
 549 0566 2B70     		strb	r3, [r5, #0]
 550 0568 2346     		mov	r3, r4
 551 056a 03F10103 		add	r3, r3, #1
 552 056e DAB2     		uxtb	r2, r3
 553 0570 40F20003 		movw	r3, #:lower16:index.10970
 554 0574 C0F20003 		movt	r3, #:upper16:index.10970
 555 0578 1A70     		strb	r2, [r3, #0]
 556 057a 40F20003 		movw	r3, #:lower16:read_p
 557 057e C0F20003 		movt	r3, #:upper16:read_p
 558 0582 1A68     		ldr	r2, [r3, #0]
 559 0584 40F20003 		movw	r3, #:lower16:index.10970
 560 0588 C0F20003 		movt	r3, #:upper16:index.10970
 561 058c 1C78     		ldrb	r4, [r3, #0]	@ zero_extendqisi2
 562 058e 63B2     		sxtb	r3, r4
 563 0590 D518     		adds	r5, r2, r3
 564 0592 40F20003 		movw	r3, #:lower16:I2Cx
 565 0596 C0F20003 		movt	r3, #:upper16:I2Cx
 566 059a 1B68     		ldr	r3, [r3, #0]
 567 059c 1846     		mov	r0, r3
 568 059e FFF7FEFF 		bl	I2C_ReceiveData
 569 05a2 0346     		mov	r3, r0
 570 05a4 2B70     		strb	r3, [r5, #0]
 571 05a6 2346     		mov	r3, r4
 572 05a8 03F10103 		add	r3, r3, #1
 573 05ac DAB2     		uxtb	r2, r3
 574 05ae 40F20003 		movw	r3, #:lower16:index.10970
 575 05b2 C0F20003 		movt	r3, #:upper16:index.10970
 576 05b6 1A70     		strb	r2, [r3, #0]
 577 05b8 40F20003 		movw	r3, #:lower16:index.10970
 578 05bc C0F20003 		movt	r3, #:upper16:index.10970
 579 05c0 1B78     		ldrb	r3, [r3, #0]	@ zero_extendqisi2
 580 05c2 03F10103 		add	r3, r3, #1
 581 05c6 DAB2     		uxtb	r2, r3
 582 05c8 40F20003 		movw	r3, #:lower16:index.10970
 583 05cc C0F20003 		movt	r3, #:upper16:index.10970
 584 05d0 1A70     		strb	r2, [r3, #0]
 585 05d2 4AE0     		b	.L24
 586              	.L19:
 587 05d4 40F20003 		movw	r3, #:lower16:subaddress_sent.10968
 588 05d8 C0F20003 		movt	r3, #:upper16:subaddress_sent.10968
 589 05dc 1B78     		ldrb	r3, [r3, #0]	@ zero_extendqisi2
 590 05de 002B     		cmp	r3, #0
 591 05e0 07D1     		bne	.L25
 592 05e2 40F20003 		movw	r3, #:lower16:writing
 593 05e6 C0F20003 		movt	r3, #:upper16:writing
 594 05ea 1B78     		ldrb	r3, [r3, #0]
 595 05ec DBB2     		uxtb	r3, r3
 596 05ee 002B     		cmp	r3, #0
 597 05f0 29D0     		beq	.L26
 598              	.L25:
 599 05f2 40F20003 		movw	r3, #:lower16:final_stop.10969
 600 05f6 C0F20003 		movt	r3, #:upper16:final_stop.10969
 601 05fa 1B78     		ldrb	r3, [r3, #0]	@ zero_extendqisi2
 602 05fc 002B     		cmp	r3, #0
 603 05fe 0AD0     		beq	.L27
 604 0600 40F20003 		movw	r3, #:lower16:I2Cx
 605 0604 C0F20003 		movt	r3, #:upper16:I2Cx
 606 0608 1B68     		ldr	r3, [r3, #0]
 607 060a 1846     		mov	r0, r3
 608 060c 4FF00101 		mov	r1, #1
 609 0610 FFF7FEFF 		bl	I2C_GenerateSTOP
 610 0614 09E0     		b	.L28
 611              	.L27:
 612 0616 40F20003 		movw	r3, #:lower16:I2Cx
 613 061a C0F20003 		movt	r3, #:upper16:I2Cx
 614 061e 1B68     		ldr	r3, [r3, #0]
 615 0620 1846     		mov	r0, r3
 616 0622 4FF00101 		mov	r1, #1
 617 0626 FFF7FEFF 		bl	I2C_GenerateSTART
 618              	.L28:
 619 062a 40F20003 		movw	r3, #:lower16:index.10970
 620 062e C0F20003 		movt	r3, #:upper16:index.10970
 621 0632 1B78     		ldrb	r3, [r3, #0]	@ zero_extendqisi2
 622 0634 03F10103 		add	r3, r3, #1
 623 0638 DAB2     		uxtb	r2, r3
 624 063a 40F20003 		movw	r3, #:lower16:index.10970
 625 063e C0F20003 		movt	r3, #:upper16:index.10970
 626 0642 1A70     		strb	r2, [r3, #0]
 627 0644 11E0     		b	.L24
 628              	.L26:
 629 0646 40F20003 		movw	r3, #:lower16:I2Cx
 630 064a C0F20003 		movt	r3, #:upper16:I2Cx
 631 064e 1B68     		ldr	r3, [r3, #0]
 632 0650 1846     		mov	r0, r3
 633 0652 4FF00101 		mov	r1, #1
 634 0656 FFF7FEFF 		bl	I2C_GenerateSTART
 635 065a 40F20003 		movw	r3, #:lower16:subaddress_sent.10968
 636 065e C0F20003 		movt	r3, #:upper16:subaddress_sent.10968
 637 0662 4FF00102 		mov	r2, #1
 638 0666 1A70     		strb	r2, [r3, #0]
 639 0668 FFE7     		b	.L37
 640              	.L24:
 641              	.L37:
 642 066a 00BF     		nop
 643              	.L29:
 644 066c 40F20003 		movw	r3, #:lower16:I2Cx
 645 0670 C0F20003 		movt	r3, #:upper16:I2Cx
 646 0674 1B68     		ldr	r3, [r3, #0]
 647 0676 1B88     		ldrh	r3, [r3, #0]	@ movhi
 648 0678 9BB2     		uxth	r3, r3
 649 067a 03F48073 		and	r3, r3, #256
 650 067e 002B     		cmp	r3, #0
 651 0680 F4D1     		bne	.L29
 652 0682 E2E0     		b	.L12
 653              	.L18:
 654 0684 9DF80730 		ldrb	r3, [sp, #7]	@ zero_extendqisi2
 655 0688 03F04003 		and	r3, r3, #64
 656 068c 002B     		cmp	r3, #0
 657 068e 59D0     		beq	.L30
 658 0690 40F20003 		movw	r3, #:lower16:read_p
 659 0694 C0F20003 		movt	r3, #:upper16:read_p
 660 0698 1A68     		ldr	r2, [r3, #0]
 661 069a 40F20003 		movw	r3, #:lower16:index.10970
 662 069e C0F20003 		movt	r3, #:upper16:index.10970
 663 06a2 1C78     		ldrb	r4, [r3, #0]	@ zero_extendqisi2
 664 06a4 63B2     		sxtb	r3, r4
 665 06a6 D518     		adds	r5, r2, r3
 666 06a8 40F20003 		movw	r3, #:lower16:I2Cx
 667 06ac C0F20003 		movt	r3, #:upper16:I2Cx
 668 06b0 1B68     		ldr	r3, [r3, #0]
 669 06b2 1846     		mov	r0, r3
 670 06b4 FFF7FEFF 		bl	I2C_ReceiveData
 671 06b8 0346     		mov	r3, r0
 672 06ba 2B70     		strb	r3, [r5, #0]
 673 06bc 2346     		mov	r3, r4
 674 06be 03F10103 		add	r3, r3, #1
 675 06c2 DAB2     		uxtb	r2, r3
 676 06c4 40F20003 		movw	r3, #:lower16:index.10970
 677 06c8 C0F20003 		movt	r3, #:upper16:index.10970
 678 06cc 1A70     		strb	r2, [r3, #0]
 679 06ce 40F20003 		movw	r3, #:lower16:bytes
 680 06d2 C0F20003 		movt	r3, #:upper16:bytes
 681 06d6 1B78     		ldrb	r3, [r3, #0]
 682 06d8 DBB2     		uxtb	r3, r3
 683 06da 1A46     		mov	r2, r3
 684 06dc 40F20003 		movw	r3, #:lower16:index.10970
 685 06e0 C0F20003 		movt	r3, #:upper16:index.10970
 686 06e4 1B78     		ldrb	r3, [r3, #0]	@ zero_extendqisi2
 687 06e6 5BB2     		sxtb	r3, r3
 688 06e8 03F10303 		add	r3, r3, #3
 689 06ec 9A42     		cmp	r2, r3
 690 06ee 0BD1     		bne	.L31
 691 06f0 40F20003 		movw	r3, #:lower16:I2Cx
 692 06f4 C0F20003 		movt	r3, #:upper16:I2Cx
 693 06f8 1B68     		ldr	r3, [r3, #0]
 694 06fa 1846     		mov	r0, r3
 695 06fc 4FF48061 		mov	r1, #1024
 696 0700 4FF00002 		mov	r2, #0
 697 0704 FFF7FEFF 		bl	I2C_ITConfig
 698              	.L31:
 699 0708 40F20003 		movw	r3, #:lower16:bytes
 700 070c C0F20003 		movt	r3, #:upper16:bytes
 701 0710 1B78     		ldrb	r3, [r3, #0]
 702 0712 DBB2     		uxtb	r3, r3
 703 0714 1A46     		mov	r2, r3
 704 0716 40F20003 		movw	r3, #:lower16:index.10970
 705 071a C0F20003 		movt	r3, #:upper16:index.10970
 706 071e 1B78     		ldrb	r3, [r3, #0]	@ zero_extendqisi2
 707 0720 5BB2     		sxtb	r3, r3
 708 0722 9A42     		cmp	r2, r3
 709 0724 40F09180 		bne	.L12
 710 0728 40F20003 		movw	r3, #:lower16:index.10970
 711 072c C0F20003 		movt	r3, #:upper16:index.10970
 712 0730 1B78     		ldrb	r3, [r3, #0]	@ zero_extendqisi2
 713 0732 03F10103 		add	r3, r3, #1
 714 0736 DAB2     		uxtb	r2, r3
 715 0738 40F20003 		movw	r3, #:lower16:index.10970
 716 073c C0F20003 		movt	r3, #:upper16:index.10970
 717 0740 1A70     		strb	r2, [r3, #0]
 718 0742 82E0     		b	.L12
 719              	.L30:
 720 0744 9DF80730 		ldrb	r3, [sp, #7]	@ zero_extendqisi2
 721 0748 5BB2     		sxtb	r3, r3
 722 074a 002B     		cmp	r3, #0
 723 074c 7DDA     		bge	.L12
 724 074e 40F20003 		movw	r3, #:lower16:index.10970
 725 0752 C0F20003 		movt	r3, #:upper16:index.10970
 726 0756 1B78     		ldrb	r3, [r3, #0]	@ zero_extendqisi2
 727 0758 5BB2     		sxtb	r3, r3
 728 075a B3F1FF3F 		cmp	r3, #-1
 729 075e 3AD0     		beq	.L32
 730 0760 40F20003 		movw	r3, #:lower16:I2Cx
 731 0764 C0F20003 		movt	r3, #:upper16:I2Cx
 732 0768 1968     		ldr	r1, [r3, #0]
 733 076a 40F20003 		movw	r3, #:lower16:write_p
 734 076e C0F20003 		movt	r3, #:upper16:write_p
 735 0772 1868     		ldr	r0, [r3, #0]
 736 0774 40F20003 		movw	r3, #:lower16:index.10970
 737 0778 C0F20003 		movt	r3, #:upper16:index.10970
 738 077c 1B78     		ldrb	r3, [r3, #0]	@ zero_extendqisi2
 739 077e 5AB2     		sxtb	r2, r3
 740 0780 8218     		adds	r2, r0, r2
 741 0782 1278     		ldrb	r2, [r2, #0]
 742 0784 D2B2     		uxtb	r2, r2
 743 0786 03F10103 		add	r3, r3, #1
 744 078a D8B2     		uxtb	r0, r3
 745 078c 40F20003 		movw	r3, #:lower16:index.10970
 746 0790 C0F20003 		movt	r3, #:upper16:index.10970
 747 0794 1870     		strb	r0, [r3, #0]
 748 0796 0846     		mov	r0, r1
 749 0798 1146     		mov	r1, r2
 750 079a FFF7FEFF 		bl	I2C_SendData
 751 079e 40F20003 		movw	r3, #:lower16:bytes
 752 07a2 C0F20003 		movt	r3, #:upper16:bytes
 753 07a6 1B78     		ldrb	r3, [r3, #0]
 754 07a8 DBB2     		uxtb	r3, r3
 755 07aa 1A46     		mov	r2, r3
 756 07ac 40F20003 		movw	r3, #:lower16:index.10970
 757 07b0 C0F20003 		movt	r3, #:upper16:index.10970
 758 07b4 1B78     		ldrb	r3, [r3, #0]	@ zero_extendqisi2
 759 07b6 5BB2     		sxtb	r3, r3
 760 07b8 9A42     		cmp	r2, r3
 761 07ba 46D1     		bne	.L12
 762 07bc 40F20003 		movw	r3, #:lower16:I2Cx
 763 07c0 C0F20003 		movt	r3, #:upper16:I2Cx
 764 07c4 1B68     		ldr	r3, [r3, #0]
 765 07c6 1846     		mov	r0, r3
 766 07c8 4FF48061 		mov	r1, #1024
 767 07cc 4FF00002 		mov	r2, #0
 768 07d0 FFF7FEFF 		bl	I2C_ITConfig
 769 07d4 39E0     		b	.L12
 770              	.L32:
 771 07d6 40F20003 		movw	r3, #:lower16:index.10970
 772 07da C0F20003 		movt	r3, #:upper16:index.10970
 773 07de 1B78     		ldrb	r3, [r3, #0]	@ zero_extendqisi2
 774 07e0 03F10103 		add	r3, r3, #1
 775 07e4 DAB2     		uxtb	r2, r3
 776 07e6 40F20003 		movw	r3, #:lower16:index.10970
 777 07ea C0F20003 		movt	r3, #:upper16:index.10970
 778 07ee 1A70     		strb	r2, [r3, #0]
 779 07f0 40F20003 		movw	r3, #:lower16:I2Cx
 780 07f4 C0F20003 		movt	r3, #:upper16:I2Cx
 781 07f8 1A68     		ldr	r2, [r3, #0]
 782 07fa 40F20003 		movw	r3, #:lower16:reg
 783 07fe C0F20003 		movt	r3, #:upper16:reg
 784 0802 1B78     		ldrb	r3, [r3, #0]
 785 0804 DBB2     		uxtb	r3, r3
 786 0806 1046     		mov	r0, r2
 787 0808 1946     		mov	r1, r3
 788 080a FFF7FEFF 		bl	I2C_SendData
 789 080e 40F20003 		movw	r3, #:lower16:reading
 790 0812 C0F20003 		movt	r3, #:upper16:reading
 791 0816 1B78     		ldrb	r3, [r3, #0]
 792 0818 DBB2     		uxtb	r3, r3
 793 081a 002B     		cmp	r3, #0
 794 081c 07D1     		bne	.L33
 795 081e 40F20003 		movw	r3, #:lower16:bytes
 796 0822 C0F20003 		movt	r3, #:upper16:bytes
 797 0826 1B78     		ldrb	r3, [r3, #0]
 798 0828 DBB2     		uxtb	r3, r3
 799 082a 002B     		cmp	r3, #0
 800 082c 0DD1     		bne	.L12
 801              	.L33:
 802 082e 40F20003 		movw	r3, #:lower16:I2Cx
 803 0832 C0F20003 		movt	r3, #:upper16:I2Cx
 804 0836 1B68     		ldr	r3, [r3, #0]
 805 0838 1846     		mov	r0, r3
 806 083a 4FF48061 		mov	r1, #1024
 807 083e 4FF00002 		mov	r2, #0
 808 0842 FFF7FEFF 		bl	I2C_ITConfig
 809 0846 00E0     		b	.L12
 810              	.L36:
 811 0848 00BF     		nop
 812              	.L12:
 813 084a 40F20003 		movw	r3, #:lower16:index.10970
 814 084e C0F20003 		movt	r3, #:upper16:index.10970
 815 0852 1B78     		ldrb	r3, [r3, #0]	@ zero_extendqisi2
 816 0854 5AB2     		sxtb	r2, r3
 817 0856 40F20003 		movw	r3, #:lower16:bytes
 818 085a C0F20003 		movt	r3, #:upper16:bytes
 819 085e 1B78     		ldrb	r3, [r3, #0]
 820 0860 DBB2     		uxtb	r3, r3
 821 0862 03F10103 		add	r3, r3, #1
 822 0866 9A42     		cmp	r2, r3
 823 0868 20D1     		bne	.L6
 824 086a 40F20003 		movw	r3, #:lower16:subaddress_sent.10968
 825 086e C0F20003 		movt	r3, #:upper16:subaddress_sent.10968
 826 0872 4FF00002 		mov	r2, #0
 827 0876 1A70     		strb	r2, [r3, #0]
 828 0878 40F20003 		movw	r3, #:lower16:final_stop.10969
 829 087c C0F20003 		movt	r3, #:upper16:final_stop.10969
 830 0880 1B78     		ldrb	r3, [r3, #0]	@ zero_extendqisi2
 831 0882 002B     		cmp	r3, #0
 832 0884 0BD0     		beq	.L35
 833 0886 40F20003 		movw	r3, #:lower16:I2Cx
 834 088a C0F20003 		movt	r3, #:upper16:I2Cx
 835 088e 1B68     		ldr	r3, [r3, #0]
 836 0890 1846     		mov	r0, r3
 837 0892 4FF44071 		mov	r1, #768
 838 0896 4FF00002 		mov	r2, #0
 839 089a FFF7FEFF 		bl	I2C_ITConfig
 840              	.L35:
 841 089e 40F20003 		movw	r3, #:lower16:busy
 842 08a2 C0F20003 		movt	r3, #:upper16:busy
 843 08a6 4FF00002 		mov	r2, #0
 844 08aa 1A70     		strb	r2, [r3, #0]
 845              	.L6:
 846 08ac 03B0     		add	sp, sp, #12
 847 08ae 30BD     		pop	{r4, r5, pc}
 849              		.align	2
 850              		.global	I2C1_ER_IRQHandler
 851              		.thumb
 852              		.thumb_func
 854              	I2C1_ER_IRQHandler:
 855              		@ args = 0, pretend = 0, frame = 0
 856              		@ frame_needed = 0, uses_anonymous_args = 0
 857 08b0 08B5     		push	{r3, lr}
 858 08b2 FFF7FEFF 		bl	I2C_ER_Handler
 859 08b6 08BD     		pop	{r3, pc}
 861              		.align	2
 862              		.global	I2C1_EV_IRQHandler
 863              		.thumb
 864              		.thumb_func
 866              	I2C1_EV_IRQHandler:
 867              		@ args = 0, pretend = 0, frame = 0
 868              		@ frame_needed = 0, uses_anonymous_args = 0
 869 08b8 08B5     		push	{r3, lr}
 870 08ba FFF7FEFF 		bl	I2C_EV_Handler
 871 08be 08BD     		pop	{r3, pc}
 873              		.align	2
 874              		.global	I2C2_ER_IRQHandler
 875              		.thumb
 876              		.thumb_func
 878              	I2C2_ER_IRQHandler:
 879              		@ args = 0, pretend = 0, frame = 0
 880              		@ frame_needed = 0, uses_anonymous_args = 0
 881 08c0 08B5     		push	{r3, lr}
 882 08c2 FFF7FEFF 		bl	I2C_ER_Handler
 883 08c6 08BD     		pop	{r3, pc}
 885              		.align	2
 886              		.global	I2C2_EV_IRQHandler
 887              		.thumb
 888              		.thumb_func
 890              	I2C2_EV_IRQHandler:
 891              		@ args = 0, pretend = 0, frame = 0
 892              		@ frame_needed = 0, uses_anonymous_args = 0
 893 08c8 08B5     		push	{r3, lr}
 894 08ca FFF7FEFF 		bl	I2C_EV_Handler
 895 08ce 08BD     		pop	{r3, pc}
 897              		.align	2
 898              		.global	i2cWriteBuffer
 899              		.thumb
 900              		.thumb_func
 902              	i2cWriteBuffer:
 903              		@ args = 4, pretend = 0, frame = 32
 904              		@ frame_needed = 0, uses_anonymous_args = 0
 905 08d0 00B5     		push	{lr}
 906 08d2 89B0     		sub	sp, sp, #36
 907 08d4 0190     		str	r0, [sp, #4]
 908 08d6 8DF80310 		strb	r1, [sp, #3]
 909 08da 8DF80220 		strb	r2, [sp, #2]
 910 08de 8DF80130 		strb	r3, [sp, #1]
 911 08e2 47F23053 		movw	r3, #30000
 912 08e6 0693     		str	r3, [sp, #24]
 913 08e8 40F20003 		movw	r3, #:lower16:I2Cx
 914 08ec C0F20003 		movt	r3, #:upper16:I2Cx
 915 08f0 019A     		ldr	r2, [sp, #4]
 916 08f2 1A60     		str	r2, [r3, #0]
 917 08f4 9DF80330 		ldrb	r3, [sp, #3]
 918 08f8 4FEA4303 		lsl	r3, r3, #1
 919 08fc DAB2     		uxtb	r2, r3
 920 08fe 40F20003 		movw	r3, #:lower16:addr
 921 0902 C0F20003 		movt	r3, #:upper16:addr
 922 0906 1A70     		strb	r2, [r3, #0]
 923 0908 40F20003 		movw	r3, #:lower16:reg
 924 090c C0F20003 		movt	r3, #:upper16:reg
 925 0910 9DF80220 		ldrb	r2, [sp, #2]
 926 0914 1A70     		strb	r2, [r3, #0]
 927 0916 40F20003 		movw	r3, #:lower16:writing
 928 091a C0F20003 		movt	r3, #:upper16:writing
 929 091e 4FF00102 		mov	r2, #1
 930 0922 1A70     		strb	r2, [r3, #0]
 931 0924 40F20003 		movw	r3, #:lower16:reading
 932 0928 C0F20003 		movt	r3, #:upper16:reading
 933 092c 4FF00002 		mov	r2, #0
 934 0930 1A70     		strb	r2, [r3, #0]
 935 0932 40F20003 		movw	r3, #:lower16:write_p
 936 0936 C0F20003 		movt	r3, #:upper16:write_p
 937 093a 02AA     		add	r2, sp, #8
 938 093c 1A60     		str	r2, [r3, #0]
 939 093e 40F20003 		movw	r3, #:lower16:read_p
 940 0942 C0F20003 		movt	r3, #:upper16:read_p
 941 0946 02AA     		add	r2, sp, #8
 942 0948 1A60     		str	r2, [r3, #0]
 943 094a 40F20003 		movw	r3, #:lower16:bytes
 944 094e C0F20003 		movt	r3, #:upper16:bytes
 945 0952 9DF80120 		ldrb	r2, [sp, #1]
 946 0956 1A70     		strb	r2, [r3, #0]
 947 0958 40F20003 		movw	r3, #:lower16:busy
 948 095c C0F20003 		movt	r3, #:upper16:busy
 949 0960 4FF00102 		mov	r2, #1
 950 0964 1A70     		strb	r2, [r3, #0]
 951 0966 9DF80130 		ldrb	r3, [sp, #1]	@ zero_extendqisi2
 952 096a 102B     		cmp	r3, #16
 953 096c 02D9     		bls	.L43
 954 096e 4FF00003 		mov	r3, #0
 955 0972 A5E0     		b	.L44
 956              	.L43:
 957 0974 4FF00003 		mov	r3, #0
 958 0978 8DF81F30 		strb	r3, [sp, #31]
 959 097c 10E0     		b	.L45
 960              	.L46:
 961 097e 9DF81F30 		ldrb	r3, [sp, #31]	@ zero_extendqisi2
 962 0982 9DF81F20 		ldrb	r2, [sp, #31]	@ zero_extendqisi2
 963 0986 0A99     		ldr	r1, [sp, #40]
 964 0988 8A18     		adds	r2, r1, r2
 965 098a 1278     		ldrb	r2, [r2, #0]	@ zero_extendqisi2
 966 098c 08A9     		add	r1, sp, #32
 967 098e CB18     		adds	r3, r1, r3
 968 0990 03F8182C 		strb	r2, [r3, #-24]
 969 0994 9DF81F30 		ldrb	r3, [sp, #31]
 970 0998 03F10103 		add	r3, r3, #1
 971 099c 8DF81F30 		strb	r3, [sp, #31]
 972              	.L45:
 973 09a0 9DF81F20 		ldrb	r2, [sp, #31]	@ zero_extendqisi2
 974 09a4 9DF80130 		ldrb	r3, [sp, #1]	@ zero_extendqisi2
 975 09a8 9A42     		cmp	r2, r3
 976 09aa E8D3     		bcc	.L46
 977 09ac 40F20003 		movw	r3, #:lower16:I2Cx
 978 09b0 C0F20003 		movt	r3, #:upper16:I2Cx
 979 09b4 1B68     		ldr	r3, [r3, #0]
 980 09b6 9B88     		ldrh	r3, [r3, #4]	@ movhi
 981 09b8 9BB2     		uxth	r3, r3
 982 09ba 03F40073 		and	r3, r3, #512
 983 09be 002B     		cmp	r3, #0
 984 09c0 2CD1     		bne	.L55
 985 09c2 40F20003 		movw	r3, #:lower16:I2Cx
 986 09c6 C0F20003 		movt	r3, #:upper16:I2Cx
 987 09ca 1B68     		ldr	r3, [r3, #0]
 988 09cc 1B88     		ldrh	r3, [r3, #0]	@ movhi
 989 09ce 9BB2     		uxth	r3, r3
 990 09d0 03F48073 		and	r3, r3, #256
 991 09d4 002B     		cmp	r3, #0
 992 09d6 15D1     		bne	.L48
 993 09d8 00BF     		nop
 994              	.L49:
 995 09da 40F20003 		movw	r3, #:lower16:I2Cx
 996 09de C0F20003 		movt	r3, #:upper16:I2Cx
 997 09e2 1B68     		ldr	r3, [r3, #0]
 998 09e4 1B88     		ldrh	r3, [r3, #0]	@ movhi
 999 09e6 9BB2     		uxth	r3, r3
 1000 09e8 03F40073 		and	r3, r3, #512
 1001 09ec 002B     		cmp	r3, #0
 1002 09ee F4D1     		bne	.L49
 1003 09f0 40F20003 		movw	r3, #:lower16:I2Cx
 1004 09f4 C0F20003 		movt	r3, #:upper16:I2Cx
 1005 09f8 1B68     		ldr	r3, [r3, #0]
 1006 09fa 1846     		mov	r0, r3
 1007 09fc 4FF00101 		mov	r1, #1
 1008 0a00 FFF7FEFF 		bl	I2C_GenerateSTART
 1009              	.L48:
 1010 0a04 40F20003 		movw	r3, #:lower16:I2Cx
 1011 0a08 C0F20003 		movt	r3, #:upper16:I2Cx
 1012 0a0c 1B68     		ldr	r3, [r3, #0]
 1013 0a0e 1846     		mov	r0, r3
 1014 0a10 4FF44071 		mov	r1, #768
 1015 0a14 4FF00102 		mov	r2, #1
 1016 0a18 FFF7FEFF 		bl	I2C_ITConfig
 1017              	.L55:
 1018 0a1c 00BF     		nop
 1019              	.L51:
 1020 0a1e 40F20003 		movw	r3, #:lower16:busy
 1021 0a22 C0F20003 		movt	r3, #:upper16:busy
 1022 0a26 1B78     		ldrb	r3, [r3, #0]
 1023 0a28 DBB2     		uxtb	r3, r3
 1024 0a2a 002B     		cmp	r3, #0
 1025 0a2c 06D0     		beq	.L50
 1026 0a2e 069B     		ldr	r3, [sp, #24]
 1027 0a30 03F1FF33 		add	r3, r3, #-1
 1028 0a34 0693     		str	r3, [sp, #24]
 1029 0a36 069B     		ldr	r3, [sp, #24]
 1030 0a38 002B     		cmp	r3, #0
 1031 0a3a F0D1     		bne	.L51
 1032              	.L50:
 1033 0a3c 069B     		ldr	r3, [sp, #24]
 1034 0a3e 002B     		cmp	r3, #0
 1035 0a40 3CD1     		bne	.L52
 1036 0a42 40F20003 		movw	r3, #:lower16:I2Cx
 1037 0a46 C0F20003 		movt	r3, #:upper16:I2Cx
 1038 0a4a 1A68     		ldr	r2, [r3, #0]
 1039 0a4c 4FF4A843 		mov	r3, #21504
 1040 0a50 C4F20003 		movt	r3, 16384
 1041 0a54 9A42     		cmp	r2, r3
 1042 0a56 0DD1     		bne	.L53
 1043 0a58 40F20003 		movw	r3, #:lower16:i2c1ErrorCount
 1044 0a5c C0F20003 		movt	r3, #:upper16:i2c1ErrorCount
 1045 0a60 1B88     		ldrh	r3, [r3, #0]	@ movhi
 1046 0a62 9BB2     		uxth	r3, r3
 1047 0a64 03F10103 		add	r3, r3, #1
 1048 0a68 9AB2     		uxth	r2, r3
 1049 0a6a 40F20003 		movw	r3, #:lower16:i2c1ErrorCount
 1050 0a6e C0F20003 		movt	r3, #:upper16:i2c1ErrorCount
 1051 0a72 1A80     		strh	r2, [r3, #0]	@ movhi
 1052              	.L53:
 1053 0a74 40F20003 		movw	r3, #:lower16:I2Cx
 1054 0a78 C0F20003 		movt	r3, #:upper16:I2Cx
 1055 0a7c 1A68     		ldr	r2, [r3, #0]
 1056 0a7e 4FF4B043 		mov	r3, #22528
 1057 0a82 C4F20003 		movt	r3, 16384
 1058 0a86 9A42     		cmp	r2, r3
 1059 0a88 0DD1     		bne	.L54
 1060 0a8a 40F20003 		movw	r3, #:lower16:i2c2ErrorCount
 1061 0a8e C0F20003 		movt	r3, #:upper16:i2c2ErrorCount
 1062 0a92 1B88     		ldrh	r3, [r3, #0]	@ movhi
 1063 0a94 9BB2     		uxth	r3, r3
 1064 0a96 03F10103 		add	r3, r3, #1
 1065 0a9a 9AB2     		uxth	r2, r3
 1066 0a9c 40F20003 		movw	r3, #:lower16:i2c2ErrorCount
 1067 0aa0 C0F20003 		movt	r3, #:upper16:i2c2ErrorCount
 1068 0aa4 1A80     		strh	r2, [r3, #0]	@ movhi
 1069              	.L54:
 1070 0aa6 40F20003 		movw	r3, #:lower16:I2Cx
 1071 0aaa C0F20003 		movt	r3, #:upper16:I2Cx
 1072 0aae 1B68     		ldr	r3, [r3, #0]
 1073 0ab0 1846     		mov	r0, r3
 1074 0ab2 FFF7FEFF 		bl	i2cInit
 1075 0ab6 4FF00003 		mov	r3, #0
 1076 0aba 01E0     		b	.L44
 1077              	.L52:
 1078 0abc 4FF00103 		mov	r3, #1
 1079              	.L44:
 1080 0ac0 1846     		mov	r0, r3
 1081 0ac2 09B0     		add	sp, sp, #36
 1082 0ac4 00BD     		pop	{pc}
 1084 0ac6 00BF     		.align	2
 1085              		.global	i2cWrite
 1086              		.thumb
 1087              		.thumb_func
 1089              	i2cWrite:
 1090              		@ args = 0, pretend = 0, frame = 8
 1091              		@ frame_needed = 0, uses_anonymous_args = 0
 1092 0ac8 00B5     		push	{lr}
 1093 0aca 85B0     		sub	sp, sp, #20
 1094 0acc 0390     		str	r0, [sp, #12]
 1095 0ace 8DF80B10 		strb	r1, [sp, #11]
 1096 0ad2 8DF80A20 		strb	r2, [sp, #10]
 1097 0ad6 8DF80930 		strb	r3, [sp, #9]
 1098 0ada 9DF80B20 		ldrb	r2, [sp, #11]	@ zero_extendqisi2
 1099 0ade 9DF80A30 		ldrb	r3, [sp, #10]	@ zero_extendqisi2
 1100 0ae2 0DF10901 		add	r1, sp, #9
 1101 0ae6 0091     		str	r1, [sp, #0]
 1102 0ae8 0398     		ldr	r0, [sp, #12]
 1103 0aea 1146     		mov	r1, r2
 1104 0aec 1A46     		mov	r2, r3
 1105 0aee 4FF00103 		mov	r3, #1
 1106 0af2 FFF7FEFF 		bl	i2cWriteBuffer
 1107 0af6 0346     		mov	r3, r0
 1108 0af8 1846     		mov	r0, r3
 1109 0afa 05B0     		add	sp, sp, #20
 1110 0afc 00BD     		pop	{pc}
 1112 0afe 00BF     		.align	2
 1113              		.global	i2cRead
 1114              		.thumb
 1115              		.thumb_func
 1117              	i2cRead:
 1118              		@ args = 4, pretend = 0, frame = 16
 1119              		@ frame_needed = 0, uses_anonymous_args = 0
 1120 0b00 00B5     		push	{lr}
 1121 0b02 85B0     		sub	sp, sp, #20
 1122 0b04 0190     		str	r0, [sp, #4]
 1123 0b06 8DF80310 		strb	r1, [sp, #3]
 1124 0b0a 8DF80220 		strb	r2, [sp, #2]
 1125 0b0e 8DF80130 		strb	r3, [sp, #1]
 1126 0b12 47F23053 		movw	r3, #30000
 1127 0b16 0393     		str	r3, [sp, #12]
 1128 0b18 40F20003 		movw	r3, #:lower16:I2Cx
 1129 0b1c C0F20003 		movt	r3, #:upper16:I2Cx
 1130 0b20 019A     		ldr	r2, [sp, #4]
 1131 0b22 1A60     		str	r2, [r3, #0]
 1132 0b24 9DF80330 		ldrb	r3, [sp, #3]
 1133 0b28 4FEA4303 		lsl	r3, r3, #1
 1134 0b2c DAB2     		uxtb	r2, r3
 1135 0b2e 40F20003 		movw	r3, #:lower16:addr
 1136 0b32 C0F20003 		movt	r3, #:upper16:addr
 1137 0b36 1A70     		strb	r2, [r3, #0]
 1138 0b38 40F20003 		movw	r3, #:lower16:reg
 1139 0b3c C0F20003 		movt	r3, #:upper16:reg
 1140 0b40 9DF80220 		ldrb	r2, [sp, #2]
 1141 0b44 1A70     		strb	r2, [r3, #0]
 1142 0b46 40F20003 		movw	r3, #:lower16:writing
 1143 0b4a C0F20003 		movt	r3, #:upper16:writing
 1144 0b4e 4FF00002 		mov	r2, #0
 1145 0b52 1A70     		strb	r2, [r3, #0]
 1146 0b54 40F20003 		movw	r3, #:lower16:reading
 1147 0b58 C0F20003 		movt	r3, #:upper16:reading
 1148 0b5c 4FF00102 		mov	r2, #1
 1149 0b60 1A70     		strb	r2, [r3, #0]
 1150 0b62 40F20003 		movw	r3, #:lower16:read_p
 1151 0b66 C0F20003 		movt	r3, #:upper16:read_p
 1152 0b6a 069A     		ldr	r2, [sp, #24]
 1153 0b6c 1A60     		str	r2, [r3, #0]
 1154 0b6e 40F20003 		movw	r3, #:lower16:write_p
 1155 0b72 C0F20003 		movt	r3, #:upper16:write_p
 1156 0b76 069A     		ldr	r2, [sp, #24]
 1157 0b78 1A60     		str	r2, [r3, #0]
 1158 0b7a 40F20003 		movw	r3, #:lower16:bytes
 1159 0b7e C0F20003 		movt	r3, #:upper16:bytes
 1160 0b82 9DF80120 		ldrb	r2, [sp, #1]
 1161 0b86 1A70     		strb	r2, [r3, #0]
 1162 0b88 40F20003 		movw	r3, #:lower16:busy
 1163 0b8c C0F20003 		movt	r3, #:upper16:busy
 1164 0b90 4FF00102 		mov	r2, #1
 1165 0b94 1A70     		strb	r2, [r3, #0]
 1166 0b96 40F20003 		movw	r3, #:lower16:I2Cx
 1167 0b9a C0F20003 		movt	r3, #:upper16:I2Cx
 1168 0b9e 1B68     		ldr	r3, [r3, #0]
 1169 0ba0 9B88     		ldrh	r3, [r3, #4]	@ movhi
 1170 0ba2 9BB2     		uxth	r3, r3
 1171 0ba4 03F40073 		and	r3, r3, #512
 1172 0ba8 002B     		cmp	r3, #0
 1173 0baa 2CD1     		bne	.L67
 1174 0bac 40F20003 		movw	r3, #:lower16:I2Cx
 1175 0bb0 C0F20003 		movt	r3, #:upper16:I2Cx
 1176 0bb4 1B68     		ldr	r3, [r3, #0]
 1177 0bb6 1B88     		ldrh	r3, [r3, #0]	@ movhi
 1178 0bb8 9BB2     		uxth	r3, r3
 1179 0bba 03F48073 		and	r3, r3, #256
 1180 0bbe 002B     		cmp	r3, #0
 1181 0bc0 15D1     		bne	.L59
 1182 0bc2 00BF     		nop
 1183              	.L60:
 1184 0bc4 40F20003 		movw	r3, #:lower16:I2Cx
 1185 0bc8 C0F20003 		movt	r3, #:upper16:I2Cx
 1186 0bcc 1B68     		ldr	r3, [r3, #0]
 1187 0bce 1B88     		ldrh	r3, [r3, #0]	@ movhi
 1188 0bd0 9BB2     		uxth	r3, r3
 1189 0bd2 03F40073 		and	r3, r3, #512
 1190 0bd6 002B     		cmp	r3, #0
 1191 0bd8 F4D1     		bne	.L60
 1192 0bda 40F20003 		movw	r3, #:lower16:I2Cx
 1193 0bde C0F20003 		movt	r3, #:upper16:I2Cx
 1194 0be2 1B68     		ldr	r3, [r3, #0]
 1195 0be4 1846     		mov	r0, r3
 1196 0be6 4FF00101 		mov	r1, #1
 1197 0bea FFF7FEFF 		bl	I2C_GenerateSTART
 1198              	.L59:
 1199 0bee 40F20003 		movw	r3, #:lower16:I2Cx
 1200 0bf2 C0F20003 		movt	r3, #:upper16:I2Cx
 1201 0bf6 1B68     		ldr	r3, [r3, #0]
 1202 0bf8 1846     		mov	r0, r3
 1203 0bfa 4FF44071 		mov	r1, #768
 1204 0bfe 4FF00102 		mov	r2, #1
 1205 0c02 FFF7FEFF 		bl	I2C_ITConfig
 1206              	.L67:
 1207 0c06 00BF     		nop
 1208              	.L62:
 1209 0c08 40F20003 		movw	r3, #:lower16:busy
 1210 0c0c C0F20003 		movt	r3, #:upper16:busy
 1211 0c10 1B78     		ldrb	r3, [r3, #0]
 1212 0c12 DBB2     		uxtb	r3, r3
 1213 0c14 002B     		cmp	r3, #0
 1214 0c16 06D0     		beq	.L61
 1215 0c18 039B     		ldr	r3, [sp, #12]
 1216 0c1a 03F1FF33 		add	r3, r3, #-1
 1217 0c1e 0393     		str	r3, [sp, #12]
 1218 0c20 039B     		ldr	r3, [sp, #12]
 1219 0c22 002B     		cmp	r3, #0
 1220 0c24 F0D1     		bne	.L62
 1221              	.L61:
 1222 0c26 039B     		ldr	r3, [sp, #12]
 1223 0c28 002B     		cmp	r3, #0
 1224 0c2a 3CD1     		bne	.L63
 1225 0c2c 40F20003 		movw	r3, #:lower16:I2Cx
 1226 0c30 C0F20003 		movt	r3, #:upper16:I2Cx
 1227 0c34 1A68     		ldr	r2, [r3, #0]
 1228 0c36 4FF4A843 		mov	r3, #21504
 1229 0c3a C4F20003 		movt	r3, 16384
 1230 0c3e 9A42     		cmp	r2, r3
 1231 0c40 0DD1     		bne	.L64
 1232 0c42 40F20003 		movw	r3, #:lower16:i2c1ErrorCount
 1233 0c46 C0F20003 		movt	r3, #:upper16:i2c1ErrorCount
 1234 0c4a 1B88     		ldrh	r3, [r3, #0]	@ movhi
 1235 0c4c 9BB2     		uxth	r3, r3
 1236 0c4e 03F10103 		add	r3, r3, #1
 1237 0c52 9AB2     		uxth	r2, r3
 1238 0c54 40F20003 		movw	r3, #:lower16:i2c1ErrorCount
 1239 0c58 C0F20003 		movt	r3, #:upper16:i2c1ErrorCount
 1240 0c5c 1A80     		strh	r2, [r3, #0]	@ movhi
 1241              	.L64:
 1242 0c5e 40F20003 		movw	r3, #:lower16:I2Cx
 1243 0c62 C0F20003 		movt	r3, #:upper16:I2Cx
 1244 0c66 1A68     		ldr	r2, [r3, #0]
 1245 0c68 4FF4B043 		mov	r3, #22528
 1246 0c6c C4F20003 		movt	r3, 16384
 1247 0c70 9A42     		cmp	r2, r3
 1248 0c72 0DD1     		bne	.L65
 1249 0c74 40F20003 		movw	r3, #:lower16:i2c2ErrorCount
 1250 0c78 C0F20003 		movt	r3, #:upper16:i2c2ErrorCount
 1251 0c7c 1B88     		ldrh	r3, [r3, #0]	@ movhi
 1252 0c7e 9BB2     		uxth	r3, r3
 1253 0c80 03F10103 		add	r3, r3, #1
 1254 0c84 9AB2     		uxth	r2, r3
 1255 0c86 40F20003 		movw	r3, #:lower16:i2c2ErrorCount
 1256 0c8a C0F20003 		movt	r3, #:upper16:i2c2ErrorCount
 1257 0c8e 1A80     		strh	r2, [r3, #0]	@ movhi
 1258              	.L65:
 1259 0c90 40F20003 		movw	r3, #:lower16:I2Cx
 1260 0c94 C0F20003 		movt	r3, #:upper16:I2Cx
 1261 0c98 1B68     		ldr	r3, [r3, #0]
 1262 0c9a 1846     		mov	r0, r3
 1263 0c9c FFF7FEFF 		bl	i2cInit
 1264 0ca0 4FF00003 		mov	r3, #0
 1265 0ca4 01E0     		b	.L66
 1266              	.L63:
 1267 0ca6 4FF00103 		mov	r3, #1
 1268              	.L66:
 1269 0caa 1846     		mov	r0, r3
 1270 0cac 05B0     		add	sp, sp, #20
 1271 0cae 00BD     		pop	{pc}
 1273              		.align	2
 1274              		.thumb
 1275              		.thumb_func
 1277              	i2cUnstick:
 1278              		@ args = 0, pretend = 0, frame = 24
 1279              		@ frame_needed = 0, uses_anonymous_args = 0
 1280 0cb0 00B5     		push	{lr}
 1281 0cb2 87B0     		sub	sp, sp, #28
 1282 0cb4 0190     		str	r0, [sp, #4]
 1283 0cb6 03AB     		add	r3, sp, #12
 1284 0cb8 1846     		mov	r0, r3
 1285 0cba FFF7FEFF 		bl	GPIO_StructInit
 1286 0cbe 019A     		ldr	r2, [sp, #4]
 1287 0cc0 4FF4A843 		mov	r3, #21504
 1288 0cc4 C4F20003 		movt	r3, 16384
 1289 0cc8 9A42     		cmp	r2, r3
 1290 0cca 40F08780 		bne	.L69
 1291 0cce 4FF0C003 		mov	r3, #192
 1292 0cd2 0393     		str	r3, [sp, #12]
 1293 0cd4 4FF00103 		mov	r3, #1
 1294 0cd8 8DF81030 		strb	r3, [sp, #16]
 1295 0cdc 4FF00203 		mov	r3, #2
 1296 0ce0 8DF81130 		strb	r3, [sp, #17]
 1297 0ce4 4FF00103 		mov	r3, #1
 1298 0ce8 8DF81230 		strb	r3, [sp, #18]
 1299 0cec 4FF48060 		mov	r0, #1024
 1300 0cf0 C4F20200 		movt	r0, 16386
 1301 0cf4 03AB     		add	r3, sp, #12
 1302 0cf6 1946     		mov	r1, r3
 1303 0cf8 FFF7FEFF 		bl	GPIO_Init
 1304 0cfc 4FF48060 		mov	r0, #1024
 1305 0d00 C4F20200 		movt	r0, 16386
 1306 0d04 4FF0C001 		mov	r1, #192
 1307 0d08 FFF7FEFF 		bl	GPIO_SetBits
 1308 0d0c 4FF00003 		mov	r3, #0
 1309 0d10 8DF81730 		strb	r3, [sp, #23]
 1310 0d14 2EE0     		b	.L70
 1311              	.L72:
 1312 0d16 4FF00300 		mov	r0, #3
 1313 0d1a FFF7FEFF 		bl	delayMicroseconds
 1314 0d1e 00E0     		b	.L71
 1315              	.L79:
 1316 0d20 00BF     		nop
 1317              	.L71:
 1318 0d22 4FF48060 		mov	r0, #1024
 1319 0d26 C4F20200 		movt	r0, 16386
 1320 0d2a 4FF04001 		mov	r1, #64
 1321 0d2e FFF7FEFF 		bl	GPIO_ReadInputDataBit
 1322 0d32 0346     		mov	r3, r0
 1323 0d34 002B     		cmp	r3, #0
 1324 0d36 EED0     		beq	.L72
 1325 0d38 4FF48060 		mov	r0, #1024
 1326 0d3c C4F20200 		movt	r0, 16386
 1327 0d40 4FF04001 		mov	r1, #64
 1328 0d44 FFF7FEFF 		bl	GPIO_ResetBits
 1329 0d48 4FF00300 		mov	r0, #3
 1330 0d4c FFF7FEFF 		bl	delayMicroseconds
 1331 0d50 4FF48060 		mov	r0, #1024
 1332 0d54 C4F20200 		movt	r0, 16386
 1333 0d58 4FF04001 		mov	r1, #64
 1334 0d5c FFF7FEFF 		bl	GPIO_SetBits
 1335 0d60 4FF00300 		mov	r0, #3
 1336 0d64 FFF7FEFF 		bl	delayMicroseconds
 1337 0d68 9DF81730 		ldrb	r3, [sp, #23]
 1338 0d6c 03F10103 		add	r3, r3, #1
 1339 0d70 8DF81730 		strb	r3, [sp, #23]
 1340              	.L70:
 1341 0d74 9DF81730 		ldrb	r3, [sp, #23]	@ zero_extendqisi2
 1342 0d78 072B     		cmp	r3, #7
 1343 0d7a D1D9     		bls	.L79
 1344 0d7c 4FF48060 		mov	r0, #1024
 1345 0d80 C4F20200 		movt	r0, 16386
 1346 0d84 4FF08001 		mov	r1, #128
 1347 0d88 FFF7FEFF 		bl	GPIO_ResetBits
 1348 0d8c 4FF00300 		mov	r0, #3
 1349 0d90 FFF7FEFF 		bl	delayMicroseconds
 1350 0d94 4FF48060 		mov	r0, #1024
 1351 0d98 C4F20200 		movt	r0, 16386
 1352 0d9c 4FF04001 		mov	r1, #64
 1353 0da0 FFF7FEFF 		bl	GPIO_ResetBits
 1354 0da4 4FF00300 		mov	r0, #3
 1355 0da8 FFF7FEFF 		bl	delayMicroseconds
 1356 0dac 4FF48060 		mov	r0, #1024
 1357 0db0 C4F20200 		movt	r0, 16386
 1358 0db4 4FF04001 		mov	r1, #64
 1359 0db8 FFF7FEFF 		bl	GPIO_SetBits
 1360 0dbc 4FF00300 		mov	r0, #3
 1361 0dc0 FFF7FEFF 		bl	delayMicroseconds
 1362 0dc4 4FF48060 		mov	r0, #1024
 1363 0dc8 C4F20200 		movt	r0, 16386
 1364 0dcc 4FF08001 		mov	r1, #128
 1365 0dd0 FFF7FEFF 		bl	GPIO_SetBits
 1366 0dd4 4FF00300 		mov	r0, #3
 1367 0dd8 FFF7FEFF 		bl	delayMicroseconds
 1368              	.L69:
 1369 0ddc 019A     		ldr	r2, [sp, #4]
 1370 0dde 4FF4B043 		mov	r3, #22528
 1371 0de2 C4F20003 		movt	r3, 16384
 1372 0de6 9A42     		cmp	r2, r3
 1373 0de8 40F08780 		bne	.L68
 1374 0dec 4FF44063 		mov	r3, #3072
 1375 0df0 0393     		str	r3, [sp, #12]
 1376 0df2 4FF00103 		mov	r3, #1
 1377 0df6 8DF81030 		strb	r3, [sp, #16]
 1378 0dfa 4FF00203 		mov	r3, #2
 1379 0dfe 8DF81130 		strb	r3, [sp, #17]
 1380 0e02 4FF00103 		mov	r3, #1
 1381 0e06 8DF81230 		strb	r3, [sp, #18]
 1382 0e0a 4FF48060 		mov	r0, #1024
 1383 0e0e C4F20200 		movt	r0, 16386
 1384 0e12 03AB     		add	r3, sp, #12
 1385 0e14 1946     		mov	r1, r3
 1386 0e16 FFF7FEFF 		bl	GPIO_Init
 1387 0e1a 4FF48060 		mov	r0, #1024
 1388 0e1e C4F20200 		movt	r0, 16386
 1389 0e22 4FF44061 		mov	r1, #3072
 1390 0e26 FFF7FEFF 		bl	GPIO_SetBits
 1391 0e2a 4FF00003 		mov	r3, #0
 1392 0e2e 8DF81730 		strb	r3, [sp, #23]
 1393 0e32 2EE0     		b	.L75
 1394              	.L77:
 1395 0e34 4FF00300 		mov	r0, #3
 1396 0e38 FFF7FEFF 		bl	delayMicroseconds
 1397 0e3c 00E0     		b	.L76
 1398              	.L80:
 1399 0e3e 00BF     		nop
 1400              	.L76:
 1401 0e40 4FF48060 		mov	r0, #1024
 1402 0e44 C4F20200 		movt	r0, 16386
 1403 0e48 4FF48061 		mov	r1, #1024
 1404 0e4c FFF7FEFF 		bl	GPIO_ReadInputDataBit
 1405 0e50 0346     		mov	r3, r0
 1406 0e52 002B     		cmp	r3, #0
 1407 0e54 EED0     		beq	.L77
 1408 0e56 4FF48060 		mov	r0, #1024
 1409 0e5a C4F20200 		movt	r0, 16386
 1410 0e5e 4FF48061 		mov	r1, #1024
 1411 0e62 FFF7FEFF 		bl	GPIO_ResetBits
 1412 0e66 4FF00300 		mov	r0, #3
 1413 0e6a FFF7FEFF 		bl	delayMicroseconds
 1414 0e6e 4FF48060 		mov	r0, #1024
 1415 0e72 C4F20200 		movt	r0, 16386
 1416 0e76 4FF48061 		mov	r1, #1024
 1417 0e7a FFF7FEFF 		bl	GPIO_SetBits
 1418 0e7e 4FF00300 		mov	r0, #3
 1419 0e82 FFF7FEFF 		bl	delayMicroseconds
 1420 0e86 9DF81730 		ldrb	r3, [sp, #23]
 1421 0e8a 03F10103 		add	r3, r3, #1
 1422 0e8e 8DF81730 		strb	r3, [sp, #23]
 1423              	.L75:
 1424 0e92 9DF81730 		ldrb	r3, [sp, #23]	@ zero_extendqisi2
 1425 0e96 072B     		cmp	r3, #7
 1426 0e98 D1D9     		bls	.L80
 1427 0e9a 4FF48060 		mov	r0, #1024
 1428 0e9e C4F20200 		movt	r0, 16386
 1429 0ea2 4FF40061 		mov	r1, #2048
 1430 0ea6 FFF7FEFF 		bl	GPIO_ResetBits
 1431 0eaa 4FF00300 		mov	r0, #3
 1432 0eae FFF7FEFF 		bl	delayMicroseconds
 1433 0eb2 4FF48060 		mov	r0, #1024
 1434 0eb6 C4F20200 		movt	r0, 16386
 1435 0eba 4FF48061 		mov	r1, #1024
 1436 0ebe FFF7FEFF 		bl	GPIO_ResetBits
 1437 0ec2 4FF00300 		mov	r0, #3
 1438 0ec6 FFF7FEFF 		bl	delayMicroseconds
 1439 0eca 4FF48060 		mov	r0, #1024
 1440 0ece C4F20200 		movt	r0, 16386
 1441 0ed2 4FF48061 		mov	r1, #1024
 1442 0ed6 FFF7FEFF 		bl	GPIO_SetBits
 1443 0eda 4FF00300 		mov	r0, #3
 1444 0ede FFF7FEFF 		bl	delayMicroseconds
 1445 0ee2 4FF48060 		mov	r0, #1024
 1446 0ee6 C4F20200 		movt	r0, 16386
 1447 0eea 4FF40061 		mov	r1, #2048
 1448 0eee FFF7FEFF 		bl	GPIO_SetBits
 1449 0ef2 4FF00300 		mov	r0, #3
 1450 0ef6 FFF7FEFF 		bl	delayMicroseconds
 1451              	.L68:
 1452 0efa 07B0     		add	sp, sp, #28
 1453 0efc 00BD     		pop	{pc}
 1455 0efe 00BF     		.align	2
 1456              		.global	i2cInit
 1457              		.thumb
 1458              		.thumb_func
 1460              	i2cInit:
 1461              		@ args = 0, pretend = 0, frame = 40
 1462              		@ frame_needed = 0, uses_anonymous_args = 0
 1463 0f00 00B5     		push	{lr}
 1464 0f02 8BB0     		sub	sp, sp, #44
 1465 0f04 0190     		str	r0, [sp, #4]
 1466 0f06 019A     		ldr	r2, [sp, #4]
 1467 0f08 4FF4A843 		mov	r3, #21504
 1468 0f0c C4F20003 		movt	r3, 16384
 1469 0f10 9A42     		cmp	r2, r3
 1470 0f12 40F08780 		bne	.L82
 1471 0f16 4FF00200 		mov	r0, #2
 1472 0f1a 4FF00101 		mov	r1, #1
 1473 0f1e FFF7FEFF 		bl	RCC_AHB1PeriphClockCmd
 1474 0f22 4FF40010 		mov	r0, #2097152
 1475 0f26 4FF00101 		mov	r1, #1
 1476 0f2a FFF7FEFF 		bl	RCC_APB1PeriphClockCmd
 1477 0f2e 0198     		ldr	r0, [sp, #4]
 1478 0f30 FFF7BEFE 		bl	i2cUnstick
 1479 0f34 08AB     		add	r3, sp, #32
 1480 0f36 1846     		mov	r0, r3
 1481 0f38 FFF7FEFF 		bl	GPIO_StructInit
 1482 0f3c 04AB     		add	r3, sp, #16
 1483 0f3e 1846     		mov	r0, r3
 1484 0f40 FFF7FEFF 		bl	I2C_StructInit
 1485 0f44 4FF0C003 		mov	r3, #192
 1486 0f48 0893     		str	r3, [sp, #32]
 1487 0f4a 4FF00203 		mov	r3, #2
 1488 0f4e 8DF82430 		strb	r3, [sp, #36]
 1489 0f52 4FF00203 		mov	r3, #2
 1490 0f56 8DF82530 		strb	r3, [sp, #37]
 1491 0f5a 4FF00103 		mov	r3, #1
 1492 0f5e 8DF82630 		strb	r3, [sp, #38]
 1493 0f62 4FF48060 		mov	r0, #1024
 1494 0f66 C4F20200 		movt	r0, 16386
 1495 0f6a 08AB     		add	r3, sp, #32
 1496 0f6c 1946     		mov	r1, r3
 1497 0f6e FFF7FEFF 		bl	GPIO_Init
 1498 0f72 4FF48060 		mov	r0, #1024
 1499 0f76 C4F20200 		movt	r0, 16386
 1500 0f7a 4FF00601 		mov	r1, #6
 1501 0f7e 4FF00402 		mov	r2, #4
 1502 0f82 FFF7FEFF 		bl	GPIO_PinAFConfig
 1503 0f86 4FF48060 		mov	r0, #1024
 1504 0f8a C4F20200 		movt	r0, 16386
 1505 0f8e 4FF00701 		mov	r1, #7
 1506 0f92 4FF00402 		mov	r2, #4
 1507 0f96 FFF7FEFF 		bl	GPIO_PinAFConfig
 1508 0f9a 4FF4A840 		mov	r0, #21504
 1509 0f9e C4F20000 		movt	r0, 16384
 1510 0fa2 4FF44071 		mov	r1, #768
 1511 0fa6 4FF00002 		mov	r2, #0
 1512 0faa FFF7FEFF 		bl	I2C_ITConfig
 1513 0fae 4FF4A840 		mov	r0, #21504
 1514 0fb2 C4F20000 		movt	r0, 16384
 1515 0fb6 FFF7FEFF 		bl	I2C_DeInit
 1516 0fba 04AB     		add	r3, sp, #16
 1517 0fbc 1846     		mov	r0, r3
 1518 0fbe FFF7FEFF 		bl	I2C_StructInit
 1519 0fc2 4FF4D453 		mov	r3, #6784
 1520 0fc6 C0F20603 		movt	r3, 6
 1521 0fca 0493     		str	r3, [sp, #16]
 1522 0fcc 4FF4A840 		mov	r0, #21504
 1523 0fd0 C4F20000 		movt	r0, 16384
 1524 0fd4 04AB     		add	r3, sp, #16
 1525 0fd6 1946     		mov	r1, r3
 1526 0fd8 FFF7FEFF 		bl	I2C_Init
 1527 0fdc 4FF4A840 		mov	r0, #21504
 1528 0fe0 C4F20000 		movt	r0, 16384
 1529 0fe4 4FF00101 		mov	r1, #1
 1530 0fe8 FFF7FEFF 		bl	I2C_Cmd
 1531 0fec 4FF02003 		mov	r3, #32
 1532 0ff0 8DF80C30 		strb	r3, [sp, #12]
 1533 0ff4 4FF00003 		mov	r3, #0
 1534 0ff8 8DF80D30 		strb	r3, [sp, #13]
 1535 0ffc 4FF00003 		mov	r3, #0
 1536 1000 8DF80E30 		strb	r3, [sp, #14]
 1537 1004 4FF00103 		mov	r3, #1
 1538 1008 8DF80F30 		strb	r3, [sp, #15]
 1539 100c 03AB     		add	r3, sp, #12
 1540 100e 1846     		mov	r0, r3
 1541 1010 FFF7FEFF 		bl	NVIC_Init
 1542 1014 4FF01F03 		mov	r3, #31
 1543 1018 8DF80C30 		strb	r3, [sp, #12]
 1544 101c 03AB     		add	r3, sp, #12
 1545 101e 1846     		mov	r0, r3
 1546 1020 FFF7FEFF 		bl	NVIC_Init
 1547              	.L82:
 1548 1024 019A     		ldr	r2, [sp, #4]
 1549 1026 4FF4B043 		mov	r3, #22528
 1550 102a C4F20003 		movt	r3, 16384
 1551 102e 9A42     		cmp	r2, r3
 1552 1030 40F08780 		bne	.L81
 1553 1034 4FF00200 		mov	r0, #2
 1554 1038 4FF00101 		mov	r1, #1
 1555 103c FFF7FEFF 		bl	RCC_AHB1PeriphClockCmd
 1556 1040 4FF48000 		mov	r0, #4194304
 1557 1044 4FF00101 		mov	r1, #1
 1558 1048 FFF7FEFF 		bl	RCC_APB1PeriphClockCmd
 1559 104c 0198     		ldr	r0, [sp, #4]
 1560 104e FFF72FFE 		bl	i2cUnstick
 1561 1052 08AB     		add	r3, sp, #32
 1562 1054 1846     		mov	r0, r3
 1563 1056 FFF7FEFF 		bl	GPIO_StructInit
 1564 105a 04AB     		add	r3, sp, #16
 1565 105c 1846     		mov	r0, r3
 1566 105e FFF7FEFF 		bl	I2C_StructInit
 1567 1062 4FF44063 		mov	r3, #3072
 1568 1066 0893     		str	r3, [sp, #32]
 1569 1068 4FF00203 		mov	r3, #2
 1570 106c 8DF82430 		strb	r3, [sp, #36]
 1571 1070 4FF00203 		mov	r3, #2
 1572 1074 8DF82530 		strb	r3, [sp, #37]
 1573 1078 4FF00103 		mov	r3, #1
 1574 107c 8DF82630 		strb	r3, [sp, #38]
 1575 1080 4FF48060 		mov	r0, #1024
 1576 1084 C4F20200 		movt	r0, 16386
 1577 1088 08AB     		add	r3, sp, #32
 1578 108a 1946     		mov	r1, r3
 1579 108c FFF7FEFF 		bl	GPIO_Init
 1580 1090 4FF48060 		mov	r0, #1024
 1581 1094 C4F20200 		movt	r0, 16386
 1582 1098 4FF00A01 		mov	r1, #10
 1583 109c 4FF00402 		mov	r2, #4
 1584 10a0 FFF7FEFF 		bl	GPIO_PinAFConfig
 1585 10a4 4FF48060 		mov	r0, #1024
 1586 10a8 C4F20200 		movt	r0, 16386
 1587 10ac 4FF00B01 		mov	r1, #11
 1588 10b0 4FF00402 		mov	r2, #4
 1589 10b4 FFF7FEFF 		bl	GPIO_PinAFConfig
 1590 10b8 4FF4B040 		mov	r0, #22528
 1591 10bc C4F20000 		movt	r0, 16384
 1592 10c0 4FF44071 		mov	r1, #768
 1593 10c4 4FF00002 		mov	r2, #0
 1594 10c8 FFF7FEFF 		bl	I2C_ITConfig
 1595 10cc 4FF4B040 		mov	r0, #22528
 1596 10d0 C4F20000 		movt	r0, 16384
 1597 10d4 FFF7FEFF 		bl	I2C_DeInit
 1598 10d8 04AB     		add	r3, sp, #16
 1599 10da 1846     		mov	r0, r3
 1600 10dc FFF7FEFF 		bl	I2C_StructInit
 1601 10e0 4FF4D453 		mov	r3, #6784
 1602 10e4 C0F20603 		movt	r3, 6
 1603 10e8 0493     		str	r3, [sp, #16]
 1604 10ea 4FF4B040 		mov	r0, #22528
 1605 10ee C4F20000 		movt	r0, 16384
 1606 10f2 04AB     		add	r3, sp, #16
 1607 10f4 1946     		mov	r1, r3
 1608 10f6 FFF7FEFF 		bl	I2C_Init
 1609 10fa 4FF4B040 		mov	r0, #22528
 1610 10fe C4F20000 		movt	r0, 16384
 1611 1102 4FF00101 		mov	r1, #1
 1612 1106 FFF7FEFF 		bl	I2C_Cmd
 1613 110a 4FF02203 		mov	r3, #34
 1614 110e 8DF80C30 		strb	r3, [sp, #12]
 1615 1112 4FF00003 		mov	r3, #0
 1616 1116 8DF80D30 		strb	r3, [sp, #13]
 1617 111a 4FF00003 		mov	r3, #0
 1618 111e 8DF80E30 		strb	r3, [sp, #14]
 1619 1122 4FF00103 		mov	r3, #1
 1620 1126 8DF80F30 		strb	r3, [sp, #15]
 1621 112a 03AB     		add	r3, sp, #12
 1622 112c 1846     		mov	r0, r3
 1623 112e FFF7FEFF 		bl	NVIC_Init
 1624 1132 4FF02103 		mov	r3, #33
 1625 1136 8DF80C30 		strb	r3, [sp, #12]
 1626 113a 03AB     		add	r3, sp, #12
 1627 113c 1846     		mov	r0, r3
 1628 113e FFF7FEFF 		bl	NVIC_Init
 1629              	.L81:
 1630 1142 0BB0     		add	sp, sp, #44
 1631 1144 00BD     		pop	{pc}
 1633 1146 00BF     		.align	2
 1634              		.global	i2cGetErrorCounter
 1635              		.thumb
 1636              		.thumb_func
 1638              	i2cGetErrorCounter:
 1639              		@ args = 0, pretend = 0, frame = 8
 1640              		@ frame_needed = 0, uses_anonymous_args = 0
 1641              		@ link register save eliminated.
 1642 1148 82B0     		sub	sp, sp, #8
 1643 114a 0190     		str	r0, [sp, #4]
 1644 114c 019A     		ldr	r2, [sp, #4]
 1645 114e 4FF4A843 		mov	r3, #21504
 1646 1152 C4F20003 		movt	r3, 16384
 1647 1156 9A42     		cmp	r2, r3
 1648 1158 06D1     		bne	.L85
 1649 115a 40F20003 		movw	r3, #:lower16:i2c1ErrorCount
 1650 115e C0F20003 		movt	r3, #:upper16:i2c1ErrorCount
 1651 1162 1B88     		ldrh	r3, [r3, #0]	@ movhi
 1652 1164 9BB2     		uxth	r3, r3
 1653 1166 05E0     		b	.L86
 1654              	.L85:
 1655 1168 40F20003 		movw	r3, #:lower16:i2c2ErrorCount
 1656 116c C0F20003 		movt	r3, #:upper16:i2c2ErrorCount
 1657 1170 1B88     		ldrh	r3, [r3, #0]	@ movhi
 1658 1172 9BB2     		uxth	r3, r3
 1659              	.L86:
 1660 1174 1846     		mov	r0, r3
 1661 1176 02B0     		add	sp, sp, #8
 1662 1178 7047     		bx	lr
 1664 117a 00BF     		.bss
 1665              	index.10970:
 1666 0018 00       		.space	1
 1667              	subaddress_sent.10968:
 1668 0019 00       		.space	1
 1669              	final_stop.10969:
 1670 001a 00       		.space	1
 1671 001b 00       		.ident	"GCC: (Sourcery CodeBench Lite 2012.03-56) 4.6.3"
DEFINED SYMBOLS
                            *ABS*:00000000 drv_i2c.c
                            *COM*:00000001 mtk19ProcessDataState
                            *COM*:00000001 nmeaProcessDataState
                            *COM*:00000001 ubloxProcessDataState
C:\Users\JOHNIH~1\AppData\Local\Temp\ccc36Uqf.s:20     .bss:00000000 $d
C:\Users\JOHNIH~1\AppData\Local\Temp\ccc36Uqf.s:21     .bss:00000000 I2Cx
C:\Users\JOHNIH~1\AppData\Local\Temp\ccc36Uqf.s:24     .bss:00000004 i2c1ErrorCount
C:\Users\JOHNIH~1\AppData\Local\Temp\ccc36Uqf.s:27     .bss:00000006 i2c2ErrorCount
C:\Users\JOHNIH~1\AppData\Local\Temp\ccc36Uqf.s:29     .bss:00000008 busy
C:\Users\JOHNIH~1\AppData\Local\Temp\ccc36Uqf.s:31     .bss:00000009 addr
C:\Users\JOHNIH~1\AppData\Local\Temp\ccc36Uqf.s:33     .bss:0000000a reg
C:\Users\JOHNIH~1\AppData\Local\Temp\ccc36Uqf.s:35     .bss:0000000b bytes
C:\Users\JOHNIH~1\AppData\Local\Temp\ccc36Uqf.s:37     .bss:0000000c writing
C:\Users\JOHNIH~1\AppData\Local\Temp\ccc36Uqf.s:39     .bss:0000000d reading
C:\Users\JOHNIH~1\AppData\Local\Temp\ccc36Uqf.s:42     .bss:00000010 write_p
C:\Users\JOHNIH~1\AppData\Local\Temp\ccc36Uqf.s:45     .bss:00000014 read_p
C:\Users\JOHNIH~1\AppData\Local\Temp\ccc36Uqf.s:48     .text:00000000 $t
C:\Users\JOHNIH~1\AppData\Local\Temp\ccc36Uqf.s:53     .text:00000000 I2C_ER_Handler
C:\Users\JOHNIH~1\AppData\Local\Temp\ccc36Uqf.s:1460   .text:00000f00 i2cInit
C:\Users\JOHNIH~1\AppData\Local\Temp\ccc36Uqf.s:171    .text:00000130 I2C_EV_Handler
C:\Users\JOHNIH~1\AppData\Local\Temp\ccc36Uqf.s:1665   .bss:00000018 index.10970
C:\Users\JOHNIH~1\AppData\Local\Temp\ccc36Uqf.s:1667   .bss:00000019 subaddress_sent.10968
C:\Users\JOHNIH~1\AppData\Local\Temp\ccc36Uqf.s:1669   .bss:0000001a final_stop.10969
C:\Users\JOHNIH~1\AppData\Local\Temp\ccc36Uqf.s:854    .text:000008b0 I2C1_ER_IRQHandler
C:\Users\JOHNIH~1\AppData\Local\Temp\ccc36Uqf.s:866    .text:000008b8 I2C1_EV_IRQHandler
C:\Users\JOHNIH~1\AppData\Local\Temp\ccc36Uqf.s:878    .text:000008c0 I2C2_ER_IRQHandler
C:\Users\JOHNIH~1\AppData\Local\Temp\ccc36Uqf.s:890    .text:000008c8 I2C2_EV_IRQHandler
C:\Users\JOHNIH~1\AppData\Local\Temp\ccc36Uqf.s:902    .text:000008d0 i2cWriteBuffer
C:\Users\JOHNIH~1\AppData\Local\Temp\ccc36Uqf.s:1089   .text:00000ac8 i2cWrite
C:\Users\JOHNIH~1\AppData\Local\Temp\ccc36Uqf.s:1117   .text:00000b00 i2cRead
C:\Users\JOHNIH~1\AppData\Local\Temp\ccc36Uqf.s:1277   .text:00000cb0 i2cUnstick
C:\Users\JOHNIH~1\AppData\Local\Temp\ccc36Uqf.s:1638   .text:00001148 i2cGetErrorCounter

UNDEFINED SYMBOLS
I2C_ITConfig
I2C_GenerateSTOP
I2C_AcknowledgeConfig
I2C_Send7bitAddress
I2C_ReceiveData
I2C_GenerateSTART
I2C_SendData
GPIO_StructInit
GPIO_Init
GPIO_SetBits
delayMicroseconds
GPIO_ReadInputDataBit
GPIO_ResetBits
RCC_AHB1PeriphClockCmd
RCC_APB1PeriphClockCmd
I2C_StructInit
GPIO_PinAFConfig
I2C_DeInit
I2C_Init
I2C_Cmd
NVIC_Init
