   1              		.syntax unified
   2              		.cpu cortex-m4
   3              		.eabi_attribute 27, 3
   4              		.fpu fpv4-sp-d16
   5              		.eabi_attribute 20, 1
   6              		.eabi_attribute 21, 1
   7              		.eabi_attribute 23, 3
   8              		.eabi_attribute 24, 1
   9              		.eabi_attribute 25, 1
  10              		.eabi_attribute 26, 1
  11              		.eabi_attribute 30, 6
  12              		.eabi_attribute 34, 1
  13              		.eabi_attribute 18, 4
  14              		.thumb
  15              		.file	"usbd_cdc_core.c"
  16              		.global	usbd_cdc_CfgDesc
  17              		.data
  18              		.align	2
  21              	usbd_cdc_CfgDesc:
  22 0000 09       		.byte	9
  23 0001 02       		.byte	2
  24 0002 43       		.byte	67
  25 0003 00       		.byte	0
  26 0004 02       		.byte	2
  27 0005 01       		.byte	1
  28 0006 00       		.byte	0
  29 0007 C0       		.byte	-64
  30 0008 32       		.byte	50
  31 0009 09       		.byte	9
  32 000a 04       		.byte	4
  33 000b 00       		.byte	0
  34 000c 00       		.byte	0
  35 000d 01       		.byte	1
  36 000e 02       		.byte	2
  37 000f 02       		.byte	2
  38 0010 01       		.byte	1
  39 0011 00       		.byte	0
  40 0012 05       		.byte	5
  41 0013 24       		.byte	36
  42 0014 00       		.byte	0
  43 0015 10       		.byte	16
  44 0016 01       		.byte	1
  45 0017 05       		.byte	5
  46 0018 24       		.byte	36
  47 0019 01       		.byte	1
  48 001a 00       		.byte	0
  49 001b 01       		.byte	1
  50 001c 04       		.byte	4
  51 001d 24       		.byte	36
  52 001e 02       		.byte	2
  53 001f 02       		.byte	2
  54 0020 05       		.byte	5
  55 0021 24       		.byte	36
  56 0022 06       		.byte	6
  57 0023 00       		.byte	0
  58 0024 01       		.byte	1
  59 0025 07       		.byte	7
  60 0026 05       		.byte	5
  61 0027 82       		.byte	-126
  62 0028 03       		.byte	3
  63 0029 08       		.byte	8
  64 002a 00       		.byte	0
  65 002b FF       		.byte	-1
  66 002c 09       		.byte	9
  67 002d 04       		.byte	4
  68 002e 01       		.byte	1
  69 002f 00       		.byte	0
  70 0030 02       		.byte	2
  71 0031 0A       		.byte	10
  72 0032 00       		.byte	0
  73 0033 00       		.byte	0
  74 0034 00       		.byte	0
  75 0035 07       		.byte	7
  76 0036 05       		.byte	5
  77 0037 01       		.byte	1
  78 0038 02       		.byte	2
  79 0039 40       		.byte	64
  80 003a 00       		.byte	0
  81 003b 00       		.byte	0
  82 003c 07       		.byte	7
  83 003d 05       		.byte	5
  84 003e 81       		.byte	-127
  85 003f 02       		.byte	2
  86 0040 40       		.byte	64
  87 0041 00       		.byte	0
  88 0042 00       		.byte	0
  89              		.comm	usbd_cdc_OtherCfgDesc,67,4
  90              		.bss
  91              		.align	2
  92              	usbd_cdc_AltSet:
  93 0000 00000000 		.space	4
  94              		.comm	USB_Rx_Buffer,64,4
  95              		.comm	APP_Rx_Buffer,2048,4
  96              		.comm	CmdBuff,8,4
  97              		.global	APP_Rx_ptr_in
  98              		.align	2
 101              	APP_Rx_ptr_in:
 102 0004 00000000 		.space	4
 103              		.global	APP_Rx_ptr_out
 104              		.align	2
 107              	APP_Rx_ptr_out:
 108 0008 00000000 		.space	4
 109              		.global	APP_Rx_length
 110              		.align	2
 113              	APP_Rx_length:
 114 000c 00000000 		.space	4
 115              		.global	USB_Tx_State
 118              	USB_Tx_State:
 119 0010 00       		.space	1
 120              		.data
 121 0043 00       		.align	2
 124              	cdcCmd:
 125 0044 FF000000 		.word	255
 126              		.bss
 127 0011 000000   		.align	2
 128              	cdcLen:
 129 0014 00000000 		.space	4
 130              		.global	USBD_CDC_cb
 131              		.data
 132              		.align	2
 135              	USBD_CDC_cb:
 136 0048 00000000 		.word	usbd_cdc_Init
 137 004c 00000000 		.word	usbd_cdc_DeInit
 138 0050 00000000 		.word	usbd_cdc_Setup
 139 0054 00000000 		.word	0
 140 0058 00000000 		.word	usbd_cdc_EP0_RxReady
 141 005c 00000000 		.word	usbd_cdc_DataIn
 142 0060 00000000 		.word	usbd_cdc_DataOut
 143 0064 00000000 		.word	usbd_cdc_SOF
 144 0068 00000000 		.word	0
 145 006c 00000000 		.word	0
 146 0070 00000000 		.word	USBD_cdc_GetCfgDesc
 147              		.text
 148              		.align	2
 149              		.thumb
 150              		.thumb_func
 152              	usbd_cdc_Init:
 153              		@ args = 0, pretend = 0, frame = 16
 154              		@ frame_needed = 0, uses_anonymous_args = 0
 155 0000 00B5     		push	{lr}
 156 0002 85B0     		sub	sp, sp, #20
 157 0004 0190     		str	r0, [sp, #4]
 158 0006 0B46     		mov	r3, r1
 159 0008 8DF80330 		strb	r3, [sp, #3]
 160 000c 019B     		ldr	r3, [sp, #4]
 161 000e D3F8EC35 		ldr	r3, [r3, #1516]
 162 0012 03F13903 		add	r3, r3, #57
 163 0016 1B88     		ldrh	r3, [r3, #0]
 164 0018 0198     		ldr	r0, [sp, #4]
 165 001a 4FF08101 		mov	r1, #129
 166 001e 1A46     		mov	r2, r3
 167 0020 4FF00203 		mov	r3, #2
 168 0024 FFF7FEFF 		bl	DCD_EP_Open
 169 0028 019B     		ldr	r3, [sp, #4]
 170 002a D3F8EC35 		ldr	r3, [r3, #1516]
 171 002e 03F14003 		add	r3, r3, #64
 172 0032 1B88     		ldrh	r3, [r3, #0]
 173 0034 0198     		ldr	r0, [sp, #4]
 174 0036 4FF00101 		mov	r1, #1
 175 003a 1A46     		mov	r2, r3
 176 003c 4FF00203 		mov	r3, #2
 177 0040 FFF7FEFF 		bl	DCD_EP_Open
 178 0044 0198     		ldr	r0, [sp, #4]
 179 0046 4FF08201 		mov	r1, #130
 180 004a 4FF00802 		mov	r2, #8
 181 004e 4FF00303 		mov	r3, #3
 182 0052 FFF7FEFF 		bl	DCD_EP_Open
 183 0056 40F20003 		movw	r3, #:lower16:USBD_DeviceDesc
 184 005a C0F20003 		movt	r3, #:upper16:USBD_DeviceDesc
 185 005e 0393     		str	r3, [sp, #12]
 186 0060 039B     		ldr	r3, [sp, #12]
 187 0062 03F10403 		add	r3, r3, #4
 188 0066 4FF00202 		mov	r2, #2
 189 006a 1A70     		strb	r2, [r3, #0]
 190 006c 039B     		ldr	r3, [sp, #12]
 191 006e 03F10503 		add	r3, r3, #5
 192 0072 4FF00002 		mov	r2, #0
 193 0076 1A70     		strb	r2, [r3, #0]
 194 0078 40F20003 		movw	r3, #:lower16:cdc_fops
 195 007c C0F20003 		movt	r3, #:upper16:cdc_fops
 196 0080 1B68     		ldr	r3, [r3, #0]
 197 0082 9847     		blx	r3
 198 0084 019B     		ldr	r3, [sp, #4]
 199 0086 D3F8EC35 		ldr	r3, [r3, #1516]
 200 008a 03F14003 		add	r3, r3, #64
 201 008e 1B88     		ldrh	r3, [r3, #0]
 202 0090 0198     		ldr	r0, [sp, #4]
 203 0092 4FF00101 		mov	r1, #1
 204 0096 40F20002 		movw	r2, #:lower16:USB_Rx_Buffer
 205 009a C0F20002 		movt	r2, #:upper16:USB_Rx_Buffer
 206 009e FFF7FEFF 		bl	DCD_EP_PrepareRx
 207 00a2 4FF00003 		mov	r3, #0
 208 00a6 1846     		mov	r0, r3
 209 00a8 05B0     		add	sp, sp, #20
 210 00aa 00BD     		pop	{pc}
 212              		.align	2
 213              		.thumb
 214              		.thumb_func
 216              	usbd_cdc_DeInit:
 217              		@ args = 0, pretend = 0, frame = 8
 218              		@ frame_needed = 0, uses_anonymous_args = 0
 219 00ac 00B5     		push	{lr}
 220 00ae 83B0     		sub	sp, sp, #12
 221 00b0 0190     		str	r0, [sp, #4]
 222 00b2 0B46     		mov	r3, r1
 223 00b4 8DF80330 		strb	r3, [sp, #3]
 224 00b8 0198     		ldr	r0, [sp, #4]
 225 00ba 4FF08101 		mov	r1, #129
 226 00be FFF7FEFF 		bl	DCD_EP_Close
 227 00c2 0198     		ldr	r0, [sp, #4]
 228 00c4 4FF00101 		mov	r1, #1
 229 00c8 FFF7FEFF 		bl	DCD_EP_Close
 230 00cc 0198     		ldr	r0, [sp, #4]
 231 00ce 4FF08201 		mov	r1, #130
 232 00d2 FFF7FEFF 		bl	DCD_EP_Close
 233 00d6 40F20003 		movw	r3, #:lower16:cdc_fops
 234 00da C0F20003 		movt	r3, #:upper16:cdc_fops
 235 00de 5B68     		ldr	r3, [r3, #4]
 236 00e0 9847     		blx	r3
 237 00e2 4FF00003 		mov	r3, #0
 238 00e6 1846     		mov	r0, r3
 239 00e8 03B0     		add	sp, sp, #12
 240 00ea 00BD     		pop	{pc}
 242              		.align	2
 243              		.thumb
 244              		.thumb_func
 246              	usbd_cdc_Setup:
 247              		@ args = 0, pretend = 0, frame = 16
 248              		@ frame_needed = 0, uses_anonymous_args = 0
 249 00ec 00B5     		push	{lr}
 250 00ee 85B0     		sub	sp, sp, #20
 251 00f0 0190     		str	r0, [sp, #4]
 252 00f2 0091     		str	r1, [sp, #0]
 253 00f4 4FF00003 		mov	r3, #0
 254 00f8 ADF80E30 		strh	r3, [sp, #14]	@ movhi
 255 00fc 009B     		ldr	r3, [sp, #0]
 256 00fe 1B78     		ldrb	r3, [r3, #0]	@ zero_extendqisi2
 257 0100 03F06003 		and	r3, r3, #96
 258 0104 002B     		cmp	r3, #0
 259 0106 58D0     		beq	.L5
 260 0108 202B     		cmp	r3, #32
 261 010a 4FD1     		bne	.L18
 262              	.L6:
 263 010c 009B     		ldr	r3, [sp, #0]
 264 010e DB88     		ldrh	r3, [r3, #6]
 265 0110 002B     		cmp	r3, #0
 266 0112 3BD0     		beq	.L7
 267 0114 009B     		ldr	r3, [sp, #0]
 268 0116 1B78     		ldrb	r3, [r3, #0]	@ zero_extendqisi2
 269 0118 DBB2     		uxtb	r3, r3
 270 011a 5BB2     		sxtb	r3, r3
 271 011c 002B     		cmp	r3, #0
 272 011e 1ADA     		bge	.L8
 273 0120 40F20003 		movw	r3, #:lower16:cdc_fops
 274 0124 C0F20003 		movt	r3, #:upper16:cdc_fops
 275 0128 9B68     		ldr	r3, [r3, #8]
 276 012a 009A     		ldr	r2, [sp, #0]
 277 012c 5278     		ldrb	r2, [r2, #1]	@ zero_extendqisi2
 278 012e 1146     		mov	r1, r2
 279 0130 009A     		ldr	r2, [sp, #0]
 280 0132 D288     		ldrh	r2, [r2, #6]
 281 0134 0846     		mov	r0, r1
 282 0136 40F20001 		movw	r1, #:lower16:CmdBuff
 283 013a C0F20001 		movt	r1, #:upper16:CmdBuff
 284 013e 9847     		blx	r3
 285 0140 009B     		ldr	r3, [sp, #0]
 286 0142 DB88     		ldrh	r3, [r3, #6]
 287 0144 0198     		ldr	r0, [sp, #4]
 288 0146 40F20001 		movw	r1, #:lower16:CmdBuff
 289 014a C0F20001 		movt	r1, #:upper16:CmdBuff
 290 014e 1A46     		mov	r2, r3
 291 0150 FFF7FEFF 		bl	USBD_CtlSendData
 292 0154 27E0     		b	.L9
 293              	.L8:
 294 0156 009B     		ldr	r3, [sp, #0]
 295 0158 5B78     		ldrb	r3, [r3, #1]	@ zero_extendqisi2
 296 015a 1A46     		mov	r2, r3
 297 015c 40F20003 		movw	r3, #:lower16:cdcCmd
 298 0160 C0F20003 		movt	r3, #:upper16:cdcCmd
 299 0164 1A60     		str	r2, [r3, #0]
 300 0166 009B     		ldr	r3, [sp, #0]
 301 0168 DB88     		ldrh	r3, [r3, #6]
 302 016a 1A46     		mov	r2, r3
 303 016c 40F20003 		movw	r3, #:lower16:cdcLen
 304 0170 C0F20003 		movt	r3, #:upper16:cdcLen
 305 0174 1A60     		str	r2, [r3, #0]
 306 0176 009B     		ldr	r3, [sp, #0]
 307 0178 DB88     		ldrh	r3, [r3, #6]
 308 017a 0198     		ldr	r0, [sp, #4]
 309 017c 40F20001 		movw	r1, #:lower16:CmdBuff
 310 0180 C0F20001 		movt	r1, #:upper16:CmdBuff
 311 0184 1A46     		mov	r2, r3
 312 0186 FFF7FEFF 		bl	USBD_CtlPrepareRx
 313 018a 0CE0     		b	.L9
 314              	.L7:
 315 018c 40F20003 		movw	r3, #:lower16:cdc_fops
 316 0190 C0F20003 		movt	r3, #:upper16:cdc_fops
 317 0194 9B68     		ldr	r3, [r3, #8]
 318 0196 009A     		ldr	r2, [sp, #0]
 319 0198 5278     		ldrb	r2, [r2, #1]	@ zero_extendqisi2
 320 019a 1046     		mov	r0, r2
 321 019c 4FF00001 		mov	r1, #0
 322 01a0 4FF00002 		mov	r2, #0
 323 01a4 9847     		blx	r3
 324              	.L9:
 325 01a6 4FF00003 		mov	r3, #0
 326 01aa 46E0     		b	.L10
 327              	.L18:
 328 01ac 0198     		ldr	r0, [sp, #4]
 329 01ae 0099     		ldr	r1, [sp, #0]
 330 01b0 FFF7FEFF 		bl	USBD_CtlError
 331 01b4 4FF00203 		mov	r3, #2
 332 01b8 3FE0     		b	.L10
 333              	.L5:
 334 01ba 009B     		ldr	r3, [sp, #0]
 335 01bc 5B78     		ldrb	r3, [r3, #1]	@ zero_extendqisi2
 336 01be 0A2B     		cmp	r3, #10
 337 01c0 1BD0     		beq	.L13
 338 01c2 0B2B     		cmp	r3, #11
 339 01c4 23D0     		beq	.L14
 340 01c6 062B     		cmp	r3, #6
 341 01c8 35D1     		bne	.L11
 342              	.L12:
 343 01ca 009B     		ldr	r3, [sp, #0]
 344 01cc 5B88     		ldrh	r3, [r3, #2]
 345 01ce 4FEA1323 		lsr	r3, r3, #8
 346 01d2 9BB2     		uxth	r3, r3
 347 01d4 212B     		cmp	r3, #33
 348 01d6 08D1     		bne	.L15
 349 01d8 194B     		ldr	r3, .L20
 350 01da 0293     		str	r3, [sp, #8]
 351 01dc 009B     		ldr	r3, [sp, #0]
 352 01de DB88     		ldrh	r3, [r3, #6]
 353 01e0 3A2B     		cmp	r3, #58
 354 01e2 28BF     		it	cs
 355 01e4 3A23     		movcs	r3, #58
 356 01e6 ADF80E30 		strh	r3, [sp, #14]	@ movhi
 357              	.L15:
 358 01ea BDF80E30 		ldrh	r3, [sp, #14]
 359 01ee 0198     		ldr	r0, [sp, #4]
 360 01f0 0299     		ldr	r1, [sp, #8]
 361 01f2 1A46     		mov	r2, r3
 362 01f4 FFF7FEFF 		bl	USBD_CtlSendData
 363 01f8 1DE0     		b	.L11
 364              	.L13:
 365 01fa 0198     		ldr	r0, [sp, #4]
 366 01fc 40F20001 		movw	r1, #:lower16:usbd_cdc_AltSet
 367 0200 C0F20001 		movt	r1, #:upper16:usbd_cdc_AltSet
 368 0204 4FF00102 		mov	r2, #1
 369 0208 FFF7FEFF 		bl	USBD_CtlSendData
 370 020c 13E0     		b	.L11
 371              	.L14:
 372 020e 009B     		ldr	r3, [sp, #0]
 373 0210 5B88     		ldrh	r3, [r3, #2]
 374 0212 DBB2     		uxtb	r3, r3
 375 0214 002B     		cmp	r3, #0
 376 0216 09D1     		bne	.L16
 377 0218 009B     		ldr	r3, [sp, #0]
 378 021a 5B88     		ldrh	r3, [r3, #2]
 379 021c DBB2     		uxtb	r3, r3
 380 021e 1A46     		mov	r2, r3
 381 0220 40F20003 		movw	r3, #:lower16:usbd_cdc_AltSet
 382 0224 C0F20003 		movt	r3, #:upper16:usbd_cdc_AltSet
 383 0228 1A60     		str	r2, [r3, #0]
 384 022a 03E0     		b	.L19
 385              	.L16:
 386 022c 0198     		ldr	r0, [sp, #4]
 387 022e 0099     		ldr	r1, [sp, #0]
 388 0230 FFF7FEFF 		bl	USBD_CtlError
 389              	.L19:
 390 0234 00BF     		nop
 391              	.L11:
 392 0236 4FF00003 		mov	r3, #0
 393              	.L10:
 394 023a 1846     		mov	r0, r3
 395 023c 05B0     		add	sp, sp, #20
 396 023e 00BD     		pop	{pc}
 397              	.L21:
 398              		.align	2
 399              	.L20:
 400 0240 12000000 		.word	usbd_cdc_CfgDesc+18
 402              		.align	2
 403              		.thumb
 404              		.thumb_func
 406              	usbd_cdc_EP0_RxReady:
 407              		@ args = 0, pretend = 0, frame = 8
 408              		@ frame_needed = 0, uses_anonymous_args = 0
 409 0244 10B5     		push	{r4, lr}
 410 0246 82B0     		sub	sp, sp, #8
 411 0248 0190     		str	r0, [sp, #4]
 412 024a 40F20003 		movw	r3, #:lower16:cdcCmd
 413 024e C0F20003 		movt	r3, #:upper16:cdcCmd
 414 0252 1B68     		ldr	r3, [r3, #0]
 415 0254 FF2B     		cmp	r3, #255
 416 0256 1CD0     		beq	.L23
 417 0258 40F20003 		movw	r3, #:lower16:cdc_fops
 418 025c C0F20003 		movt	r3, #:upper16:cdc_fops
 419 0260 9C68     		ldr	r4, [r3, #8]
 420 0262 40F20003 		movw	r3, #:lower16:cdcCmd
 421 0266 C0F20003 		movt	r3, #:upper16:cdcCmd
 422 026a 1A68     		ldr	r2, [r3, #0]
 423 026c 40F20003 		movw	r3, #:lower16:cdcLen
 424 0270 C0F20003 		movt	r3, #:upper16:cdcLen
 425 0274 1B68     		ldr	r3, [r3, #0]
 426 0276 1046     		mov	r0, r2
 427 0278 40F20001 		movw	r1, #:lower16:CmdBuff
 428 027c C0F20001 		movt	r1, #:upper16:CmdBuff
 429 0280 1A46     		mov	r2, r3
 430 0282 A047     		blx	r4
 431 0284 40F20003 		movw	r3, #:lower16:cdcCmd
 432 0288 C0F20003 		movt	r3, #:upper16:cdcCmd
 433 028c 4FF0FF02 		mov	r2, #255
 434 0290 1A60     		str	r2, [r3, #0]
 435              	.L23:
 436 0292 4FF00003 		mov	r3, #0
 437 0296 1846     		mov	r0, r3
 438 0298 02B0     		add	sp, sp, #8
 439 029a 10BD     		pop	{r4, pc}
 441              		.align	2
 442              		.thumb
 443              		.thumb_func
 445              	usbd_cdc_DataIn:
 446              		@ args = 0, pretend = 0, frame = 16
 447              		@ frame_needed = 0, uses_anonymous_args = 0
 448 029c 00B5     		push	{lr}
 449 029e 85B0     		sub	sp, sp, #20
 450 02a0 0190     		str	r0, [sp, #4]
 451 02a2 0B46     		mov	r3, r1
 452 02a4 8DF80330 		strb	r3, [sp, #3]
 453 02a8 40F20003 		movw	r3, #:lower16:USB_Tx_State
 454 02ac C0F20003 		movt	r3, #:upper16:USB_Tx_State
 455 02b0 1B78     		ldrb	r3, [r3, #0]	@ zero_extendqisi2
 456 02b2 012B     		cmp	r3, #1
 457 02b4 40F0A580 		bne	.L25
 458 02b8 40F20003 		movw	r3, #:lower16:APP_Rx_length
 459 02bc C0F20003 		movt	r3, #:upper16:APP_Rx_length
 460 02c0 1B68     		ldr	r3, [r3, #0]
 461 02c2 002B     		cmp	r3, #0
 462 02c4 2AD1     		bne	.L26
 463 02c6 40F20003 		movw	r3, #:lower16:USB_Tx_State
 464 02ca C0F20003 		movt	r3, #:upper16:USB_Tx_State
 465 02ce 4FF00002 		mov	r2, #0
 466 02d2 1A70     		strb	r2, [r3, #0]
 467 02d4 9DF80320 		ldrb	r2, [sp, #3]	@ zero_extendqisi2
 468 02d8 0199     		ldr	r1, [sp, #4]
 469 02da 1346     		mov	r3, r2
 470 02dc 4FEA8303 		lsl	r3, r3, #2
 471 02e0 9B18     		adds	r3, r3, r2
 472 02e2 4FEAC303 		lsl	r3, r3, #3
 473 02e6 CB18     		adds	r3, r1, r3
 474 02e8 03F59673 		add	r3, r3, #300
 475 02ec 1A68     		ldr	r2, [r3, #0]
 476 02ee 019B     		ldr	r3, [sp, #4]
 477 02f0 D3F8EC35 		ldr	r3, [r3, #1516]
 478 02f4 03F13903 		add	r3, r3, #57
 479 02f8 1B88     		ldrh	r3, [r3, #0]
 480 02fa 9A42     		cmp	r2, r3
 481 02fc 09D0     		beq	.L27
 482 02fe 40F20003 		movw	r3, #:lower16:USB_Tx_State
 483 0302 C0F20003 		movt	r3, #:upper16:USB_Tx_State
 484 0306 4FF00002 		mov	r2, #0
 485 030a 1A70     		strb	r2, [r3, #0]
 486 030c 4FF00003 		mov	r3, #0
 487 0310 79E0     		b	.L28
 488              	.L27:
 489 0312 4FF00003 		mov	r3, #0
 490 0316 ADF80C30 		strh	r3, [sp, #12]	@ movhi
 491 031a 72E0     		b	.L25
 492              	.L26:
 493 031c 019B     		ldr	r3, [sp, #4]
 494 031e D3F8EC35 		ldr	r3, [r3, #1516]
 495 0322 03F13903 		add	r3, r3, #57
 496 0326 1B88     		ldrh	r3, [r3, #0]
 497 0328 1A46     		mov	r2, r3
 498 032a 40F20003 		movw	r3, #:lower16:APP_Rx_length
 499 032e C0F20003 		movt	r3, #:upper16:APP_Rx_length
 500 0332 1B68     		ldr	r3, [r3, #0]
 501 0334 9A42     		cmp	r2, r3
 502 0336 31D2     		bcs	.L29
 503 0338 40F20003 		movw	r3, #:lower16:APP_Rx_ptr_out
 504 033c C0F20003 		movt	r3, #:upper16:APP_Rx_ptr_out
 505 0340 1B68     		ldr	r3, [r3, #0]
 506 0342 ADF80E30 		strh	r3, [sp, #14]	@ movhi
 507 0346 019B     		ldr	r3, [sp, #4]
 508 0348 D3F8EC35 		ldr	r3, [r3, #1516]
 509 034c B3F83930 		ldrh	r3, [r3, #57]	@ movhi
 510 0350 ADF80C30 		strh	r3, [sp, #12]	@ movhi
 511 0354 019B     		ldr	r3, [sp, #4]
 512 0356 D3F8EC35 		ldr	r3, [r3, #1516]
 513 035a 03F13903 		add	r3, r3, #57
 514 035e 1B88     		ldrh	r3, [r3, #0]
 515 0360 1A46     		mov	r2, r3
 516 0362 40F20003 		movw	r3, #:lower16:APP_Rx_ptr_out
 517 0366 C0F20003 		movt	r3, #:upper16:APP_Rx_ptr_out
 518 036a 1B68     		ldr	r3, [r3, #0]
 519 036c D218     		adds	r2, r2, r3
 520 036e 40F20003 		movw	r3, #:lower16:APP_Rx_ptr_out
 521 0372 C0F20003 		movt	r3, #:upper16:APP_Rx_ptr_out
 522 0376 1A60     		str	r2, [r3, #0]
 523 0378 40F20003 		movw	r3, #:lower16:APP_Rx_length
 524 037c C0F20003 		movt	r3, #:upper16:APP_Rx_length
 525 0380 1A68     		ldr	r2, [r3, #0]
 526 0382 019B     		ldr	r3, [sp, #4]
 527 0384 D3F8EC35 		ldr	r3, [r3, #1516]
 528 0388 03F13903 		add	r3, r3, #57
 529 038c 1B88     		ldrh	r3, [r3, #0]
 530 038e D21A     		subs	r2, r2, r3
 531 0390 40F20003 		movw	r3, #:lower16:APP_Rx_length
 532 0394 C0F20003 		movt	r3, #:upper16:APP_Rx_length
 533 0398 1A60     		str	r2, [r3, #0]
 534 039a 24E0     		b	.L30
 535              	.L29:
 536 039c 40F20003 		movw	r3, #:lower16:APP_Rx_ptr_out
 537 03a0 C0F20003 		movt	r3, #:upper16:APP_Rx_ptr_out
 538 03a4 1B68     		ldr	r3, [r3, #0]
 539 03a6 ADF80E30 		strh	r3, [sp, #14]	@ movhi
 540 03aa 40F20003 		movw	r3, #:lower16:APP_Rx_length
 541 03ae C0F20003 		movt	r3, #:upper16:APP_Rx_length
 542 03b2 1B68     		ldr	r3, [r3, #0]
 543 03b4 ADF80C30 		strh	r3, [sp, #12]	@ movhi
 544 03b8 40F20003 		movw	r3, #:lower16:APP_Rx_ptr_out
 545 03bc C0F20003 		movt	r3, #:upper16:APP_Rx_ptr_out
 546 03c0 1A68     		ldr	r2, [r3, #0]
 547 03c2 40F20003 		movw	r3, #:lower16:APP_Rx_length
 548 03c6 C0F20003 		movt	r3, #:upper16:APP_Rx_length
 549 03ca 1B68     		ldr	r3, [r3, #0]
 550 03cc D218     		adds	r2, r2, r3
 551 03ce 40F20003 		movw	r3, #:lower16:APP_Rx_ptr_out
 552 03d2 C0F20003 		movt	r3, #:upper16:APP_Rx_ptr_out
 553 03d6 1A60     		str	r2, [r3, #0]
 554 03d8 40F20003 		movw	r3, #:lower16:APP_Rx_length
 555 03dc C0F20003 		movt	r3, #:upper16:APP_Rx_length
 556 03e0 4FF00002 		mov	r2, #0
 557 03e4 1A60     		str	r2, [r3, #0]
 558              	.L30:
 559 03e6 BDF80E20 		ldrh	r2, [sp, #14]
 560 03ea 40F20003 		movw	r3, #:lower16:APP_Rx_Buffer
 561 03ee C0F20003 		movt	r3, #:upper16:APP_Rx_Buffer
 562 03f2 D218     		adds	r2, r2, r3
 563 03f4 BDF80C30 		ldrh	r3, [sp, #12]
 564 03f8 0198     		ldr	r0, [sp, #4]
 565 03fa 4FF08101 		mov	r1, #129
 566 03fe FFF7FEFF 		bl	DCD_EP_Tx
 567              	.L25:
 568 0402 4FF00003 		mov	r3, #0
 569              	.L28:
 570 0406 1846     		mov	r0, r3
 571 0408 05B0     		add	sp, sp, #20
 572 040a 00BD     		pop	{pc}
 574              		.align	2
 575              		.thumb
 576              		.thumb_func
 578              	usbd_cdc_DataOut:
 579              		@ args = 0, pretend = 0, frame = 16
 580              		@ frame_needed = 0, uses_anonymous_args = 0
 581 040c 00B5     		push	{lr}
 582 040e 85B0     		sub	sp, sp, #20
 583 0410 0190     		str	r0, [sp, #4]
 584 0412 0B46     		mov	r3, r1
 585 0414 8DF80330 		strb	r3, [sp, #3]
 586 0418 9DF80320 		ldrb	r2, [sp, #3]	@ zero_extendqisi2
 587 041c 0199     		ldr	r1, [sp, #4]
 588 041e 1346     		mov	r3, r2
 589 0420 4FEA8303 		lsl	r3, r3, #2
 590 0424 9B18     		adds	r3, r3, r2
 591 0426 4FEAC303 		lsl	r3, r3, #3
 592 042a CB18     		adds	r3, r1, r3
 593 042c 03F56273 		add	r3, r3, #904
 594 0430 1B68     		ldr	r3, [r3, #0]
 595 0432 ADF80E30 		strh	r3, [sp, #14]	@ movhi
 596 0436 40F20003 		movw	r3, #:lower16:cdc_fops
 597 043a C0F20003 		movt	r3, #:upper16:cdc_fops
 598 043e 1B69     		ldr	r3, [r3, #16]
 599 0440 BDF80E20 		ldrh	r2, [sp, #14]
 600 0444 40F20000 		movw	r0, #:lower16:USB_Rx_Buffer
 601 0448 C0F20000 		movt	r0, #:upper16:USB_Rx_Buffer
 602 044c 1146     		mov	r1, r2
 603 044e 9847     		blx	r3
 604 0450 019B     		ldr	r3, [sp, #4]
 605 0452 D3F8EC35 		ldr	r3, [r3, #1516]
 606 0456 03F14003 		add	r3, r3, #64
 607 045a 1B88     		ldrh	r3, [r3, #0]
 608 045c 0198     		ldr	r0, [sp, #4]
 609 045e 4FF00101 		mov	r1, #1
 610 0462 40F20002 		movw	r2, #:lower16:USB_Rx_Buffer
 611 0466 C0F20002 		movt	r2, #:upper16:USB_Rx_Buffer
 612 046a FFF7FEFF 		bl	DCD_EP_PrepareRx
 613 046e 4FF00003 		mov	r3, #0
 614 0472 1846     		mov	r0, r3
 615 0474 05B0     		add	sp, sp, #20
 616 0476 00BD     		pop	{pc}
 618              		.align	2
 619              		.thumb
 620              		.thumb_func
 622              	usbd_cdc_SOF:
 623              		@ args = 0, pretend = 0, frame = 8
 624              		@ frame_needed = 0, uses_anonymous_args = 0
 625 0478 00B5     		push	{lr}
 626 047a 83B0     		sub	sp, sp, #12
 627 047c 0190     		str	r0, [sp, #4]
 628 047e 40F20003 		movw	r3, #:lower16:FrameCount.8308
 629 0482 C0F20003 		movt	r3, #:upper16:FrameCount.8308
 630 0486 1B68     		ldr	r3, [r3, #0]
 631 0488 052B     		cmp	r3, #5
 632 048a 14BF     		ite	ne
 633 048c 0022     		movne	r2, #0
 634 048e 0122     		moveq	r2, #1
 635 0490 D2B2     		uxtb	r2, r2
 636 0492 03F10101 		add	r1, r3, #1
 637 0496 40F20003 		movw	r3, #:lower16:FrameCount.8308
 638 049a C0F20003 		movt	r3, #:upper16:FrameCount.8308
 639 049e 1960     		str	r1, [r3, #0]
 640 04a0 002A     		cmp	r2, #0
 641 04a2 09D0     		beq	.L33
 642 04a4 40F20003 		movw	r3, #:lower16:FrameCount.8308
 643 04a8 C0F20003 		movt	r3, #:upper16:FrameCount.8308
 644 04ac 4FF00002 		mov	r2, #0
 645 04b0 1A60     		str	r2, [r3, #0]
 646 04b2 0198     		ldr	r0, [sp, #4]
 647 04b4 00F006F8 		bl	Handle_USBAsynchXfer
 648              	.L33:
 649 04b8 4FF00003 		mov	r3, #0
 650 04bc 1846     		mov	r0, r3
 651 04be 03B0     		add	sp, sp, #12
 652 04c0 00BD     		pop	{pc}
 654 04c2 00BF     		.align	2
 655              		.thumb
 656              		.thumb_func
 658              	Handle_USBAsynchXfer:
 659              		@ args = 0, pretend = 0, frame = 16
 660              		@ frame_needed = 0, uses_anonymous_args = 0
 661 04c4 00B5     		push	{lr}
 662 04c6 85B0     		sub	sp, sp, #20
 663 04c8 0190     		str	r0, [sp, #4]
 664 04ca 40F20003 		movw	r3, #:lower16:USB_Tx_State
 665 04ce C0F20003 		movt	r3, #:upper16:USB_Tx_State
 666 04d2 1B78     		ldrb	r3, [r3, #0]	@ zero_extendqisi2
 667 04d4 012B     		cmp	r3, #1
 668 04d6 00F0C680 		beq	.L34
 669 04da 40F20003 		movw	r3, #:lower16:APP_Rx_ptr_out
 670 04de C0F20003 		movt	r3, #:upper16:APP_Rx_ptr_out
 671 04e2 1B68     		ldr	r3, [r3, #0]
 672 04e4 B3F5006F 		cmp	r3, #2048
 673 04e8 06D1     		bne	.L36
 674 04ea 40F20003 		movw	r3, #:lower16:APP_Rx_ptr_out
 675 04ee C0F20003 		movt	r3, #:upper16:APP_Rx_ptr_out
 676 04f2 4FF00002 		mov	r2, #0
 677 04f6 1A60     		str	r2, [r3, #0]
 678              	.L36:
 679 04f8 40F20003 		movw	r3, #:lower16:APP_Rx_ptr_out
 680 04fc C0F20003 		movt	r3, #:upper16:APP_Rx_ptr_out
 681 0500 1A68     		ldr	r2, [r3, #0]
 682 0502 40F20003 		movw	r3, #:lower16:APP_Rx_ptr_in
 683 0506 C0F20003 		movt	r3, #:upper16:APP_Rx_ptr_in
 684 050a 1B68     		ldr	r3, [r3, #0]
 685 050c 9A42     		cmp	r2, r3
 686 050e 07D1     		bne	.L37
 687 0510 40F20003 		movw	r3, #:lower16:USB_Tx_State
 688 0514 C0F20003 		movt	r3, #:upper16:USB_Tx_State
 689 0518 4FF00002 		mov	r2, #0
 690 051c 1A70     		strb	r2, [r3, #0]
 691 051e A2E0     		b	.L34
 692              	.L37:
 693 0520 40F20003 		movw	r3, #:lower16:APP_Rx_ptr_out
 694 0524 C0F20003 		movt	r3, #:upper16:APP_Rx_ptr_out
 695 0528 1A68     		ldr	r2, [r3, #0]
 696 052a 40F20003 		movw	r3, #:lower16:APP_Rx_ptr_in
 697 052e C0F20003 		movt	r3, #:upper16:APP_Rx_ptr_in
 698 0532 1B68     		ldr	r3, [r3, #0]
 699 0534 9A42     		cmp	r2, r3
 700 0536 0CD9     		bls	.L38
 701 0538 40F20003 		movw	r3, #:lower16:APP_Rx_ptr_out
 702 053c C0F20003 		movt	r3, #:upper16:APP_Rx_ptr_out
 703 0540 1B68     		ldr	r3, [r3, #0]
 704 0542 C3F50062 		rsb	r2, r3, #2048
 705 0546 40F20003 		movw	r3, #:lower16:APP_Rx_length
 706 054a C0F20003 		movt	r3, #:upper16:APP_Rx_length
 707 054e 1A60     		str	r2, [r3, #0]
 708 0550 0FE0     		b	.L39
 709              	.L38:
 710 0552 40F20003 		movw	r3, #:lower16:APP_Rx_ptr_in
 711 0556 C0F20003 		movt	r3, #:upper16:APP_Rx_ptr_in
 712 055a 1A68     		ldr	r2, [r3, #0]
 713 055c 40F20003 		movw	r3, #:lower16:APP_Rx_ptr_out
 714 0560 C0F20003 		movt	r3, #:upper16:APP_Rx_ptr_out
 715 0564 1B68     		ldr	r3, [r3, #0]
 716 0566 D21A     		subs	r2, r2, r3
 717 0568 40F20003 		movw	r3, #:lower16:APP_Rx_length
 718 056c C0F20003 		movt	r3, #:upper16:APP_Rx_length
 719 0570 1A60     		str	r2, [r3, #0]
 720              	.L39:
 721 0572 019B     		ldr	r3, [sp, #4]
 722 0574 D3F8EC35 		ldr	r3, [r3, #1516]
 723 0578 03F13903 		add	r3, r3, #57
 724 057c 1B88     		ldrh	r3, [r3, #0]
 725 057e 1A46     		mov	r2, r3
 726 0580 40F20003 		movw	r3, #:lower16:APP_Rx_length
 727 0584 C0F20003 		movt	r3, #:upper16:APP_Rx_length
 728 0588 1B68     		ldr	r3, [r3, #0]
 729 058a 9A42     		cmp	r2, r3
 730 058c 31D2     		bcs	.L40
 731 058e 40F20003 		movw	r3, #:lower16:APP_Rx_ptr_out
 732 0592 C0F20003 		movt	r3, #:upper16:APP_Rx_ptr_out
 733 0596 1B68     		ldr	r3, [r3, #0]
 734 0598 ADF80E30 		strh	r3, [sp, #14]	@ movhi
 735 059c 019B     		ldr	r3, [sp, #4]
 736 059e D3F8EC35 		ldr	r3, [r3, #1516]
 737 05a2 B3F83930 		ldrh	r3, [r3, #57]	@ movhi
 738 05a6 ADF80C30 		strh	r3, [sp, #12]	@ movhi
 739 05aa 019B     		ldr	r3, [sp, #4]
 740 05ac D3F8EC35 		ldr	r3, [r3, #1516]
 741 05b0 03F13903 		add	r3, r3, #57
 742 05b4 1B88     		ldrh	r3, [r3, #0]
 743 05b6 1A46     		mov	r2, r3
 744 05b8 40F20003 		movw	r3, #:lower16:APP_Rx_ptr_out
 745 05bc C0F20003 		movt	r3, #:upper16:APP_Rx_ptr_out
 746 05c0 1B68     		ldr	r3, [r3, #0]
 747 05c2 D218     		adds	r2, r2, r3
 748 05c4 40F20003 		movw	r3, #:lower16:APP_Rx_ptr_out
 749 05c8 C0F20003 		movt	r3, #:upper16:APP_Rx_ptr_out
 750 05cc 1A60     		str	r2, [r3, #0]
 751 05ce 40F20003 		movw	r3, #:lower16:APP_Rx_length
 752 05d2 C0F20003 		movt	r3, #:upper16:APP_Rx_length
 753 05d6 1A68     		ldr	r2, [r3, #0]
 754 05d8 019B     		ldr	r3, [sp, #4]
 755 05da D3F8EC35 		ldr	r3, [r3, #1516]
 756 05de 03F13903 		add	r3, r3, #57
 757 05e2 1B88     		ldrh	r3, [r3, #0]
 758 05e4 D21A     		subs	r2, r2, r3
 759 05e6 40F20003 		movw	r3, #:lower16:APP_Rx_length
 760 05ea C0F20003 		movt	r3, #:upper16:APP_Rx_length
 761 05ee 1A60     		str	r2, [r3, #0]
 762 05f0 24E0     		b	.L41
 763              	.L40:
 764 05f2 40F20003 		movw	r3, #:lower16:APP_Rx_ptr_out
 765 05f6 C0F20003 		movt	r3, #:upper16:APP_Rx_ptr_out
 766 05fa 1B68     		ldr	r3, [r3, #0]
 767 05fc ADF80E30 		strh	r3, [sp, #14]	@ movhi
 768 0600 40F20003 		movw	r3, #:lower16:APP_Rx_length
 769 0604 C0F20003 		movt	r3, #:upper16:APP_Rx_length
 770 0608 1B68     		ldr	r3, [r3, #0]
 771 060a ADF80C30 		strh	r3, [sp, #12]	@ movhi
 772 060e 40F20003 		movw	r3, #:lower16:APP_Rx_ptr_out
 773 0612 C0F20003 		movt	r3, #:upper16:APP_Rx_ptr_out
 774 0616 1A68     		ldr	r2, [r3, #0]
 775 0618 40F20003 		movw	r3, #:lower16:APP_Rx_length
 776 061c C0F20003 		movt	r3, #:upper16:APP_Rx_length
 777 0620 1B68     		ldr	r3, [r3, #0]
 778 0622 D218     		adds	r2, r2, r3
 779 0624 40F20003 		movw	r3, #:lower16:APP_Rx_ptr_out
 780 0628 C0F20003 		movt	r3, #:upper16:APP_Rx_ptr_out
 781 062c 1A60     		str	r2, [r3, #0]
 782 062e 40F20003 		movw	r3, #:lower16:APP_Rx_length
 783 0632 C0F20003 		movt	r3, #:upper16:APP_Rx_length
 784 0636 4FF00002 		mov	r2, #0
 785 063a 1A60     		str	r2, [r3, #0]
 786              	.L41:
 787 063c 40F20003 		movw	r3, #:lower16:USB_Tx_State
 788 0640 C0F20003 		movt	r3, #:upper16:USB_Tx_State
 789 0644 4FF00102 		mov	r2, #1
 790 0648 1A70     		strb	r2, [r3, #0]
 791 064a BDF80E20 		ldrh	r2, [sp, #14]
 792 064e 40F20003 		movw	r3, #:lower16:APP_Rx_Buffer
 793 0652 C0F20003 		movt	r3, #:upper16:APP_Rx_Buffer
 794 0656 D218     		adds	r2, r2, r3
 795 0658 BDF80C30 		ldrh	r3, [sp, #12]
 796 065c 0198     		ldr	r0, [sp, #4]
 797 065e 4FF08101 		mov	r1, #129
 798 0662 FFF7FEFF 		bl	DCD_EP_Tx
 799              	.L34:
 800 0666 05B0     		add	sp, sp, #20
 801 0668 00BD     		pop	{pc}
 803 066a 00BF     		.align	2
 804              		.thumb
 805              		.thumb_func
 807              	USBD_cdc_GetCfgDesc:
 808              		@ args = 0, pretend = 0, frame = 8
 809              		@ frame_needed = 0, uses_anonymous_args = 0
 810              		@ link register save eliminated.
 811 066c 82B0     		sub	sp, sp, #8
 812 066e 0346     		mov	r3, r0
 813 0670 0091     		str	r1, [sp, #0]
 814 0672 8DF80730 		strb	r3, [sp, #7]
 815 0676 009B     		ldr	r3, [sp, #0]
 816 0678 4FF04302 		mov	r2, #67
 817 067c 1A80     		strh	r2, [r3, #0]	@ movhi
 818 067e 40F20003 		movw	r3, #:lower16:usbd_cdc_CfgDesc
 819 0682 C0F20003 		movt	r3, #:upper16:usbd_cdc_CfgDesc
 820 0686 1846     		mov	r0, r3
 821 0688 02B0     		add	sp, sp, #8
 822 068a 7047     		bx	lr
 824              		.bss
 825              		.align	2
 826              	FrameCount.8308:
 827 0018 00000000 		.space	4
 828              		.ident	"GCC: (Sourcery CodeBench Lite 2012.03-56) 4.6.3"
DEFINED SYMBOLS
                            *ABS*:00000000 usbd_cdc_core.c
C:\Users\JOHNIH~1\AppData\Local\Temp\ccw6wFtV.s:21     .data:00000000 usbd_cdc_CfgDesc
C:\Users\JOHNIH~1\AppData\Local\Temp\ccw6wFtV.s:18     .data:00000000 $d
                            *COM*:00000043 usbd_cdc_OtherCfgDesc
C:\Users\JOHNIH~1\AppData\Local\Temp\ccw6wFtV.s:91     .bss:00000000 $d
C:\Users\JOHNIH~1\AppData\Local\Temp\ccw6wFtV.s:92     .bss:00000000 usbd_cdc_AltSet
                            *COM*:00000040 USB_Rx_Buffer
                            *COM*:00000800 APP_Rx_Buffer
                            *COM*:00000008 CmdBuff
C:\Users\JOHNIH~1\AppData\Local\Temp\ccw6wFtV.s:101    .bss:00000004 APP_Rx_ptr_in
C:\Users\JOHNIH~1\AppData\Local\Temp\ccw6wFtV.s:107    .bss:00000008 APP_Rx_ptr_out
C:\Users\JOHNIH~1\AppData\Local\Temp\ccw6wFtV.s:113    .bss:0000000c APP_Rx_length
C:\Users\JOHNIH~1\AppData\Local\Temp\ccw6wFtV.s:118    .bss:00000010 USB_Tx_State
C:\Users\JOHNIH~1\AppData\Local\Temp\ccw6wFtV.s:124    .data:00000044 cdcCmd
C:\Users\JOHNIH~1\AppData\Local\Temp\ccw6wFtV.s:128    .bss:00000014 cdcLen
C:\Users\JOHNIH~1\AppData\Local\Temp\ccw6wFtV.s:135    .data:00000048 USBD_CDC_cb
C:\Users\JOHNIH~1\AppData\Local\Temp\ccw6wFtV.s:152    .text:00000000 usbd_cdc_Init
C:\Users\JOHNIH~1\AppData\Local\Temp\ccw6wFtV.s:216    .text:000000ac usbd_cdc_DeInit
C:\Users\JOHNIH~1\AppData\Local\Temp\ccw6wFtV.s:246    .text:000000ec usbd_cdc_Setup
C:\Users\JOHNIH~1\AppData\Local\Temp\ccw6wFtV.s:406    .text:00000244 usbd_cdc_EP0_RxReady
C:\Users\JOHNIH~1\AppData\Local\Temp\ccw6wFtV.s:445    .text:0000029c usbd_cdc_DataIn
C:\Users\JOHNIH~1\AppData\Local\Temp\ccw6wFtV.s:578    .text:0000040c usbd_cdc_DataOut
C:\Users\JOHNIH~1\AppData\Local\Temp\ccw6wFtV.s:622    .text:00000478 usbd_cdc_SOF
C:\Users\JOHNIH~1\AppData\Local\Temp\ccw6wFtV.s:807    .text:0000066c USBD_cdc_GetCfgDesc
C:\Users\JOHNIH~1\AppData\Local\Temp\ccw6wFtV.s:148    .text:00000000 $t
C:\Users\JOHNIH~1\AppData\Local\Temp\ccw6wFtV.s:400    .text:00000240 $d
C:\Users\JOHNIH~1\AppData\Local\Temp\ccw6wFtV.s:402    .text:00000244 $t
C:\Users\JOHNIH~1\AppData\Local\Temp\ccw6wFtV.s:826    .bss:00000018 FrameCount.8308
C:\Users\JOHNIH~1\AppData\Local\Temp\ccw6wFtV.s:658    .text:000004c4 Handle_USBAsynchXfer

UNDEFINED SYMBOLS
DCD_EP_Open
USBD_DeviceDesc
cdc_fops
DCD_EP_PrepareRx
DCD_EP_Close
USBD_CtlSendData
USBD_CtlPrepareRx
USBD_CtlError
DCD_EP_Tx
