   1              		.syntax unified
   2              		.cpu cortex-m4
   3              		.eabi_attribute 27, 3
   4              		.fpu fpv4-sp-d16
   5              		.eabi_attribute 20, 1
   6              		.eabi_attribute 21, 1
   7              		.eabi_attribute 23, 3
   8              		.eabi_attribute 24, 1
   9              		.eabi_attribute 25, 1
  10              		.eabi_attribute 26, 1
  11              		.eabi_attribute 30, 6
  12              		.eabi_attribute 34, 1
  13              		.eabi_attribute 18, 4
  14              		.thumb
  15              		.file	"flightCommand.c"
  16              		.comm	mtk19ProcessDataState,1,1
  17              		.comm	nmeaProcessDataState,1,1
  18              		.comm	ubloxProcessDataState,1,1
  19              		.global	rxCommand
  20              		.data
  21              		.align	2
  24              	rxCommand:
  25 0000 00000000 		.word	0
  26 0004 00000000 		.word	0
  27 0008 00000000 		.word	0
  28 000c 0000FA44 		.word	1157234688
  29 0010 0000FA44 		.word	1157234688
  30 0014 0000FA44 		.word	1157234688
  31 0018 0000FA44 		.word	1157234688
  32 001c 0000FA44 		.word	1157234688
  33              		.global	commandInDetent
  34              		.align	2
  37              	commandInDetent:
  38 0020 01       		.byte	1
  39 0021 01       		.byte	1
  40 0022 01       		.byte	1
  41              		.global	previousCommandInDetent
  42 0023 00       		.align	2
  45              	previousCommandInDetent:
  46 0024 01       		.byte	1
  47 0025 01       		.byte	1
  48 0026 01       		.byte	1
  49              		.global	flightMode
  50              		.bss
  53              	flightMode:
  54 0000 00       		.space	1
  55              		.global	headingHoldEngaged
  58              	headingHoldEngaged:
  59 0001 00       		.space	1
  60              		.global	armed
  63              	armed:
  64 0002 00       		.space	1
  65              		.global	armingTimer
  68              	armingTimer:
  69 0003 00       		.space	1
  70              		.global	altitudeHoldState
  73              	altitudeHoldState:
  74 0004 00       		.space	1
  75              		.global	previousAUX2State
  76              		.data
  77 0027 00       		.align	1
  80              	previousAUX2State:
  81 0028 D007     		.short	2000
  82              		.global	altitudeHoldThrottleValue
  83 002a 0000     		.bss
  84 0005 000000   		.align	2
  87              	altitudeHoldThrottleValue:
  88 0008 00000000 		.space	4
  89              		.text
  90              		.align	2
  91              		.global	processFlightCommands
  92              		.thumb
  93              		.thumb_func
  95              	processFlightCommands:
  96              		@ args = 0, pretend = 0, frame = 8
  97              		@ frame_needed = 0, uses_anonymous_args = 0
  98 0000 10B5     		push	{r4, lr}
  99 0002 82B0     		sub	sp, sp, #8
 100 0004 40F20003 		movw	r3, #:lower16:rcActive
 101 0008 C0F20003 		movt	r3, #:upper16:rcActive
 102 000c 1B78     		ldrb	r3, [r3, #0]	@ zero_extendqisi2
 103 000e 012B     		cmp	r3, #1
 104 0010 40F0DF80 		bne	.L2
 105 0014 4FF00003 		mov	r3, #0
 106 0018 8DF80730 		strb	r3, [sp, #7]
 107 001c 21E0     		b	.L3
 108              	.L4:
 109 001e 9DF80740 		ldrb	r4, [sp, #7]	@ zero_extendqisi2
 110 0022 9DF80720 		ldrb	r2, [sp, #7]	@ zero_extendqisi2
 111 0026 40F20003 		movw	r3, #:lower16:eepromConfig
 112 002a C0F20003 		movt	r3, #:upper16:eepromConfig
 113 002e 9B18     		adds	r3, r3, r2
 114 0030 93F87330 		ldrb	r3, [r3, #115]	@ zero_extendqisi2
 115 0034 1846     		mov	r0, r3
 116 0036 FFF7FEFF 		bl	rxRead
 117 003a 0346     		mov	r3, r0
 118 003c 07EE103A 		fmsr	s14, r3	@ int
 119 0040 F8EE477A 		fuitos	s15, s14
 120 0044 40F20003 		movw	r3, #:lower16:rxCommand
 121 0048 C0F20003 		movt	r3, #:upper16:rxCommand
 122 004c 4FEA8402 		lsl	r2, r4, #2
 123 0050 9B18     		adds	r3, r3, r2
 124 0052 C3ED007A 		fsts	s15, [r3, #0]
 125 0056 9DF80730 		ldrb	r3, [sp, #7]
 126 005a 03F10103 		add	r3, r3, #1
 127 005e 8DF80730 		strb	r3, [sp, #7]
 128              	.L3:
 129 0062 9DF80730 		ldrb	r3, [sp, #7]	@ zero_extendqisi2
 130 0066 072B     		cmp	r3, #7
 131 0068 D9D9     		bls	.L4
 132 006a 40F20003 		movw	r3, #:lower16:rxCommand
 133 006e C0F20003 		movt	r3, #:upper16:rxCommand
 134 0072 93ED007A 		flds	s14, [r3, #0]
 135 0076 40F20003 		movw	r3, #:lower16:eepromConfig
 136 007a C0F20003 		movt	r3, #:upper16:eepromConfig
 137 007e D3ED227A 		flds	s15, [r3, #136]
 138 0082 77EE677A 		fsubs	s15, s14, s15
 139 0086 40F20003 		movw	r3, #:lower16:rxCommand
 140 008a C0F20003 		movt	r3, #:upper16:rxCommand
 141 008e C3ED007A 		fsts	s15, [r3, #0]
 142 0092 40F20003 		movw	r3, #:lower16:rxCommand
 143 0096 C0F20003 		movt	r3, #:upper16:rxCommand
 144 009a 93ED017A 		flds	s14, [r3, #4]
 145 009e 40F20003 		movw	r3, #:lower16:eepromConfig
 146 00a2 C0F20003 		movt	r3, #:upper16:eepromConfig
 147 00a6 D3ED227A 		flds	s15, [r3, #136]
 148 00aa 77EE677A 		fsubs	s15, s14, s15
 149 00ae 40F20003 		movw	r3, #:lower16:rxCommand
 150 00b2 C0F20003 		movt	r3, #:upper16:rxCommand
 151 00b6 C3ED017A 		fsts	s15, [r3, #4]
 152 00ba 40F20003 		movw	r3, #:lower16:rxCommand
 153 00be C0F20003 		movt	r3, #:upper16:rxCommand
 154 00c2 93ED027A 		flds	s14, [r3, #8]
 155 00c6 40F20003 		movw	r3, #:lower16:eepromConfig
 156 00ca C0F20003 		movt	r3, #:upper16:eepromConfig
 157 00ce D3ED227A 		flds	s15, [r3, #136]
 158 00d2 77EE677A 		fsubs	s15, s14, s15
 159 00d6 40F20003 		movw	r3, #:lower16:rxCommand
 160 00da C0F20003 		movt	r3, #:upper16:rxCommand
 161 00de C3ED027A 		fsts	s15, [r3, #8]
 162 00e2 40F20003 		movw	r3, #:lower16:rxCommand
 163 00e6 C0F20003 		movt	r3, #:upper16:rxCommand
 164 00ea 93ED037A 		flds	s14, [r3, #12]
 165 00ee 40F20003 		movw	r3, #:lower16:eepromConfig
 166 00f2 C0F20003 		movt	r3, #:upper16:eepromConfig
 167 00f6 D3ED226A 		flds	s13, [r3, #136]
 168 00fa DFED8C7A 		flds	s15, .L25+12
 169 00fe 76EEE77A 		fsubs	s15, s13, s15
 170 0102 77EE677A 		fsubs	s15, s14, s15
 171 0106 40F20003 		movw	r3, #:lower16:rxCommand
 172 010a C0F20003 		movt	r3, #:upper16:rxCommand
 173 010e C3ED037A 		fsts	s15, [r3, #12]
 174 0112 40F20003 		movw	r3, #:lower16:rxCommand
 175 0116 C0F20003 		movt	r3, #:upper16:rxCommand
 176 011a 93ED047A 		flds	s14, [r3, #16]
 177 011e 40F20003 		movw	r3, #:lower16:eepromConfig
 178 0122 C0F20003 		movt	r3, #:upper16:eepromConfig
 179 0126 D3ED226A 		flds	s13, [r3, #136]
 180 012a DFED807A 		flds	s15, .L25+12
 181 012e 76EEE77A 		fsubs	s15, s13, s15
 182 0132 77EE677A 		fsubs	s15, s14, s15
 183 0136 40F20003 		movw	r3, #:lower16:rxCommand
 184 013a C0F20003 		movt	r3, #:upper16:rxCommand
 185 013e C3ED047A 		fsts	s15, [r3, #16]
 186 0142 40F20003 		movw	r3, #:lower16:rxCommand
 187 0146 C0F20003 		movt	r3, #:upper16:rxCommand
 188 014a 93ED057A 		flds	s14, [r3, #20]
 189 014e 40F20003 		movw	r3, #:lower16:eepromConfig
 190 0152 C0F20003 		movt	r3, #:upper16:eepromConfig
 191 0156 D3ED226A 		flds	s13, [r3, #136]
 192 015a DFED747A 		flds	s15, .L25+12
 193 015e 76EEE77A 		fsubs	s15, s13, s15
 194 0162 77EE677A 		fsubs	s15, s14, s15
 195 0166 40F20003 		movw	r3, #:lower16:rxCommand
 196 016a C0F20003 		movt	r3, #:upper16:rxCommand
 197 016e C3ED057A 		fsts	s15, [r3, #20]
 198 0172 40F20003 		movw	r3, #:lower16:rxCommand
 199 0176 C0F20003 		movt	r3, #:upper16:rxCommand
 200 017a 93ED067A 		flds	s14, [r3, #24]
 201 017e 40F20003 		movw	r3, #:lower16:eepromConfig
 202 0182 C0F20003 		movt	r3, #:upper16:eepromConfig
 203 0186 D3ED226A 		flds	s13, [r3, #136]
 204 018a DFED687A 		flds	s15, .L25+12
 205 018e 76EEE77A 		fsubs	s15, s13, s15
 206 0192 77EE677A 		fsubs	s15, s14, s15
 207 0196 40F20003 		movw	r3, #:lower16:rxCommand
 208 019a C0F20003 		movt	r3, #:upper16:rxCommand
 209 019e C3ED067A 		fsts	s15, [r3, #24]
 210 01a2 40F20003 		movw	r3, #:lower16:rxCommand
 211 01a6 C0F20003 		movt	r3, #:upper16:rxCommand
 212 01aa 93ED077A 		flds	s14, [r3, #28]
 213 01ae 40F20003 		movw	r3, #:lower16:eepromConfig
 214 01b2 C0F20003 		movt	r3, #:upper16:eepromConfig
 215 01b6 D3ED226A 		flds	s13, [r3, #136]
 216 01ba DFED5C7A 		flds	s15, .L25+12
 217 01be 76EEE77A 		fsubs	s15, s13, s15
 218 01c2 77EE677A 		fsubs	s15, s14, s15
 219 01c6 40F20003 		movw	r3, #:lower16:rxCommand
 220 01ca C0F20003 		movt	r3, #:upper16:rxCommand
 221 01ce C3ED077A 		fsts	s15, [r3, #28]
 222              	.L2:
 223 01d2 4FF00003 		mov	r3, #0
 224 01d6 8DF80730 		strb	r3, [sp, #7]
 225 01da 13E0     		b	.L5
 226              	.L6:
 227 01dc 9DF80720 		ldrb	r2, [sp, #7]	@ zero_extendqisi2
 228 01e0 9DF80710 		ldrb	r1, [sp, #7]	@ zero_extendqisi2
 229 01e4 40F20003 		movw	r3, #:lower16:commandInDetent
 230 01e8 C0F20003 		movt	r3, #:upper16:commandInDetent
 231 01ec 595C     		ldrb	r1, [r3, r1]	@ zero_extendqisi2
 232 01ee 40F20003 		movw	r3, #:lower16:previousCommandInDetent
 233 01f2 C0F20003 		movt	r3, #:upper16:previousCommandInDetent
 234 01f6 9954     		strb	r1, [r3, r2]
 235 01f8 9DF80730 		ldrb	r3, [sp, #7]
 236 01fc 03F10103 		add	r3, r3, #1
 237 0200 8DF80730 		strb	r3, [sp, #7]
 238              	.L5:
 239 0204 9DF80730 		ldrb	r3, [sp, #7]	@ zero_extendqisi2
 240 0208 022B     		cmp	r3, #2
 241 020a E7D9     		bls	.L6
 242 020c 4FF00003 		mov	r3, #0
 243 0210 8DF80730 		strb	r3, [sp, #7]
 244 0214 B4E0     		b	.L7
 245              	.L11:
 246 0216 9DF80720 		ldrb	r2, [sp, #7]	@ zero_extendqisi2
 247 021a 40F20003 		movw	r3, #:lower16:rxCommand
 248 021e C0F20003 		movt	r3, #:upper16:rxCommand
 249 0222 4FEA8202 		lsl	r2, r2, #2
 250 0226 9B18     		adds	r3, r3, r2
 251 0228 93ED007A 		flds	s14, [r3, #0]
 252 022c F3EE087A 		fconsts	s15, #56
 253 0230 B4EEE77A 		fcmpes	s14, s15
 254 0234 F1EE10FA 		fmstat
 255 0238 8CBF     		ite	hi
 256 023a 0023     		movhi	r3, #0
 257 023c 0123     		movls	r3, #1
 258 023e DBB2     		uxtb	r3, r3
 259 0240 002B     		cmp	r3, #0
 260 0242 2BD0     		beq	.L8
 261 0244 9DF80720 		ldrb	r2, [sp, #7]	@ zero_extendqisi2
 262 0248 40F20003 		movw	r3, #:lower16:rxCommand
 263 024c C0F20003 		movt	r3, #:upper16:rxCommand
 264 0250 4FEA8202 		lsl	r2, r2, #2
 265 0254 9B18     		adds	r3, r3, r2
 266 0256 93ED007A 		flds	s14, [r3, #0]
 267 025a FBEE087A 		fconsts	s15, #184
 268 025e B4EEE77A 		fcmpes	s14, s15
 269 0262 F1EE10FA 		fmstat
 270 0266 B4BF     		ite	lt
 271 0268 0023     		movlt	r3, #0
 272 026a 0123     		movge	r3, #1
 273 026c DBB2     		uxtb	r3, r3
 274 026e 002B     		cmp	r3, #0
 275 0270 14D0     		beq	.L8
 276 0272 9DF80720 		ldrb	r2, [sp, #7]	@ zero_extendqisi2
 277 0276 40F20003 		movw	r3, #:lower16:rxCommand
 278 027a C0F20003 		movt	r3, #:upper16:rxCommand
 279 027e 4FEA8202 		lsl	r2, r2, #2
 280 0282 9B18     		adds	r3, r3, r2
 281 0284 264A     		ldr	r2, .L25	@ float
 282 0286 1A60     		str	r2, [r3, #0]	@ float
 283 0288 9DF80720 		ldrb	r2, [sp, #7]	@ zero_extendqisi2
 284 028c 40F20003 		movw	r3, #:lower16:commandInDetent
 285 0290 C0F20003 		movt	r3, #:upper16:commandInDetent
 286 0294 4FF00101 		mov	r1, #1
 287 0298 9954     		strb	r1, [r3, r2]
 288 029a 6BE0     		b	.L9
 289              	.L8:
 290 029c 9DF80720 		ldrb	r2, [sp, #7]	@ zero_extendqisi2
 291 02a0 40F20003 		movw	r3, #:lower16:commandInDetent
 292 02a4 C0F20003 		movt	r3, #:upper16:commandInDetent
 293 02a8 4FF00001 		mov	r1, #0
 294 02ac 9954     		strb	r1, [r3, r2]
 295 02ae 9DF80720 		ldrb	r2, [sp, #7]	@ zero_extendqisi2
 296 02b2 40F20003 		movw	r3, #:lower16:rxCommand
 297 02b6 C0F20003 		movt	r3, #:upper16:rxCommand
 298 02ba 4FEA8202 		lsl	r2, r2, #2
 299 02be 9B18     		adds	r3, r3, r2
 300 02c0 D3ED007A 		flds	s15, [r3, #0]
 301 02c4 F5EEC07A 		fcmpezs	s15
 302 02c8 F1EE10FA 		fmstat
 303 02cc D4BF     		ite	le
 304 02ce 0023     		movle	r3, #0
 305 02d0 0123     		movgt	r3, #1
 306 02d2 DBB2     		uxtb	r3, r3
 307 02d4 002B     		cmp	r3, #0
 308 02d6 2BD0     		beq	.L10
 309 02d8 9DF80720 		ldrb	r2, [sp, #7]	@ zero_extendqisi2
 310 02dc 9DF80710 		ldrb	r1, [sp, #7]	@ zero_extendqisi2
 311 02e0 40F20003 		movw	r3, #:lower16:rxCommand
 312 02e4 C0F20003 		movt	r3, #:upper16:rxCommand
 313 02e8 4FEA8101 		lsl	r1, r1, #2
 314 02ec 5B18     		adds	r3, r3, r1
 315 02ee 93ED007A 		flds	s14, [r3, #0]
 316 02f2 F3EE087A 		fconsts	s15, #56
 317 02f6 37EE677A 		fsubs	s14, s14, s15
 318 02fa DFED0A7A 		flds	s15, .L25+4
 319 02fe 67EE277A 		fmuls	s15, s14, s15
 320 0302 9FED097A 		flds	s14, .L25+8
 321 0306 C7EE877A 		fdivs	s15, s15, s14
 322 030a 40F20003 		movw	r3, #:lower16:rxCommand
 323 030e C0F20003 		movt	r3, #:upper16:rxCommand
 324 0312 4FEA8202 		lsl	r2, r2, #2
 325 0316 9B18     		adds	r3, r3, r2
 326 0318 C3ED007A 		fsts	s15, [r3, #0]
 327 031c 2AE0     		b	.L9
 328              	.L26:
 329 031e 00BF     		.align	2
 330              	.L25:
 331 0320 00000000 		.word	0
 332 0324 00007A44 		.word	1148846080
 333 0328 00007444 		.word	1148452864
 334 032c 00803B45 		.word	1161527296
 335              	.L10:
 336 0330 9DF80720 		ldrb	r2, [sp, #7]	@ zero_extendqisi2
 337 0334 9DF80710 		ldrb	r1, [sp, #7]	@ zero_extendqisi2
 338 0338 40F20003 		movw	r3, #:lower16:rxCommand
 339 033c C0F20003 		movt	r3, #:upper16:rxCommand
 340 0340 4FEA8101 		lsl	r1, r1, #2
 341 0344 5B18     		adds	r3, r3, r1
 342 0346 93ED007A 		flds	s14, [r3, #0]
 343 034a F3EE087A 		fconsts	s15, #56
 344 034e 37EE277A 		fadds	s14, s14, s15
 345 0352 5FED0C7A 		flds	s15, .L25+4
 346 0356 67EE277A 		fmuls	s15, s14, s15
 347 035a 1FED0D7A 		flds	s14, .L25+8
 348 035e C7EE877A 		fdivs	s15, s15, s14
 349 0362 40F20003 		movw	r3, #:lower16:rxCommand
 350 0366 C0F20003 		movt	r3, #:upper16:rxCommand
 351 036a 4FEA8202 		lsl	r2, r2, #2
 352 036e 9B18     		adds	r3, r3, r2
 353 0370 C3ED007A 		fsts	s15, [r3, #0]
 354              	.L9:
 355 0374 9DF80730 		ldrb	r3, [sp, #7]
 356 0378 03F10103 		add	r3, r3, #1
 357 037c 8DF80730 		strb	r3, [sp, #7]
 358              	.L7:
 359 0380 9DF80730 		ldrb	r3, [sp, #7]	@ zero_extendqisi2
 360 0384 022B     		cmp	r3, #2
 361 0386 7FF646AF 		bls	.L11
 362 038a 40F20003 		movw	r3, #:lower16:rxCommand
 363 038e C0F20003 		movt	r3, #:upper16:rxCommand
 364 0392 93ED037A 		flds	s14, [r3, #12]
 365 0396 40F20003 		movw	r3, #:lower16:eepromConfig
 366 039a C0F20003 		movt	r3, #:upper16:eepromConfig
 367 039e D3ED237A 		flds	s15, [r3, #140]
 368 03a2 B4EEE77A 		fcmpes	s14, s15
 369 03a6 F1EE10FA 		fmstat
 370 03aa 54BF     		ite	pl
 371 03ac 0023     		movpl	r3, #0
 372 03ae 0123     		movmi	r3, #1
 373 03b0 DBB2     		uxtb	r3, r3
 374 03b2 002B     		cmp	r3, #0
 375 03b4 00F0D680 		beq	.L12
 376 03b8 40F20003 		movw	r3, #:lower16:rxCommand
 377 03bc C0F20003 		movt	r3, #:upper16:rxCommand
 378 03c0 93ED027A 		flds	s14, [r3, #8]
 379 03c4 40F20003 		movw	r3, #:lower16:eepromConfig
 380 03c8 C0F20003 		movt	r3, #:upper16:eepromConfig
 381 03cc D3ED236A 		flds	s13, [r3, #140]
 382 03d0 5FED2A7A 		flds	s15, .L25+12
 383 03d4 76EEE77A 		fsubs	s15, s13, s15
 384 03d8 B4EEE77A 		fcmpes	s14, s15
 385 03dc F1EE10FA 		fmstat
 386 03e0 54BF     		ite	pl
 387 03e2 0023     		movpl	r3, #0
 388 03e4 0123     		movmi	r3, #1
 389 03e6 DBB2     		uxtb	r3, r3
 390 03e8 002B     		cmp	r3, #0
 391 03ea 11D0     		beq	.L13
 392 03ec 40F20003 		movw	r3, #:lower16:armed
 393 03f0 C0F20003 		movt	r3, #:upper16:armed
 394 03f4 1B78     		ldrb	r3, [r3, #0]	@ zero_extendqisi2
 395 03f6 012B     		cmp	r3, #1
 396 03f8 0AD1     		bne	.L13
 397 03fa 40F20003 		movw	r3, #:lower16:armed
 398 03fe C0F20003 		movt	r3, #:upper16:armed
 399 0402 4FF00002 		mov	r2, #0
 400 0406 1A70     		strb	r2, [r3, #0]
 401 0408 FFF7FEFF 		bl	zeroPIDintegralError
 402 040c FFF7FEFF 		bl	zeroPIDstates
 403              	.L13:
 404 0410 40F20003 		movw	r3, #:lower16:rxCommand
 405 0414 C0F20003 		movt	r3, #:upper16:rxCommand
 406 0418 93ED027A 		flds	s14, [r3, #8]
 407 041c 40F20003 		movw	r3, #:lower16:eepromConfig
 408 0420 C0F20003 		movt	r3, #:upper16:eepromConfig
 409 0424 D3ED236A 		flds	s13, [r3, #140]
 410 0428 5FED407A 		flds	s15, .L25+12
 411 042c 76EEE77A 		fsubs	s15, s13, s15
 412 0430 B4EEE77A 		fcmpes	s14, s15
 413 0434 F1EE10FA 		fmstat
 414 0438 54BF     		ite	pl
 415 043a 0023     		movpl	r3, #0
 416 043c 0123     		movmi	r3, #1
 417 043e DBB2     		uxtb	r3, r3
 418 0440 002B     		cmp	r3, #0
 419 0442 39D0     		beq	.L14
 420 0444 40F20003 		movw	r3, #:lower16:rxCommand
 421 0448 C0F20003 		movt	r3, #:upper16:rxCommand
 422 044c 93ED007A 		flds	s14, [r3, #0]
 423 0450 40F20003 		movw	r3, #:lower16:eepromConfig
 424 0454 C0F20003 		movt	r3, #:upper16:eepromConfig
 425 0458 D3ED246A 		flds	s13, [r3, #144]
 426 045c 5FED4D7A 		flds	s15, .L25+12
 427 0460 76EEE77A 		fsubs	s15, s13, s15
 428 0464 B4EEE77A 		fcmpes	s14, s15
 429 0468 F1EE10FA 		fmstat
 430 046c D4BF     		ite	le
 431 046e 0023     		movle	r3, #0
 432 0470 0123     		movgt	r3, #1
 433 0472 DBB2     		uxtb	r3, r3
 434 0474 002B     		cmp	r3, #0
 435 0476 1FD0     		beq	.L14
 436 0478 40F20003 		movw	r3, #:lower16:rxCommand
 437 047c C0F20003 		movt	r3, #:upper16:rxCommand
 438 0480 93ED017A 		flds	s14, [r3, #4]
 439 0484 40F20003 		movw	r3, #:lower16:eepromConfig
 440 0488 C0F20003 		movt	r3, #:upper16:eepromConfig
 441 048c D3ED236A 		flds	s13, [r3, #140]
 442 0490 5FED5A7A 		flds	s15, .L25+12
 443 0494 76EEE77A 		fsubs	s15, s13, s15
 444 0498 B4EEE77A 		fcmpes	s14, s15
 445 049c F1EE10FA 		fmstat
 446 04a0 54BF     		ite	pl
 447 04a2 0023     		movpl	r3, #0
 448 04a4 0123     		movmi	r3, #1
 449 04a6 DBB2     		uxtb	r3, r3
 450 04a8 002B     		cmp	r3, #0
 451 04aa 05D0     		beq	.L14
 452 04ac FFF7FEFF 		bl	computeMPU6000RTData
 453 04b0 4FF00300 		mov	r0, #3
 454 04b4 FFF7FEFF 		bl	pulseMotors
 455              	.L14:
 456 04b8 40F20003 		movw	r3, #:lower16:rxCommand
 457 04bc C0F20003 		movt	r3, #:upper16:rxCommand
 458 04c0 93ED027A 		flds	s14, [r3, #8]
 459 04c4 40F20003 		movw	r3, #:lower16:eepromConfig
 460 04c8 C0F20003 		movt	r3, #:upper16:eepromConfig
 461 04cc D3ED246A 		flds	s13, [r3, #144]
 462 04d0 5FED6A7A 		flds	s15, .L25+12
 463 04d4 76EEE77A 		fsubs	s15, s13, s15
 464 04d8 B4EEE77A 		fcmpes	s14, s15
 465 04dc F1EE10FA 		fmstat
 466 04e0 D4BF     		ite	le
 467 04e2 0023     		movle	r3, #0
 468 04e4 0123     		movgt	r3, #1
 469 04e6 DBB2     		uxtb	r3, r3
 470 04e8 002B     		cmp	r3, #0
 471 04ea 34D0     		beq	.L15
 472 04ec 40F20003 		movw	r3, #:lower16:armed
 473 04f0 C0F20003 		movt	r3, #:upper16:armed
 474 04f4 1B78     		ldrb	r3, [r3, #0]	@ zero_extendqisi2
 475 04f6 002B     		cmp	r3, #0
 476 04f8 2DD1     		bne	.L15
 477 04fa 40F20003 		movw	r3, #:lower16:execUp
 478 04fe C0F20003 		movt	r3, #:upper16:execUp
 479 0502 1B78     		ldrb	r3, [r3, #0]	@ zero_extendqisi2
 480 0504 012B     		cmp	r3, #1
 481 0506 26D1     		bne	.L15
 482 0508 40F20003 		movw	r3, #:lower16:armingTimer
 483 050c C0F20003 		movt	r3, #:upper16:armingTimer
 484 0510 1B78     		ldrb	r3, [r3, #0]	@ zero_extendqisi2
 485 0512 03F10103 		add	r3, r3, #1
 486 0516 DAB2     		uxtb	r2, r3
 487 0518 40F20003 		movw	r3, #:lower16:armingTimer
 488 051c C0F20003 		movt	r3, #:upper16:armingTimer
 489 0520 1A70     		strb	r2, [r3, #0]
 490 0522 40F20003 		movw	r3, #:lower16:armingTimer
 491 0526 C0F20003 		movt	r3, #:upper16:armingTimer
 492 052a 1B78     		ldrb	r3, [r3, #0]	@ zero_extendqisi2
 493 052c 322B     		cmp	r3, #50
 494 052e 19D9     		bls	.L12
 495 0530 FFF7FEFF 		bl	zeroPIDintegralError
 496 0534 FFF7FEFF 		bl	zeroPIDstates
 497 0538 40F20003 		movw	r3, #:lower16:armed
 498 053c C0F20003 		movt	r3, #:upper16:armed
 499 0540 4FF00102 		mov	r2, #1
 500 0544 1A70     		strb	r2, [r3, #0]
 501 0546 40F20003 		movw	r3, #:lower16:armingTimer
 502 054a C0F20003 		movt	r3, #:upper16:armingTimer
 503 054e 4FF00002 		mov	r2, #0
 504 0552 1A70     		strb	r2, [r3, #0]
 505 0554 06E0     		b	.L12
 506              	.L15:
 507 0556 40F20003 		movw	r3, #:lower16:armingTimer
 508 055a C0F20003 		movt	r3, #:upper16:armingTimer
 509 055e 4FF00002 		mov	r2, #0
 510 0562 1A70     		strb	r2, [r3, #0]
 511              	.L12:
 512 0564 40F20003 		movw	r3, #:lower16:armed
 513 0568 C0F20003 		movt	r3, #:upper16:armed
 514 056c 1B78     		ldrb	r3, [r3, #0]	@ zero_extendqisi2
 515 056e 012B     		cmp	r3, #1
 516 0570 1DD1     		bne	.L17
 517 0572 40F20003 		movw	r3, #:lower16:rxCommand
 518 0576 C0F20003 		movt	r3, #:upper16:rxCommand
 519 057a 93ED037A 		flds	s14, [r3, #12]
 520 057e 40F20003 		movw	r3, #:lower16:eepromConfig
 521 0582 C0F20003 		movt	r3, #:upper16:eepromConfig
 522 0586 D3ED257A 		flds	s15, [r3, #148]
 523 058a B4EEE77A 		fcmpes	s14, s15
 524 058e F1EE10FA 		fmstat
 525 0592 D4BF     		ite	le
 526 0594 0023     		movle	r3, #0
 527 0596 0123     		movgt	r3, #1
 528 0598 DBB2     		uxtb	r3, r3
 529 059a 002B     		cmp	r3, #0
 530 059c 07D0     		beq	.L17
 531 059e 40F20003 		movw	r3, #:lower16:holdIntegrators
 532 05a2 C0F20003 		movt	r3, #:upper16:holdIntegrators
 533 05a6 4FF00002 		mov	r2, #0
 534 05aa 1A70     		strb	r2, [r3, #0]
 535 05ac 06E0     		b	.L18
 536              	.L17:
 537 05ae 40F20003 		movw	r3, #:lower16:holdIntegrators
 538 05b2 C0F20003 		movt	r3, #:upper16:holdIntegrators
 539 05b6 4FF00102 		mov	r2, #1
 540 05ba 1A70     		strb	r2, [r3, #0]
 541              	.L18:
 542 05bc 40F20003 		movw	r3, #:lower16:rxCommand
 543 05c0 C0F20003 		movt	r3, #:upper16:rxCommand
 544 05c4 93ED047A 		flds	s14, [r3, #16]
 545 05c8 5FEDA87A 		flds	s15, .L25+12
 546 05cc B4EEE77A 		fcmpes	s14, s15
 547 05d0 F1EE10FA 		fmstat
 548 05d4 D4BF     		ite	le
 549 05d6 0023     		movle	r3, #0
 550 05d8 0123     		movgt	r3, #1
 551 05da DBB2     		uxtb	r3, r3
 552 05dc 002B     		cmp	r3, #0
 553 05de 2CD0     		beq	.L19
 554 05e0 40F20003 		movw	r3, #:lower16:flightMode
 555 05e4 C0F20003 		movt	r3, #:upper16:flightMode
 556 05e8 1B78     		ldrb	r3, [r3, #0]	@ zero_extendqisi2
 557 05ea 002B     		cmp	r3, #0
 558 05ec 25D1     		bne	.L19
 559 05ee 40F20003 		movw	r3, #:lower16:flightMode
 560 05f2 C0F20003 		movt	r3, #:upper16:flightMode
 561 05f6 4FF00102 		mov	r2, #1
 562 05fa 1A70     		strb	r2, [r3, #0]
 563 05fc 4FF00300 		mov	r0, #3
 564 0600 6D49     		ldr	r1, .L27+4	@ float
 565 0602 FFF7FEFF 		bl	setPIDintegralError
 566 0606 4FF00400 		mov	r0, #4
 567 060a 6B49     		ldr	r1, .L27+4	@ float
 568 060c FFF7FEFF 		bl	setPIDintegralError
 569 0610 4FF00500 		mov	r0, #5
 570 0614 6849     		ldr	r1, .L27+4	@ float
 571 0616 FFF7FEFF 		bl	setPIDintegralError
 572 061a 4FF00300 		mov	r0, #3
 573 061e 6649     		ldr	r1, .L27+4	@ float
 574 0620 FFF7FEFF 		bl	setPIDstates
 575 0624 4FF00400 		mov	r0, #4
 576 0628 6349     		ldr	r1, .L27+4	@ float
 577 062a FFF7FEFF 		bl	setPIDstates
 578 062e 4FF00500 		mov	r0, #5
 579 0632 6149     		ldr	r1, .L27+4	@ float
 580 0634 FFF7FEFF 		bl	setPIDstates
 581 0638 3DE0     		b	.L20
 582              	.L19:
 583 063a 40F20003 		movw	r3, #:lower16:rxCommand
 584 063e C0F20003 		movt	r3, #:upper16:rxCommand
 585 0642 93ED047A 		flds	s14, [r3, #16]
 586 0646 DFED5B7A 		flds	s15, .L27
 587 064a B4EEE77A 		fcmpes	s14, s15
 588 064e F1EE10FA 		fmstat
 589 0652 8CBF     		ite	hi
 590 0654 0023     		movhi	r3, #0
 591 0656 0123     		movls	r3, #1
 592 0658 DBB2     		uxtb	r3, r3
 593 065a 002B     		cmp	r3, #0
 594 065c 2BD0     		beq	.L20
 595 065e 40F20003 		movw	r3, #:lower16:flightMode
 596 0662 C0F20003 		movt	r3, #:upper16:flightMode
 597 0666 1B78     		ldrb	r3, [r3, #0]	@ zero_extendqisi2
 598 0668 012B     		cmp	r3, #1
 599 066a 24D1     		bne	.L20
 600 066c 40F20003 		movw	r3, #:lower16:flightMode
 601 0670 C0F20003 		movt	r3, #:upper16:flightMode
 602 0674 4FF00002 		mov	r2, #0
 603 0678 1A70     		strb	r2, [r3, #0]
 604 067a 4FF00000 		mov	r0, #0
 605 067e 4E49     		ldr	r1, .L27+4	@ float
 606 0680 FFF7FEFF 		bl	setPIDintegralError
 607 0684 4FF00100 		mov	r0, #1
 608 0688 4B49     		ldr	r1, .L27+4	@ float
 609 068a FFF7FEFF 		bl	setPIDintegralError
 610 068e 4FF00200 		mov	r0, #2
 611 0692 4949     		ldr	r1, .L27+4	@ float
 612 0694 FFF7FEFF 		bl	setPIDintegralError
 613 0698 4FF00000 		mov	r0, #0
 614 069c 4649     		ldr	r1, .L27+4	@ float
 615 069e FFF7FEFF 		bl	setPIDstates
 616 06a2 4FF00100 		mov	r0, #1
 617 06a6 4449     		ldr	r1, .L27+4	@ float
 618 06a8 FFF7FEFF 		bl	setPIDstates
 619 06ac 4FF00200 		mov	r0, #2
 620 06b0 4149     		ldr	r1, .L27+4	@ float
 621 06b2 FFF7FEFF 		bl	setPIDstates
 622              	.L20:
 623 06b6 40F20003 		movw	r3, #:lower16:commandInDetent
 624 06ba C0F20003 		movt	r3, #:upper16:commandInDetent
 625 06be 9B78     		ldrb	r3, [r3, #2]	@ zero_extendqisi2
 626 06c0 012B     		cmp	r3, #1
 627 06c2 0ED1     		bne	.L21
 628 06c4 40F20003 		movw	r3, #:lower16:flightMode
 629 06c8 C0F20003 		movt	r3, #:upper16:flightMode
 630 06cc 1B78     		ldrb	r3, [r3, #0]	@ zero_extendqisi2
 631 06ce 012B     		cmp	r3, #1
 632 06d0 07D1     		bne	.L21
 633 06d2 40F20003 		movw	r3, #:lower16:headingHoldEngaged
 634 06d6 C0F20003 		movt	r3, #:upper16:headingHoldEngaged
 635 06da 4FF00102 		mov	r2, #1
 636 06de 1A70     		strb	r2, [r3, #0]
 637 06e0 06E0     		b	.L22
 638              	.L21:
 639 06e2 40F20003 		movw	r3, #:lower16:headingHoldEngaged
 640 06e6 C0F20003 		movt	r3, #:upper16:headingHoldEngaged
 641 06ea 4FF00002 		mov	r2, #0
 642 06ee 1A70     		strb	r2, [r3, #0]
 643              	.L22:
 644 06f0 40F20003 		movw	r3, #:lower16:rxCommand
 645 06f4 C0F20003 		movt	r3, #:upper16:rxCommand
 646 06f8 93ED057A 		flds	s14, [r3, #20]
 647 06fc DFED2D7A 		flds	s15, .L27
 648 0700 B4EEE77A 		fcmpes	s14, s15
 649 0704 F1EE10FA 		fmstat
 650 0708 D4BF     		ite	le
 651 070a 0023     		movle	r3, #0
 652 070c 0123     		movgt	r3, #1
 653 070e DBB2     		uxtb	r3, r3
 654 0710 002B     		cmp	r3, #0
 655 0712 1AD0     		beq	.L23
 656 0714 40F20003 		movw	r3, #:lower16:previousAUX2State
 657 0718 C0F20003 		movt	r3, #:upper16:previousAUX2State
 658 071c 1A88     		ldrh	r2, [r3, #0]
 659 071e 40F6B833 		movw	r3, #3000
 660 0722 9A42     		cmp	r2, r3
 661 0724 11D8     		bhi	.L23
 662 0726 40F20003 		movw	r3, #:lower16:altitudeHoldState
 663 072a C0F20003 		movt	r3, #:upper16:altitudeHoldState
 664 072e 4FF00102 		mov	r2, #1
 665 0732 1A70     		strb	r2, [r3, #0]
 666 0734 40F20003 		movw	r3, #:lower16:rxCommand
 667 0738 C0F20003 		movt	r3, #:upper16:rxCommand
 668 073c DA68     		ldr	r2, [r3, #12]	@ float
 669 073e 40F20003 		movw	r3, #:lower16:altitudeHoldThrottleValue
 670 0742 C0F20003 		movt	r3, #:upper16:altitudeHoldThrottleValue
 671 0746 1A60     		str	r2, [r3, #0]	@ float
 672 0748 21E0     		b	.L24
 673              	.L23:
 674 074a 40F20003 		movw	r3, #:lower16:rxCommand
 675 074e C0F20003 		movt	r3, #:upper16:rxCommand
 676 0752 93ED057A 		flds	s14, [r3, #20]
 677 0756 DFED177A 		flds	s15, .L27
 678 075a B4EEE77A 		fcmpes	s14, s15
 679 075e F1EE10FA 		fmstat
 680 0762 8CBF     		ite	hi
 681 0764 0023     		movhi	r3, #0
 682 0766 0123     		movls	r3, #1
 683 0768 DBB2     		uxtb	r3, r3
 684 076a 002B     		cmp	r3, #0
 685 076c 0FD0     		beq	.L24
 686 076e 40F20003 		movw	r3, #:lower16:previousAUX2State
 687 0772 C0F20003 		movt	r3, #:upper16:previousAUX2State
 688 0776 1A88     		ldrh	r2, [r3, #0]
 689 0778 40F6B833 		movw	r3, #3000
 690 077c 9A42     		cmp	r2, r3
 691 077e 06D9     		bls	.L24
 692 0780 40F20003 		movw	r3, #:lower16:altitudeHoldState
 693 0784 C0F20003 		movt	r3, #:upper16:altitudeHoldState
 694 0788 4FF00002 		mov	r2, #0
 695 078c 1A70     		strb	r2, [r3, #0]
 696              	.L24:
 697 078e 40F20003 		movw	r3, #:lower16:rxCommand
 698 0792 C0F20003 		movt	r3, #:upper16:rxCommand
 699 0796 D3ED057A 		flds	s15, [r3, #20]
 700 079a FCEEE77A 		ftouizs	s15, s15
 701 079e 17EE903A 		fmrs	r3, s15	@ int
 702 07a2 9AB2     		uxth	r2, r3
 703 07a4 40F20003 		movw	r3, #:lower16:previousAUX2State
 704 07a8 C0F20003 		movt	r3, #:upper16:previousAUX2State
 705 07ac 1A80     		strh	r2, [r3, #0]	@ movhi
 706 07ae 02B0     		add	sp, sp, #8
 707 07b0 10BD     		pop	{r4, pc}
 708              	.L28:
 709 07b2 00BF     		.align	2
 710              	.L27:
 711 07b4 00803B45 		.word	1161527296
 712 07b8 00000000 		.word	0
 714              		.ident	"GCC: (Sourcery CodeBench Lite 2012.03-56) 4.6.3"
DEFINED SYMBOLS
                            *ABS*:00000000 flightCommand.c
                            *COM*:00000001 mtk19ProcessDataState
                            *COM*:00000001 nmeaProcessDataState
                            *COM*:00000001 ubloxProcessDataState
C:\Users\JOHNIH~1\AppData\Local\Temp\ccoi4uIw.s:24     .data:00000000 rxCommand
C:\Users\JOHNIH~1\AppData\Local\Temp\ccoi4uIw.s:21     .data:00000000 $d
C:\Users\JOHNIH~1\AppData\Local\Temp\ccoi4uIw.s:37     .data:00000020 commandInDetent
C:\Users\JOHNIH~1\AppData\Local\Temp\ccoi4uIw.s:45     .data:00000024 previousCommandInDetent
C:\Users\JOHNIH~1\AppData\Local\Temp\ccoi4uIw.s:53     .bss:00000000 flightMode
C:\Users\JOHNIH~1\AppData\Local\Temp\ccoi4uIw.s:54     .bss:00000000 $d
C:\Users\JOHNIH~1\AppData\Local\Temp\ccoi4uIw.s:58     .bss:00000001 headingHoldEngaged
C:\Users\JOHNIH~1\AppData\Local\Temp\ccoi4uIw.s:63     .bss:00000002 armed
C:\Users\JOHNIH~1\AppData\Local\Temp\ccoi4uIw.s:68     .bss:00000003 armingTimer
C:\Users\JOHNIH~1\AppData\Local\Temp\ccoi4uIw.s:73     .bss:00000004 altitudeHoldState
C:\Users\JOHNIH~1\AppData\Local\Temp\ccoi4uIw.s:80     .data:00000028 previousAUX2State
C:\Users\JOHNIH~1\AppData\Local\Temp\ccoi4uIw.s:87     .bss:00000008 altitudeHoldThrottleValue
C:\Users\JOHNIH~1\AppData\Local\Temp\ccoi4uIw.s:90     .text:00000000 $t
C:\Users\JOHNIH~1\AppData\Local\Temp\ccoi4uIw.s:95     .text:00000000 processFlightCommands
C:\Users\JOHNIH~1\AppData\Local\Temp\ccoi4uIw.s:331    .text:00000320 $d
C:\Users\JOHNIH~1\AppData\Local\Temp\ccoi4uIw.s:336    .text:00000330 $t
C:\Users\JOHNIH~1\AppData\Local\Temp\ccoi4uIw.s:711    .text:000007b4 $d

UNDEFINED SYMBOLS
rcActive
eepromConfig
rxRead
zeroPIDintegralError
zeroPIDstates
computeMPU6000RTData
pulseMotors
execUp
holdIntegrators
setPIDintegralError
setPIDstates
