   1              		.syntax unified
   2              		.cpu cortex-m4
   3              		.eabi_attribute 27, 3
   4              		.fpu fpv4-sp-d16
   5              		.eabi_attribute 20, 1
   6              		.eabi_attribute 21, 1
   7              		.eabi_attribute 23, 3
   8              		.eabi_attribute 24, 1
   9              		.eabi_attribute 25, 1
  10              		.eabi_attribute 26, 1
  11              		.eabi_attribute 30, 6
  12              		.eabi_attribute 34, 1
  13              		.eabi_attribute 18, 4
  14              		.thumb
  15              		.file	"main.c"
  16              		.global	eepromArray
  17              		.section	.eeprom,"aw",%progbits
  18              		.align	2
  21              	eepromArray:
  22 0000 00000000 		.space	16384
  22      00000000 
  22      00000000 
  22      00000000 
  22      00000000 
  23              		.comm	eepromConfig,848,4
  24              		.global	execUpCount
  25              		.bss
  28              	execUpCount:
  29 0000 00       		.space	1
  30              		.comm	sensors,64,4
  31              		.comm	timerValue,2,2
  32              		.comm	numberString,12,4
  33              		.section	.rodata
  34              		.align	2
  35              	.LC0:
  36 0000 2C00     		.ascii	",\000"
  37 0002 0000     		.align	2
  38              	.LC1:
  39 0004 0A00     		.ascii	"\012\000"
  40 0006 0000     		.align	2
  41              	.LC2:
  42 0008 2C2000   		.ascii	", \000"
  43 000b 00       		.text
  44              		.align	2
  45              		.global	main
  46              		.thumb
  47              		.thumb_func
  49              	main:
  50              		@ args = 0, pretend = 0, frame = 8
  51              		@ frame_needed = 0, uses_anonymous_args = 0
  52 0000 2DE9F043 		push	{r4, r5, r6, r7, r8, r9, lr}
  53 0004 8BB0     		sub	sp, sp, #44
  54 0006 FFF7FEFF 		bl	systemInit
  55 000a 40F20003 		movw	r3, #:lower16:systemReady
  56 000e C0F20003 		movt	r3, #:upper16:systemReady
  57 0012 4FF00102 		mov	r2, #1
  58 0016 1A70     		strb	r2, [r3, #0]
  59 0018 00E0     		b	.L24
  60              	.L25:
  61 001a 00BF     		nop
  62              	.L24:
  63 001c 40F20003 		movw	r3, #:lower16:frame_50Hz
  64 0020 C0F20003 		movt	r3, #:upper16:frame_50Hz
  65 0024 1B78     		ldrb	r3, [r3, #0]	@ zero_extendqisi2
  66 0026 002B     		cmp	r3, #0
  67 0028 00F08C80 		beq	.L2
  68 002c 40F20003 		movw	r3, #:lower16:frame_50Hz
  69 0030 C0F20003 		movt	r3, #:upper16:frame_50Hz
  70 0034 4FF00002 		mov	r2, #0
  71 0038 1A70     		strb	r2, [r3, #0]
  72 003a FFF7FEFF 		bl	micros
  73 003e 0990     		str	r0, [sp, #36]
  74 0040 40F20003 		movw	r3, #:lower16:previous50HzTime
  75 0044 C0F20003 		movt	r3, #:upper16:previous50HzTime
  76 0048 1B68     		ldr	r3, [r3, #0]
  77 004a 099A     		ldr	r2, [sp, #36]
  78 004c D21A     		subs	r2, r2, r3
  79 004e 40F20003 		movw	r3, #:lower16:deltaTime50Hz
  80 0052 C0F20003 		movt	r3, #:upper16:deltaTime50Hz
  81 0056 1A60     		str	r2, [r3, #0]
  82 0058 40F20003 		movw	r3, #:lower16:previous50HzTime
  83 005c C0F20003 		movt	r3, #:upper16:previous50HzTime
  84 0060 099A     		ldr	r2, [sp, #36]
  85 0062 1A60     		str	r2, [r3, #0]
  86 0064 FFF7FEFF 		bl	processFlightCommands
  87 0068 40F20003 		movw	r3, #:lower16:eepromConfig
  88 006c C0F20003 		movt	r3, #:upper16:eepromConfig
  89 0070 93F84833 		ldrb	r3, [r3, #840]	@ zero_extendqisi2
  90 0074 002B     		cmp	r3, #0
  91 0076 5BD0     		beq	.L3
  92 0078 40F20003 		movw	r3, #:lower16:eepromConfig
  93 007c C0F20003 		movt	r3, #:upper16:eepromConfig
  94 0080 93F84B33 		ldrb	r3, [r3, #843]	@ zero_extendqisi2
  95 0084 002B     		cmp	r3, #0
  96 0086 0BD0     		beq	.L4
  97 0088 40F20003 		movw	r3, #:lower16:sensors
  98 008c C0F20003 		movt	r3, #:upper16:sensors
  99 0090 DB6B     		ldr	r3, [r3, #60]	@ float
 100 0092 1846     		mov	r0, r3	@ float
 101 0094 DFF89416 		ldr	r1, .L26+8	@ float
 102 0098 4FF00002 		mov	r2, #0
 103 009c FFF7FEFF 		bl	displayAltitude
 104              	.L4:
 105 00a0 40F20003 		movw	r3, #:lower16:eepromConfig
 106 00a4 C0F20003 		movt	r3, #:upper16:eepromConfig
 107 00a8 93F84C33 		ldrb	r3, [r3, #844]	@ zero_extendqisi2
 108 00ac 002B     		cmp	r3, #0
 109 00ae 13D0     		beq	.L5
 110 00b0 40F20003 		movw	r3, #:lower16:sensors
 111 00b4 C0F20003 		movt	r3, #:upper16:sensors
 112 00b8 9969     		ldr	r1, [r3, #24]	@ float
 113 00ba 40F20003 		movw	r3, #:lower16:sensors
 114 00be C0F20003 		movt	r3, #:upper16:sensors
 115 00c2 DA69     		ldr	r2, [r3, #28]	@ float
 116 00c4 40F20003 		movw	r3, #:lower16:flightMode
 117 00c8 C0F20003 		movt	r3, #:upper16:flightMode
 118 00cc 1B78     		ldrb	r3, [r3, #0]	@ zero_extendqisi2
 119 00ce 0846     		mov	r0, r1	@ float
 120 00d0 1146     		mov	r1, r2	@ float
 121 00d2 1A46     		mov	r2, r3
 122 00d4 FFF7FEFF 		bl	displayArtificialHorizon
 123              	.L5:
 124 00d8 40F20003 		movw	r3, #:lower16:eepromConfig
 125 00dc C0F20003 		movt	r3, #:upper16:eepromConfig
 126 00e0 93F84D33 		ldrb	r3, [r3, #845]	@ zero_extendqisi2
 127 00e4 002B     		cmp	r3, #0
 128 00e6 13D0     		beq	.L6
 129 00e8 40F20003 		movw	r3, #:lower16:sensors
 130 00ec C0F20003 		movt	r3, #:upper16:sensors
 131 00f0 9969     		ldr	r1, [r3, #24]	@ float
 132 00f2 40F20003 		movw	r3, #:lower16:sensors
 133 00f6 C0F20003 		movt	r3, #:upper16:sensors
 134 00fa DA69     		ldr	r2, [r3, #28]	@ float
 135 00fc 40F20003 		movw	r3, #:lower16:flightMode
 136 0100 C0F20003 		movt	r3, #:upper16:flightMode
 137 0104 1B78     		ldrb	r3, [r3, #0]	@ zero_extendqisi2
 138 0106 0846     		mov	r0, r1	@ float
 139 0108 1146     		mov	r1, r2	@ float
 140 010a 1A46     		mov	r2, r3
 141 010c FFF7FEFF 		bl	displayAttitude
 142              	.L6:
 143 0110 40F20003 		movw	r3, #:lower16:eepromConfig
 144 0114 C0F20003 		movt	r3, #:upper16:eepromConfig
 145 0118 93F84E33 		ldrb	r3, [r3, #846]	@ zero_extendqisi2
 146 011c 002B     		cmp	r3, #0
 147 011e 07D0     		beq	.L3
 148 0120 40F20003 		movw	r3, #:lower16:sensors
 149 0124 C0F20003 		movt	r3, #:upper16:sensors
 150 0128 1B6A     		ldr	r3, [r3, #32]	@ float
 151 012a 1846     		mov	r0, r3	@ float
 152 012c FFF7FEFF 		bl	displayHeading
 153              	.L3:
 154 0130 FFF7FEFF 		bl	micros
 155 0134 0246     		mov	r2, r0
 156 0136 099B     		ldr	r3, [sp, #36]
 157 0138 D21A     		subs	r2, r2, r3
 158 013a 40F20003 		movw	r3, #:lower16:executionTime50Hz
 159 013e C0F20003 		movt	r3, #:upper16:executionTime50Hz
 160 0142 1A60     		str	r2, [r3, #0]
 161              	.L2:
 162 0144 40F20003 		movw	r3, #:lower16:frame_10Hz
 163 0148 C0F20003 		movt	r3, #:upper16:frame_10Hz
 164 014c 1B78     		ldrb	r3, [r3, #0]	@ zero_extendqisi2
 165 014e 002B     		cmp	r3, #0
 166 0150 00F0C580 		beq	.L7
 167 0154 40F20003 		movw	r3, #:lower16:frame_10Hz
 168 0158 C0F20003 		movt	r3, #:upper16:frame_10Hz
 169 015c 4FF00002 		mov	r2, #0
 170 0160 1A70     		strb	r2, [r3, #0]
 171 0162 FFF7FEFF 		bl	micros
 172 0166 0990     		str	r0, [sp, #36]
 173 0168 40F20003 		movw	r3, #:lower16:previous10HzTime
 174 016c C0F20003 		movt	r3, #:upper16:previous10HzTime
 175 0170 1B68     		ldr	r3, [r3, #0]
 176 0172 099A     		ldr	r2, [sp, #36]
 177 0174 D21A     		subs	r2, r2, r3
 178 0176 40F20003 		movw	r3, #:lower16:deltaTime10Hz
 179 017a C0F20003 		movt	r3, #:upper16:deltaTime10Hz
 180 017e 1A60     		str	r2, [r3, #0]
 181 0180 40F20003 		movw	r3, #:lower16:previous10HzTime
 182 0184 C0F20003 		movt	r3, #:upper16:previous10HzTime
 183 0188 099A     		ldr	r2, [sp, #36]
 184 018a 1A60     		str	r2, [r3, #0]
 185 018c 40F20003 		movw	r3, #:lower16:newMagData
 186 0190 C0F20003 		movt	r3, #:upper16:newMagData
 187 0194 1B78     		ldrb	r3, [r3, #0]	@ zero_extendqisi2
 188 0196 012B     		cmp	r3, #1
 189 0198 6FD1     		bne	.L8
 190 019a 40F20003 		movw	r3, #:lower16:rawMag
 191 019e C0F20003 		movt	r3, #:upper16:rawMag
 192 01a2 1B88     		ldrh	r3, [r3, #0]
 193 01a4 1BB2     		sxth	r3, r3
 194 01a6 07EE903A 		fmsr	s15, r3	@ int
 195 01aa B8EEE77A 		fsitos	s14, s15
 196 01ae 40F20003 		movw	r3, #:lower16:magScaleFactor
 197 01b2 C0F20003 		movt	r3, #:upper16:magScaleFactor
 198 01b6 D3ED007A 		flds	s15, [r3, #0]
 199 01ba 67EE277A 		fmuls	s15, s14, s15
 200 01be 40F20003 		movw	r3, #:lower16:eepromConfig
 201 01c2 C0F20003 		movt	r3, #:upper16:eepromConfig
 202 01c6 93ED0D7A 		flds	s14, [r3, #52]
 203 01ca 77EEC77A 		fsubs	s15, s15, s14
 204 01ce 40F20003 		movw	r3, #:lower16:sensors
 205 01d2 C0F20003 		movt	r3, #:upper16:sensors
 206 01d6 C3ED0C7A 		fsts	s15, [r3, #48]
 207 01da 40F20003 		movw	r3, #:lower16:rawMag
 208 01de C0F20003 		movt	r3, #:upper16:rawMag
 209 01e2 5B88     		ldrh	r3, [r3, #2]
 210 01e4 1BB2     		sxth	r3, r3
 211 01e6 07EE903A 		fmsr	s15, r3	@ int
 212 01ea B8EEE77A 		fsitos	s14, s15
 213 01ee 40F20003 		movw	r3, #:lower16:magScaleFactor
 214 01f2 C0F20003 		movt	r3, #:upper16:magScaleFactor
 215 01f6 D3ED017A 		flds	s15, [r3, #4]
 216 01fa 67EE277A 		fmuls	s15, s14, s15
 217 01fe 40F20003 		movw	r3, #:lower16:eepromConfig
 218 0202 C0F20003 		movt	r3, #:upper16:eepromConfig
 219 0206 93ED0E7A 		flds	s14, [r3, #56]
 220 020a 77EEC77A 		fsubs	s15, s15, s14
 221 020e 40F20003 		movw	r3, #:lower16:sensors
 222 0212 C0F20003 		movt	r3, #:upper16:sensors
 223 0216 C3ED0D7A 		fsts	s15, [r3, #52]
 224 021a 40F20003 		movw	r3, #:lower16:rawMag
 225 021e C0F20003 		movt	r3, #:upper16:rawMag
 226 0222 9B88     		ldrh	r3, [r3, #4]
 227 0224 1BB2     		sxth	r3, r3
 228 0226 07EE903A 		fmsr	s15, r3	@ int
 229 022a B8EEE77A 		fsitos	s14, s15
 230 022e 40F20003 		movw	r3, #:lower16:magScaleFactor
 231 0232 C0F20003 		movt	r3, #:upper16:magScaleFactor
 232 0236 D3ED027A 		flds	s15, [r3, #8]
 233 023a 67EE277A 		fmuls	s15, s14, s15
 234 023e 40F20003 		movw	r3, #:lower16:eepromConfig
 235 0242 C0F20003 		movt	r3, #:upper16:eepromConfig
 236 0246 93ED0F7A 		flds	s14, [r3, #60]
 237 024a 77EEC77A 		fsubs	s15, s15, s14
 238 024e F1EE677A 		fnegs	s15, s15
 239 0252 40F20003 		movw	r3, #:lower16:sensors
 240 0256 C0F20003 		movt	r3, #:upper16:sensors
 241 025a C3ED0E7A 		fsts	s15, [r3, #56]
 242 025e 40F20003 		movw	r3, #:lower16:newMagData
 243 0262 C0F20003 		movt	r3, #:upper16:newMagData
 244 0266 4FF00002 		mov	r2, #0
 245 026a 1A70     		strb	r2, [r3, #0]
 246 026c 40F20003 		movw	r3, #:lower16:magDataUpdate
 247 0270 C0F20003 		movt	r3, #:upper16:magDataUpdate
 248 0274 4FF00102 		mov	r2, #1
 249 0278 1A70     		strb	r2, [r3, #0]
 250              	.L8:
 251 027a 40F20003 		movw	r3, #:lower16:d1Sum
 252 027e C0F20003 		movt	r3, #:upper16:d1Sum
 253 0282 1A68     		ldr	r2, [r3, #0]
 254 0284 4CF6CD43 		movw	r3, #52429
 255 0288 CCF6CC43 		movt	r3, 52428
 256 028c A3FB0213 		umull	r1, r3, r3, r2
 257 0290 4FEAD302 		lsr	r2, r3, #3
 258 0294 40F20003 		movw	r3, #:lower16:d1Average
 259 0298 C0F20003 		movt	r3, #:upper16:d1Average
 260 029c 1A60     		str	r2, [r3, #0]
 261 029e 40F20003 		movw	r3, #:lower16:d1Sum
 262 02a2 C0F20003 		movt	r3, #:upper16:d1Sum
 263 02a6 4FF00002 		mov	r2, #0
 264 02aa 1A60     		str	r2, [r3, #0]
 265 02ac FFF7FEFF 		bl	calculateTemperature
 266 02b0 FFF7FEFF 		bl	calculatePressureAltitude
 267 02b4 40F20003 		movw	r3, #:lower16:pressureAltValid
 268 02b8 C0F20003 		movt	r3, #:upper16:pressureAltValid
 269 02bc 4FF00102 		mov	r2, #1
 270 02c0 1A70     		strb	r2, [r3, #0]
 271 02c2 FFF7FEFF 		bl	cliCom
 272 02c6 FFF7FEFF 		bl	rfCom
 273 02ca FFF7FEFF 		bl	micros
 274 02ce 0246     		mov	r2, r0
 275 02d0 099B     		ldr	r3, [sp, #36]
 276 02d2 D21A     		subs	r2, r2, r3
 277 02d4 40F20003 		movw	r3, #:lower16:executionTime10Hz
 278 02d8 C0F20003 		movt	r3, #:upper16:executionTime10Hz
 279 02dc 1A60     		str	r2, [r3, #0]
 280              	.L7:
 281 02de 40F20003 		movw	r3, #:lower16:frame_500Hz
 282 02e2 C0F20003 		movt	r3, #:upper16:frame_500Hz
 283 02e6 1B78     		ldrb	r3, [r3, #0]	@ zero_extendqisi2
 284 02e8 002B     		cmp	r3, #0
 285 02ea 00F09E81 		beq	.L9
 286 02ee 40F20003 		movw	r3, #:lower16:frame_500Hz
 287 02f2 C0F20003 		movt	r3, #:upper16:frame_500Hz
 288 02f6 4FF00002 		mov	r2, #0
 289 02fa 1A70     		strb	r2, [r3, #0]
 290 02fc FFF7FEFF 		bl	micros
 291 0300 0990     		str	r0, [sp, #36]
 292 0302 40F20003 		movw	r3, #:lower16:previous500HzTime
 293 0306 C0F20003 		movt	r3, #:upper16:previous500HzTime
 294 030a 1B68     		ldr	r3, [r3, #0]
 295 030c 099A     		ldr	r2, [sp, #36]
 296 030e D21A     		subs	r2, r2, r3
 297 0310 40F20003 		movw	r3, #:lower16:deltaTime500Hz
 298 0314 C0F20003 		movt	r3, #:upper16:deltaTime500Hz
 299 0318 1A60     		str	r2, [r3, #0]
 300 031a 40F20003 		movw	r3, #:lower16:previous500HzTime
 301 031e C0F20003 		movt	r3, #:upper16:previous500HzTime
 302 0322 099A     		ldr	r2, [sp, #36]
 303 0324 1A60     		str	r2, [r3, #0]
 304 0326 4FF48840 		mov	r0, #17408
 305 032a C4F20100 		movt	r0, 16385
 306 032e 4FF00001 		mov	r1, #0
 307 0332 FFF7FEFF 		bl	TIM_Cmd
 308 0336 4FF48840 		mov	r0, #17408
 309 033a C4F20100 		movt	r0, 16385
 310 033e FFF7FEFF 		bl	TIM_GetCounter
 311 0342 0346     		mov	r3, r0
 312 0344 9AB2     		uxth	r2, r3
 313 0346 40F20003 		movw	r3, #:lower16:timerValue
 314 034a C0F20003 		movt	r3, #:upper16:timerValue
 315 034e 1A80     		strh	r2, [r3, #0]	@ movhi
 316 0350 4FF48840 		mov	r0, #17408
 317 0354 C4F20100 		movt	r0, 16385
 318 0358 4FF00001 		mov	r1, #0
 319 035c FFF7FEFF 		bl	TIM_SetCounter
 320 0360 4FF48840 		mov	r0, #17408
 321 0364 C4F20100 		movt	r0, 16385
 322 0368 4FF00101 		mov	r1, #1
 323 036c FFF7FEFF 		bl	TIM_Cmd
 324 0370 40F20003 		movw	r3, #:lower16:timerValue
 325 0374 C0F20003 		movt	r3, #:upper16:timerValue
 326 0378 1B88     		ldrh	r3, [r3, #0]
 327 037a 07EE903A 		fmsr	s15, r3	@ int
 328 037e B8EE677A 		fuitos	s14, s15
 329 0382 DFEDE87A 		flds	s15, .L26
 330 0386 67EE277A 		fmuls	s15, s14, s15
 331 038a 40F20003 		movw	r3, #:lower16:dt500Hz
 332 038e C0F20003 		movt	r3, #:upper16:dt500Hz
 333 0392 C3ED007A 		fsts	s15, [r3, #0]
 334 0396 FFF7FEFF 		bl	computeMPU6000TCBias
 335 039a 40F20003 		movw	r3, #:lower16:accelSummedSamples500Hz
 336 039e C0F20003 		movt	r3, #:upper16:accelSummedSamples500Hz
 337 03a2 1B68     		ldr	r3, [r3, #0]
 338 03a4 07EE903A 		fmsr	s15, r3	@ int
 339 03a8 B8EEE77A 		fsitos	s14, s15
 340 03ac F0EE007A 		fconsts	s15, #0
 341 03b0 C7EE277A 		fdivs	s15, s14, s15
 342 03b4 40F20003 		movw	r3, #:lower16:accelTCBias
 343 03b8 C0F20003 		movt	r3, #:upper16:accelTCBias
 344 03bc 93ED007A 		flds	s14, [r3, #0]
 345 03c0 37EEC77A 		fsubs	s14, s15, s14
 346 03c4 DFEDDA7A 		flds	s15, .L26+12
 347 03c8 67EE277A 		fmuls	s15, s14, s15
 348 03cc 40F20003 		movw	r3, #:lower16:sensors
 349 03d0 C0F20003 		movt	r3, #:upper16:sensors
 350 03d4 C3ED007A 		fsts	s15, [r3, #0]
 351 03d8 40F20003 		movw	r3, #:lower16:accelSummedSamples500Hz
 352 03dc C0F20003 		movt	r3, #:upper16:accelSummedSamples500Hz
 353 03e0 5B68     		ldr	r3, [r3, #4]
 354 03e2 07EE903A 		fmsr	s15, r3	@ int
 355 03e6 B8EEE77A 		fsitos	s14, s15
 356 03ea F0EE007A 		fconsts	s15, #0
 357 03ee C7EE277A 		fdivs	s15, s14, s15
 358 03f2 40F20003 		movw	r3, #:lower16:accelTCBias
 359 03f6 C0F20003 		movt	r3, #:upper16:accelTCBias
 360 03fa 93ED017A 		flds	s14, [r3, #4]
 361 03fe 77EEC77A 		fsubs	s15, s15, s14
 362 0402 B1EE677A 		fnegs	s14, s15
 363 0406 DFEDCA7A 		flds	s15, .L26+12
 364 040a 67EE277A 		fmuls	s15, s14, s15
 365 040e 40F20003 		movw	r3, #:lower16:sensors
 366 0412 C0F20003 		movt	r3, #:upper16:sensors
 367 0416 C3ED017A 		fsts	s15, [r3, #4]
 368 041a 40F20003 		movw	r3, #:lower16:accelSummedSamples500Hz
 369 041e C0F20003 		movt	r3, #:upper16:accelSummedSamples500Hz
 370 0422 9B68     		ldr	r3, [r3, #8]
 371 0424 07EE903A 		fmsr	s15, r3	@ int
 372 0428 B8EEE77A 		fsitos	s14, s15
 373 042c F0EE007A 		fconsts	s15, #0
 374 0430 C7EE277A 		fdivs	s15, s14, s15
 375 0434 40F20003 		movw	r3, #:lower16:accelTCBias
 376 0438 C0F20003 		movt	r3, #:upper16:accelTCBias
 377 043c 93ED027A 		flds	s14, [r3, #8]
 378 0440 77EEC77A 		fsubs	s15, s15, s14
 379 0444 B1EE677A 		fnegs	s14, s15
 380 0448 DFEDB97A 		flds	s15, .L26+12
 381 044c 67EE277A 		fmuls	s15, s14, s15
 382 0450 40F20003 		movw	r3, #:lower16:sensors
 383 0454 C0F20003 		movt	r3, #:upper16:sensors
 384 0458 C3ED027A 		fsts	s15, [r3, #8]
 385 045c 40F20003 		movw	r3, #:lower16:gyroSummedSamples500Hz
 386 0460 C0F20003 		movt	r3, #:upper16:gyroSummedSamples500Hz
 387 0464 1B68     		ldr	r3, [r3, #0]
 388 0466 07EE903A 		fmsr	s15, r3	@ int
 389 046a B8EEE77A 		fsitos	s14, s15
 390 046e F0EE007A 		fconsts	s15, #0
 391 0472 C7EE277A 		fdivs	s15, s14, s15
 392 0476 40F20003 		movw	r3, #:lower16:gyroRTBias
 393 047a C0F20003 		movt	r3, #:upper16:gyroRTBias
 394 047e 93ED007A 		flds	s14, [r3, #0]
 395 0482 37EEC77A 		fsubs	s14, s15, s14
 396 0486 40F20003 		movw	r3, #:lower16:gyroTCBias
 397 048a C0F20003 		movt	r3, #:upper16:gyroTCBias
 398 048e D3ED007A 		flds	s15, [r3, #0]
 399 0492 37EE677A 		fsubs	s14, s14, s15
 400 0496 DFEDA47A 		flds	s15, .L26+4
 401 049a 67EE277A 		fmuls	s15, s14, s15
 402 049e 40F20003 		movw	r3, #:lower16:sensors
 403 04a2 C0F20003 		movt	r3, #:upper16:sensors
 404 04a6 C3ED097A 		fsts	s15, [r3, #36]
 405 04aa 40F20003 		movw	r3, #:lower16:gyroSummedSamples500Hz
 406 04ae C0F20003 		movt	r3, #:upper16:gyroSummedSamples500Hz
 407 04b2 5B68     		ldr	r3, [r3, #4]
 408 04b4 07EE903A 		fmsr	s15, r3	@ int
 409 04b8 B8EEE77A 		fsitos	s14, s15
 410 04bc F0EE007A 		fconsts	s15, #0
 411 04c0 C7EE277A 		fdivs	s15, s14, s15
 412 04c4 40F20003 		movw	r3, #:lower16:gyroRTBias
 413 04c8 C0F20003 		movt	r3, #:upper16:gyroRTBias
 414 04cc 93ED017A 		flds	s14, [r3, #4]
 415 04d0 37EEC77A 		fsubs	s14, s15, s14
 416 04d4 40F20003 		movw	r3, #:lower16:gyroTCBias
 417 04d8 C0F20003 		movt	r3, #:upper16:gyroTCBias
 418 04dc D3ED017A 		flds	s15, [r3, #4]
 419 04e0 77EE677A 		fsubs	s15, s14, s15
 420 04e4 B1EE677A 		fnegs	s14, s15
 421 04e8 DFED8F7A 		flds	s15, .L26+4
 422 04ec 67EE277A 		fmuls	s15, s14, s15
 423 04f0 40F20003 		movw	r3, #:lower16:sensors
 424 04f4 C0F20003 		movt	r3, #:upper16:sensors
 425 04f8 C3ED0A7A 		fsts	s15, [r3, #40]
 426 04fc 40F20003 		movw	r3, #:lower16:gyroSummedSamples500Hz
 427 0500 C0F20003 		movt	r3, #:upper16:gyroSummedSamples500Hz
 428 0504 9B68     		ldr	r3, [r3, #8]
 429 0506 07EE903A 		fmsr	s15, r3	@ int
 430 050a B8EEE77A 		fsitos	s14, s15
 431 050e F0EE007A 		fconsts	s15, #0
 432 0512 C7EE277A 		fdivs	s15, s14, s15
 433 0516 40F20003 		movw	r3, #:lower16:gyroRTBias
 434 051a C0F20003 		movt	r3, #:upper16:gyroRTBias
 435 051e 93ED027A 		flds	s14, [r3, #8]
 436 0522 37EEC77A 		fsubs	s14, s15, s14
 437 0526 40F20003 		movw	r3, #:lower16:gyroTCBias
 438 052a C0F20003 		movt	r3, #:upper16:gyroTCBias
 439 052e D3ED027A 		flds	s15, [r3, #8]
 440 0532 77EE677A 		fsubs	s15, s14, s15
 441 0536 B1EE677A 		fnegs	s14, s15
 442 053a DFED7B7A 		flds	s15, .L26+4
 443 053e 67EE277A 		fmuls	s15, s14, s15
 444 0542 40F20003 		movw	r3, #:lower16:sensors
 445 0546 C0F20003 		movt	r3, #:upper16:sensors
 446 054a C3ED0B7A 		fsts	s15, [r3, #44]
 447 054e 40F20003 		movw	r3, #:lower16:sensors
 448 0552 C0F20003 		movt	r3, #:upper16:sensors
 449 0556 586A     		ldr	r0, [r3, #36]	@ float
 450 0558 40F20003 		movw	r3, #:lower16:sensors
 451 055c C0F20003 		movt	r3, #:upper16:sensors
 452 0560 996A     		ldr	r1, [r3, #40]	@ float
 453 0562 40F20003 		movw	r3, #:lower16:sensors
 454 0566 C0F20003 		movt	r3, #:upper16:sensors
 455 056a DA6A     		ldr	r2, [r3, #44]	@ float
 456 056c 40F20003 		movw	r3, #:lower16:sensors
 457 0570 C0F20003 		movt	r3, #:upper16:sensors
 458 0574 1C68     		ldr	r4, [r3, #0]	@ float
 459 0576 40F20003 		movw	r3, #:lower16:sensors
 460 057a C0F20003 		movt	r3, #:upper16:sensors
 461 057e D3F80490 		ldr	r9, [r3, #4]	@ float
 462 0582 40F20003 		movw	r3, #:lower16:sensors
 463 0586 C0F20003 		movt	r3, #:upper16:sensors
 464 058a D3F80880 		ldr	r8, [r3, #8]	@ float
 465 058e 40F20003 		movw	r3, #:lower16:sensors
 466 0592 C0F20003 		movt	r3, #:upper16:sensors
 467 0596 D3F830C0 		ldr	ip, [r3, #48]	@ float
 468 059a 40F20003 		movw	r3, #:lower16:sensors
 469 059e C0F20003 		movt	r3, #:upper16:sensors
 470 05a2 D3F834E0 		ldr	lr, [r3, #52]	@ float
 471 05a6 40F20003 		movw	r3, #:lower16:sensors
 472 05aa C0F20003 		movt	r3, #:upper16:sensors
 473 05ae 9F6B     		ldr	r7, [r3, #56]	@ float
 474 05b0 40F20003 		movw	r3, #:lower16:eepromConfig
 475 05b4 C0F20003 		movt	r3, #:upper16:eepromConfig
 476 05b8 1E6C     		ldr	r6, [r3, #64]	@ float
 477 05ba 40F20003 		movw	r3, #:lower16:magDataUpdate
 478 05be C0F20003 		movt	r3, #:upper16:magDataUpdate
 479 05c2 1D78     		ldrb	r5, [r3, #0]	@ zero_extendqisi2
 480 05c4 40F20003 		movw	r3, #:lower16:dt500Hz
 481 05c8 C0F20003 		movt	r3, #:upper16:dt500Hz
 482 05cc 1B68     		ldr	r3, [r3, #0]	@ float
 483 05ce CDF80090 		str	r9, [sp, #0]	@ float
 484 05d2 CDF80480 		str	r8, [sp, #4]	@ float
 485 05d6 CDF808C0 		str	ip, [sp, #8]	@ float
 486 05da CDF80CE0 		str	lr, [sp, #12]	@ float
 487 05de 0497     		str	r7, [sp, #16]	@ float
 488 05e0 0596     		str	r6, [sp, #20]	@ float
 489 05e2 0695     		str	r5, [sp, #24]
 490 05e4 0793     		str	r3, [sp, #28]	@ float
 491 05e6 2346     		mov	r3, r4	@ float
 492 05e8 FFF7FEFF 		bl	MargAHRSupdate
 493 05ec 40F20003 		movw	r3, #:lower16:magDataUpdate
 494 05f0 C0F20003 		movt	r3, #:upper16:magDataUpdate
 495 05f4 4FF00002 		mov	r2, #0
 496 05f8 1A70     		strb	r2, [r3, #0]
 497 05fa 40F20003 		movw	r3, #:lower16:dt500Hz
 498 05fe C0F20003 		movt	r3, #:upper16:dt500Hz
 499 0602 1B68     		ldr	r3, [r3, #0]	@ float
 500 0604 1846     		mov	r0, r3	@ float
 501 0606 FFF7FEFF 		bl	computeAxisCommands
 502 060a FFF7FEFF 		bl	mixTable
 503 060e FFF7FEFF 		bl	writeServos
 504 0612 FFF7FEFF 		bl	writeMotors
 505 0616 FFF7FEFF 		bl	micros
 506 061a 0246     		mov	r2, r0
 507 061c 099B     		ldr	r3, [sp, #36]
 508 061e D21A     		subs	r2, r2, r3
 509 0620 40F20003 		movw	r3, #:lower16:executionTime500Hz
 510 0624 C0F20003 		movt	r3, #:upper16:executionTime500Hz
 511 0628 1A60     		str	r2, [r3, #0]
 512              	.L9:
 513 062a 40F20003 		movw	r3, #:lower16:frame_100Hz
 514 062e C0F20003 		movt	r3, #:upper16:frame_100Hz
 515 0632 1B78     		ldrb	r3, [r3, #0]	@ zero_extendqisi2
 516 0634 002B     		cmp	r3, #0
 517 0636 00F0EC82 		beq	.L10
 518 063a 40F20003 		movw	r3, #:lower16:frame_100Hz
 519 063e C0F20003 		movt	r3, #:upper16:frame_100Hz
 520 0642 4FF00002 		mov	r2, #0
 521 0646 1A70     		strb	r2, [r3, #0]
 522 0648 FFF7FEFF 		bl	micros
 523 064c 0990     		str	r0, [sp, #36]
 524 064e 40F20003 		movw	r3, #:lower16:previous100HzTime
 525 0652 C0F20003 		movt	r3, #:upper16:previous100HzTime
 526 0656 1B68     		ldr	r3, [r3, #0]
 527 0658 099A     		ldr	r2, [sp, #36]
 528 065a D21A     		subs	r2, r2, r3
 529 065c 40F20003 		movw	r3, #:lower16:deltaTime100Hz
 530 0660 C0F20003 		movt	r3, #:upper16:deltaTime100Hz
 531 0664 1A60     		str	r2, [r3, #0]
 532 0666 40F20003 		movw	r3, #:lower16:previous100HzTime
 533 066a C0F20003 		movt	r3, #:upper16:previous100HzTime
 534 066e 099A     		ldr	r2, [sp, #36]
 535 0670 1A60     		str	r2, [r3, #0]
 536 0672 4FF49040 		mov	r0, #18432
 537 0676 C4F20100 		movt	r0, 16385
 538 067a 4FF00001 		mov	r1, #0
 539 067e FFF7FEFF 		bl	TIM_Cmd
 540 0682 4FF49040 		mov	r0, #18432
 541 0686 C4F20100 		movt	r0, 16385
 542 068a FFF7FEFF 		bl	TIM_GetCounter
 543 068e 0346     		mov	r3, r0
 544 0690 9AB2     		uxth	r2, r3
 545 0692 40F20003 		movw	r3, #:lower16:timerValue
 546 0696 C0F20003 		movt	r3, #:upper16:timerValue
 547 069a 1A80     		strh	r2, [r3, #0]	@ movhi
 548 069c 4FF49040 		mov	r0, #18432
 549 06a0 C4F20100 		movt	r0, 16385
 550 06a4 4FF00001 		mov	r1, #0
 551 06a8 FFF7FEFF 		bl	TIM_SetCounter
 552 06ac 4FF49040 		mov	r0, #18432
 553 06b0 C4F20100 		movt	r0, 16385
 554 06b4 4FF00101 		mov	r1, #1
 555 06b8 FFF7FEFF 		bl	TIM_Cmd
 556 06bc 40F20003 		movw	r3, #:lower16:timerValue
 557 06c0 C0F20003 		movt	r3, #:upper16:timerValue
 558 06c4 1B88     		ldrh	r3, [r3, #0]
 559 06c6 07EE903A 		fmsr	s15, r3	@ int
 560 06ca B8EE677A 		fuitos	s14, s15
 561 06ce DFED157A 		flds	s15, .L26
 562 06d2 67EE277A 		fmuls	s15, s14, s15
 563 06d6 40F20003 		movw	r3, #:lower16:dt100Hz
 564 06da C0F20003 		movt	r3, #:upper16:dt100Hz
 565 06de C3ED007A 		fsts	s15, [r3, #0]
 566 06e2 40F20003 		movw	r3, #:lower16:accelSummedSamples100Hz
 567 06e6 C0F20003 		movt	r3, #:upper16:accelSummedSamples100Hz
 568 06ea 1B68     		ldr	r3, [r3, #0]
 569 06ec 07EE903A 		fmsr	s15, r3	@ int
 570 06f0 B8EEE77A 		fsitos	s14, s15
 571 06f4 F2EE047A 		fconsts	s15, #36
 572 06f8 C7EE277A 		fdivs	s15, s14, s15
 573 06fc 40F20003 		movw	r3, #:lower16:accelTCBias
 574 0700 C0F20003 		movt	r3, #:upper16:accelTCBias
 575 0704 93ED007A 		flds	s14, [r3, #0]
 576 0708 37EEC77A 		fsubs	s14, s15, s14
 577 070c DFED087A 		flds	s15, .L26+12
 578 0710 67EE277A 		fmuls	s15, s14, s15
 579 0714 40F20003 		movw	r3, #:lower16:sensors
 580 0718 C0F20003 		movt	r3, #:upper16:sensors
 581 071c C3ED037A 		fsts	s15, [r3, #12]
 582 0720 08E0     		b	.L27
 583              	.L28:
 584 0722 00BF     		.align	2
 585              	.L26:
 586 0724 BD370635 		.word	889599933
 587 0728 4C7D0B3A 		.word	973831500
 588 072c 00000000 		.word	0
 589 0730 57E79C3A 		.word	983361367
 590              	.L27:
 591 0734 40F20003 		movw	r3, #:lower16:accelSummedSamples100Hz
 592 0738 C0F20003 		movt	r3, #:upper16:accelSummedSamples100Hz
 593 073c 5B68     		ldr	r3, [r3, #4]
 594 073e 07EE903A 		fmsr	s15, r3	@ int
 595 0742 B8EEE77A 		fsitos	s14, s15
 596 0746 F2EE047A 		fconsts	s15, #36
 597 074a C7EE277A 		fdivs	s15, s14, s15
 598 074e 40F20003 		movw	r3, #:lower16:accelTCBias
 599 0752 C0F20003 		movt	r3, #:upper16:accelTCBias
 600 0756 93ED017A 		flds	s14, [r3, #4]
 601 075a 77EEC77A 		fsubs	s15, s15, s14
 602 075e B1EE677A 		fnegs	s14, s15
 603 0762 5FED0D7A 		flds	s15, .L26+12
 604 0766 67EE277A 		fmuls	s15, s14, s15
 605 076a 40F20003 		movw	r3, #:lower16:sensors
 606 076e C0F20003 		movt	r3, #:upper16:sensors
 607 0772 C3ED047A 		fsts	s15, [r3, #16]
 608 0776 40F20003 		movw	r3, #:lower16:accelSummedSamples100Hz
 609 077a C0F20003 		movt	r3, #:upper16:accelSummedSamples100Hz
 610 077e 9B68     		ldr	r3, [r3, #8]
 611 0780 07EE903A 		fmsr	s15, r3	@ int
 612 0784 B8EEE77A 		fsitos	s14, s15
 613 0788 F2EE047A 		fconsts	s15, #36
 614 078c C7EE277A 		fdivs	s15, s14, s15
 615 0790 40F20003 		movw	r3, #:lower16:accelTCBias
 616 0794 C0F20003 		movt	r3, #:upper16:accelTCBias
 617 0798 93ED027A 		flds	s14, [r3, #8]
 618 079c 77EEC77A 		fsubs	s15, s15, s14
 619 07a0 B1EE677A 		fnegs	s14, s15
 620 07a4 5FED1E7A 		flds	s15, .L26+12
 621 07a8 67EE277A 		fmuls	s15, s14, s15
 622 07ac 40F20003 		movw	r3, #:lower16:sensors
 623 07b0 C0F20003 		movt	r3, #:upper16:sensors
 624 07b4 C3ED057A 		fsts	s15, [r3, #20]
 625 07b8 FFF7FEFF 		bl	createRotationMatrix
 626 07bc FFF7FEFF 		bl	bodyAccelToEarthAccel
 627 07c0 40F20003 		movw	r3, #:lower16:dt100Hz
 628 07c4 C0F20003 		movt	r3, #:upper16:dt100Hz
 629 07c8 1B68     		ldr	r3, [r3, #0]	@ float
 630 07ca 1846     		mov	r0, r3	@ float
 631 07cc FFF7FEFF 		bl	vertCompFilter
 632 07d0 40F20003 		movw	r3, #:lower16:highSpeedTelem1Enabled
 633 07d4 C0F20003 		movt	r3, #:upper16:highSpeedTelem1Enabled
 634 07d8 1B78     		ldrb	r3, [r3, #0]	@ zero_extendqisi2
 635 07da 012B     		cmp	r3, #1
 636 07dc 47D1     		bne	.L11
 637 07de 40F20003 		movw	r3, #:lower16:sensors
 638 07e2 C0F20003 		movt	r3, #:upper16:sensors
 639 07e6 1B68     		ldr	r3, [r3, #0]	@ float
 640 07e8 1846     		mov	r0, r3	@ float
 641 07ea 40F20001 		movw	r1, #:lower16:numberString
 642 07ee C0F20001 		movt	r1, #:upper16:numberString
 643 07f2 FFF7FEFF 		bl	ftoa
 644 07f6 40F20000 		movw	r0, #:lower16:numberString
 645 07fa C0F20000 		movt	r0, #:upper16:numberString
 646 07fe FFF7FEFF 		bl	uart3Print
 647 0802 40F20000 		movw	r0, #:lower16:.LC0
 648 0806 C0F20000 		movt	r0, #:upper16:.LC0
 649 080a FFF7FEFF 		bl	uart3Print
 650 080e 40F20003 		movw	r3, #:lower16:sensors
 651 0812 C0F20003 		movt	r3, #:upper16:sensors
 652 0816 5B68     		ldr	r3, [r3, #4]	@ float
 653 0818 1846     		mov	r0, r3	@ float
 654 081a 40F20001 		movw	r1, #:lower16:numberString
 655 081e C0F20001 		movt	r1, #:upper16:numberString
 656 0822 FFF7FEFF 		bl	ftoa
 657 0826 40F20000 		movw	r0, #:lower16:numberString
 658 082a C0F20000 		movt	r0, #:upper16:numberString
 659 082e FFF7FEFF 		bl	uart3Print
 660 0832 40F20000 		movw	r0, #:lower16:.LC0
 661 0836 C0F20000 		movt	r0, #:upper16:.LC0
 662 083a FFF7FEFF 		bl	uart3Print
 663 083e 40F20003 		movw	r3, #:lower16:sensors
 664 0842 C0F20003 		movt	r3, #:upper16:sensors
 665 0846 9B68     		ldr	r3, [r3, #8]	@ float
 666 0848 1846     		mov	r0, r3	@ float
 667 084a 40F20001 		movw	r1, #:lower16:numberString
 668 084e C0F20001 		movt	r1, #:upper16:numberString
 669 0852 FFF7FEFF 		bl	ftoa
 670 0856 40F20000 		movw	r0, #:lower16:numberString
 671 085a C0F20000 		movt	r0, #:upper16:numberString
 672 085e FFF7FEFF 		bl	uart3Print
 673 0862 40F20000 		movw	r0, #:lower16:.LC1
 674 0866 C0F20000 		movt	r0, #:upper16:.LC1
 675 086a FFF7FEFF 		bl	uart3Print
 676              	.L11:
 677 086e 40F20003 		movw	r3, #:lower16:highSpeedTelem2Enabled
 678 0872 C0F20003 		movt	r3, #:upper16:highSpeedTelem2Enabled
 679 0876 1B78     		ldrb	r3, [r3, #0]	@ zero_extendqisi2
 680 0878 012B     		cmp	r3, #1
 681 087a 47D1     		bne	.L12
 682 087c 40F20003 		movw	r3, #:lower16:sensors
 683 0880 C0F20003 		movt	r3, #:upper16:sensors
 684 0884 5B6A     		ldr	r3, [r3, #36]	@ float
 685 0886 1846     		mov	r0, r3	@ float
 686 0888 40F20001 		movw	r1, #:lower16:numberString
 687 088c C0F20001 		movt	r1, #:upper16:numberString
 688 0890 FFF7FEFF 		bl	ftoa
 689 0894 40F20000 		movw	r0, #:lower16:numberString
 690 0898 C0F20000 		movt	r0, #:upper16:numberString
 691 089c FFF7FEFF 		bl	uart3Print
 692 08a0 40F20000 		movw	r0, #:lower16:.LC0
 693 08a4 C0F20000 		movt	r0, #:upper16:.LC0
 694 08a8 FFF7FEFF 		bl	uart3Print
 695 08ac 40F20003 		movw	r3, #:lower16:sensors
 696 08b0 C0F20003 		movt	r3, #:upper16:sensors
 697 08b4 9B6A     		ldr	r3, [r3, #40]	@ float
 698 08b6 1846     		mov	r0, r3	@ float
 699 08b8 40F20001 		movw	r1, #:lower16:numberString
 700 08bc C0F20001 		movt	r1, #:upper16:numberString
 701 08c0 FFF7FEFF 		bl	ftoa
 702 08c4 40F20000 		movw	r0, #:lower16:numberString
 703 08c8 C0F20000 		movt	r0, #:upper16:numberString
 704 08cc FFF7FEFF 		bl	uart3Print
 705 08d0 40F20000 		movw	r0, #:lower16:.LC0
 706 08d4 C0F20000 		movt	r0, #:upper16:.LC0
 707 08d8 FFF7FEFF 		bl	uart3Print
 708 08dc 40F20003 		movw	r3, #:lower16:sensors
 709 08e0 C0F20003 		movt	r3, #:upper16:sensors
 710 08e4 DB6A     		ldr	r3, [r3, #44]	@ float
 711 08e6 1846     		mov	r0, r3	@ float
 712 08e8 40F20001 		movw	r1, #:lower16:numberString
 713 08ec C0F20001 		movt	r1, #:upper16:numberString
 714 08f0 FFF7FEFF 		bl	ftoa
 715 08f4 40F20000 		movw	r0, #:lower16:numberString
 716 08f8 C0F20000 		movt	r0, #:upper16:numberString
 717 08fc FFF7FEFF 		bl	uart3Print
 718 0900 40F20000 		movw	r0, #:lower16:.LC1
 719 0904 C0F20000 		movt	r0, #:upper16:.LC1
 720 0908 FFF7FEFF 		bl	uart3Print
 721              	.L12:
 722 090c 40F20003 		movw	r3, #:lower16:highSpeedTelem3Enabled
 723 0910 C0F20003 		movt	r3, #:upper16:highSpeedTelem3Enabled
 724 0914 1B78     		ldrb	r3, [r3, #0]	@ zero_extendqisi2
 725 0916 012B     		cmp	r3, #1
 726 0918 39D1     		bne	.L13
 727 091a 40F20003 		movw	r3, #:lower16:sensors
 728 091e C0F20003 		movt	r3, #:upper16:sensors
 729 0922 5B6A     		ldr	r3, [r3, #36]	@ float
 730 0924 1846     		mov	r0, r3	@ float
 731 0926 40F20001 		movw	r1, #:lower16:numberString
 732 092a C0F20001 		movt	r1, #:upper16:numberString
 733 092e FFF7FEFF 		bl	ftoa
 734 0932 40F20000 		movw	r0, #:lower16:numberString
 735 0936 C0F20000 		movt	r0, #:upper16:numberString
 736 093a FFF7FEFF 		bl	uart3Print
 737 093e 40F20000 		movw	r0, #:lower16:.LC0
 738 0942 C0F20000 		movt	r0, #:upper16:.LC0
 739 0946 FFF7FEFF 		bl	uart3Print
 740 094a 40F20003 		movw	r3, #:lower16:rxCommand
 741 094e C0F20003 		movt	r3, #:upper16:rxCommand
 742 0952 93ED007A 		flds	s14, [r3, #0]
 743 0956 40F20003 		movw	r3, #:lower16:eepromConfig
 744 095a C0F20003 		movt	r3, #:upper16:eepromConfig
 745 095e D3ED187A 		flds	s15, [r3, #96]
 746 0962 67EE277A 		fmuls	s15, s14, s15
 747 0966 17EE900A 		fmrs	r0, s15
 748 096a 40F20001 		movw	r1, #:lower16:numberString
 749 096e C0F20001 		movt	r1, #:upper16:numberString
 750 0972 FFF7FEFF 		bl	ftoa
 751 0976 40F20000 		movw	r0, #:lower16:numberString
 752 097a C0F20000 		movt	r0, #:upper16:numberString
 753 097e FFF7FEFF 		bl	uart3Print
 754 0982 40F20000 		movw	r0, #:lower16:.LC1
 755 0986 C0F20000 		movt	r0, #:upper16:.LC1
 756 098a FFF7FEFF 		bl	uart3Print
 757              	.L13:
 758 098e 40F20003 		movw	r3, #:lower16:highSpeedTelem4Enabled
 759 0992 C0F20003 		movt	r3, #:upper16:highSpeedTelem4Enabled
 760 0996 1B78     		ldrb	r3, [r3, #0]	@ zero_extendqisi2
 761 0998 012B     		cmp	r3, #1
 762 099a 39D1     		bne	.L14
 763 099c 40F20003 		movw	r3, #:lower16:sensors
 764 09a0 C0F20003 		movt	r3, #:upper16:sensors
 765 09a4 9B6A     		ldr	r3, [r3, #40]	@ float
 766 09a6 1846     		mov	r0, r3	@ float
 767 09a8 40F20001 		movw	r1, #:lower16:numberString
 768 09ac C0F20001 		movt	r1, #:upper16:numberString
 769 09b0 FFF7FEFF 		bl	ftoa
 770 09b4 40F20000 		movw	r0, #:lower16:numberString
 771 09b8 C0F20000 		movt	r0, #:upper16:numberString
 772 09bc FFF7FEFF 		bl	uart3Print
 773 09c0 40F20000 		movw	r0, #:lower16:.LC0
 774 09c4 C0F20000 		movt	r0, #:upper16:.LC0
 775 09c8 FFF7FEFF 		bl	uart3Print
 776 09cc 40F20003 		movw	r3, #:lower16:rxCommand
 777 09d0 C0F20003 		movt	r3, #:upper16:rxCommand
 778 09d4 93ED017A 		flds	s14, [r3, #4]
 779 09d8 40F20003 		movw	r3, #:lower16:eepromConfig
 780 09dc C0F20003 		movt	r3, #:upper16:eepromConfig
 781 09e0 D3ED187A 		flds	s15, [r3, #96]
 782 09e4 67EE277A 		fmuls	s15, s14, s15
 783 09e8 17EE900A 		fmrs	r0, s15
 784 09ec 40F20001 		movw	r1, #:lower16:numberString
 785 09f0 C0F20001 		movt	r1, #:upper16:numberString
 786 09f4 FFF7FEFF 		bl	ftoa
 787 09f8 40F20000 		movw	r0, #:lower16:numberString
 788 09fc C0F20000 		movt	r0, #:upper16:numberString
 789 0a00 FFF7FEFF 		bl	uart3Print
 790 0a04 40F20000 		movw	r0, #:lower16:.LC1
 791 0a08 C0F20000 		movt	r0, #:upper16:.LC1
 792 0a0c FFF7FEFF 		bl	uart3Print
 793              	.L14:
 794 0a10 40F20003 		movw	r3, #:lower16:highSpeedTelem5Enabled
 795 0a14 C0F20003 		movt	r3, #:upper16:highSpeedTelem5Enabled
 796 0a18 1B78     		ldrb	r3, [r3, #0]	@ zero_extendqisi2
 797 0a1a 012B     		cmp	r3, #1
 798 0a1c 39D1     		bne	.L15
 799 0a1e 40F20003 		movw	r3, #:lower16:sensors
 800 0a22 C0F20003 		movt	r3, #:upper16:sensors
 801 0a26 DB6A     		ldr	r3, [r3, #44]	@ float
 802 0a28 1846     		mov	r0, r3	@ float
 803 0a2a 40F20001 		movw	r1, #:lower16:numberString
 804 0a2e C0F20001 		movt	r1, #:upper16:numberString
 805 0a32 FFF7FEFF 		bl	ftoa
 806 0a36 40F20000 		movw	r0, #:lower16:numberString
 807 0a3a C0F20000 		movt	r0, #:upper16:numberString
 808 0a3e FFF7FEFF 		bl	uart3Print
 809 0a42 40F20000 		movw	r0, #:lower16:.LC0
 810 0a46 C0F20000 		movt	r0, #:upper16:.LC0
 811 0a4a FFF7FEFF 		bl	uart3Print
 812 0a4e 40F20003 		movw	r3, #:lower16:rxCommand
 813 0a52 C0F20003 		movt	r3, #:upper16:rxCommand
 814 0a56 93ED027A 		flds	s14, [r3, #8]
 815 0a5a 40F20003 		movw	r3, #:lower16:eepromConfig
 816 0a5e C0F20003 		movt	r3, #:upper16:eepromConfig
 817 0a62 D3ED187A 		flds	s15, [r3, #96]
 818 0a66 67EE277A 		fmuls	s15, s14, s15
 819 0a6a 17EE900A 		fmrs	r0, s15
 820 0a6e 40F20001 		movw	r1, #:lower16:numberString
 821 0a72 C0F20001 		movt	r1, #:upper16:numberString
 822 0a76 FFF7FEFF 		bl	ftoa
 823 0a7a 40F20000 		movw	r0, #:lower16:numberString
 824 0a7e C0F20000 		movt	r0, #:upper16:numberString
 825 0a82 FFF7FEFF 		bl	uart3Print
 826 0a86 40F20000 		movw	r0, #:lower16:.LC1
 827 0a8a C0F20000 		movt	r0, #:upper16:.LC1
 828 0a8e FFF7FEFF 		bl	uart3Print
 829              	.L15:
 830 0a92 40F20003 		movw	r3, #:lower16:highSpeedTelem6Enabled
 831 0a96 C0F20003 		movt	r3, #:upper16:highSpeedTelem6Enabled
 832 0a9a 1B78     		ldrb	r3, [r3, #0]	@ zero_extendqisi2
 833 0a9c 012B     		cmp	r3, #1
 834 0a9e 47D1     		bne	.L16
 835 0aa0 40F20003 		movw	r3, #:lower16:sensors
 836 0aa4 C0F20003 		movt	r3, #:upper16:sensors
 837 0aa8 9B69     		ldr	r3, [r3, #24]	@ float
 838 0aaa 1846     		mov	r0, r3	@ float
 839 0aac 40F20001 		movw	r1, #:lower16:numberString
 840 0ab0 C0F20001 		movt	r1, #:upper16:numberString
 841 0ab4 FFF7FEFF 		bl	ftoa
 842 0ab8 40F20000 		movw	r0, #:lower16:numberString
 843 0abc C0F20000 		movt	r0, #:upper16:numberString
 844 0ac0 FFF7FEFF 		bl	uart3Print
 845 0ac4 40F20000 		movw	r0, #:lower16:.LC0
 846 0ac8 C0F20000 		movt	r0, #:upper16:.LC0
 847 0acc FFF7FEFF 		bl	uart3Print
 848 0ad0 40F20003 		movw	r3, #:lower16:sensors
 849 0ad4 C0F20003 		movt	r3, #:upper16:sensors
 850 0ad8 DB69     		ldr	r3, [r3, #28]	@ float
 851 0ada 1846     		mov	r0, r3	@ float
 852 0adc 40F20001 		movw	r1, #:lower16:numberString
 853 0ae0 C0F20001 		movt	r1, #:upper16:numberString
 854 0ae4 FFF7FEFF 		bl	ftoa
 855 0ae8 40F20000 		movw	r0, #:lower16:numberString
 856 0aec C0F20000 		movt	r0, #:upper16:numberString
 857 0af0 FFF7FEFF 		bl	uart3Print
 858 0af4 40F20000 		movw	r0, #:lower16:.LC0
 859 0af8 C0F20000 		movt	r0, #:upper16:.LC0
 860 0afc FFF7FEFF 		bl	uart3Print
 861 0b00 40F20003 		movw	r3, #:lower16:sensors
 862 0b04 C0F20003 		movt	r3, #:upper16:sensors
 863 0b08 1B6A     		ldr	r3, [r3, #32]	@ float
 864 0b0a 1846     		mov	r0, r3	@ float
 865 0b0c 40F20001 		movw	r1, #:lower16:numberString
 866 0b10 C0F20001 		movt	r1, #:upper16:numberString
 867 0b14 FFF7FEFF 		bl	ftoa
 868 0b18 40F20000 		movw	r0, #:lower16:numberString
 869 0b1c C0F20000 		movt	r0, #:upper16:numberString
 870 0b20 FFF7FEFF 		bl	uart3Print
 871 0b24 40F20000 		movw	r0, #:lower16:.LC1
 872 0b28 C0F20000 		movt	r0, #:upper16:.LC1
 873 0b2c FFF7FEFF 		bl	uart3Print
 874              	.L16:
 875 0b30 40F20003 		movw	r3, #:lower16:highSpeedTelem7Enabled
 876 0b34 C0F20003 		movt	r3, #:upper16:highSpeedTelem7Enabled
 877 0b38 1B78     		ldrb	r3, [r3, #0]	@ zero_extendqisi2
 878 0b3a 012B     		cmp	r3, #1
 879 0b3c 5FD1     		bne	.L17
 880 0b3e 40F20003 		movw	r3, #:lower16:earthAxisAccels
 881 0b42 C0F20003 		movt	r3, #:upper16:earthAxisAccels
 882 0b46 9B68     		ldr	r3, [r3, #8]	@ float
 883 0b48 1846     		mov	r0, r3	@ float
 884 0b4a 40F20001 		movw	r1, #:lower16:numberString
 885 0b4e C0F20001 		movt	r1, #:upper16:numberString
 886 0b52 FFF7FEFF 		bl	ftoa
 887 0b56 40F20000 		movw	r0, #:lower16:numberString
 888 0b5a C0F20000 		movt	r0, #:upper16:numberString
 889 0b5e FFF7FEFF 		bl	uart3Print
 890 0b62 40F20000 		movw	r0, #:lower16:.LC0
 891 0b66 C0F20000 		movt	r0, #:upper16:.LC0
 892 0b6a FFF7FEFF 		bl	uart3Print
 893 0b6e 40F20003 		movw	r3, #:lower16:sensors
 894 0b72 C0F20003 		movt	r3, #:upper16:sensors
 895 0b76 DB6B     		ldr	r3, [r3, #60]	@ float
 896 0b78 1846     		mov	r0, r3	@ float
 897 0b7a 40F20001 		movw	r1, #:lower16:numberString
 898 0b7e C0F20001 		movt	r1, #:upper16:numberString
 899 0b82 FFF7FEFF 		bl	ftoa
 900 0b86 40F20000 		movw	r0, #:lower16:numberString
 901 0b8a C0F20000 		movt	r0, #:upper16:numberString
 902 0b8e FFF7FEFF 		bl	uart3Print
 903 0b92 40F20000 		movw	r0, #:lower16:.LC0
 904 0b96 C0F20000 		movt	r0, #:upper16:.LC0
 905 0b9a FFF7FEFF 		bl	uart3Print
 906 0b9e 40F20003 		movw	r3, #:lower16:hDotEstimate
 907 0ba2 C0F20003 		movt	r3, #:upper16:hDotEstimate
 908 0ba6 1B68     		ldr	r3, [r3, #0]	@ float
 909 0ba8 1846     		mov	r0, r3	@ float
 910 0baa 40F20001 		movw	r1, #:lower16:numberString
 911 0bae C0F20001 		movt	r1, #:upper16:numberString
 912 0bb2 FFF7FEFF 		bl	ftoa
 913 0bb6 40F20000 		movw	r0, #:lower16:numberString
 914 0bba C0F20000 		movt	r0, #:upper16:numberString
 915 0bbe FFF7FEFF 		bl	uart3Print
 916 0bc2 40F20000 		movw	r0, #:lower16:.LC2
 917 0bc6 C0F20000 		movt	r0, #:upper16:.LC2
 918 0bca FFF7FEFF 		bl	uart3Print
 919 0bce 40F20003 		movw	r3, #:lower16:hEstimate
 920 0bd2 C0F20003 		movt	r3, #:upper16:hEstimate
 921 0bd6 1B68     		ldr	r3, [r3, #0]	@ float
 922 0bd8 1846     		mov	r0, r3	@ float
 923 0bda 40F20001 		movw	r1, #:lower16:numberString
 924 0bde C0F20001 		movt	r1, #:upper16:numberString
 925 0be2 FFF7FEFF 		bl	ftoa
 926 0be6 40F20000 		movw	r0, #:lower16:numberString
 927 0bea C0F20000 		movt	r0, #:upper16:numberString
 928 0bee FFF7FEFF 		bl	uart3Print
 929 0bf2 40F20000 		movw	r0, #:lower16:.LC1
 930 0bf6 C0F20000 		movt	r0, #:upper16:.LC1
 931 0bfa FFF7FEFF 		bl	uart3Print
 932              	.L17:
 933 0bfe FFF7FEFF 		bl	micros
 934 0c02 0246     		mov	r2, r0
 935 0c04 099B     		ldr	r3, [sp, #36]
 936 0c06 D21A     		subs	r2, r2, r3
 937 0c08 40F20003 		movw	r3, #:lower16:executionTime100Hz
 938 0c0c C0F20003 		movt	r3, #:upper16:executionTime100Hz
 939 0c10 1A60     		str	r2, [r3, #0]
 940              	.L10:
 941 0c12 40F20003 		movw	r3, #:lower16:frame_5Hz
 942 0c16 C0F20003 		movt	r3, #:upper16:frame_5Hz
 943 0c1a 1B78     		ldrb	r3, [r3, #0]	@ zero_extendqisi2
 944 0c1c 002B     		cmp	r3, #0
 945 0c1e 34D0     		beq	.L18
 946 0c20 40F20003 		movw	r3, #:lower16:frame_5Hz
 947 0c24 C0F20003 		movt	r3, #:upper16:frame_5Hz
 948 0c28 4FF00002 		mov	r2, #0
 949 0c2c 1A70     		strb	r2, [r3, #0]
 950 0c2e FFF7FEFF 		bl	micros
 951 0c32 0990     		str	r0, [sp, #36]
 952 0c34 40F20003 		movw	r3, #:lower16:previous5HzTime
 953 0c38 C0F20003 		movt	r3, #:upper16:previous5HzTime
 954 0c3c 1B68     		ldr	r3, [r3, #0]
 955 0c3e 099A     		ldr	r2, [sp, #36]
 956 0c40 D21A     		subs	r2, r2, r3
 957 0c42 40F20003 		movw	r3, #:lower16:deltaTime5Hz
 958 0c46 C0F20003 		movt	r3, #:upper16:deltaTime5Hz
 959 0c4a 1A60     		str	r2, [r3, #0]
 960 0c4c 40F20003 		movw	r3, #:lower16:previous5HzTime
 961 0c50 C0F20003 		movt	r3, #:upper16:previous5HzTime
 962 0c54 099A     		ldr	r2, [sp, #36]
 963 0c56 1A60     		str	r2, [r3, #0]
 964 0c58 40F20003 		movw	r3, #:lower16:execUp
 965 0c5c C0F20003 		movt	r3, #:upper16:execUp
 966 0c60 1B78     		ldrb	r3, [r3, #0]	@ zero_extendqisi2
 967 0c62 012B     		cmp	r3, #1
 968 0c64 07D1     		bne	.L19
 969 0c66 4FF48050 		mov	r0, #4096
 970 0c6a C4F20200 		movt	r0, 16386
 971 0c6e 4FF02001 		mov	r1, #32
 972 0c72 FFF7FEFF 		bl	GPIO_ToggleBits
 973              	.L19:
 974 0c76 FFF7FEFF 		bl	micros
 975 0c7a 0246     		mov	r2, r0
 976 0c7c 099B     		ldr	r3, [sp, #36]
 977 0c7e D21A     		subs	r2, r2, r3
 978 0c80 40F20003 		movw	r3, #:lower16:executionTime5Hz
 979 0c84 C0F20003 		movt	r3, #:upper16:executionTime5Hz
 980 0c88 1A60     		str	r2, [r3, #0]
 981              	.L18:
 982 0c8a 40F20003 		movw	r3, #:lower16:frame_1Hz
 983 0c8e C0F20003 		movt	r3, #:upper16:frame_1Hz
 984 0c92 1B78     		ldrb	r3, [r3, #0]	@ zero_extendqisi2
 985 0c94 002B     		cmp	r3, #0
 986 0c96 3FF4C0A9 		beq	.L25
 987 0c9a 40F20003 		movw	r3, #:lower16:frame_1Hz
 988 0c9e C0F20003 		movt	r3, #:upper16:frame_1Hz
 989 0ca2 4FF00002 		mov	r2, #0
 990 0ca6 1A70     		strb	r2, [r3, #0]
 991 0ca8 FFF7FEFF 		bl	micros
 992 0cac 0990     		str	r0, [sp, #36]
 993 0cae 40F20003 		movw	r3, #:lower16:previous1HzTime
 994 0cb2 C0F20003 		movt	r3, #:upper16:previous1HzTime
 995 0cb6 1B68     		ldr	r3, [r3, #0]
 996 0cb8 099A     		ldr	r2, [sp, #36]
 997 0cba D21A     		subs	r2, r2, r3
 998 0cbc 40F20003 		movw	r3, #:lower16:deltaTime1Hz
 999 0cc0 C0F20003 		movt	r3, #:upper16:deltaTime1Hz
 1000 0cc4 1A60     		str	r2, [r3, #0]
 1001 0cc6 40F20003 		movw	r3, #:lower16:previous1HzTime
 1002 0cca C0F20003 		movt	r3, #:upper16:previous1HzTime
 1003 0cce 099A     		ldr	r2, [sp, #36]
 1004 0cd0 1A60     		str	r2, [r3, #0]
 1005 0cd2 40F20003 		movw	r3, #:lower16:execUp
 1006 0cd6 C0F20003 		movt	r3, #:upper16:execUp
 1007 0cda 1B78     		ldrb	r3, [r3, #0]	@ zero_extendqisi2
 1008 0cdc 012B     		cmp	r3, #1
 1009 0cde 07D1     		bne	.L21
 1010 0ce0 4FF48050 		mov	r0, #4096
 1011 0ce4 C4F20200 		movt	r0, 16386
 1012 0ce8 4FF04001 		mov	r1, #64
 1013 0cec FFF7FEFF 		bl	GPIO_ToggleBits
 1014              	.L21:
 1015 0cf0 40F20003 		movw	r3, #:lower16:execUp
 1016 0cf4 C0F20003 		movt	r3, #:upper16:execUp
 1017 0cf8 1B78     		ldrb	r3, [r3, #0]	@ zero_extendqisi2
 1018 0cfa 002B     		cmp	r3, #0
 1019 0cfc 0CD1     		bne	.L22
 1020 0cfe 40F20003 		movw	r3, #:lower16:execUpCount
 1021 0d02 C0F20003 		movt	r3, #:upper16:execUpCount
 1022 0d06 1B78     		ldrb	r3, [r3, #0]	@ zero_extendqisi2
 1023 0d08 03F10103 		add	r3, r3, #1
 1024 0d0c DAB2     		uxtb	r2, r3
 1025 0d0e 40F20003 		movw	r3, #:lower16:execUpCount
 1026 0d12 C0F20003 		movt	r3, #:upper16:execUpCount
 1027 0d16 1A70     		strb	r2, [r3, #0]
 1028              	.L22:
 1029 0d18 40F20003 		movw	r3, #:lower16:execUpCount
 1030 0d1c C0F20003 		movt	r3, #:upper16:execUpCount
 1031 0d20 1B78     		ldrb	r3, [r3, #0]	@ zero_extendqisi2
 1032 0d22 052B     		cmp	r3, #5
 1033 0d24 06D1     		bne	.L23
 1034 0d26 40F20003 		movw	r3, #:lower16:execUp
 1035 0d2a C0F20003 		movt	r3, #:upper16:execUp
 1036 0d2e 4FF00102 		mov	r2, #1
 1037 0d32 1A70     		strb	r2, [r3, #0]
 1038              	.L23:
 1039 0d34 FFF7FEFF 		bl	micros
 1040 0d38 0246     		mov	r2, r0
 1041 0d3a 099B     		ldr	r3, [sp, #36]
 1042 0d3c D21A     		subs	r2, r2, r3
 1043 0d3e 40F20003 		movw	r3, #:lower16:executionTime1Hz
 1044 0d42 C0F20003 		movt	r3, #:upper16:executionTime1Hz
 1045 0d46 1A60     		str	r2, [r3, #0]
 1046 0d48 FFF767B9 		b	.L25
 1048              		.ident	"GCC: (Sourcery CodeBench Lite 2012.03-56) 4.6.3"
DEFINED SYMBOLS
                            *ABS*:00000000 main.c
C:\Users\JOHNIH~1\AppData\Local\Temp\cch9TI6o.s:21     .eeprom:00000000 eepromArray
C:\Users\JOHNIH~1\AppData\Local\Temp\cch9TI6o.s:18     .eeprom:00000000 $d
                            *COM*:00000350 eepromConfig
C:\Users\JOHNIH~1\AppData\Local\Temp\cch9TI6o.s:28     .bss:00000000 execUpCount
C:\Users\JOHNIH~1\AppData\Local\Temp\cch9TI6o.s:29     .bss:00000000 $d
                            *COM*:00000040 sensors
                            *COM*:00000002 timerValue
                            *COM*:0000000c numberString
C:\Users\JOHNIH~1\AppData\Local\Temp\cch9TI6o.s:34     .rodata:00000000 $d
C:\Users\JOHNIH~1\AppData\Local\Temp\cch9TI6o.s:35     .rodata:00000000 .LC0
C:\Users\JOHNIH~1\AppData\Local\Temp\cch9TI6o.s:38     .rodata:00000004 .LC1
C:\Users\JOHNIH~1\AppData\Local\Temp\cch9TI6o.s:41     .rodata:00000008 .LC2
C:\Users\JOHNIH~1\AppData\Local\Temp\cch9TI6o.s:44     .text:00000000 $t
C:\Users\JOHNIH~1\AppData\Local\Temp\cch9TI6o.s:49     .text:00000000 main
C:\Users\JOHNIH~1\AppData\Local\Temp\cch9TI6o.s:586    .text:00000724 $d
C:\Users\JOHNIH~1\AppData\Local\Temp\cch9TI6o.s:591    .text:00000734 $t

UNDEFINED SYMBOLS
systemInit
systemReady
frame_50Hz
micros
previous50HzTime
deltaTime50Hz
processFlightCommands
displayAltitude
flightMode
displayArtificialHorizon
displayAttitude
displayHeading
executionTime50Hz
frame_10Hz
previous10HzTime
deltaTime10Hz
newMagData
rawMag
magScaleFactor
magDataUpdate
d1Sum
d1Average
calculateTemperature
calculatePressureAltitude
pressureAltValid
cliCom
rfCom
executionTime10Hz
frame_500Hz
previous500HzTime
deltaTime500Hz
TIM_Cmd
TIM_GetCounter
TIM_SetCounter
dt500Hz
computeMPU6000TCBias
accelSummedSamples500Hz
accelTCBias
gyroSummedSamples500Hz
gyroRTBias
gyroTCBias
MargAHRSupdate
computeAxisCommands
mixTable
writeServos
writeMotors
executionTime500Hz
frame_100Hz
previous100HzTime
deltaTime100Hz
dt100Hz
accelSummedSamples100Hz
createRotationMatrix
bodyAccelToEarthAccel
vertCompFilter
highSpeedTelem1Enabled
ftoa
uart3Print
highSpeedTelem2Enabled
highSpeedTelem3Enabled
rxCommand
highSpeedTelem4Enabled
highSpeedTelem5Enabled
highSpeedTelem6Enabled
highSpeedTelem7Enabled
earthAxisAccels
hDotEstimate
hEstimate
executionTime100Hz
frame_5Hz
previous5HzTime
deltaTime5Hz
execUp
GPIO_ToggleBits
executionTime5Hz
frame_1Hz
previous1HzTime
deltaTime1Hz
executionTime1Hz
